nohup: ignoring input
2024-07-30 11:09:11 - [93m[1mDEBUG   [0m - Cannot load internal arguments, skipping.
2024-07-30 11:09:12 - [33m[1mWARNING[0m - UnrecognizedYamlConfigEntry("Yaml config key 'model.classification.openvit.mode' was not recognized by argparser. If you think that you have already added argument in corenet/options/opts.py file, then check for typos. If not, then please add it to corenet/options/opts.py."
2024-07-30 11:09:12 - [33m[1mWARNING[0m - UnrecognizedYamlConfigEntry("Yaml config key 'model.classification.openvit.norm_layer' was not recognized by argparser. If you think that you have already added argument in corenet/options/opts.py file, then check for typos. If not, then please add it to corenet/options/opts.py."
2024-07-30 11:09:12 - [33m[1mWARNING[0m - UnrecognizedYamlConfigEntry("Yaml config key 'model.classification.openvit.use_flash_attention' was not recognized by argparser. If you think that you have already added argument in corenet/options/opts.py file, then check for typos. If not, then please add it to corenet/options/opts.py."
172
2024-07-30 11:09:14 - [32m[1mINFO   [0m - Trainable parameters: ['neural_augmentor.brightness._low', 'neural_augmentor.brightness._high', 'neural_augmentor.contrast._low', 'neural_augmentor.contrast._high', 'neural_augmentor.noise._low', 'neural_augmentor.noise._high', 'model.embeddings.class_embedding', 'model.embeddings.patch_embedding.weight', 'model.embeddings.position_embedding.weight', 'model.pre_layrnorm.weight', 'model.pre_layrnorm.bias', 'model.encoder.layers.0.self_attn.k_proj.weight', 'model.encoder.layers.0.self_attn.k_proj.bias', 'model.encoder.layers.0.self_attn.v_proj.weight', 'model.encoder.layers.0.self_attn.v_proj.bias', 'model.encoder.layers.0.self_attn.q_proj.weight', 'model.encoder.layers.0.self_attn.q_proj.bias', 'model.encoder.layers.0.self_attn.out_proj.weight', 'model.encoder.layers.0.self_attn.out_proj.bias', 'model.encoder.layers.0.layer_norm1.weight', 'model.encoder.layers.0.layer_norm1.bias', 'model.encoder.layers.0.mlp.fc1.weight', 'model.encoder.layers.0.mlp.fc1.bias', 'model.encoder.layers.0.mlp.fc2.weight', 'model.encoder.layers.0.mlp.fc2.bias', 'model.encoder.layers.0.layer_norm2.weight', 'model.encoder.layers.0.layer_norm2.bias', 'model.encoder.layers.1.self_attn.k_proj.weight', 'model.encoder.layers.1.self_attn.k_proj.bias', 'model.encoder.layers.1.self_attn.v_proj.weight', 'model.encoder.layers.1.self_attn.v_proj.bias', 'model.encoder.layers.1.self_attn.q_proj.weight', 'model.encoder.layers.1.self_attn.q_proj.bias', 'model.encoder.layers.1.self_attn.out_proj.weight', 'model.encoder.layers.1.self_attn.out_proj.bias', 'model.encoder.layers.1.layer_norm1.weight', 'model.encoder.layers.1.layer_norm1.bias', 'model.encoder.layers.1.mlp.fc1.weight', 'model.encoder.layers.1.mlp.fc1.bias', 'model.encoder.layers.1.mlp.fc2.weight', 'model.encoder.layers.1.mlp.fc2.bias', 'model.encoder.layers.1.layer_norm2.weight', 'model.encoder.layers.1.layer_norm2.bias', 'model.encoder.layers.2.self_attn.k_proj.weight', 'model.encoder.layers.2.self_attn.k_proj.bias', 'model.encoder.layers.2.self_attn.v_proj.weight', 'model.encoder.layers.2.self_attn.v_proj.bias', 'model.encoder.layers.2.self_attn.q_proj.weight', 'model.encoder.layers.2.self_attn.q_proj.bias', 'model.encoder.layers.2.self_attn.out_proj.weight', 'model.encoder.layers.2.self_attn.out_proj.bias', 'model.encoder.layers.2.layer_norm1.weight', 'model.encoder.layers.2.layer_norm1.bias', 'model.encoder.layers.2.mlp.fc1.weight', 'model.encoder.layers.2.mlp.fc1.bias', 'model.encoder.layers.2.mlp.fc2.weight', 'model.encoder.layers.2.mlp.fc2.bias', 'model.encoder.layers.2.layer_norm2.weight', 'model.encoder.layers.2.layer_norm2.bias', 'model.encoder.layers.3.self_attn.k_proj.weight', 'model.encoder.layers.3.self_attn.k_proj.bias', 'model.encoder.layers.3.self_attn.v_proj.weight', 'model.encoder.layers.3.self_attn.v_proj.bias', 'model.encoder.layers.3.self_attn.q_proj.weight', 'model.encoder.layers.3.self_attn.q_proj.bias', 'model.encoder.layers.3.self_attn.out_proj.weight', 'model.encoder.layers.3.self_attn.out_proj.bias', 'model.encoder.layers.3.layer_norm1.weight', 'model.encoder.layers.3.layer_norm1.bias', 'model.encoder.layers.3.mlp.fc1.weight', 'model.encoder.layers.3.mlp.fc1.bias', 'model.encoder.layers.3.mlp.fc2.weight', 'model.encoder.layers.3.mlp.fc2.bias', 'model.encoder.layers.3.layer_norm2.weight', 'model.encoder.layers.3.layer_norm2.bias', 'model.encoder.layers.4.self_attn.k_proj.weight', 'model.encoder.layers.4.self_attn.k_proj.bias', 'model.encoder.layers.4.self_attn.v_proj.weight', 'model.encoder.layers.4.self_attn.v_proj.bias', 'model.encoder.layers.4.self_attn.q_proj.weight', 'model.encoder.layers.4.self_attn.q_proj.bias', 'model.encoder.layers.4.self_attn.out_proj.weight', 'model.encoder.layers.4.self_attn.out_proj.bias', 'model.encoder.layers.4.layer_norm1.weight', 'model.encoder.layers.4.layer_norm1.bias', 'model.encoder.layers.4.mlp.fc1.weight', 'model.encoder.layers.4.mlp.fc1.bias', 'model.encoder.layers.4.mlp.fc2.weight', 'model.encoder.layers.4.mlp.fc2.bias', 'model.encoder.layers.4.layer_norm2.weight', 'model.encoder.layers.4.layer_norm2.bias', 'model.encoder.layers.5.self_attn.k_proj.weight', 'model.encoder.layers.5.self_attn.k_proj.bias', 'model.encoder.layers.5.self_attn.v_proj.weight', 'model.encoder.layers.5.self_attn.v_proj.bias', 'model.encoder.layers.5.self_attn.q_proj.weight', 'model.encoder.layers.5.self_attn.q_proj.bias', 'model.encoder.layers.5.self_attn.out_proj.weight', 'model.encoder.layers.5.self_attn.out_proj.bias', 'model.encoder.layers.5.layer_norm1.weight', 'model.encoder.layers.5.layer_norm1.bias', 'model.encoder.layers.5.mlp.fc1.weight', 'model.encoder.layers.5.mlp.fc1.bias', 'model.encoder.layers.5.mlp.fc2.weight', 'model.encoder.layers.5.mlp.fc2.bias', 'model.encoder.layers.5.layer_norm2.weight', 'model.encoder.layers.5.layer_norm2.bias', 'model.encoder.layers.6.self_attn.k_proj.weight', 'model.encoder.layers.6.self_attn.k_proj.bias', 'model.encoder.layers.6.self_attn.v_proj.weight', 'model.encoder.layers.6.self_attn.v_proj.bias', 'model.encoder.layers.6.self_attn.q_proj.weight', 'model.encoder.layers.6.self_attn.q_proj.bias', 'model.encoder.layers.6.self_attn.out_proj.weight', 'model.encoder.layers.6.self_attn.out_proj.bias', 'model.encoder.layers.6.layer_norm1.weight', 'model.encoder.layers.6.layer_norm1.bias', 'model.encoder.layers.6.mlp.fc1.weight', 'model.encoder.layers.6.mlp.fc1.bias', 'model.encoder.layers.6.mlp.fc2.weight', 'model.encoder.layers.6.mlp.fc2.bias', 'model.encoder.layers.6.layer_norm2.weight', 'model.encoder.layers.6.layer_norm2.bias', 'model.encoder.layers.7.self_attn.k_proj.weight', 'model.encoder.layers.7.self_attn.k_proj.bias', 'model.encoder.layers.7.self_attn.v_proj.weight', 'model.encoder.layers.7.self_attn.v_proj.bias', 'model.encoder.layers.7.self_attn.q_proj.weight', 'model.encoder.layers.7.self_attn.q_proj.bias', 'model.encoder.layers.7.self_attn.out_proj.weight', 'model.encoder.layers.7.self_attn.out_proj.bias', 'model.encoder.layers.7.layer_norm1.weight', 'model.encoder.layers.7.layer_norm1.bias', 'model.encoder.layers.7.mlp.fc1.weight', 'model.encoder.layers.7.mlp.fc1.bias', 'model.encoder.layers.7.mlp.fc2.weight', 'model.encoder.layers.7.mlp.fc2.bias', 'model.encoder.layers.7.layer_norm2.weight', 'model.encoder.layers.7.layer_norm2.bias', 'model.encoder.layers.8.self_attn.k_proj.weight', 'model.encoder.layers.8.self_attn.k_proj.bias', 'model.encoder.layers.8.self_attn.v_proj.weight', 'model.encoder.layers.8.self_attn.v_proj.bias', 'model.encoder.layers.8.self_attn.q_proj.weight', 'model.encoder.layers.8.self_attn.q_proj.bias', 'model.encoder.layers.8.self_attn.out_proj.weight', 'model.encoder.layers.8.self_attn.out_proj.bias', 'model.encoder.layers.8.layer_norm1.weight', 'model.encoder.layers.8.layer_norm1.bias', 'model.encoder.layers.8.mlp.fc1.weight', 'model.encoder.layers.8.mlp.fc1.bias', 'model.encoder.layers.8.mlp.fc2.weight', 'model.encoder.layers.8.mlp.fc2.bias', 'model.encoder.layers.8.layer_norm2.weight', 'model.encoder.layers.8.layer_norm2.bias', 'model.encoder.layers.9.self_attn.k_proj.weight', 'model.encoder.layers.9.self_attn.k_proj.bias', 'model.encoder.layers.9.self_attn.v_proj.weight', 'model.encoder.layers.9.self_attn.v_proj.bias', 'model.encoder.layers.9.self_attn.q_proj.weight', 'model.encoder.layers.9.self_attn.q_proj.bias', 'model.encoder.layers.9.self_attn.out_proj.weight', 'model.encoder.layers.9.self_attn.out_proj.bias', 'model.encoder.layers.9.layer_norm1.weight', 'model.encoder.layers.9.layer_norm1.bias', 'model.encoder.layers.9.mlp.fc1.weight', 'model.encoder.layers.9.mlp.fc1.bias', 'model.encoder.layers.9.mlp.fc2.weight', 'model.encoder.layers.9.mlp.fc2.bias', 'model.encoder.layers.9.layer_norm2.weight', 'model.encoder.layers.9.layer_norm2.bias', 'model.encoder.layers.10.self_attn.k_proj.weight', 'model.encoder.layers.10.self_attn.k_proj.bias', 'model.encoder.layers.10.self_attn.v_proj.weight', 'model.encoder.layers.10.self_attn.v_proj.bias', 'model.encoder.layers.10.self_attn.q_proj.weight', 'model.encoder.layers.10.self_attn.q_proj.bias', 'model.encoder.layers.10.self_attn.out_proj.weight', 'model.encoder.layers.10.self_attn.out_proj.bias', 'model.encoder.layers.10.layer_norm1.weight', 'model.encoder.layers.10.layer_norm1.bias', 'model.encoder.layers.10.mlp.fc1.weight', 'model.encoder.layers.10.mlp.fc1.bias', 'model.encoder.layers.10.mlp.fc2.weight', 'model.encoder.layers.10.mlp.fc2.bias', 'model.encoder.layers.10.layer_norm2.weight', 'model.encoder.layers.10.layer_norm2.bias', 'model.encoder.layers.11.self_attn.k_proj.weight', 'model.encoder.layers.11.self_attn.k_proj.bias', 'model.encoder.layers.11.self_attn.v_proj.weight', 'model.encoder.layers.11.self_attn.v_proj.bias', 'model.encoder.layers.11.self_attn.q_proj.weight', 'model.encoder.layers.11.self_attn.q_proj.bias', 'model.encoder.layers.11.self_attn.out_proj.weight', 'model.encoder.layers.11.self_attn.out_proj.bias', 'model.encoder.layers.11.layer_norm1.weight', 'model.encoder.layers.11.layer_norm1.bias', 'model.encoder.layers.11.mlp.fc1.weight', 'model.encoder.layers.11.mlp.fc1.bias', 'model.encoder.layers.11.mlp.fc2.weight', 'model.encoder.layers.11.mlp.fc2.bias', 'model.encoder.layers.11.layer_norm2.weight', 'model.encoder.layers.11.layer_norm2.bias', 'model.post_layernorm.weight', 'model.post_layernorm.bias', 'classifier.weight', 'classifier.bias']
2024-07-30 11:09:14 - [34m[1mLOGS   [0m - [36mModel[0m
OpenClipViT(
  (neural_augmentor): DistributionNeuralAugmentor(
  	Brightness=UniformSampler(min_fn=Clip(min=0.1, max=0.9, clipping=soft), max_fn=Clip(min=1.1, max=10.0, clipping=soft)), 
  	Contrast=UniformSampler(min_fn=Clip(min=0.1, max=0.9, clipping=soft), max_fn=Clip(min=1.1, max=10.0, clipping=soft)), 
  	Noise=UniformSampler(min_fn=Clip(min=0.0, max=5e-05, clipping=soft), max_fn=Clip(min=0.0001, max=1.0, clipping=soft)), )
  (model): CLIPVisionTransformer(
    (embeddings): CLIPVisionEmbeddings(
      (patch_embedding): Conv2d(3, 768, kernel_size=(16, 16), stride=(16, 16), bias=False)
      (position_embedding): Embedding(197, 768)
    )
    (pre_layrnorm): LayerNorm((768,), eps=1e-05, elementwise_affine=True)
    (encoder): CLIPEncoder(
      (layers): ModuleList(
        (0-11): 12 x CLIPEncoderLayer(
          (self_attn): CLIPAttention(
            (k_proj): Linear(in_features=768, out_features=768, bias=True)
            (v_proj): Linear(in_features=768, out_features=768, bias=True)
            (q_proj): Linear(in_features=768, out_features=768, bias=True)
            (out_proj): Linear(in_features=768, out_features=768, bias=True)
          )
          (layer_norm1): LayerNorm((768,), eps=1e-05, elementwise_affine=True)
          (mlp): CLIPMLP(
            (activation_fn): QuickGELUActivation()
            (fc1): Linear(in_features=768, out_features=3072, bias=True)
            (fc2): Linear(in_features=3072, out_features=768, bias=True)
          )
          (layer_norm2): LayerNorm((768,), eps=1e-05, elementwise_affine=True)
        )
      )
    )
    (post_layernorm): LayerNorm((768,), eps=1e-05, elementwise_affine=True)
  )
  (classifier): Linear(in_features=768, out_features=172, bias=True)
)
[31m=================================================================[0m
                        OpenClipViT Summary
[31m=================================================================[0m
Total parameters     =   85.932 M
Total trainable parameters =   85.932 M

2024-07-30 11:09:14 - [34m[1mLOGS   [0m - FVCore Analysis:
2024-07-30 11:09:14 - [34m[1mLOGS   [0m - Input sizes: [1, 3, 224, 224]
| module                                 | #parameters or shape   | #flops    |
|:---------------------------------------|:-----------------------|:----------|
| model                                  | 85.932M                | 17.582G   |
|  neural_augmentor                      |  6                     |           |
|   neural_augmentor.brightness          |   2                    |           |
|    neural_augmentor.brightness._low    |    ()                  |           |
|    neural_augmentor.brightness._high   |    ()                  |           |
|   neural_augmentor.contrast            |   2                    |           |
|    neural_augmentor.contrast._low      |    ()                  |           |
|    neural_augmentor.contrast._high     |    ()                  |           |
|   neural_augmentor.noise               |   2                    |           |
|    neural_augmentor.noise._low         |    ()                  |           |
|    neural_augmentor.noise._high        |    ()                  |           |
|  model                                 |  85.799M               |  17.582G  |
|   model.embeddings                     |   0.742M               |   0.116G  |
|    model.embeddings.class_embedding    |    (768,)              |           |
|    model.embeddings.patch_embedding    |    0.59M               |    0.116G |
|    model.embeddings.position_embedding |    0.151M              |    0      |
|   model.pre_layrnorm                   |   1.536K               |   0.756M  |
|    model.pre_layrnorm.weight           |    (768,)              |           |
|    model.pre_layrnorm.bias             |    (768,)              |           |
|   model.encoder.layers                 |   85.054M              |   17.466G |
|    model.encoder.layers.0              |    7.088M              |    1.455G |
|    model.encoder.layers.1              |    7.088M              |    1.455G |
|    model.encoder.layers.2              |    7.088M              |    1.455G |
|    model.encoder.layers.3              |    7.088M              |    1.455G |
|    model.encoder.layers.4              |    7.088M              |    1.455G |
|    model.encoder.layers.5              |    7.088M              |    1.455G |
|    model.encoder.layers.6              |    7.088M              |    1.455G |
|    model.encoder.layers.7              |    7.088M              |    1.455G |
|    model.encoder.layers.8              |    7.088M              |    1.455G |
|    model.encoder.layers.9              |    7.088M              |    1.455G |
|    model.encoder.layers.10             |    7.088M              |    1.455G |
|    model.encoder.layers.11             |    7.088M              |    1.455G |
|   model.post_layernorm                 |   1.536K               |           |
|    model.post_layernorm.weight         |    (768,)              |           |
|    model.post_layernorm.bias           |    (768,)              |           |
|  classifier                            |  0.132M                |  0.132M   |
|   classifier.weight                    |   (172, 768)           |           |
|   classifier.bias                      |   (172,)               |           |
2024-07-30 11:09:14 - [33m[1mWARNING[0m - 
** Please be cautious when using the results in papers. Certain operations may or may not be accounted in FLOP computation in FVCore. Therefore, you want to manually ensure that FLOP computation is correct.
2024-07-30 11:09:14 - [33m[1mWARNING[0m - Uncalled Modules:
{'neural_augmentor.noise.min_fn', 'neural_augmentor.contrast', 'neural_augmentor.brightness', 'neural_augmentor.noise.max_fn', 'model.post_layernorm', 'neural_augmentor.contrast.min_fn', 'neural_augmentor', 'neural_augmentor.brightness.max_fn', 'neural_augmentor.contrast.max_fn', 'neural_augmentor.noise', 'neural_augmentor.brightness.min_fn'}
2024-07-30 11:09:14 - [33m[1mWARNING[0m - Unsupported Ops:
Counter({'aten::mul': 48, 'aten::add': 25, 'aten::softmax': 12, 'aten::sigmoid': 12, 'aten::embedding': 1, 'aten::sub': 1})
[31m=================================================================[0m
2024-07-30 11:09:14 - [34m[1mLOGS   [0m - Random seeds are set to 0
2024-07-30 11:09:14 - [34m[1mLOGS   [0m - Using PyTorch version 2.2.1+cu121
2024-07-30 11:09:14 - [34m[1mLOGS   [0m - Available GPUs: 2
2024-07-30 11:09:14 - [34m[1mLOGS   [0m - CUDNN is enabled
2024-07-30 11:09:15 - [34m[1mLOGS   [0m - Setting --ddp.world-size the same as the number of available gpus.
2024-07-30 11:09:15 - [34m[1mLOGS   [0m - Directory exists at: /ML-A100/team/mm/models/catlip_data/open_vit_base/food172_lp/train
2024-07-30 11:09:19 - [32m[1mINFO   [0m - distributed init (rank 0): tcp://localhost:30006
2024-07-30 11:09:21 - [34m[1mLOGS   [0m - Number of categories: 172
2024-07-30 11:09:21 - [34m[1mLOGS   [0m - Total number of samples: 66071
2024-07-30 11:09:21 - [34m[1mLOGS   [0m - Using all samples in the dataset.
2024-07-30 11:09:21 - [34m[1mLOGS   [0m - Training dataset details are given below
ImageNetDataset(
	root=/ML-A100/team/mm/models/food172/food_172/train_images 
	is_training=True 
	num_samples=66071
	transforms=Compose(
			RandomResizedCrop(scale=(0.08, 1.0), ratio=(0.75, 1.3333333333333333), size=(224, 224), interpolation=bilinear), 
			RandomHorizontalFlip(p=0.5), 
			ToTensor(dtype=torch.float32, norm_factor=255)
		)
	 num_classes=172
)
2024-07-30 11:09:21 - [34m[1mLOGS   [0m - Number of categories: 172
2024-07-30 11:09:21 - [34m[1mLOGS   [0m - Total number of samples: 44170
2024-07-30 11:09:21 - [34m[1mLOGS   [0m - Using all samples in the dataset.
2024-07-30 11:09:21 - [34m[1mLOGS   [0m - Validation dataset details are given below
ImageNetDataset(
	root=/ML-A100/team/mm/models/food172/food_172/test_images 
	is_training=False 
	num_samples=44170
	transforms=Compose(
			Resize(size=232, interpolation=bilinear, maintain_aspect_ratio=True), 
			CenterCrop(size=(h=224, w=224)), 
			ToTensor(dtype=torch.float32, norm_factor=255)
		)
	 num_classes=172
)
2024-07-30 11:09:21 - [34m[1mLOGS   [0m - Training sampler details: VariableBatchSamplerDDP(
	 num_repeat=1
	 trunc_rep_aug=False
	 sharding=False
	 disable_shuffle_sharding=False
	 base_im_size=(h=224, w=224)
	 base_batch_size=128
	 scales=[(224, 224, 128)]
	 scale_inc=False
	 min_scale_inc_factor=1.0
	 max_scale_inc_factor=1.0
	 ep_intervals=[40]
)
2024-07-30 11:09:21 - [34m[1mLOGS   [0m - Validation sampler details: VariableBatchSamplerDDP(
	 num_repeat=1
	 trunc_rep_aug=False
	 sharding=False
	 disable_shuffle_sharding=False
	 base_im_size=(h=224, w=224)
	 base_batch_size=100
	 scales=[(224, 224, 100)]
	 scale_inc=False
	 min_scale_inc_factor=1.0
	 max_scale_inc_factor=1.0
	 ep_intervals=[40]
)
2024-07-30 11:09:21 - [34m[1mLOGS   [0m - Number of data workers: 64
172
2024-07-30 11:09:22 - [32m[1mINFO   [0m - Trainable parameters: ['neural_augmentor.brightness._low', 'neural_augmentor.brightness._high', 'neural_augmentor.contrast._low', 'neural_augmentor.contrast._high', 'neural_augmentor.noise._low', 'neural_augmentor.noise._high', 'model.embeddings.class_embedding', 'model.embeddings.patch_embedding.weight', 'model.embeddings.position_embedding.weight', 'model.pre_layrnorm.weight', 'model.pre_layrnorm.bias', 'model.encoder.layers.0.self_attn.k_proj.weight', 'model.encoder.layers.0.self_attn.k_proj.bias', 'model.encoder.layers.0.self_attn.v_proj.weight', 'model.encoder.layers.0.self_attn.v_proj.bias', 'model.encoder.layers.0.self_attn.q_proj.weight', 'model.encoder.layers.0.self_attn.q_proj.bias', 'model.encoder.layers.0.self_attn.out_proj.weight', 'model.encoder.layers.0.self_attn.out_proj.bias', 'model.encoder.layers.0.layer_norm1.weight', 'model.encoder.layers.0.layer_norm1.bias', 'model.encoder.layers.0.mlp.fc1.weight', 'model.encoder.layers.0.mlp.fc1.bias', 'model.encoder.layers.0.mlp.fc2.weight', 'model.encoder.layers.0.mlp.fc2.bias', 'model.encoder.layers.0.layer_norm2.weight', 'model.encoder.layers.0.layer_norm2.bias', 'model.encoder.layers.1.self_attn.k_proj.weight', 'model.encoder.layers.1.self_attn.k_proj.bias', 'model.encoder.layers.1.self_attn.v_proj.weight', 'model.encoder.layers.1.self_attn.v_proj.bias', 'model.encoder.layers.1.self_attn.q_proj.weight', 'model.encoder.layers.1.self_attn.q_proj.bias', 'model.encoder.layers.1.self_attn.out_proj.weight', 'model.encoder.layers.1.self_attn.out_proj.bias', 'model.encoder.layers.1.layer_norm1.weight', 'model.encoder.layers.1.layer_norm1.bias', 'model.encoder.layers.1.mlp.fc1.weight', 'model.encoder.layers.1.mlp.fc1.bias', 'model.encoder.layers.1.mlp.fc2.weight', 'model.encoder.layers.1.mlp.fc2.bias', 'model.encoder.layers.1.layer_norm2.weight', 'model.encoder.layers.1.layer_norm2.bias', 'model.encoder.layers.2.self_attn.k_proj.weight', 'model.encoder.layers.2.self_attn.k_proj.bias', 'model.encoder.layers.2.self_attn.v_proj.weight', 'model.encoder.layers.2.self_attn.v_proj.bias', 'model.encoder.layers.2.self_attn.q_proj.weight', 'model.encoder.layers.2.self_attn.q_proj.bias', 'model.encoder.layers.2.self_attn.out_proj.weight', 'model.encoder.layers.2.self_attn.out_proj.bias', 'model.encoder.layers.2.layer_norm1.weight', 'model.encoder.layers.2.layer_norm1.bias', 'model.encoder.layers.2.mlp.fc1.weight', 'model.encoder.layers.2.mlp.fc1.bias', 'model.encoder.layers.2.mlp.fc2.weight', 'model.encoder.layers.2.mlp.fc2.bias', 'model.encoder.layers.2.layer_norm2.weight', 'model.encoder.layers.2.layer_norm2.bias', 'model.encoder.layers.3.self_attn.k_proj.weight', 'model.encoder.layers.3.self_attn.k_proj.bias', 'model.encoder.layers.3.self_attn.v_proj.weight', 'model.encoder.layers.3.self_attn.v_proj.bias', 'model.encoder.layers.3.self_attn.q_proj.weight', 'model.encoder.layers.3.self_attn.q_proj.bias', 'model.encoder.layers.3.self_attn.out_proj.weight', 'model.encoder.layers.3.self_attn.out_proj.bias', 'model.encoder.layers.3.layer_norm1.weight', 'model.encoder.layers.3.layer_norm1.bias', 'model.encoder.layers.3.mlp.fc1.weight', 'model.encoder.layers.3.mlp.fc1.bias', 'model.encoder.layers.3.mlp.fc2.weight', 'model.encoder.layers.3.mlp.fc2.bias', 'model.encoder.layers.3.layer_norm2.weight', 'model.encoder.layers.3.layer_norm2.bias', 'model.encoder.layers.4.self_attn.k_proj.weight', 'model.encoder.layers.4.self_attn.k_proj.bias', 'model.encoder.layers.4.self_attn.v_proj.weight', 'model.encoder.layers.4.self_attn.v_proj.bias', 'model.encoder.layers.4.self_attn.q_proj.weight', 'model.encoder.layers.4.self_attn.q_proj.bias', 'model.encoder.layers.4.self_attn.out_proj.weight', 'model.encoder.layers.4.self_attn.out_proj.bias', 'model.encoder.layers.4.layer_norm1.weight', 'model.encoder.layers.4.layer_norm1.bias', 'model.encoder.layers.4.mlp.fc1.weight', 'model.encoder.layers.4.mlp.fc1.bias', 'model.encoder.layers.4.mlp.fc2.weight', 'model.encoder.layers.4.mlp.fc2.bias', 'model.encoder.layers.4.layer_norm2.weight', 'model.encoder.layers.4.layer_norm2.bias', 'model.encoder.layers.5.self_attn.k_proj.weight', 'model.encoder.layers.5.self_attn.k_proj.bias', 'model.encoder.layers.5.self_attn.v_proj.weight', 'model.encoder.layers.5.self_attn.v_proj.bias', 'model.encoder.layers.5.self_attn.q_proj.weight', 'model.encoder.layers.5.self_attn.q_proj.bias', 'model.encoder.layers.5.self_attn.out_proj.weight', 'model.encoder.layers.5.self_attn.out_proj.bias', 'model.encoder.layers.5.layer_norm1.weight', 'model.encoder.layers.5.layer_norm1.bias', 'model.encoder.layers.5.mlp.fc1.weight', 'model.encoder.layers.5.mlp.fc1.bias', 'model.encoder.layers.5.mlp.fc2.weight', 'model.encoder.layers.5.mlp.fc2.bias', 'model.encoder.layers.5.layer_norm2.weight', 'model.encoder.layers.5.layer_norm2.bias', 'model.encoder.layers.6.self_attn.k_proj.weight', 'model.encoder.layers.6.self_attn.k_proj.bias', 'model.encoder.layers.6.self_attn.v_proj.weight', 'model.encoder.layers.6.self_attn.v_proj.bias', 'model.encoder.layers.6.self_attn.q_proj.weight', 'model.encoder.layers.6.self_attn.q_proj.bias', 'model.encoder.layers.6.self_attn.out_proj.weight', 'model.encoder.layers.6.self_attn.out_proj.bias', 'model.encoder.layers.6.layer_norm1.weight', 'model.encoder.layers.6.layer_norm1.bias', 'model.encoder.layers.6.mlp.fc1.weight', 'model.encoder.layers.6.mlp.fc1.bias', 'model.encoder.layers.6.mlp.fc2.weight', 'model.encoder.layers.6.mlp.fc2.bias', 'model.encoder.layers.6.layer_norm2.weight', 'model.encoder.layers.6.layer_norm2.bias', 'model.encoder.layers.7.self_attn.k_proj.weight', 'model.encoder.layers.7.self_attn.k_proj.bias', 'model.encoder.layers.7.self_attn.v_proj.weight', 'model.encoder.layers.7.self_attn.v_proj.bias', 'model.encoder.layers.7.self_attn.q_proj.weight', 'model.encoder.layers.7.self_attn.q_proj.bias', 'model.encoder.layers.7.self_attn.out_proj.weight', 'model.encoder.layers.7.self_attn.out_proj.bias', 'model.encoder.layers.7.layer_norm1.weight', 'model.encoder.layers.7.layer_norm1.bias', 'model.encoder.layers.7.mlp.fc1.weight', 'model.encoder.layers.7.mlp.fc1.bias', 'model.encoder.layers.7.mlp.fc2.weight', 'model.encoder.layers.7.mlp.fc2.bias', 'model.encoder.layers.7.layer_norm2.weight', 'model.encoder.layers.7.layer_norm2.bias', 'model.encoder.layers.8.self_attn.k_proj.weight', 'model.encoder.layers.8.self_attn.k_proj.bias', 'model.encoder.layers.8.self_attn.v_proj.weight', 'model.encoder.layers.8.self_attn.v_proj.bias', 'model.encoder.layers.8.self_attn.q_proj.weight', 'model.encoder.layers.8.self_attn.q_proj.bias', 'model.encoder.layers.8.self_attn.out_proj.weight', 'model.encoder.layers.8.self_attn.out_proj.bias', 'model.encoder.layers.8.layer_norm1.weight', 'model.encoder.layers.8.layer_norm1.bias', 'model.encoder.layers.8.mlp.fc1.weight', 'model.encoder.layers.8.mlp.fc1.bias', 'model.encoder.layers.8.mlp.fc2.weight', 'model.encoder.layers.8.mlp.fc2.bias', 'model.encoder.layers.8.layer_norm2.weight', 'model.encoder.layers.8.layer_norm2.bias', 'model.encoder.layers.9.self_attn.k_proj.weight', 'model.encoder.layers.9.self_attn.k_proj.bias', 'model.encoder.layers.9.self_attn.v_proj.weight', 'model.encoder.layers.9.self_attn.v_proj.bias', 'model.encoder.layers.9.self_attn.q_proj.weight', 'model.encoder.layers.9.self_attn.q_proj.bias', 'model.encoder.layers.9.self_attn.out_proj.weight', 'model.encoder.layers.9.self_attn.out_proj.bias', 'model.encoder.layers.9.layer_norm1.weight', 'model.encoder.layers.9.layer_norm1.bias', 'model.encoder.layers.9.mlp.fc1.weight', 'model.encoder.layers.9.mlp.fc1.bias', 'model.encoder.layers.9.mlp.fc2.weight', 'model.encoder.layers.9.mlp.fc2.bias', 'model.encoder.layers.9.layer_norm2.weight', 'model.encoder.layers.9.layer_norm2.bias', 'model.encoder.layers.10.self_attn.k_proj.weight', 'model.encoder.layers.10.self_attn.k_proj.bias', 'model.encoder.layers.10.self_attn.v_proj.weight', 'model.encoder.layers.10.self_attn.v_proj.bias', 'model.encoder.layers.10.self_attn.q_proj.weight', 'model.encoder.layers.10.self_attn.q_proj.bias', 'model.encoder.layers.10.self_attn.out_proj.weight', 'model.encoder.layers.10.self_attn.out_proj.bias', 'model.encoder.layers.10.layer_norm1.weight', 'model.encoder.layers.10.layer_norm1.bias', 'model.encoder.layers.10.mlp.fc1.weight', 'model.encoder.layers.10.mlp.fc1.bias', 'model.encoder.layers.10.mlp.fc2.weight', 'model.encoder.layers.10.mlp.fc2.bias', 'model.encoder.layers.10.layer_norm2.weight', 'model.encoder.layers.10.layer_norm2.bias', 'model.encoder.layers.11.self_attn.k_proj.weight', 'model.encoder.layers.11.self_attn.k_proj.bias', 'model.encoder.layers.11.self_attn.v_proj.weight', 'model.encoder.layers.11.self_attn.v_proj.bias', 'model.encoder.layers.11.self_attn.q_proj.weight', 'model.encoder.layers.11.self_attn.q_proj.bias', 'model.encoder.layers.11.self_attn.out_proj.weight', 'model.encoder.layers.11.self_attn.out_proj.bias', 'model.encoder.layers.11.layer_norm1.weight', 'model.encoder.layers.11.layer_norm1.bias', 'model.encoder.layers.11.mlp.fc1.weight', 'model.encoder.layers.11.mlp.fc1.bias', 'model.encoder.layers.11.mlp.fc2.weight', 'model.encoder.layers.11.mlp.fc2.bias', 'model.encoder.layers.11.layer_norm2.weight', 'model.encoder.layers.11.layer_norm2.bias', 'model.post_layernorm.weight', 'model.post_layernorm.bias', 'classifier.weight', 'classifier.bias']
2024-07-30 11:09:22 - [34m[1mLOGS   [0m - [36mModel[0m
OpenClipViT(
  (neural_augmentor): DistributionNeuralAugmentor(
  	Brightness=UniformSampler(min_fn=Clip(min=0.1, max=0.9, clipping=soft), max_fn=Clip(min=1.1, max=10.0, clipping=soft)), 
  	Contrast=UniformSampler(min_fn=Clip(min=0.1, max=0.9, clipping=soft), max_fn=Clip(min=1.1, max=10.0, clipping=soft)), 
  	Noise=UniformSampler(min_fn=Clip(min=0.0, max=5e-05, clipping=soft), max_fn=Clip(min=0.0001, max=1.0, clipping=soft)), )
  (model): CLIPVisionTransformer(
    (embeddings): CLIPVisionEmbeddings(
      (patch_embedding): Conv2d(3, 768, kernel_size=(16, 16), stride=(16, 16), bias=False)
      (position_embedding): Embedding(197, 768)
    )
    (pre_layrnorm): LayerNorm((768,), eps=1e-05, elementwise_affine=True)
    (encoder): CLIPEncoder(
      (layers): ModuleList(
        (0-11): 12 x CLIPEncoderLayer(
          (self_attn): CLIPAttention(
            (k_proj): Linear(in_features=768, out_features=768, bias=True)
            (v_proj): Linear(in_features=768, out_features=768, bias=True)
            (q_proj): Linear(in_features=768, out_features=768, bias=True)
            (out_proj): Linear(in_features=768, out_features=768, bias=True)
          )
          (layer_norm1): LayerNorm((768,), eps=1e-05, elementwise_affine=True)
          (mlp): CLIPMLP(
            (activation_fn): QuickGELUActivation()
            (fc1): Linear(in_features=768, out_features=3072, bias=True)
            (fc2): Linear(in_features=3072, out_features=768, bias=True)
          )
          (layer_norm2): LayerNorm((768,), eps=1e-05, elementwise_affine=True)
        )
      )
    )
    (post_layernorm): LayerNorm((768,), eps=1e-05, elementwise_affine=True)
  )
  (classifier): Linear(in_features=768, out_features=172, bias=True)
)
[31m=================================================================[0m
                        OpenClipViT Summary
[31m=================================================================[0m
Total parameters     =   85.932 M
Total trainable parameters =   85.932 M

2024-07-30 11:09:22 - [34m[1mLOGS   [0m - FVCore Analysis:
2024-07-30 11:09:22 - [34m[1mLOGS   [0m - Input sizes: [1, 3, 224, 224]
| module                                 | #parameters or shape   | #flops    |
|:---------------------------------------|:-----------------------|:----------|
| model                                  | 85.932M                | 17.582G   |
|  neural_augmentor                      |  6                     |           |
|   neural_augmentor.brightness          |   2                    |           |
|    neural_augmentor.brightness._low    |    ()                  |           |
|    neural_augmentor.brightness._high   |    ()                  |           |
|   neural_augmentor.contrast            |   2                    |           |
|    neural_augmentor.contrast._low      |    ()                  |           |
|    neural_augmentor.contrast._high     |    ()                  |           |
|   neural_augmentor.noise               |   2                    |           |
|    neural_augmentor.noise._low         |    ()                  |           |
|    neural_augmentor.noise._high        |    ()                  |           |
|  model                                 |  85.799M               |  17.582G  |
|   model.embeddings                     |   0.742M               |   0.116G  |
|    model.embeddings.class_embedding    |    (768,)              |           |
|    model.embeddings.patch_embedding    |    0.59M               |    0.116G |
|    model.embeddings.position_embedding |    0.151M              |    0      |
|   model.pre_layrnorm                   |   1.536K               |   0.756M  |
|    model.pre_layrnorm.weight           |    (768,)              |           |
|    model.pre_layrnorm.bias             |    (768,)              |           |
|   model.encoder.layers                 |   85.054M              |   17.466G |
|    model.encoder.layers.0              |    7.088M              |    1.455G |
|    model.encoder.layers.1              |    7.088M              |    1.455G |
|    model.encoder.layers.2              |    7.088M              |    1.455G |
|    model.encoder.layers.3              |    7.088M              |    1.455G |
|    model.encoder.layers.4              |    7.088M              |    1.455G |
|    model.encoder.layers.5              |    7.088M              |    1.455G |
|    model.encoder.layers.6              |    7.088M              |    1.455G |
|    model.encoder.layers.7              |    7.088M              |    1.455G |
|    model.encoder.layers.8              |    7.088M              |    1.455G |
|    model.encoder.layers.9              |    7.088M              |    1.455G |
|    model.encoder.layers.10             |    7.088M              |    1.455G |
|    model.encoder.layers.11             |    7.088M              |    1.455G |
|   model.post_layernorm                 |   1.536K               |           |
|    model.post_layernorm.weight         |    (768,)              |           |
|    model.post_layernorm.bias           |    (768,)              |           |
|  classifier                            |  0.132M                |  0.132M   |
|   classifier.weight                    |   (172, 768)           |           |
|   classifier.bias                      |   (172,)               |           |
2024-07-30 11:09:23 - [33m[1mWARNING[0m - 
** Please be cautious when using the results in papers. Certain operations may or may not be accounted in FLOP computation in FVCore. Therefore, you want to manually ensure that FLOP computation is correct.
2024-07-30 11:09:23 - [33m[1mWARNING[0m - Uncalled Modules:
{'neural_augmentor.noise.min_fn', 'neural_augmentor.contrast.max_fn', 'neural_augmentor.contrast.min_fn', 'model.post_layernorm', 'neural_augmentor.brightness.min_fn', 'neural_augmentor.noise.max_fn', 'neural_augmentor.brightness.max_fn', 'neural_augmentor.noise', 'neural_augmentor.brightness', 'neural_augmentor.contrast', 'neural_augmentor'}
2024-07-30 11:09:23 - [33m[1mWARNING[0m - Unsupported Ops:
Counter({'aten::mul': 48, 'aten::add': 25, 'aten::softmax': 12, 'aten::sigmoid': 12, 'aten::embedding': 1, 'aten::sub': 1})
[31m=================================================================[0m
2024-07-30 11:09:23 - [34m[1mLOGS   [0m - Using DistributedDataParallel.
2024-07-30 11:09:23 - [34m[1mLOGS   [0m - [36mLoss function[0m
CompositeLoss(
	CrossEntropy(  ignore_idx=-1  class_weighting=False  label_smoothing=0.1 loss_wt=1.0)
	NeuralAugmentation(  target_metric=psnr  target_value=[40, 20]  curriculum_learning=True  alpha=0.0015378700499807767 loss_wt=1.0)
	
)
2024-07-30 11:09:23 - [34m[1mLOGS   [0m - [36mOptimizer[0m
2024-07-30 11:09:23 - [34m[1mLOGS   [0m - Max. epochs for training: 30
2024-07-30 11:09:23 - [34m[1mLOGS   [0m - [36mLearning rate scheduler[0m
CosineScheduler(
 	 min_lr=5e-05
 	 max_lr=0.0005
 	 period=30
 	 warmup_init_lr=1e-05
 	 warmup_iters=500
 )
2024-07-30 11:09:24 - [34m[1mLOGS   [0m - Loaded checkpoint from /ML-A100/team/mm/models/catlip_data/open_vit_base/food172_lp/train/training_checkpoint_last.pt
2024-07-30 11:09:24 - [34m[1mLOGS   [0m - Resuming training for epoch 18
2024-07-30 11:09:24 - [32m[1mINFO   [0m - Configuration file is stored here: [36m/ML-A100/team/mm/models/catlip_data/open_vit_base/food172_lp/train/config.yaml[0m
[31m===========================================================================[0m
2024-07-30 11:09:26 - [32m[1mINFO   [0m - Training epoch 18
2024-07-30 11:09:19 - [32m[1mINFO   [0m - distributed init (rank 1): tcp://localhost:30006
172
2024-07-30 11:12:16 - [34m[1mLOGS   [0m - Epoch:  18 [    2343/10000000], loss: {'classification': 1.597, 'neural_augmentation': 7.2383, 'total_loss': 8.8353}, LR: [0.000205, 0.000205], Avg. batch load time: 166.945, Elapsed time: 170.10
2024-07-30 11:13:16 - [34m[1mLOGS   [0m - *** Training summary for epoch 18
	 loss={'classification': 1.7358, 'neural_augmentation': 7.5896, 'total_loss': 9.3255}
2024-07-30 11:16:24 - [34m[1mLOGS   [0m - *** Validation summary for epoch 18
	 loss={'classification': 0.9043, 'neural_augmentation': 0.0, 'total_loss': 0.9043} || top1={'logits': 77.9253} || top5={'logits': 94.1765}
2024-07-30 11:16:25 - [34m[1mLOGS   [0m - Last training checkpoint is saved at: /ML-A100/team/mm/models/catlip_data/open_vit_base/food172_lp/train/training_checkpoint_last.pt
2024-07-30 11:16:26 - [34m[1mLOGS   [0m - Last checkpoint's model state is saved at: /ML-A100/team/mm/models/catlip_data/open_vit_base/food172_lp/train/checkpoint_last.pt
2024-07-30 11:16:27 - [34m[1mLOGS   [0m - Training checkpoint for epoch 18/iteration 2601 is saved at: /ML-A100/team/mm/models/catlip_data/open_vit_base/food172_lp/train/training_checkpoint_epoch_18_iter_2601.pt
2024-07-30 11:16:28 - [34m[1mLOGS   [0m - Model state for epoch 18/iteration 2601 is saved at: /ML-A100/team/mm/models/catlip_data/open_vit_base/food172_lp/train/checkpoint_epoch_18_iter_2601.pt
[31m===========================================================================[0m
2024-07-30 11:16:30 - [32m[1mINFO   [0m - Training epoch 19
2024-07-30 11:16:32 - [34m[1mLOGS   [0m - Epoch:  19 [    2602/10000000], loss: {'classification': 1.7132, 'neural_augmentation': 7.6956, 'total_loss': 9.4088}, LR: [0.000183, 0.000183], Avg. batch load time: 2.008, Elapsed time:  2.25
2024-07-30 11:17:29 - [34m[1mLOGS   [0m - *** Training summary for epoch 19
	 loss={'classification': 1.687, 'neural_augmentation': 7.4148, 'total_loss': 9.1017}
2024-07-30 11:17:47 - [34m[1mLOGS   [0m - *** Validation summary for epoch 19
	 loss={'classification': 0.8617, 'neural_augmentation': 0.0, 'total_loss': 0.8617} || top1={'logits': 79.3552} || top5={'logits': 94.6765}
2024-07-30 11:17:48 - [34m[1mLOGS   [0m - Last training checkpoint is saved at: /ML-A100/team/mm/models/catlip_data/open_vit_base/food172_lp/train/training_checkpoint_last.pt
2024-07-30 11:17:49 - [34m[1mLOGS   [0m - Last checkpoint's model state is saved at: /ML-A100/team/mm/models/catlip_data/open_vit_base/food172_lp/train/checkpoint_last.pt
2024-07-30 11:17:51 - [34m[1mLOGS   [0m - Training checkpoint for epoch 19/iteration 2860 is saved at: /ML-A100/team/mm/models/catlip_data/open_vit_base/food172_lp/train/training_checkpoint_epoch_19_iter_2860.pt
2024-07-30 11:17:51 - [34m[1mLOGS   [0m - Model state for epoch 19/iteration 2860 is saved at: /ML-A100/team/mm/models/catlip_data/open_vit_base/food172_lp/train/checkpoint_epoch_19_iter_2860.pt
[31m===========================================================================[0m
2024-07-30 11:17:53 - [32m[1mINFO   [0m - Training epoch 20
2024-07-30 11:17:56 - [34m[1mLOGS   [0m - Epoch:  20 [    2861/10000000], loss: {'classification': 1.5128, 'neural_augmentation': 7.9793, 'total_loss': 9.4921}, LR: [0.000162, 0.000162], Avg. batch load time: 2.153, Elapsed time:  2.39
2024-07-30 11:18:52 - [34m[1mLOGS   [0m - *** Training summary for epoch 20
	 loss={'classification': 1.6114, 'neural_augmentation': 7.3091, 'total_loss': 8.9205}
2024-07-30 11:19:10 - [34m[1mLOGS   [0m - *** Validation summary for epoch 20
	 loss={'classification': 0.8351, 'neural_augmentation': 0.0, 'total_loss': 0.8351} || top1={'logits': 79.914} || top5={'logits': 94.8982}
2024-07-30 11:19:10 - [34m[1mLOGS   [0m - Best checkpoint with score 79.91 saved at /ML-A100/team/mm/models/catlip_data/open_vit_base/food172_lp/train/checkpoint_best.pt
2024-07-30 11:19:11 - [34m[1mLOGS   [0m - Deleting checkpoint: /ML-A100/team/mm/models/catlip_data/open_vit_base/food172_lp/train/checkpoint_score_77.3063.pt
2024-07-30 11:19:11 - [34m[1mLOGS   [0m - Averaging checkpoints: ['checkpoint_score_77.7455.pt', 'checkpoint_score_79.0383.pt', 'checkpoint_score_79.5653.pt', 'checkpoint_score_79.9140.pt', 'checkpoint_score_80.4414.pt']
2024-07-30 11:19:14 - [34m[1mLOGS   [0m - Averaged checkpoint saved at: /ML-A100/team/mm/models/catlip_data/open_vit_base/food172_lp/train/checkpoint_avg.pt
2024-07-30 11:19:15 - [34m[1mLOGS   [0m - Last training checkpoint is saved at: /ML-A100/team/mm/models/catlip_data/open_vit_base/food172_lp/train/training_checkpoint_last.pt
2024-07-30 11:19:15 - [34m[1mLOGS   [0m - Last checkpoint's model state is saved at: /ML-A100/team/mm/models/catlip_data/open_vit_base/food172_lp/train/checkpoint_last.pt
2024-07-30 11:19:17 - [34m[1mLOGS   [0m - Training checkpoint for epoch 20/iteration 3119 is saved at: /ML-A100/team/mm/models/catlip_data/open_vit_base/food172_lp/train/training_checkpoint_epoch_20_iter_3119.pt
2024-07-30 11:19:17 - [34m[1mLOGS   [0m - Model state for epoch 20/iteration 3119 is saved at: /ML-A100/team/mm/models/catlip_data/open_vit_base/food172_lp/train/checkpoint_epoch_20_iter_3119.pt
[31m===========================================================================[0m
2024-07-30 11:19:19 - [32m[1mINFO   [0m - Training epoch 21
2024-07-30 11:19:22 - [34m[1mLOGS   [0m - Epoch:  21 [    3120/10000000], loss: {'classification': 1.5002, 'neural_augmentation': 6.9904, 'total_loss': 8.4905}, LR: [0.000143, 0.000143], Avg. batch load time: 2.184, Elapsed time:  2.43
2024-07-30 11:20:19 - [34m[1mLOGS   [0m - *** Training summary for epoch 21
	 loss={'classification': 1.5506, 'neural_augmentation': 7.1754, 'total_loss': 8.726}
2024-07-30 11:20:38 - [34m[1mLOGS   [0m - *** Validation summary for epoch 21
	 loss={'classification': 0.8048, 'neural_augmentation': 0.0, 'total_loss': 0.8048} || top1={'logits': 81.1335} || top5={'logits': 95.0928}
2024-07-30 11:20:39 - [34m[1mLOGS   [0m - Best checkpoint with score 81.13 saved at /ML-A100/team/mm/models/catlip_data/open_vit_base/food172_lp/train/checkpoint_best.pt
2024-07-30 11:20:41 - [34m[1mLOGS   [0m - Deleting checkpoint: /ML-A100/team/mm/models/catlip_data/open_vit_base/food172_lp/train/checkpoint_score_77.7455.pt
2024-07-30 11:20:41 - [34m[1mLOGS   [0m - Averaging checkpoints: ['checkpoint_score_79.0383.pt', 'checkpoint_score_79.5653.pt', 'checkpoint_score_79.9140.pt', 'checkpoint_score_80.4414.pt', 'checkpoint_score_81.1335.pt']
2024-07-30 11:20:59 - [34m[1mLOGS   [0m - Averaged checkpoint saved at: /ML-A100/team/mm/models/catlip_data/open_vit_base/food172_lp/train/checkpoint_avg.pt
2024-07-30 11:21:01 - [34m[1mLOGS   [0m - Last training checkpoint is saved at: /ML-A100/team/mm/models/catlip_data/open_vit_base/food172_lp/train/training_checkpoint_last.pt
2024-07-30 11:21:01 - [34m[1mLOGS   [0m - Last checkpoint's model state is saved at: /ML-A100/team/mm/models/catlip_data/open_vit_base/food172_lp/train/checkpoint_last.pt
2024-07-30 11:21:05 - [34m[1mLOGS   [0m - Training checkpoint for epoch 21/iteration 3378 is saved at: /ML-A100/team/mm/models/catlip_data/open_vit_base/food172_lp/train/training_checkpoint_epoch_21_iter_3378.pt
2024-07-30 11:21:05 - [34m[1mLOGS   [0m - Model state for epoch 21/iteration 3378 is saved at: /ML-A100/team/mm/models/catlip_data/open_vit_base/food172_lp/train/checkpoint_epoch_21_iter_3378.pt
[31m===========================================================================[0m
2024-07-30 11:21:07 - [32m[1mINFO   [0m - Training epoch 22
2024-07-30 11:21:10 - [34m[1mLOGS   [0m - Epoch:  22 [    3379/10000000], loss: {'classification': 1.5005, 'neural_augmentation': 7.0663, 'total_loss': 8.5668}, LR: [0.000124, 0.000124], Avg. batch load time: 2.688, Elapsed time:  2.93
2024-07-30 11:22:07 - [34m[1mLOGS   [0m - *** Training summary for epoch 22
	 loss={'classification': 1.4838, 'neural_augmentation': 7.062, 'total_loss': 8.5458}
2024-07-30 11:22:25 - [34m[1mLOGS   [0m - *** Validation summary for epoch 22
	 loss={'classification': 0.7857, 'neural_augmentation': 0.0, 'total_loss': 0.7857} || top1={'logits': 81.457} || top5={'logits': 95.2738}
2024-07-30 11:22:26 - [34m[1mLOGS   [0m - Best checkpoint with score 81.46 saved at /ML-A100/team/mm/models/catlip_data/open_vit_base/food172_lp/train/checkpoint_best.pt
2024-07-30 11:22:26 - [34m[1mLOGS   [0m - Deleting checkpoint: /ML-A100/team/mm/models/catlip_data/open_vit_base/food172_lp/train/checkpoint_score_79.0383.pt
2024-07-30 11:22:26 - [34m[1mLOGS   [0m - Averaging checkpoints: ['checkpoint_score_79.5653.pt', 'checkpoint_score_79.9140.pt', 'checkpoint_score_80.4414.pt', 'checkpoint_score_81.1335.pt', 'checkpoint_score_81.4570.pt']
2024-07-30 11:22:28 - [34m[1mLOGS   [0m - Averaged checkpoint saved at: /ML-A100/team/mm/models/catlip_data/open_vit_base/food172_lp/train/checkpoint_avg.pt
2024-07-30 11:22:29 - [34m[1mLOGS   [0m - Last training checkpoint is saved at: /ML-A100/team/mm/models/catlip_data/open_vit_base/food172_lp/train/training_checkpoint_last.pt
2024-07-30 11:22:30 - [34m[1mLOGS   [0m - Last checkpoint's model state is saved at: /ML-A100/team/mm/models/catlip_data/open_vit_base/food172_lp/train/checkpoint_last.pt
2024-07-30 11:22:30 - [34m[1mLOGS   [0m - Training checkpoint for epoch 22/iteration 3637 is saved at: /ML-A100/team/mm/models/catlip_data/open_vit_base/food172_lp/train/training_checkpoint_epoch_22_iter_3637.pt
2024-07-30 11:22:31 - [34m[1mLOGS   [0m - Model state for epoch 22/iteration 3637 is saved at: /ML-A100/team/mm/models/catlip_data/open_vit_base/food172_lp/train/checkpoint_epoch_22_iter_3637.pt
[31m===========================================================================[0m
2024-07-30 11:22:33 - [32m[1mINFO   [0m - Training epoch 23
2024-07-30 11:22:34 - [34m[1mLOGS   [0m - Epoch:  23 [    3638/10000000], loss: {'classification': 1.4965, 'neural_augmentation': 7.9924, 'total_loss': 9.4888}, LR: [0.000108, 0.000108], Avg. batch load time: 1.617, Elapsed time:  1.86
2024-07-30 11:23:32 - [34m[1mLOGS   [0m - *** Training summary for epoch 23
	 loss={'classification': 1.4312, 'neural_augmentation': 6.9534, 'total_loss': 8.3846}
2024-07-30 11:23:50 - [34m[1mLOGS   [0m - *** Validation summary for epoch 23
	 loss={'classification': 0.7559, 'neural_augmentation': 0.0, 'total_loss': 0.7559} || top1={'logits': 82.1448} || top5={'logits': 95.5249}
2024-07-30 11:23:51 - [34m[1mLOGS   [0m - Best checkpoint with score 82.14 saved at /ML-A100/team/mm/models/catlip_data/open_vit_base/food172_lp/train/checkpoint_best.pt
2024-07-30 11:23:51 - [34m[1mLOGS   [0m - Deleting checkpoint: /ML-A100/team/mm/models/catlip_data/open_vit_base/food172_lp/train/checkpoint_score_79.5653.pt
2024-07-30 11:23:51 - [34m[1mLOGS   [0m - Averaging checkpoints: ['checkpoint_score_79.9140.pt', 'checkpoint_score_80.4414.pt', 'checkpoint_score_81.1335.pt', 'checkpoint_score_81.4570.pt', 'checkpoint_score_82.1448.pt']
2024-07-30 11:23:53 - [34m[1mLOGS   [0m - Averaged checkpoint saved at: /ML-A100/team/mm/models/catlip_data/open_vit_base/food172_lp/train/checkpoint_avg.pt
2024-07-30 11:23:54 - [34m[1mLOGS   [0m - Last training checkpoint is saved at: /ML-A100/team/mm/models/catlip_data/open_vit_base/food172_lp/train/training_checkpoint_last.pt
2024-07-30 11:23:54 - [34m[1mLOGS   [0m - Last checkpoint's model state is saved at: /ML-A100/team/mm/models/catlip_data/open_vit_base/food172_lp/train/checkpoint_last.pt
2024-07-30 11:23:55 - [34m[1mLOGS   [0m - Training checkpoint for epoch 23/iteration 3896 is saved at: /ML-A100/team/mm/models/catlip_data/open_vit_base/food172_lp/train/training_checkpoint_epoch_23_iter_3896.pt
2024-07-30 11:23:56 - [34m[1mLOGS   [0m - Model state for epoch 23/iteration 3896 is saved at: /ML-A100/team/mm/models/catlip_data/open_vit_base/food172_lp/train/checkpoint_epoch_23_iter_3896.pt
[31m===========================================================================[0m
2024-07-30 11:23:58 - [32m[1mINFO   [0m - Training epoch 24
2024-07-30 11:24:01 - [34m[1mLOGS   [0m - Epoch:  24 [    3897/10000000], loss: {'classification': 1.3078, 'neural_augmentation': 6.4785, 'total_loss': 7.7863}, LR: [9.3e-05, 9.3e-05], Avg. batch load time: 2.981, Elapsed time:  3.22
2024-07-30 11:24:57 - [34m[1mLOGS   [0m - *** Training summary for epoch 24
	 loss={'classification': 1.382, 'neural_augmentation': 6.8803, 'total_loss': 8.2623}
2024-07-30 11:25:16 - [34m[1mLOGS   [0m - *** Validation summary for epoch 24
	 loss={'classification': 0.7618, 'neural_augmentation': 0.0, 'total_loss': 0.7618} || top1={'logits': 82.6448} || top5={'logits': 95.5317}
2024-07-30 11:25:16 - [34m[1mLOGS   [0m - Best checkpoint with score 82.64 saved at /ML-A100/team/mm/models/catlip_data/open_vit_base/food172_lp/train/checkpoint_best.pt
2024-07-30 11:25:16 - [34m[1mLOGS   [0m - Deleting checkpoint: /ML-A100/team/mm/models/catlip_data/open_vit_base/food172_lp/train/checkpoint_score_79.9140.pt
2024-07-30 11:25:16 - [34m[1mLOGS   [0m - Averaging checkpoints: ['checkpoint_score_80.4414.pt', 'checkpoint_score_81.1335.pt', 'checkpoint_score_81.4570.pt', 'checkpoint_score_82.1448.pt', 'checkpoint_score_82.6448.pt']
2024-07-30 11:25:18 - [34m[1mLOGS   [0m - Averaged checkpoint saved at: /ML-A100/team/mm/models/catlip_data/open_vit_base/food172_lp/train/checkpoint_avg.pt
2024-07-30 11:25:20 - [34m[1mLOGS   [0m - Last training checkpoint is saved at: /ML-A100/team/mm/models/catlip_data/open_vit_base/food172_lp/train/training_checkpoint_last.pt
2024-07-30 11:25:20 - [34m[1mLOGS   [0m - Last checkpoint's model state is saved at: /ML-A100/team/mm/models/catlip_data/open_vit_base/food172_lp/train/checkpoint_last.pt
2024-07-30 11:25:21 - [34m[1mLOGS   [0m - Training checkpoint for epoch 24/iteration 4155 is saved at: /ML-A100/team/mm/models/catlip_data/open_vit_base/food172_lp/train/training_checkpoint_epoch_24_iter_4155.pt
2024-07-30 11:25:21 - [34m[1mLOGS   [0m - Model state for epoch 24/iteration 4155 is saved at: /ML-A100/team/mm/models/catlip_data/open_vit_base/food172_lp/train/checkpoint_epoch_24_iter_4155.pt
[31m===========================================================================[0m
2024-07-30 11:25:23 - [32m[1mINFO   [0m - Training epoch 25
2024-07-30 11:25:24 - [34m[1mLOGS   [0m - Epoch:  25 [    4156/10000000], loss: {'classification': 1.3791, 'neural_augmentation': 7.2783, 'total_loss': 8.6574}, LR: [8e-05, 8e-05], Avg. batch load time: 1.171, Elapsed time:  1.42
2024-07-30 11:26:22 - [34m[1mLOGS   [0m - *** Training summary for epoch 25
	 loss={'classification': 1.3415, 'neural_augmentation': 6.7709, 'total_loss': 8.1124}
2024-07-30 11:26:40 - [34m[1mLOGS   [0m - *** Validation summary for epoch 25
	 loss={'classification': 0.7473, 'neural_augmentation': 0.0, 'total_loss': 0.7473} || top1={'logits': 83.2353} || top5={'logits': 95.6991}
2024-07-30 11:26:40 - [34m[1mLOGS   [0m - Best checkpoint with score 83.24 saved at /ML-A100/team/mm/models/catlip_data/open_vit_base/food172_lp/train/checkpoint_best.pt
2024-07-30 11:26:41 - [34m[1mLOGS   [0m - Deleting checkpoint: /ML-A100/team/mm/models/catlip_data/open_vit_base/food172_lp/train/checkpoint_score_80.4414.pt
2024-07-30 11:26:41 - [34m[1mLOGS   [0m - Averaging checkpoints: ['checkpoint_score_81.1335.pt', 'checkpoint_score_81.4570.pt', 'checkpoint_score_82.1448.pt', 'checkpoint_score_82.6448.pt', 'checkpoint_score_83.2353.pt']
2024-07-30 11:26:43 - [34m[1mLOGS   [0m - Averaged checkpoint saved at: /ML-A100/team/mm/models/catlip_data/open_vit_base/food172_lp/train/checkpoint_avg.pt
2024-07-30 11:26:44 - [34m[1mLOGS   [0m - Last training checkpoint is saved at: /ML-A100/team/mm/models/catlip_data/open_vit_base/food172_lp/train/training_checkpoint_last.pt
2024-07-30 11:26:45 - [34m[1mLOGS   [0m - Last checkpoint's model state is saved at: /ML-A100/team/mm/models/catlip_data/open_vit_base/food172_lp/train/checkpoint_last.pt
2024-07-30 11:26:45 - [34m[1mLOGS   [0m - Training checkpoint for epoch 25/iteration 4414 is saved at: /ML-A100/team/mm/models/catlip_data/open_vit_base/food172_lp/train/training_checkpoint_epoch_25_iter_4414.pt
2024-07-30 11:26:46 - [34m[1mLOGS   [0m - Model state for epoch 25/iteration 4414 is saved at: /ML-A100/team/mm/models/catlip_data/open_vit_base/food172_lp/train/checkpoint_epoch_25_iter_4414.pt
[31m===========================================================================[0m
2024-07-30 11:26:48 - [32m[1mINFO   [0m - Training epoch 26
2024-07-30 11:26:50 - [34m[1mLOGS   [0m - Epoch:  26 [    4415/10000000], loss: {'classification': 1.3171, 'neural_augmentation': 6.1042, 'total_loss': 7.4213}, LR: [6.9e-05, 6.9e-05], Avg. batch load time: 1.910, Elapsed time:  2.14
2024-07-30 11:27:46 - [34m[1mLOGS   [0m - *** Training summary for epoch 26
	 loss={'classification': 1.3119, 'neural_augmentation': 6.7244, 'total_loss': 8.0363}
2024-07-30 11:28:05 - [34m[1mLOGS   [0m - *** Validation summary for epoch 26
	 loss={'classification': 0.7316, 'neural_augmentation': 0.0, 'total_loss': 0.7316} || top1={'logits': 83.6833} || top5={'logits': 95.7692}
2024-07-30 11:28:05 - [34m[1mLOGS   [0m - Best checkpoint with score 83.68 saved at /ML-A100/team/mm/models/catlip_data/open_vit_base/food172_lp/train/checkpoint_best.pt
2024-07-30 11:28:06 - [34m[1mLOGS   [0m - Deleting checkpoint: /ML-A100/team/mm/models/catlip_data/open_vit_base/food172_lp/train/checkpoint_score_81.1335.pt
2024-07-30 11:28:06 - [34m[1mLOGS   [0m - Averaging checkpoints: ['checkpoint_score_81.4570.pt', 'checkpoint_score_82.1448.pt', 'checkpoint_score_82.6448.pt', 'checkpoint_score_83.2353.pt', 'checkpoint_score_83.6833.pt']
2024-07-30 11:28:08 - [34m[1mLOGS   [0m - Averaged checkpoint saved at: /ML-A100/team/mm/models/catlip_data/open_vit_base/food172_lp/train/checkpoint_avg.pt
2024-07-30 11:28:09 - [34m[1mLOGS   [0m - Last training checkpoint is saved at: /ML-A100/team/mm/models/catlip_data/open_vit_base/food172_lp/train/training_checkpoint_last.pt
2024-07-30 11:28:10 - [34m[1mLOGS   [0m - Last checkpoint's model state is saved at: /ML-A100/team/mm/models/catlip_data/open_vit_base/food172_lp/train/checkpoint_last.pt
2024-07-30 11:28:10 - [34m[1mLOGS   [0m - Training checkpoint for epoch 26/iteration 4673 is saved at: /ML-A100/team/mm/models/catlip_data/open_vit_base/food172_lp/train/training_checkpoint_epoch_26_iter_4673.pt
2024-07-30 11:28:11 - [34m[1mLOGS   [0m - Model state for epoch 26/iteration 4673 is saved at: /ML-A100/team/mm/models/catlip_data/open_vit_base/food172_lp/train/checkpoint_epoch_26_iter_4673.pt
[31m===========================================================================[0m
2024-07-30 11:28:13 - [32m[1mINFO   [0m - Training epoch 27
2024-07-30 11:28:14 - [34m[1mLOGS   [0m - Epoch:  27 [    4674/10000000], loss: {'classification': 1.2913, 'neural_augmentation': 6.6746, 'total_loss': 7.9659}, LR: [6.1e-05, 6.1e-05], Avg. batch load time: 0.958, Elapsed time:  1.19
2024-07-30 11:29:11 - [34m[1mLOGS   [0m - *** Training summary for epoch 27
	 loss={'classification': 1.2743, 'neural_augmentation': 6.6169, 'total_loss': 7.8912}
2024-07-30 11:29:30 - [34m[1mLOGS   [0m - *** Validation summary for epoch 27
	 loss={'classification': 0.7361, 'neural_augmentation': 0.0, 'total_loss': 0.7361} || top1={'logits': 83.6742} || top5={'logits': 95.7217}
2024-07-30 11:29:31 - [34m[1mLOGS   [0m - Last training checkpoint is saved at: /ML-A100/team/mm/models/catlip_data/open_vit_base/food172_lp/train/training_checkpoint_last.pt
2024-07-30 11:29:31 - [34m[1mLOGS   [0m - Last checkpoint's model state is saved at: /ML-A100/team/mm/models/catlip_data/open_vit_base/food172_lp/train/checkpoint_last.pt
2024-07-30 11:29:32 - [34m[1mLOGS   [0m - Training checkpoint for epoch 27/iteration 4932 is saved at: /ML-A100/team/mm/models/catlip_data/open_vit_base/food172_lp/train/training_checkpoint_epoch_27_iter_4932.pt
2024-07-30 11:29:32 - [34m[1mLOGS   [0m - Model state for epoch 27/iteration 4932 is saved at: /ML-A100/team/mm/models/catlip_data/open_vit_base/food172_lp/train/checkpoint_epoch_27_iter_4932.pt
[31m===========================================================================[0m
2024-07-30 11:29:34 - [32m[1mINFO   [0m - Training epoch 28
2024-07-30 11:29:36 - [34m[1mLOGS   [0m - Epoch:  28 [    4933/10000000], loss: {'classification': 1.1974, 'neural_augmentation': 6.5395, 'total_loss': 7.7369}, LR: [5.5e-05, 5.5e-05], Avg. batch load time: 1.977, Elapsed time:  2.22
2024-07-30 11:30:33 - [34m[1mLOGS   [0m - *** Training summary for epoch 28
	 loss={'classification': 1.2559, 'neural_augmentation': 6.5981, 'total_loss': 7.854}
2024-07-30 11:30:51 - [34m[1mLOGS   [0m - *** Validation summary for epoch 28
	 loss={'classification': 0.7197, 'neural_augmentation': 0.0, 'total_loss': 0.7197} || top1={'logits': 84.1674} || top5={'logits': 95.8032}
2024-07-30 11:30:52 - [34m[1mLOGS   [0m - Best checkpoint with score 84.17 saved at /ML-A100/team/mm/models/catlip_data/open_vit_base/food172_lp/train/checkpoint_best.pt
2024-07-30 11:30:52 - [34m[1mLOGS   [0m - Deleting checkpoint: /ML-A100/team/mm/models/catlip_data/open_vit_base/food172_lp/train/checkpoint_score_81.4570.pt
2024-07-30 11:30:52 - [34m[1mLOGS   [0m - Averaging checkpoints: ['checkpoint_score_82.1448.pt', 'checkpoint_score_82.6448.pt', 'checkpoint_score_83.2353.pt', 'checkpoint_score_83.6833.pt', 'checkpoint_score_84.1674.pt']
2024-07-30 11:30:54 - [34m[1mLOGS   [0m - Averaged checkpoint saved at: /ML-A100/team/mm/models/catlip_data/open_vit_base/food172_lp/train/checkpoint_avg.pt
2024-07-30 11:30:55 - [34m[1mLOGS   [0m - Last training checkpoint is saved at: /ML-A100/team/mm/models/catlip_data/open_vit_base/food172_lp/train/training_checkpoint_last.pt
2024-07-30 11:30:56 - [34m[1mLOGS   [0m - Last checkpoint's model state is saved at: /ML-A100/team/mm/models/catlip_data/open_vit_base/food172_lp/train/checkpoint_last.pt
2024-07-30 11:30:56 - [34m[1mLOGS   [0m - Training checkpoint for epoch 28/iteration 5191 is saved at: /ML-A100/team/mm/models/catlip_data/open_vit_base/food172_lp/train/training_checkpoint_epoch_28_iter_5191.pt
2024-07-30 11:30:57 - [34m[1mLOGS   [0m - Model state for epoch 28/iteration 5191 is saved at: /ML-A100/team/mm/models/catlip_data/open_vit_base/food172_lp/train/checkpoint_epoch_28_iter_5191.pt
[31m===========================================================================[0m
2024-07-30 11:30:59 - [32m[1mINFO   [0m - Training epoch 29
2024-07-30 11:31:00 - [34m[1mLOGS   [0m - Epoch:  29 [    5192/10000000], loss: {'classification': 1.258, 'neural_augmentation': 6.6335, 'total_loss': 7.8915}, LR: [5.1e-05, 5.1e-05], Avg. batch load time: 1.112, Elapsed time:  1.35
2024-07-30 11:31:57 - [34m[1mLOGS   [0m - *** Training summary for epoch 29
	 loss={'classification': 1.2402, 'neural_augmentation': 6.5924, 'total_loss': 7.8326}
2024-07-30 11:32:16 - [34m[1mLOGS   [0m - *** Validation summary for epoch 29
	 loss={'classification': 0.725, 'neural_augmentation': 0.0, 'total_loss': 0.725} || top1={'logits': 83.9977} || top5={'logits': 95.8462}
2024-07-30 11:32:18 - [34m[1mLOGS   [0m - Last training checkpoint is saved at: /ML-A100/team/mm/models/catlip_data/open_vit_base/food172_lp/train/training_checkpoint_last.pt
2024-07-30 11:32:18 - [34m[1mLOGS   [0m - Last checkpoint's model state is saved at: /ML-A100/team/mm/models/catlip_data/open_vit_base/food172_lp/train/checkpoint_last.pt
2024-07-30 11:32:19 - [34m[1mLOGS   [0m - Training checkpoint for epoch 29/iteration 5450 is saved at: /ML-A100/team/mm/models/catlip_data/open_vit_base/food172_lp/train/training_checkpoint_epoch_29_iter_5450.pt
2024-07-30 11:32:19 - [34m[1mLOGS   [0m - Model state for epoch 29/iteration 5450 is saved at: /ML-A100/team/mm/models/catlip_data/open_vit_base/food172_lp/train/checkpoint_epoch_29_iter_5450.pt
2024-07-30 11:32:19 - [34m[1mLOGS   [0m - Training took 00:22:55.18
