nohup: ignoring input
2024-08-02 03:57:09 - [93m[1mDEBUG   [0m - Cannot load internal arguments, skipping.
base
dci
2024-08-02 03:57:10 - [32m[1mINFO   [0m - Trainable parameters: ['pos_embed', 'neural_augmentor.brightness._low', 'neural_augmentor.brightness._high', 'neural_augmentor.contrast._low', 'neural_augmentor.contrast._high', 'neural_augmentor.noise._low', 'neural_augmentor.noise._high', 'patch_embed.backbone.stem.conv1.weight', 'patch_embed.backbone.stem.conv1.bias', 'patch_embed.backbone.stem.norm1.weight', 'patch_embed.backbone.stem.norm1.bias', 'patch_embed.backbone.stem.conv2.weight', 'patch_embed.backbone.stem.conv2.bias', 'patch_embed.backbone.stages.0.0.pre_norm.weight', 'patch_embed.backbone.stages.0.0.pre_norm.bias', 'patch_embed.backbone.stages.0.0.conv1_1x1.weight', 'patch_embed.backbone.stages.0.0.conv1_1x1.bias', 'patch_embed.backbone.stages.0.0.conv2_kxk.weight', 'patch_embed.backbone.stages.0.0.conv2_kxk.bias', 'patch_embed.backbone.stages.0.0.conv3_1x1.weight', 'patch_embed.backbone.stages.0.0.conv3_1x1.bias', 'patch_embed.backbone.stages.0.1.pre_norm.weight', 'patch_embed.backbone.stages.0.1.pre_norm.bias', 'patch_embed.backbone.stages.0.1.conv1_1x1.weight', 'patch_embed.backbone.stages.0.1.conv1_1x1.bias', 'patch_embed.backbone.stages.0.1.conv2_kxk.weight', 'patch_embed.backbone.stages.0.1.conv2_kxk.bias', 'patch_embed.backbone.stages.0.1.conv3_1x1.weight', 'patch_embed.backbone.stages.0.1.conv3_1x1.bias', 'patch_embed.backbone.stages.1.0.shortcut.expand.weight', 'patch_embed.backbone.stages.1.0.shortcut.expand.bias', 'patch_embed.backbone.stages.1.0.pre_norm.weight', 'patch_embed.backbone.stages.1.0.pre_norm.bias', 'patch_embed.backbone.stages.1.0.conv1_1x1.weight', 'patch_embed.backbone.stages.1.0.conv1_1x1.bias', 'patch_embed.backbone.stages.1.0.conv2_kxk.weight', 'patch_embed.backbone.stages.1.0.conv2_kxk.bias', 'patch_embed.backbone.stages.1.0.conv3_1x1.weight', 'patch_embed.backbone.stages.1.0.conv3_1x1.bias', 'patch_embed.backbone.stages.1.1.pre_norm.weight', 'patch_embed.backbone.stages.1.1.pre_norm.bias', 'patch_embed.backbone.stages.1.1.conv1_1x1.weight', 'patch_embed.backbone.stages.1.1.conv1_1x1.bias', 'patch_embed.backbone.stages.1.1.conv2_kxk.weight', 'patch_embed.backbone.stages.1.1.conv2_kxk.bias', 'patch_embed.backbone.stages.1.1.conv3_1x1.weight', 'patch_embed.backbone.stages.1.1.conv3_1x1.bias', 'patch_embed.backbone.pool.proj.weight', 'patch_embed.backbone.pool.proj.bias', 'patch_embed.backbone.pool.norm.weight', 'patch_embed.backbone.pool.norm.bias', 'blocks.0.norm1.weight', 'blocks.0.norm1.bias', 'blocks.0.attn.qkv.weight', 'blocks.0.attn.qkv.bias', 'blocks.0.attn.proj.weight', 'blocks.0.attn.proj.bias', 'blocks.0.norm2.weight', 'blocks.0.norm2.bias', 'blocks.0.mlp.norm.weight', 'blocks.0.mlp.norm.bias', 'blocks.0.mlp.w0.weight', 'blocks.0.mlp.w0.bias', 'blocks.0.mlp.w1.weight', 'blocks.0.mlp.w1.bias', 'blocks.0.mlp.w2.weight', 'blocks.0.mlp.w2.bias', 'blocks.1.norm1.weight', 'blocks.1.norm1.bias', 'blocks.1.attn.qkv.weight', 'blocks.1.attn.qkv.bias', 'blocks.1.attn.proj.weight', 'blocks.1.attn.proj.bias', 'blocks.1.norm2.weight', 'blocks.1.norm2.bias', 'blocks.1.mlp.norm.weight', 'blocks.1.mlp.norm.bias', 'blocks.1.mlp.w0.weight', 'blocks.1.mlp.w0.bias', 'blocks.1.mlp.w1.weight', 'blocks.1.mlp.w1.bias', 'blocks.1.mlp.w2.weight', 'blocks.1.mlp.w2.bias', 'blocks.2.norm1.weight', 'blocks.2.norm1.bias', 'blocks.2.attn.qkv.weight', 'blocks.2.attn.qkv.bias', 'blocks.2.attn.proj.weight', 'blocks.2.attn.proj.bias', 'blocks.2.norm2.weight', 'blocks.2.norm2.bias', 'blocks.2.mlp.norm.weight', 'blocks.2.mlp.norm.bias', 'blocks.2.mlp.w0.weight', 'blocks.2.mlp.w0.bias', 'blocks.2.mlp.w1.weight', 'blocks.2.mlp.w1.bias', 'blocks.2.mlp.w2.weight', 'blocks.2.mlp.w2.bias', 'blocks.3.norm1.weight', 'blocks.3.norm1.bias', 'blocks.3.attn.qkv.weight', 'blocks.3.attn.qkv.bias', 'blocks.3.attn.proj.weight', 'blocks.3.attn.proj.bias', 'blocks.3.norm2.weight', 'blocks.3.norm2.bias', 'blocks.3.mlp.norm.weight', 'blocks.3.mlp.norm.bias', 'blocks.3.mlp.w0.weight', 'blocks.3.mlp.w0.bias', 'blocks.3.mlp.w1.weight', 'blocks.3.mlp.w1.bias', 'blocks.3.mlp.w2.weight', 'blocks.3.mlp.w2.bias', 'blocks.4.norm1.weight', 'blocks.4.norm1.bias', 'blocks.4.attn.qkv.weight', 'blocks.4.attn.qkv.bias', 'blocks.4.attn.proj.weight', 'blocks.4.attn.proj.bias', 'blocks.4.norm2.weight', 'blocks.4.norm2.bias', 'blocks.4.mlp.norm.weight', 'blocks.4.mlp.norm.bias', 'blocks.4.mlp.w0.weight', 'blocks.4.mlp.w0.bias', 'blocks.4.mlp.w1.weight', 'blocks.4.mlp.w1.bias', 'blocks.4.mlp.w2.weight', 'blocks.4.mlp.w2.bias', 'blocks.5.norm1.weight', 'blocks.5.norm1.bias', 'blocks.5.attn.qkv.weight', 'blocks.5.attn.qkv.bias', 'blocks.5.attn.proj.weight', 'blocks.5.attn.proj.bias', 'blocks.5.norm2.weight', 'blocks.5.norm2.bias', 'blocks.5.mlp.norm.weight', 'blocks.5.mlp.norm.bias', 'blocks.5.mlp.w0.weight', 'blocks.5.mlp.w0.bias', 'blocks.5.mlp.w1.weight', 'blocks.5.mlp.w1.bias', 'blocks.5.mlp.w2.weight', 'blocks.5.mlp.w2.bias', 'pool.proj.weight', 'pool.proj.bias', 'pool.norm.weight', 'pool.norm.bias', 'blocks1.0.norm1.weight', 'blocks1.0.norm1.bias', 'blocks1.0.attn.qkv.weight', 'blocks1.0.attn.qkv.bias', 'blocks1.0.attn.proj.weight', 'blocks1.0.attn.proj.bias', 'blocks1.0.norm2.weight', 'blocks1.0.norm2.bias', 'blocks1.0.mlp.norm.weight', 'blocks1.0.mlp.norm.bias', 'blocks1.0.mlp.w0.weight', 'blocks1.0.mlp.w0.bias', 'blocks1.0.mlp.w1.weight', 'blocks1.0.mlp.w1.bias', 'blocks1.0.mlp.w2.weight', 'blocks1.0.mlp.w2.bias', 'blocks1.1.norm1.weight', 'blocks1.1.norm1.bias', 'blocks1.1.attn.qkv.weight', 'blocks1.1.attn.qkv.bias', 'blocks1.1.attn.proj.weight', 'blocks1.1.attn.proj.bias', 'blocks1.1.norm2.weight', 'blocks1.1.norm2.bias', 'blocks1.1.mlp.norm.weight', 'blocks1.1.mlp.norm.bias', 'blocks1.1.mlp.w0.weight', 'blocks1.1.mlp.w0.bias', 'blocks1.1.mlp.w1.weight', 'blocks1.1.mlp.w1.bias', 'blocks1.1.mlp.w2.weight', 'blocks1.1.mlp.w2.bias', 'blocks1.2.norm1.weight', 'blocks1.2.norm1.bias', 'blocks1.2.attn.qkv.weight', 'blocks1.2.attn.qkv.bias', 'blocks1.2.attn.proj.weight', 'blocks1.2.attn.proj.bias', 'blocks1.2.norm2.weight', 'blocks1.2.norm2.bias', 'blocks1.2.mlp.norm.weight', 'blocks1.2.mlp.norm.bias', 'blocks1.2.mlp.w0.weight', 'blocks1.2.mlp.w0.bias', 'blocks1.2.mlp.w1.weight', 'blocks1.2.mlp.w1.bias', 'blocks1.2.mlp.w2.weight', 'blocks1.2.mlp.w2.bias', 'blocks1.3.norm1.weight', 'blocks1.3.norm1.bias', 'blocks1.3.attn.qkv.weight', 'blocks1.3.attn.qkv.bias', 'blocks1.3.attn.proj.weight', 'blocks1.3.attn.proj.bias', 'blocks1.3.norm2.weight', 'blocks1.3.norm2.bias', 'blocks1.3.mlp.norm.weight', 'blocks1.3.mlp.norm.bias', 'blocks1.3.mlp.w0.weight', 'blocks1.3.mlp.w0.bias', 'blocks1.3.mlp.w1.weight', 'blocks1.3.mlp.w1.bias', 'blocks1.3.mlp.w2.weight', 'blocks1.3.mlp.w2.bias', 'blocks1.4.norm1.weight', 'blocks1.4.norm1.bias', 'blocks1.4.attn.qkv.weight', 'blocks1.4.attn.qkv.bias', 'blocks1.4.attn.proj.weight', 'blocks1.4.attn.proj.bias', 'blocks1.4.norm2.weight', 'blocks1.4.norm2.bias', 'blocks1.4.mlp.norm.weight', 'blocks1.4.mlp.norm.bias', 'blocks1.4.mlp.w0.weight', 'blocks1.4.mlp.w0.bias', 'blocks1.4.mlp.w1.weight', 'blocks1.4.mlp.w1.bias', 'blocks1.4.mlp.w2.weight', 'blocks1.4.mlp.w2.bias', 'blocks1.5.norm1.weight', 'blocks1.5.norm1.bias', 'blocks1.5.attn.qkv.weight', 'blocks1.5.attn.qkv.bias', 'blocks1.5.attn.proj.weight', 'blocks1.5.attn.proj.bias', 'blocks1.5.norm2.weight', 'blocks1.5.norm2.bias', 'blocks1.5.mlp.norm.weight', 'blocks1.5.mlp.norm.bias', 'blocks1.5.mlp.w0.weight', 'blocks1.5.mlp.w0.bias', 'blocks1.5.mlp.w1.weight', 'blocks1.5.mlp.w1.bias', 'blocks1.5.mlp.w2.weight', 'blocks1.5.mlp.w2.bias', 'mlp.0.weight', 'mlp.0.bias', 'mlp.2.weight', 'mlp.2.bias', 'fc_norm.weight', 'fc_norm.bias', 'classifier.weight', 'classifier.bias']
2024-08-02 03:57:10 - [34m[1mLOGS   [0m - [36mModel[0m
Foodv(
  (neural_augmentor): DistributionNeuralAugmentor(
  	Brightness=UniformSampler(min_fn=Clip(min=0.1, max=0.9, clipping=soft), max_fn=Clip(min=1.1, max=10.0, clipping=soft)), 
  	Contrast=UniformSampler(min_fn=Clip(min=0.1, max=0.9, clipping=soft), max_fn=Clip(min=1.1, max=10.0, clipping=soft)), 
  	Noise=UniformSampler(min_fn=Clip(min=0.0, max=5e-05, clipping=soft), max_fn=Clip(min=0.0001, max=1.0, clipping=soft)), )
  (patch_embed): HybridEmbed(
    (backbone): MbConvStages(
      (stem): Stem(
        (conv1): Conv2d(3, 128, kernel_size=(3, 3), stride=(2, 2), padding=(1, 1))
        (norm1): LayerNormAct2d(
          (128,), eps=1e-06, elementwise_affine=True
          (drop): Identity()
          (act): GELU()
        )
        (conv2): Conv2d(128, 128, kernel_size=(3, 3), stride=(1, 1), padding=(1, 1))
      )
      (stages): ModuleList(
        (0): Sequential(
          (0): MbConvLNBlock(
            (shortcut): Downsample2d(
              (pool): AvgPool2d(kernel_size=3, stride=2, padding=1)
              (expand): Identity()
            )
            (pre_norm): LayerNormAct2d(
              (128,), eps=1e-06, elementwise_affine=True
              (drop): Identity()
              (act): Identity()
            )
            (down): Identity()
            (conv1_1x1): Conv2d(128, 512, kernel_size=(1, 1), stride=(1, 1))
            (act1): GELU()
            (act2): GELU()
            (conv2_kxk): Conv2d(512, 512, kernel_size=(3, 3), stride=(2, 2), padding=(1, 1), groups=512)
            (conv3_1x1): Conv2d(512, 128, kernel_size=(1, 1), stride=(1, 1))
            (drop_path): Identity()
          )
          (1): MbConvLNBlock(
            (shortcut): Identity()
            (pre_norm): LayerNormAct2d(
              (128,), eps=1e-06, elementwise_affine=True
              (drop): Identity()
              (act): Identity()
            )
            (down): Identity()
            (conv1_1x1): Conv2d(128, 512, kernel_size=(1, 1), stride=(1, 1))
            (act1): GELU()
            (act2): GELU()
            (conv2_kxk): Conv2d(512, 512, kernel_size=(3, 3), stride=(1, 1), padding=(1, 1), groups=512)
            (conv3_1x1): Conv2d(512, 128, kernel_size=(1, 1), stride=(1, 1))
            (drop_path): Identity()
          )
        )
        (1): Sequential(
          (0): MbConvLNBlock(
            (shortcut): Downsample2d(
              (pool): AvgPool2d(kernel_size=3, stride=2, padding=1)
              (expand): Conv2d(128, 256, kernel_size=(1, 1), stride=(1, 1))
            )
            (pre_norm): LayerNormAct2d(
              (128,), eps=1e-06, elementwise_affine=True
              (drop): Identity()
              (act): Identity()
            )
            (down): Identity()
            (conv1_1x1): Conv2d(128, 1024, kernel_size=(1, 1), stride=(1, 1))
            (act1): GELU()
            (act2): GELU()
            (conv2_kxk): Conv2d(1024, 1024, kernel_size=(3, 3), stride=(2, 2), padding=(1, 1), groups=1024)
            (conv3_1x1): Conv2d(1024, 256, kernel_size=(1, 1), stride=(1, 1))
            (drop_path): Identity()
          )
          (1): MbConvLNBlock(
            (shortcut): Identity()
            (pre_norm): LayerNormAct2d(
              (256,), eps=1e-06, elementwise_affine=True
              (drop): Identity()
              (act): Identity()
            )
            (down): Identity()
            (conv1_1x1): Conv2d(256, 1024, kernel_size=(1, 1), stride=(1, 1))
            (act1): GELU()
            (act2): GELU()
            (conv2_kxk): Conv2d(1024, 1024, kernel_size=(3, 3), stride=(1, 1), padding=(1, 1), groups=1024)
            (conv3_1x1): Conv2d(1024, 256, kernel_size=(1, 1), stride=(1, 1))
            (drop_path): Identity()
          )
        )
      )
      (pool): StridedConv(
        (proj): Conv2d(256, 512, kernel_size=(3, 3), stride=(2, 2), padding=(1, 1))
        (norm): LayerNorm2d((256,), eps=1e-06, elementwise_affine=True)
      )
    )
    (proj): Identity()
  )
  (pos_drop): Dropout(p=0.0, inplace=False)
  (patch_drop): Identity()
  (norm_pre): Identity()
  (blocks): Sequential(
    (0): Block(
      (norm1): LayerNorm((512,), eps=1e-06, elementwise_affine=True)
      (attn): Attention(
        (qkv): Linear(in_features=512, out_features=1536, bias=True)
        (q_norm): Identity()
        (k_norm): Identity()
        (attn_drop): Dropout(p=0.0, inplace=False)
        (proj): Linear(in_features=512, out_features=512, bias=True)
        (proj_drop): Dropout(p=0.0, inplace=False)
      )
      (ls1): Identity()
      (drop_path1): Identity()
      (norm2): LayerNorm((512,), eps=1e-06, elementwise_affine=True)
      (mlp): GeGluMlp(
        (norm): LayerNorm((512,), eps=1e-06, elementwise_affine=True)
        (act): GELU(approximate='none')
        (w0): Linear(in_features=512, out_features=1024, bias=True)
        (w1): Linear(in_features=512, out_features=1024, bias=True)
        (w2): Linear(in_features=1024, out_features=512, bias=True)
      )
      (ls2): Identity()
      (drop_path2): Identity()
    )
    (1): Block(
      (norm1): LayerNorm((512,), eps=1e-06, elementwise_affine=True)
      (attn): Attention(
        (qkv): Linear(in_features=512, out_features=1536, bias=True)
        (q_norm): Identity()
        (k_norm): Identity()
        (attn_drop): Dropout(p=0.0, inplace=False)
        (proj): Linear(in_features=512, out_features=512, bias=True)
        (proj_drop): Dropout(p=0.0, inplace=False)
      )
      (ls1): Identity()
      (drop_path1): Identity()
      (norm2): LayerNorm((512,), eps=1e-06, elementwise_affine=True)
      (mlp): GeGluMlp(
        (norm): LayerNorm((512,), eps=1e-06, elementwise_affine=True)
        (act): GELU(approximate='none')
        (w0): Linear(in_features=512, out_features=1024, bias=True)
        (w1): Linear(in_features=512, out_features=1024, bias=True)
        (w2): Linear(in_features=1024, out_features=512, bias=True)
      )
      (ls2): Identity()
      (drop_path2): Identity()
    )
    (2): Block(
      (norm1): LayerNorm((512,), eps=1e-06, elementwise_affine=True)
      (attn): Attention(
        (qkv): Linear(in_features=512, out_features=1536, bias=True)
        (q_norm): Identity()
        (k_norm): Identity()
        (attn_drop): Dropout(p=0.0, inplace=False)
        (proj): Linear(in_features=512, out_features=512, bias=True)
        (proj_drop): Dropout(p=0.0, inplace=False)
      )
      (ls1): Identity()
      (drop_path1): Identity()
      (norm2): LayerNorm((512,), eps=1e-06, elementwise_affine=True)
      (mlp): GeGluMlp(
        (norm): LayerNorm((512,), eps=1e-06, elementwise_affine=True)
        (act): GELU(approximate='none')
        (w0): Linear(in_features=512, out_features=1024, bias=True)
        (w1): Linear(in_features=512, out_features=1024, bias=True)
        (w2): Linear(in_features=1024, out_features=512, bias=True)
      )
      (ls2): Identity()
      (drop_path2): Identity()
    )
    (3): Block(
      (norm1): LayerNorm((512,), eps=1e-06, elementwise_affine=True)
      (attn): Attention(
        (qkv): Linear(in_features=512, out_features=1536, bias=True)
        (q_norm): Identity()
        (k_norm): Identity()
        (attn_drop): Dropout(p=0.0, inplace=False)
        (proj): Linear(in_features=512, out_features=512, bias=True)
        (proj_drop): Dropout(p=0.0, inplace=False)
      )
      (ls1): Identity()
      (drop_path1): Identity()
      (norm2): LayerNorm((512,), eps=1e-06, elementwise_affine=True)
      (mlp): GeGluMlp(
        (norm): LayerNorm((512,), eps=1e-06, elementwise_affine=True)
        (act): GELU(approximate='none')
        (w0): Linear(in_features=512, out_features=1024, bias=True)
        (w1): Linear(in_features=512, out_features=1024, bias=True)
        (w2): Linear(in_features=1024, out_features=512, bias=True)
      )
      (ls2): Identity()
      (drop_path2): Identity()
    )
    (4): Block(
      (norm1): LayerNorm((512,), eps=1e-06, elementwise_affine=True)
      (attn): Attention(
        (qkv): Linear(in_features=512, out_features=1536, bias=True)
        (q_norm): Identity()
        (k_norm): Identity()
        (attn_drop): Dropout(p=0.0, inplace=False)
        (proj): Linear(in_features=512, out_features=512, bias=True)
        (proj_drop): Dropout(p=0.0, inplace=False)
      )
      (ls1): Identity()
      (drop_path1): Identity()
      (norm2): LayerNorm((512,), eps=1e-06, elementwise_affine=True)
      (mlp): GeGluMlp(
        (norm): LayerNorm((512,), eps=1e-06, elementwise_affine=True)
        (act): GELU(approximate='none')
        (w0): Linear(in_features=512, out_features=1024, bias=True)
        (w1): Linear(in_features=512, out_features=1024, bias=True)
        (w2): Linear(in_features=1024, out_features=512, bias=True)
      )
      (ls2): Identity()
      (drop_path2): Identity()
    )
    (5): Block(
      (norm1): LayerNorm((512,), eps=1e-06, elementwise_affine=True)
      (attn): Attention(
        (qkv): Linear(in_features=512, out_features=1536, bias=True)
        (q_norm): Identity()
        (k_norm): Identity()
        (attn_drop): Dropout(p=0.0, inplace=False)
        (proj): Linear(in_features=512, out_features=512, bias=True)
        (proj_drop): Dropout(p=0.0, inplace=False)
      )
      (ls1): Identity()
      (drop_path1): Identity()
      (norm2): LayerNorm((512,), eps=1e-06, elementwise_affine=True)
      (mlp): GeGluMlp(
        (norm): LayerNorm((512,), eps=1e-06, elementwise_affine=True)
        (act): GELU(approximate='none')
        (w0): Linear(in_features=512, out_features=1024, bias=True)
        (w1): Linear(in_features=512, out_features=1024, bias=True)
        (w2): Linear(in_features=1024, out_features=512, bias=True)
      )
      (ls2): Identity()
      (drop_path2): Identity()
    )
  )
  (pool): StridedConv(
    (proj): Conv2d(512, 1024, kernel_size=(3, 3), stride=(2, 2), padding=(1, 1))
    (norm): LayerNorm2d((512,), eps=1e-06, elementwise_affine=True)
  )
  (blocks1): Sequential(
    (0): Block(
      (norm1): LayerNorm((1024,), eps=1e-06, elementwise_affine=True)
      (attn): Attention(
        (qkv): Linear(in_features=1024, out_features=3072, bias=True)
        (q_norm): Identity()
        (k_norm): Identity()
        (attn_drop): Dropout(p=0.0, inplace=False)
        (proj): Linear(in_features=1024, out_features=1024, bias=True)
        (proj_drop): Dropout(p=0.0, inplace=False)
      )
      (ls1): Identity()
      (drop_path1): Identity()
      (norm2): LayerNorm((1024,), eps=1e-06, elementwise_affine=True)
      (mlp): GeGluMlp(
        (norm): LayerNorm((1024,), eps=1e-06, elementwise_affine=True)
        (act): GELU(approximate='none')
        (w0): Linear(in_features=1024, out_features=2048, bias=True)
        (w1): Linear(in_features=1024, out_features=2048, bias=True)
        (w2): Linear(in_features=2048, out_features=1024, bias=True)
      )
      (ls2): Identity()
      (drop_path2): Identity()
    )
    (1): Block(
      (norm1): LayerNorm((1024,), eps=1e-06, elementwise_affine=True)
      (attn): Attention(
        (qkv): Linear(in_features=1024, out_features=3072, bias=True)
        (q_norm): Identity()
        (k_norm): Identity()
        (attn_drop): Dropout(p=0.0, inplace=False)
        (proj): Linear(in_features=1024, out_features=1024, bias=True)
        (proj_drop): Dropout(p=0.0, inplace=False)
      )
      (ls1): Identity()
      (drop_path1): Identity()
      (norm2): LayerNorm((1024,), eps=1e-06, elementwise_affine=True)
      (mlp): GeGluMlp(
        (norm): LayerNorm((1024,), eps=1e-06, elementwise_affine=True)
        (act): GELU(approximate='none')
        (w0): Linear(in_features=1024, out_features=2048, bias=True)
        (w1): Linear(in_features=1024, out_features=2048, bias=True)
        (w2): Linear(in_features=2048, out_features=1024, bias=True)
      )
      (ls2): Identity()
      (drop_path2): Identity()
    )
    (2): Block(
      (norm1): LayerNorm((1024,), eps=1e-06, elementwise_affine=True)
      (attn): Attention(
        (qkv): Linear(in_features=1024, out_features=3072, bias=True)
        (q_norm): Identity()
        (k_norm): Identity()
        (attn_drop): Dropout(p=0.0, inplace=False)
        (proj): Linear(in_features=1024, out_features=1024, bias=True)
        (proj_drop): Dropout(p=0.0, inplace=False)
      )
      (ls1): Identity()
      (drop_path1): Identity()
      (norm2): LayerNorm((1024,), eps=1e-06, elementwise_affine=True)
      (mlp): GeGluMlp(
        (norm): LayerNorm((1024,), eps=1e-06, elementwise_affine=True)
        (act): GELU(approximate='none')
        (w0): Linear(in_features=1024, out_features=2048, bias=True)
        (w1): Linear(in_features=1024, out_features=2048, bias=True)
        (w2): Linear(in_features=2048, out_features=1024, bias=True)
      )
      (ls2): Identity()
      (drop_path2): Identity()
    )
    (3): Block(
      (norm1): LayerNorm((1024,), eps=1e-06, elementwise_affine=True)
      (attn): Attention(
        (qkv): Linear(in_features=1024, out_features=3072, bias=True)
        (q_norm): Identity()
        (k_norm): Identity()
        (attn_drop): Dropout(p=0.0, inplace=False)
        (proj): Linear(in_features=1024, out_features=1024, bias=True)
        (proj_drop): Dropout(p=0.0, inplace=False)
      )
      (ls1): Identity()
      (drop_path1): Identity()
      (norm2): LayerNorm((1024,), eps=1e-06, elementwise_affine=True)
      (mlp): GeGluMlp(
        (norm): LayerNorm((1024,), eps=1e-06, elementwise_affine=True)
        (act): GELU(approximate='none')
        (w0): Linear(in_features=1024, out_features=2048, bias=True)
        (w1): Linear(in_features=1024, out_features=2048, bias=True)
        (w2): Linear(in_features=2048, out_features=1024, bias=True)
      )
      (ls2): Identity()
      (drop_path2): Identity()
    )
    (4): Block(
      (norm1): LayerNorm((1024,), eps=1e-06, elementwise_affine=True)
      (attn): Attention(
        (qkv): Linear(in_features=1024, out_features=3072, bias=True)
        (q_norm): Identity()
        (k_norm): Identity()
        (attn_drop): Dropout(p=0.0, inplace=False)
        (proj): Linear(in_features=1024, out_features=1024, bias=True)
        (proj_drop): Dropout(p=0.0, inplace=False)
      )
      (ls1): Identity()
      (drop_path1): Identity()
      (norm2): LayerNorm((1024,), eps=1e-06, elementwise_affine=True)
      (mlp): GeGluMlp(
        (norm): LayerNorm((1024,), eps=1e-06, elementwise_affine=True)
        (act): GELU(approximate='none')
        (w0): Linear(in_features=1024, out_features=2048, bias=True)
        (w1): Linear(in_features=1024, out_features=2048, bias=True)
        (w2): Linear(in_features=2048, out_features=1024, bias=True)
      )
      (ls2): Identity()
      (drop_path2): Identity()
    )
    (5): Block(
      (norm1): LayerNorm((1024,), eps=1e-06, elementwise_affine=True)
      (attn): Attention(
        (qkv): Linear(in_features=1024, out_features=3072, bias=True)
        (q_norm): Identity()
        (k_norm): Identity()
        (attn_drop): Dropout(p=0.0, inplace=False)
        (proj): Linear(in_features=1024, out_features=1024, bias=True)
        (proj_drop): Dropout(p=0.0, inplace=False)
      )
      (ls1): Identity()
      (drop_path1): Identity()
      (norm2): LayerNorm((1024,), eps=1e-06, elementwise_affine=True)
      (mlp): GeGluMlp(
        (norm): LayerNorm((1024,), eps=1e-06, elementwise_affine=True)
        (act): GELU(approximate='none')
        (w0): Linear(in_features=1024, out_features=2048, bias=True)
        (w1): Linear(in_features=1024, out_features=2048, bias=True)
        (w2): Linear(in_features=2048, out_features=1024, bias=True)
      )
      (ls2): Identity()
      (drop_path2): Identity()
    )
  )
  (norm): Identity()
  (mlp): Sequential(
    (0): Linear(in_features=1024, out_features=1024, bias=True)
    (1): GELU(approximate='none')
    (2): Linear(in_features=1024, out_features=1024, bias=True)
  )
  (fc_norm): LayerNorm((1024,), eps=1e-06, elementwise_affine=True)
  (classifier_drop): Dropout(p=0.0, inplace=False)
  (classifier): LinearLayer(in_features=1024, out_features=6743, bias=True, channel_first=False)
)
[31m=================================================================[0m
                              Foodv Summary
[31m=================================================================[0m
Total parameters     =   95.096 M
Total trainable parameters =   95.096 M

2024-08-02 03:57:10 - [34m[1mLOGS   [0m - FVCore Analysis:
2024-08-02 03:57:10 - [34m[1mLOGS   [0m - Input sizes: [1, 3, 224, 224]
| module                               | #parameters or shape   | #flops     |
|:-------------------------------------|:-----------------------|:-----------|
| model                                | 95.096M                | 11.537G    |
|  pos_embed                           |  (1, 1, 512)           |            |
|  neural_augmentor                    |  6                     |            |
|   neural_augmentor.brightness        |   2                    |            |
|    neural_augmentor.brightness._low  |    ()                  |            |
|    neural_augmentor.brightness._high |    ()                  |            |
|   neural_augmentor.contrast          |   2                    |            |
|    neural_augmentor.contrast._low    |    ()                  |            |
|    neural_augmentor.contrast._high   |    ()                  |            |
|   neural_augmentor.noise             |   2                    |            |
|    neural_augmentor.noise._low       |    ()                  |            |
|    neural_augmentor.noise._high      |    ()                  |            |
|  patch_embed.backbone                |  2.581M                |  4.682G    |
|   patch_embed.backbone.stem          |   0.151M               |   1.901G   |
|    patch_embed.backbone.stem.conv1   |    3.584K              |    43.352M |
|    patch_embed.backbone.stem.norm1   |    0.256K              |    8.028M  |
|    patch_embed.backbone.stem.conv2   |    0.148M              |    1.85G   |
|   patch_embed.backbone.stages        |   1.249M               |   2.548G   |
|    patch_embed.backbone.stages.0     |    0.274M              |    1.478G  |
|    patch_embed.backbone.stages.1     |    0.974M              |    1.071G  |
|   patch_embed.backbone.pool          |   1.181M               |   0.232G   |
|    patch_embed.backbone.pool.proj    |    1.18M               |    0.231G  |
|    patch_embed.backbone.pool.norm    |    0.512K              |    1.004M  |
|  blocks                              |  15.775M               |  3.092G    |
|   blocks.0                           |   2.629M               |   0.515G   |
|    blocks.0.norm1                    |    1.024K              |    0.502M  |
|    blocks.0.attn                     |    1.051M              |    0.206G  |
|    blocks.0.norm2                    |    1.024K              |    0.502M  |
|    blocks.0.mlp                      |    1.576M              |    0.309G  |
|   blocks.1                           |   2.629M               |   0.515G   |
|    blocks.1.norm1                    |    1.024K              |    0.502M  |
|    blocks.1.attn                     |    1.051M              |    0.206G  |
|    blocks.1.norm2                    |    1.024K              |    0.502M  |
|    blocks.1.mlp                      |    1.576M              |    0.309G  |
|   blocks.2                           |   2.629M               |   0.515G   |
|    blocks.2.norm1                    |    1.024K              |    0.502M  |
|    blocks.2.attn                     |    1.051M              |    0.206G  |
|    blocks.2.norm2                    |    1.024K              |    0.502M  |
|    blocks.2.mlp                      |    1.576M              |    0.309G  |
|   blocks.3                           |   2.629M               |   0.515G   |
|    blocks.3.norm1                    |    1.024K              |    0.502M  |
|    blocks.3.attn                     |    1.051M              |    0.206G  |
|    blocks.3.norm2                    |    1.024K              |    0.502M  |
|    blocks.3.mlp                      |    1.576M              |    0.309G  |
|   blocks.4                           |   2.629M               |   0.515G   |
|    blocks.4.norm1                    |    1.024K              |    0.502M  |
|    blocks.4.attn                     |    1.051M              |    0.206G  |
|    blocks.4.norm2                    |    1.024K              |    0.502M  |
|    blocks.4.mlp                      |    1.576M              |    0.309G  |
|   blocks.5                           |   2.629M               |   0.515G   |
|    blocks.5.norm1                    |    1.024K              |    0.502M  |
|    blocks.5.attn                     |    1.051M              |    0.206G  |
|    blocks.5.norm2                    |    1.024K              |    0.502M  |
|    blocks.5.mlp                      |    1.576M              |    0.309G  |
|  pool                                |  4.721M                |  0.463G    |
|   pool.proj                          |   4.72M                |   0.462G   |
|    pool.proj.weight                  |    (1024, 512, 3, 3)   |            |
|    pool.proj.bias                    |    (1024,)             |            |
|   pool.norm                          |   1.024K               |   1.004M   |
|    pool.norm.weight                  |    (512,)              |            |
|    pool.norm.bias                    |    (512,)              |            |
|  blocks1                             |  63.007M               |  3.087G    |
|   blocks1.0                          |   10.501M              |   0.515G   |
|    blocks1.0.norm1                   |    2.048K              |    0.251M  |
|    blocks1.0.attn                    |    4.198M              |    0.206G  |
|    blocks1.0.norm2                   |    2.048K              |    0.251M  |
|    blocks1.0.mlp                     |    6.299M              |    0.309G  |
|   blocks1.1                          |   10.501M              |   0.515G   |
|    blocks1.1.norm1                   |    2.048K              |    0.251M  |
|    blocks1.1.attn                    |    4.198M              |    0.206G  |
|    blocks1.1.norm2                   |    2.048K              |    0.251M  |
|    blocks1.1.mlp                     |    6.299M              |    0.309G  |
|   blocks1.2                          |   10.501M              |   0.515G   |
|    blocks1.2.norm1                   |    2.048K              |    0.251M  |
|    blocks1.2.attn                    |    4.198M              |    0.206G  |
|    blocks1.2.norm2                   |    2.048K              |    0.251M  |
|    blocks1.2.mlp                     |    6.299M              |    0.309G  |
|   blocks1.3                          |   10.501M              |   0.515G   |
|    blocks1.3.norm1                   |    2.048K              |    0.251M  |
|    blocks1.3.attn                    |    4.198M              |    0.206G  |
|    blocks1.3.norm2                   |    2.048K              |    0.251M  |
|    blocks1.3.mlp                     |    6.299M              |    0.309G  |
|   blocks1.4                          |   10.501M              |   0.515G   |
|    blocks1.4.norm1                   |    2.048K              |    0.251M  |
|    blocks1.4.attn                    |    4.198M              |    0.206G  |
|    blocks1.4.norm2                   |    2.048K              |    0.251M  |
|    blocks1.4.mlp                     |    6.299M              |    0.309G  |
|   blocks1.5                          |   10.501M              |   0.515G   |
|    blocks1.5.norm1                   |    2.048K              |    0.251M  |
|    blocks1.5.attn                    |    4.198M              |    0.206G  |
|    blocks1.5.norm2                   |    2.048K              |    0.251M  |
|    blocks1.5.mlp                     |    6.299M              |    0.309G  |
|  mlp                                 |  2.099M                |  0.206G    |
|   mlp.0                              |   1.05M                |   0.103G   |
|    mlp.0.weight                      |    (1024, 1024)        |            |
|    mlp.0.bias                        |    (1024,)             |            |
|   mlp.2                              |   1.05M                |   0.103G   |
|    mlp.2.weight                      |    (1024, 1024)        |            |
|    mlp.2.bias                        |    (1024,)             |            |
|  fc_norm                             |  2.048K                |  5.12K     |
|   fc_norm.weight                     |   (1024,)              |            |
|   fc_norm.bias                       |   (1024,)              |            |
|  classifier                          |  6.912M                |  6.905M    |
|   classifier.weight                  |   (6743, 1024)         |            |
|   classifier.bias                    |   (6743,)              |            |
2024-08-02 03:57:10 - [33m[1mWARNING[0m - 
** Please be cautious when using the results in papers. Certain operations may or may not be accounted in FLOP computation in FVCore. Therefore, you want to manually ensure that FLOP computation is correct.
2024-08-02 03:57:10 - [33m[1mWARNING[0m - Uncalled Modules:
{'blocks1.0.attn.q_norm', 'norm', 'blocks1.3.ls2', 'blocks1.0.drop_path2', 'blocks.3.drop_path1', 'neural_augmentor.contrast', 'patch_embed.backbone.stages.0.1.pre_norm.drop', 'patch_embed.backbone.stages.1.0.pre_norm.drop', 'patch_embed.backbone.stages.0.0.pre_norm.act', 'neural_augmentor.brightness.max_fn', 'blocks.1.ls2', 'blocks.1.drop_path2', 'blocks1.5.drop_path2', 'blocks.4.attn.k_norm', 'blocks.5.attn.attn_drop', 'blocks.1.attn.attn_drop', 'blocks.0.ls2', 'blocks1.1.drop_path2', 'patch_embed.backbone.stages.1.0.down', 'patch_embed.backbone.stages.1.1.pre_norm.act', 'patch_embed.backbone.stages.0.1.drop_path', 'blocks.2.ls2', 'blocks.1.drop_path1', 'blocks.5.attn.k_norm', 'blocks1.1.ls1', 'patch_embed.backbone.stages.0.1.down', 'blocks.4.ls2', 'blocks1.1.attn.q_norm', 'blocks.4.drop_path2', 'blocks1.2.attn.attn_drop', 'patch_embed.backbone.stages.0.1.pre_norm.act', 'patch_embed.backbone.stem.norm1.drop', 'patch_embed.backbone.stages.1.0.drop_path', 'blocks.5.ls2', 'blocks1.2.ls2', 'blocks1.5.attn.attn_drop', 'patch_embed.backbone.stages.0.0.shortcut.expand', 'blocks1.5.attn.q_norm', 'blocks.0.attn.k_norm', 'blocks1.0.attn.k_norm', 'blocks.2.drop_path1', 'blocks.4.ls1', 'patch_embed.backbone.stages.0.1.shortcut', 'patch_embed.backbone.stages.1.0.pre_norm.act', 'blocks.5.attn.q_norm', 'blocks.4.attn.attn_drop', 'blocks1.5.ls1', 'norm_pre', 'blocks.2.attn.q_norm', 'blocks.3.ls1', 'blocks1.1.attn.k_norm', 'blocks.1.attn.q_norm', 'blocks.3.drop_path2', 'blocks.1.ls1', 'patch_embed.backbone.stages.1.1.drop_path', 'blocks1.3.attn.attn_drop', 'blocks.1.attn.k_norm', 'blocks1.4.drop_path2', 'blocks.4.drop_path1', 'blocks.0.drop_path1', 'blocks.2.attn.attn_drop', 'neural_augmentor.noise.max_fn', 'blocks1.1.attn.attn_drop', 'patch_embed.backbone.stages.1.1.pre_norm.drop', 'blocks.5.drop_path1', 'patch_embed.backbone.stages.1.1.down', 'blocks1.1.drop_path1', 'blocks.5.ls1', 'blocks.3.attn.q_norm', 'neural_augmentor.brightness.min_fn', 'blocks1.3.drop_path1', 'blocks1.2.attn.q_norm', 'blocks.2.drop_path2', 'blocks.5.drop_path2', 'patch_embed.backbone.stages.0.0.drop_path', 'blocks1.4.ls1', 'neural_augmentor.noise.min_fn', 'patch_embed.backbone.stages.0.0.pre_norm.drop', 'blocks1.0.ls1', 'patch_embed.proj', 'patch_embed.backbone.stages.0.0.down', 'blocks1.5.attn.k_norm', 'blocks.0.drop_path2', 'neural_augmentor.contrast.max_fn', 'blocks1.4.attn.attn_drop', 'blocks.2.attn.k_norm', 'blocks1.4.attn.q_norm', 'neural_augmentor.contrast.min_fn', 'blocks.0.attn.attn_drop', 'blocks1.4.ls2', 'blocks1.1.ls2', 'blocks.4.attn.q_norm', 'blocks1.4.attn.k_norm', 'blocks.3.attn.k_norm', 'neural_augmentor.brightness', 'blocks1.0.attn.attn_drop', 'blocks1.2.ls1', 'patch_drop', 'blocks1.2.drop_path1', 'neural_augmentor', 'neural_augmentor.noise', 'blocks1.3.drop_path2', 'blocks1.0.ls2', 'blocks1.2.drop_path2', 'blocks.0.attn.q_norm', 'blocks1.3.attn.k_norm', 'blocks.2.ls1', 'patch_embed.backbone.stages.1.1.shortcut', 'blocks1.5.ls2', 'blocks1.0.drop_path1', 'blocks1.5.drop_path1', 'blocks1.3.ls1', 'blocks.0.ls1', 'blocks.3.attn.attn_drop', 'blocks.3.ls2', 'blocks1.3.attn.q_norm', 'blocks1.4.drop_path1', 'blocks1.2.attn.k_norm'}
2024-08-02 03:57:10 - [33m[1mWARNING[0m - Unsupported Ops:
Counter({'aten::add': 29, 'aten::gelu': 22, 'aten::scaled_dot_product_attention': 12, 'aten::mul': 12, 'aten::add_': 12, 'aten::avg_pool2d': 2, 'aten::div': 2, 'aten::mean': 1})
[31m=================================================================[0m
2024-08-02 03:57:10 - [34m[1mLOGS   [0m - Random seeds are set to 0
2024-08-02 03:57:10 - [34m[1mLOGS   [0m - Using PyTorch version 2.2.1+cu121
2024-08-02 03:57:10 - [34m[1mLOGS   [0m - Available GPUs: 8
2024-08-02 03:57:10 - [34m[1mLOGS   [0m - CUDNN is enabled
2024-08-02 03:57:10 - [34m[1mLOGS   [0m - Directory exists at: /ML-A100/team/mm/models/catlip_data/results_base_new_dci/train
