nohup: ignoring input
2024-07-21 11:20:09 - [93m[1mDEBUG   [0m - Cannot load internal arguments, skipping.
small
dci
2024-07-21 11:20:09 - [34m[1mLOGS   [0m - Pretrained weights are loaded from /ML-A100/team/mm/models/catlip_data/results500_accum_dci/train/checkpoint_epoch_7_iter_63203.pt
2024-07-21 11:20:09 - [32m[1mINFO   [0m - Trainable parameters: ['pos_embed', 'neural_augmentor.brightness._low', 'neural_augmentor.brightness._high', 'neural_augmentor.contrast._low', 'neural_augmentor.contrast._high', 'neural_augmentor.noise._low', 'neural_augmentor.noise._high', 'patch_embed.backbone.stem.conv1.weight', 'patch_embed.backbone.stem.conv1.bias', 'patch_embed.backbone.stem.norm1.weight', 'patch_embed.backbone.stem.norm1.bias', 'patch_embed.backbone.stem.conv2.weight', 'patch_embed.backbone.stem.conv2.bias', 'patch_embed.backbone.stages.0.0.pre_norm.weight', 'patch_embed.backbone.stages.0.0.pre_norm.bias', 'patch_embed.backbone.stages.0.0.conv1_1x1.weight', 'patch_embed.backbone.stages.0.0.conv1_1x1.bias', 'patch_embed.backbone.stages.0.0.conv2_kxk.weight', 'patch_embed.backbone.stages.0.0.conv2_kxk.bias', 'patch_embed.backbone.stages.0.0.conv3_1x1.weight', 'patch_embed.backbone.stages.0.0.conv3_1x1.bias', 'patch_embed.backbone.stages.0.1.pre_norm.weight', 'patch_embed.backbone.stages.0.1.pre_norm.bias', 'patch_embed.backbone.stages.0.1.conv1_1x1.weight', 'patch_embed.backbone.stages.0.1.conv1_1x1.bias', 'patch_embed.backbone.stages.0.1.conv2_kxk.weight', 'patch_embed.backbone.stages.0.1.conv2_kxk.bias', 'patch_embed.backbone.stages.0.1.conv3_1x1.weight', 'patch_embed.backbone.stages.0.1.conv3_1x1.bias', 'patch_embed.backbone.stages.1.0.shortcut.expand.weight', 'patch_embed.backbone.stages.1.0.shortcut.expand.bias', 'patch_embed.backbone.stages.1.0.pre_norm.weight', 'patch_embed.backbone.stages.1.0.pre_norm.bias', 'patch_embed.backbone.stages.1.0.conv1_1x1.weight', 'patch_embed.backbone.stages.1.0.conv1_1x1.bias', 'patch_embed.backbone.stages.1.0.conv2_kxk.weight', 'patch_embed.backbone.stages.1.0.conv2_kxk.bias', 'patch_embed.backbone.stages.1.0.conv3_1x1.weight', 'patch_embed.backbone.stages.1.0.conv3_1x1.bias', 'patch_embed.backbone.stages.1.1.pre_norm.weight', 'patch_embed.backbone.stages.1.1.pre_norm.bias', 'patch_embed.backbone.stages.1.1.conv1_1x1.weight', 'patch_embed.backbone.stages.1.1.conv1_1x1.bias', 'patch_embed.backbone.stages.1.1.conv2_kxk.weight', 'patch_embed.backbone.stages.1.1.conv2_kxk.bias', 'patch_embed.backbone.stages.1.1.conv3_1x1.weight', 'patch_embed.backbone.stages.1.1.conv3_1x1.bias', 'patch_embed.backbone.stages.1.2.pre_norm.weight', 'patch_embed.backbone.stages.1.2.pre_norm.bias', 'patch_embed.backbone.stages.1.2.conv1_1x1.weight', 'patch_embed.backbone.stages.1.2.conv1_1x1.bias', 'patch_embed.backbone.stages.1.2.conv2_kxk.weight', 'patch_embed.backbone.stages.1.2.conv2_kxk.bias', 'patch_embed.backbone.stages.1.2.conv3_1x1.weight', 'patch_embed.backbone.stages.1.2.conv3_1x1.bias', 'patch_embed.backbone.stages.1.3.pre_norm.weight', 'patch_embed.backbone.stages.1.3.pre_norm.bias', 'patch_embed.backbone.stages.1.3.conv1_1x1.weight', 'patch_embed.backbone.stages.1.3.conv1_1x1.bias', 'patch_embed.backbone.stages.1.3.conv2_kxk.weight', 'patch_embed.backbone.stages.1.3.conv2_kxk.bias', 'patch_embed.backbone.stages.1.3.conv3_1x1.weight', 'patch_embed.backbone.stages.1.3.conv3_1x1.bias', 'patch_embed.backbone.pool.proj.weight', 'patch_embed.backbone.pool.proj.bias', 'patch_embed.backbone.pool.norm.weight', 'patch_embed.backbone.pool.norm.bias', 'blocks.0.norm1.weight', 'blocks.0.norm1.bias', 'blocks.0.attn.qkv.weight', 'blocks.0.attn.qkv.bias', 'blocks.0.attn.proj.weight', 'blocks.0.attn.proj.bias', 'blocks.0.norm2.weight', 'blocks.0.norm2.bias', 'blocks.0.mlp.norm.weight', 'blocks.0.mlp.norm.bias', 'blocks.0.mlp.w0.weight', 'blocks.0.mlp.w0.bias', 'blocks.0.mlp.w1.weight', 'blocks.0.mlp.w1.bias', 'blocks.0.mlp.w2.weight', 'blocks.0.mlp.w2.bias', 'blocks.1.norm1.weight', 'blocks.1.norm1.bias', 'blocks.1.attn.qkv.weight', 'blocks.1.attn.qkv.bias', 'blocks.1.attn.proj.weight', 'blocks.1.attn.proj.bias', 'blocks.1.norm2.weight', 'blocks.1.norm2.bias', 'blocks.1.mlp.norm.weight', 'blocks.1.mlp.norm.bias', 'blocks.1.mlp.w0.weight', 'blocks.1.mlp.w0.bias', 'blocks.1.mlp.w1.weight', 'blocks.1.mlp.w1.bias', 'blocks.1.mlp.w2.weight', 'blocks.1.mlp.w2.bias', 'blocks.2.norm1.weight', 'blocks.2.norm1.bias', 'blocks.2.attn.qkv.weight', 'blocks.2.attn.qkv.bias', 'blocks.2.attn.proj.weight', 'blocks.2.attn.proj.bias', 'blocks.2.norm2.weight', 'blocks.2.norm2.bias', 'blocks.2.mlp.norm.weight', 'blocks.2.mlp.norm.bias', 'blocks.2.mlp.w0.weight', 'blocks.2.mlp.w0.bias', 'blocks.2.mlp.w1.weight', 'blocks.2.mlp.w1.bias', 'blocks.2.mlp.w2.weight', 'blocks.2.mlp.w2.bias', 'blocks.3.norm1.weight', 'blocks.3.norm1.bias', 'blocks.3.attn.qkv.weight', 'blocks.3.attn.qkv.bias', 'blocks.3.attn.proj.weight', 'blocks.3.attn.proj.bias', 'blocks.3.norm2.weight', 'blocks.3.norm2.bias', 'blocks.3.mlp.norm.weight', 'blocks.3.mlp.norm.bias', 'blocks.3.mlp.w0.weight', 'blocks.3.mlp.w0.bias', 'blocks.3.mlp.w1.weight', 'blocks.3.mlp.w1.bias', 'blocks.3.mlp.w2.weight', 'blocks.3.mlp.w2.bias', 'blocks.4.norm1.weight', 'blocks.4.norm1.bias', 'blocks.4.attn.qkv.weight', 'blocks.4.attn.qkv.bias', 'blocks.4.attn.proj.weight', 'blocks.4.attn.proj.bias', 'blocks.4.norm2.weight', 'blocks.4.norm2.bias', 'blocks.4.mlp.norm.weight', 'blocks.4.mlp.norm.bias', 'blocks.4.mlp.w0.weight', 'blocks.4.mlp.w0.bias', 'blocks.4.mlp.w1.weight', 'blocks.4.mlp.w1.bias', 'blocks.4.mlp.w2.weight', 'blocks.4.mlp.w2.bias', 'blocks.5.norm1.weight', 'blocks.5.norm1.bias', 'blocks.5.attn.qkv.weight', 'blocks.5.attn.qkv.bias', 'blocks.5.attn.proj.weight', 'blocks.5.attn.proj.bias', 'blocks.5.norm2.weight', 'blocks.5.norm2.bias', 'blocks.5.mlp.norm.weight', 'blocks.5.mlp.norm.bias', 'blocks.5.mlp.w0.weight', 'blocks.5.mlp.w0.bias', 'blocks.5.mlp.w1.weight', 'blocks.5.mlp.w1.bias', 'blocks.5.mlp.w2.weight', 'blocks.5.mlp.w2.bias', 'blocks.6.norm1.weight', 'blocks.6.norm1.bias', 'blocks.6.attn.qkv.weight', 'blocks.6.attn.qkv.bias', 'blocks.6.attn.proj.weight', 'blocks.6.attn.proj.bias', 'blocks.6.norm2.weight', 'blocks.6.norm2.bias', 'blocks.6.mlp.norm.weight', 'blocks.6.mlp.norm.bias', 'blocks.6.mlp.w0.weight', 'blocks.6.mlp.w0.bias', 'blocks.6.mlp.w1.weight', 'blocks.6.mlp.w1.bias', 'blocks.6.mlp.w2.weight', 'blocks.6.mlp.w2.bias', 'pool.proj.weight', 'pool.proj.bias', 'pool.norm.weight', 'pool.norm.bias', 'blocks1.0.norm1.weight', 'blocks1.0.norm1.bias', 'blocks1.0.attn.qkv.weight', 'blocks1.0.attn.qkv.bias', 'blocks1.0.attn.proj.weight', 'blocks1.0.attn.proj.bias', 'blocks1.0.norm2.weight', 'blocks1.0.norm2.bias', 'blocks1.0.mlp.norm.weight', 'blocks1.0.mlp.norm.bias', 'blocks1.0.mlp.w0.weight', 'blocks1.0.mlp.w0.bias', 'blocks1.0.mlp.w1.weight', 'blocks1.0.mlp.w1.bias', 'blocks1.0.mlp.w2.weight', 'blocks1.0.mlp.w2.bias', 'blocks1.1.norm1.weight', 'blocks1.1.norm1.bias', 'blocks1.1.attn.qkv.weight', 'blocks1.1.attn.qkv.bias', 'blocks1.1.attn.proj.weight', 'blocks1.1.attn.proj.bias', 'blocks1.1.norm2.weight', 'blocks1.1.norm2.bias', 'blocks1.1.mlp.norm.weight', 'blocks1.1.mlp.norm.bias', 'blocks1.1.mlp.w0.weight', 'blocks1.1.mlp.w0.bias', 'blocks1.1.mlp.w1.weight', 'blocks1.1.mlp.w1.bias', 'blocks1.1.mlp.w2.weight', 'blocks1.1.mlp.w2.bias', 'blocks1.2.norm1.weight', 'blocks1.2.norm1.bias', 'blocks1.2.attn.qkv.weight', 'blocks1.2.attn.qkv.bias', 'blocks1.2.attn.proj.weight', 'blocks1.2.attn.proj.bias', 'blocks1.2.norm2.weight', 'blocks1.2.norm2.bias', 'blocks1.2.mlp.norm.weight', 'blocks1.2.mlp.norm.bias', 'blocks1.2.mlp.w0.weight', 'blocks1.2.mlp.w0.bias', 'blocks1.2.mlp.w1.weight', 'blocks1.2.mlp.w1.bias', 'blocks1.2.mlp.w2.weight', 'blocks1.2.mlp.w2.bias', 'blocks1.3.norm1.weight', 'blocks1.3.norm1.bias', 'blocks1.3.attn.qkv.weight', 'blocks1.3.attn.qkv.bias', 'blocks1.3.attn.proj.weight', 'blocks1.3.attn.proj.bias', 'blocks1.3.norm2.weight', 'blocks1.3.norm2.bias', 'blocks1.3.mlp.norm.weight', 'blocks1.3.mlp.norm.bias', 'blocks1.3.mlp.w0.weight', 'blocks1.3.mlp.w0.bias', 'blocks1.3.mlp.w1.weight', 'blocks1.3.mlp.w1.bias', 'blocks1.3.mlp.w2.weight', 'blocks1.3.mlp.w2.bias', 'blocks1.4.norm1.weight', 'blocks1.4.norm1.bias', 'blocks1.4.attn.qkv.weight', 'blocks1.4.attn.qkv.bias', 'blocks1.4.attn.proj.weight', 'blocks1.4.attn.proj.bias', 'blocks1.4.norm2.weight', 'blocks1.4.norm2.bias', 'blocks1.4.mlp.norm.weight', 'blocks1.4.mlp.norm.bias', 'blocks1.4.mlp.w0.weight', 'blocks1.4.mlp.w0.bias', 'blocks1.4.mlp.w1.weight', 'blocks1.4.mlp.w1.bias', 'blocks1.4.mlp.w2.weight', 'blocks1.4.mlp.w2.bias', 'blocks1.5.norm1.weight', 'blocks1.5.norm1.bias', 'blocks1.5.attn.qkv.weight', 'blocks1.5.attn.qkv.bias', 'blocks1.5.attn.proj.weight', 'blocks1.5.attn.proj.bias', 'blocks1.5.norm2.weight', 'blocks1.5.norm2.bias', 'blocks1.5.mlp.norm.weight', 'blocks1.5.mlp.norm.bias', 'blocks1.5.mlp.w0.weight', 'blocks1.5.mlp.w0.bias', 'blocks1.5.mlp.w1.weight', 'blocks1.5.mlp.w1.bias', 'blocks1.5.mlp.w2.weight', 'blocks1.5.mlp.w2.bias', 'blocks1.6.norm1.weight', 'blocks1.6.norm1.bias', 'blocks1.6.attn.qkv.weight', 'blocks1.6.attn.qkv.bias', 'blocks1.6.attn.proj.weight', 'blocks1.6.attn.proj.bias', 'blocks1.6.norm2.weight', 'blocks1.6.norm2.bias', 'blocks1.6.mlp.norm.weight', 'blocks1.6.mlp.norm.bias', 'blocks1.6.mlp.w0.weight', 'blocks1.6.mlp.w0.bias', 'blocks1.6.mlp.w1.weight', 'blocks1.6.mlp.w1.bias', 'blocks1.6.mlp.w2.weight', 'blocks1.6.mlp.w2.bias', 'mlp.0.weight', 'mlp.0.bias', 'mlp.2.weight', 'mlp.2.bias', 'fc_norm.weight', 'fc_norm.bias', 'classifier.weight', 'classifier.bias']
2024-07-21 11:20:09 - [34m[1mLOGS   [0m - [36mModel[0m
ViTamin(
  (neural_augmentor): DistributionNeuralAugmentor(
  	Brightness=UniformSampler(min_fn=Clip(min=0.1, max=0.9, clipping=soft), max_fn=Clip(min=1.1, max=10.0, clipping=soft)), 
  	Contrast=UniformSampler(min_fn=Clip(min=0.1, max=0.9, clipping=soft), max_fn=Clip(min=1.1, max=10.0, clipping=soft)), 
  	Noise=UniformSampler(min_fn=Clip(min=0.0, max=5e-05, clipping=soft), max_fn=Clip(min=0.0001, max=1.0, clipping=soft)), )
  (patch_embed): HybridEmbed(
    (backbone): MbConvStages(
      (stem): Stem(
        (conv1): Conv2d(3, 64, kernel_size=(3, 3), stride=(2, 2), padding=(1, 1))
        (norm1): LayerNormAct2d(
          (64,), eps=1e-06, elementwise_affine=True
          (drop): Identity()
          (act): GELU()
        )
        (conv2): Conv2d(64, 64, kernel_size=(3, 3), stride=(1, 1), padding=(1, 1))
      )
      (stages): ModuleList(
        (0): Sequential(
          (0): MbConvLNBlock(
            (shortcut): Downsample2d(
              (pool): AvgPool2d(kernel_size=3, stride=2, padding=1)
              (expand): Identity()
            )
            (pre_norm): LayerNormAct2d(
              (64,), eps=1e-06, elementwise_affine=True
              (drop): Identity()
              (act): Identity()
            )
            (down): Identity()
            (conv1_1x1): Conv2d(64, 256, kernel_size=(1, 1), stride=(1, 1))
            (act1): GELU()
            (act2): GELU()
            (conv2_kxk): Conv2d(256, 256, kernel_size=(3, 3), stride=(2, 2), padding=(1, 1), groups=256)
            (conv3_1x1): Conv2d(256, 64, kernel_size=(1, 1), stride=(1, 1))
            (drop_path): Identity()
          )
          (1): MbConvLNBlock(
            (shortcut): Identity()
            (pre_norm): LayerNormAct2d(
              (64,), eps=1e-06, elementwise_affine=True
              (drop): Identity()
              (act): Identity()
            )
            (down): Identity()
            (conv1_1x1): Conv2d(64, 256, kernel_size=(1, 1), stride=(1, 1))
            (act1): GELU()
            (act2): GELU()
            (conv2_kxk): Conv2d(256, 256, kernel_size=(3, 3), stride=(1, 1), padding=(1, 1), groups=256)
            (conv3_1x1): Conv2d(256, 64, kernel_size=(1, 1), stride=(1, 1))
            (drop_path): Identity()
          )
        )
        (1): Sequential(
          (0): MbConvLNBlock(
            (shortcut): Downsample2d(
              (pool): AvgPool2d(kernel_size=3, stride=2, padding=1)
              (expand): Conv2d(64, 128, kernel_size=(1, 1), stride=(1, 1))
            )
            (pre_norm): LayerNormAct2d(
              (64,), eps=1e-06, elementwise_affine=True
              (drop): Identity()
              (act): Identity()
            )
            (down): Identity()
            (conv1_1x1): Conv2d(64, 512, kernel_size=(1, 1), stride=(1, 1))
            (act1): GELU()
            (act2): GELU()
            (conv2_kxk): Conv2d(512, 512, kernel_size=(3, 3), stride=(2, 2), padding=(1, 1), groups=512)
            (conv3_1x1): Conv2d(512, 128, kernel_size=(1, 1), stride=(1, 1))
            (drop_path): Identity()
          )
          (1): MbConvLNBlock(
            (shortcut): Identity()
            (pre_norm): LayerNormAct2d(
              (128,), eps=1e-06, elementwise_affine=True
              (drop): Identity()
              (act): Identity()
            )
            (down): Identity()
            (conv1_1x1): Conv2d(128, 512, kernel_size=(1, 1), stride=(1, 1))
            (act1): GELU()
            (act2): GELU()
            (conv2_kxk): Conv2d(512, 512, kernel_size=(3, 3), stride=(1, 1), padding=(1, 1), groups=512)
            (conv3_1x1): Conv2d(512, 128, kernel_size=(1, 1), stride=(1, 1))
            (drop_path): Identity()
          )
          (2): MbConvLNBlock(
            (shortcut): Identity()
            (pre_norm): LayerNormAct2d(
              (128,), eps=1e-06, elementwise_affine=True
              (drop): Identity()
              (act): Identity()
            )
            (down): Identity()
            (conv1_1x1): Conv2d(128, 512, kernel_size=(1, 1), stride=(1, 1))
            (act1): GELU()
            (act2): GELU()
            (conv2_kxk): Conv2d(512, 512, kernel_size=(3, 3), stride=(1, 1), padding=(1, 1), groups=512)
            (conv3_1x1): Conv2d(512, 128, kernel_size=(1, 1), stride=(1, 1))
            (drop_path): Identity()
          )
          (3): MbConvLNBlock(
            (shortcut): Identity()
            (pre_norm): LayerNormAct2d(
              (128,), eps=1e-06, elementwise_affine=True
              (drop): Identity()
              (act): Identity()
            )
            (down): Identity()
            (conv1_1x1): Conv2d(128, 512, kernel_size=(1, 1), stride=(1, 1))
            (act1): GELU()
            (act2): GELU()
            (conv2_kxk): Conv2d(512, 512, kernel_size=(3, 3), stride=(1, 1), padding=(1, 1), groups=512)
            (conv3_1x1): Conv2d(512, 128, kernel_size=(1, 1), stride=(1, 1))
            (drop_path): Identity()
          )
        )
      )
      (pool): StridedConv(
        (proj): Conv2d(128, 256, kernel_size=(3, 3), stride=(2, 2), padding=(1, 1))
        (norm): LayerNorm2d((128,), eps=1e-06, elementwise_affine=True)
      )
    )
    (proj): Identity()
  )
  (pos_drop): Dropout(p=0.0, inplace=False)
  (patch_drop): Identity()
  (norm_pre): Identity()
  (blocks): Sequential(
    (0): Block(
      (norm1): LayerNorm((256,), eps=1e-06, elementwise_affine=True)
      (attn): Attention(
        (qkv): Linear(in_features=256, out_features=768, bias=True)
        (q_norm): Identity()
        (k_norm): Identity()
        (attn_drop): Dropout(p=0.0, inplace=False)
        (proj): Linear(in_features=256, out_features=256, bias=True)
        (proj_drop): Dropout(p=0.0, inplace=False)
      )
      (ls1): Identity()
      (drop_path1): Identity()
      (norm2): LayerNorm((256,), eps=1e-06, elementwise_affine=True)
      (mlp): GeGluMlp(
        (norm): LayerNorm((256,), eps=1e-06, elementwise_affine=True)
        (act): GELU(approximate='none')
        (w0): Linear(in_features=256, out_features=512, bias=True)
        (w1): Linear(in_features=256, out_features=512, bias=True)
        (w2): Linear(in_features=512, out_features=256, bias=True)
      )
      (ls2): Identity()
      (drop_path2): Identity()
    )
    (1): Block(
      (norm1): LayerNorm((256,), eps=1e-06, elementwise_affine=True)
      (attn): Attention(
        (qkv): Linear(in_features=256, out_features=768, bias=True)
        (q_norm): Identity()
        (k_norm): Identity()
        (attn_drop): Dropout(p=0.0, inplace=False)
        (proj): Linear(in_features=256, out_features=256, bias=True)
        (proj_drop): Dropout(p=0.0, inplace=False)
      )
      (ls1): Identity()
      (drop_path1): Identity()
      (norm2): LayerNorm((256,), eps=1e-06, elementwise_affine=True)
      (mlp): GeGluMlp(
        (norm): LayerNorm((256,), eps=1e-06, elementwise_affine=True)
        (act): GELU(approximate='none')
        (w0): Linear(in_features=256, out_features=512, bias=True)
        (w1): Linear(in_features=256, out_features=512, bias=True)
        (w2): Linear(in_features=512, out_features=256, bias=True)
      )
      (ls2): Identity()
      (drop_path2): Identity()
    )
    (2): Block(
      (norm1): LayerNorm((256,), eps=1e-06, elementwise_affine=True)
      (attn): Attention(
        (qkv): Linear(in_features=256, out_features=768, bias=True)
        (q_norm): Identity()
        (k_norm): Identity()
        (attn_drop): Dropout(p=0.0, inplace=False)
        (proj): Linear(in_features=256, out_features=256, bias=True)
        (proj_drop): Dropout(p=0.0, inplace=False)
      )
      (ls1): Identity()
      (drop_path1): Identity()
      (norm2): LayerNorm((256,), eps=1e-06, elementwise_affine=True)
      (mlp): GeGluMlp(
        (norm): LayerNorm((256,), eps=1e-06, elementwise_affine=True)
        (act): GELU(approximate='none')
        (w0): Linear(in_features=256, out_features=512, bias=True)
        (w1): Linear(in_features=256, out_features=512, bias=True)
        (w2): Linear(in_features=512, out_features=256, bias=True)
      )
      (ls2): Identity()
      (drop_path2): Identity()
    )
    (3): Block(
      (norm1): LayerNorm((256,), eps=1e-06, elementwise_affine=True)
      (attn): Attention(
        (qkv): Linear(in_features=256, out_features=768, bias=True)
        (q_norm): Identity()
        (k_norm): Identity()
        (attn_drop): Dropout(p=0.0, inplace=False)
        (proj): Linear(in_features=256, out_features=256, bias=True)
        (proj_drop): Dropout(p=0.0, inplace=False)
      )
      (ls1): Identity()
      (drop_path1): Identity()
      (norm2): LayerNorm((256,), eps=1e-06, elementwise_affine=True)
      (mlp): GeGluMlp(
        (norm): LayerNorm((256,), eps=1e-06, elementwise_affine=True)
        (act): GELU(approximate='none')
        (w0): Linear(in_features=256, out_features=512, bias=True)
        (w1): Linear(in_features=256, out_features=512, bias=True)
        (w2): Linear(in_features=512, out_features=256, bias=True)
      )
      (ls2): Identity()
      (drop_path2): Identity()
    )
    (4): Block(
      (norm1): LayerNorm((256,), eps=1e-06, elementwise_affine=True)
      (attn): Attention(
        (qkv): Linear(in_features=256, out_features=768, bias=True)
        (q_norm): Identity()
        (k_norm): Identity()
        (attn_drop): Dropout(p=0.0, inplace=False)
        (proj): Linear(in_features=256, out_features=256, bias=True)
        (proj_drop): Dropout(p=0.0, inplace=False)
      )
      (ls1): Identity()
      (drop_path1): Identity()
      (norm2): LayerNorm((256,), eps=1e-06, elementwise_affine=True)
      (mlp): GeGluMlp(
        (norm): LayerNorm((256,), eps=1e-06, elementwise_affine=True)
        (act): GELU(approximate='none')
        (w0): Linear(in_features=256, out_features=512, bias=True)
        (w1): Linear(in_features=256, out_features=512, bias=True)
        (w2): Linear(in_features=512, out_features=256, bias=True)
      )
      (ls2): Identity()
      (drop_path2): Identity()
    )
    (5): Block(
      (norm1): LayerNorm((256,), eps=1e-06, elementwise_affine=True)
      (attn): Attention(
        (qkv): Linear(in_features=256, out_features=768, bias=True)
        (q_norm): Identity()
        (k_norm): Identity()
        (attn_drop): Dropout(p=0.0, inplace=False)
        (proj): Linear(in_features=256, out_features=256, bias=True)
        (proj_drop): Dropout(p=0.0, inplace=False)
      )
      (ls1): Identity()
      (drop_path1): Identity()
      (norm2): LayerNorm((256,), eps=1e-06, elementwise_affine=True)
      (mlp): GeGluMlp(
        (norm): LayerNorm((256,), eps=1e-06, elementwise_affine=True)
        (act): GELU(approximate='none')
        (w0): Linear(in_features=256, out_features=512, bias=True)
        (w1): Linear(in_features=256, out_features=512, bias=True)
        (w2): Linear(in_features=512, out_features=256, bias=True)
      )
      (ls2): Identity()
      (drop_path2): Identity()
    )
    (6): Block(
      (norm1): LayerNorm((256,), eps=1e-06, elementwise_affine=True)
      (attn): Attention(
        (qkv): Linear(in_features=256, out_features=768, bias=True)
        (q_norm): Identity()
        (k_norm): Identity()
        (attn_drop): Dropout(p=0.0, inplace=False)
        (proj): Linear(in_features=256, out_features=256, bias=True)
        (proj_drop): Dropout(p=0.0, inplace=False)
      )
      (ls1): Identity()
      (drop_path1): Identity()
      (norm2): LayerNorm((256,), eps=1e-06, elementwise_affine=True)
      (mlp): GeGluMlp(
        (norm): LayerNorm((256,), eps=1e-06, elementwise_affine=True)
        (act): GELU(approximate='none')
        (w0): Linear(in_features=256, out_features=512, bias=True)
        (w1): Linear(in_features=256, out_features=512, bias=True)
        (w2): Linear(in_features=512, out_features=256, bias=True)
      )
      (ls2): Identity()
      (drop_path2): Identity()
    )
  )
  (pool): StridedConv(
    (proj): Conv2d(256, 512, kernel_size=(3, 3), stride=(2, 2), padding=(1, 1))
    (norm): LayerNorm2d((256,), eps=1e-06, elementwise_affine=True)
  )
  (blocks1): Sequential(
    (0): Block(
      (norm1): LayerNorm((512,), eps=1e-06, elementwise_affine=True)
      (attn): Attention(
        (qkv): Linear(in_features=512, out_features=1536, bias=True)
        (q_norm): Identity()
        (k_norm): Identity()
        (attn_drop): Dropout(p=0.0, inplace=False)
        (proj): Linear(in_features=512, out_features=512, bias=True)
        (proj_drop): Dropout(p=0.0, inplace=False)
      )
      (ls1): Identity()
      (drop_path1): Identity()
      (norm2): LayerNorm((512,), eps=1e-06, elementwise_affine=True)
      (mlp): GeGluMlp(
        (norm): LayerNorm((512,), eps=1e-06, elementwise_affine=True)
        (act): GELU(approximate='none')
        (w0): Linear(in_features=512, out_features=1024, bias=True)
        (w1): Linear(in_features=512, out_features=1024, bias=True)
        (w2): Linear(in_features=1024, out_features=512, bias=True)
      )
      (ls2): Identity()
      (drop_path2): Identity()
    )
    (1): Block(
      (norm1): LayerNorm((512,), eps=1e-06, elementwise_affine=True)
      (attn): Attention(
        (qkv): Linear(in_features=512, out_features=1536, bias=True)
        (q_norm): Identity()
        (k_norm): Identity()
        (attn_drop): Dropout(p=0.0, inplace=False)
        (proj): Linear(in_features=512, out_features=512, bias=True)
        (proj_drop): Dropout(p=0.0, inplace=False)
      )
      (ls1): Identity()
      (drop_path1): Identity()
      (norm2): LayerNorm((512,), eps=1e-06, elementwise_affine=True)
      (mlp): GeGluMlp(
        (norm): LayerNorm((512,), eps=1e-06, elementwise_affine=True)
        (act): GELU(approximate='none')
        (w0): Linear(in_features=512, out_features=1024, bias=True)
        (w1): Linear(in_features=512, out_features=1024, bias=True)
        (w2): Linear(in_features=1024, out_features=512, bias=True)
      )
      (ls2): Identity()
      (drop_path2): Identity()
    )
    (2): Block(
      (norm1): LayerNorm((512,), eps=1e-06, elementwise_affine=True)
      (attn): Attention(
        (qkv): Linear(in_features=512, out_features=1536, bias=True)
        (q_norm): Identity()
        (k_norm): Identity()
        (attn_drop): Dropout(p=0.0, inplace=False)
        (proj): Linear(in_features=512, out_features=512, bias=True)
        (proj_drop): Dropout(p=0.0, inplace=False)
      )
      (ls1): Identity()
      (drop_path1): Identity()
      (norm2): LayerNorm((512,), eps=1e-06, elementwise_affine=True)
      (mlp): GeGluMlp(
        (norm): LayerNorm((512,), eps=1e-06, elementwise_affine=True)
        (act): GELU(approximate='none')
        (w0): Linear(in_features=512, out_features=1024, bias=True)
        (w1): Linear(in_features=512, out_features=1024, bias=True)
        (w2): Linear(in_features=1024, out_features=512, bias=True)
      )
      (ls2): Identity()
      (drop_path2): Identity()
    )
    (3): Block(
      (norm1): LayerNorm((512,), eps=1e-06, elementwise_affine=True)
      (attn): Attention(
        (qkv): Linear(in_features=512, out_features=1536, bias=True)
        (q_norm): Identity()
        (k_norm): Identity()
        (attn_drop): Dropout(p=0.0, inplace=False)
        (proj): Linear(in_features=512, out_features=512, bias=True)
        (proj_drop): Dropout(p=0.0, inplace=False)
      )
      (ls1): Identity()
      (drop_path1): Identity()
      (norm2): LayerNorm((512,), eps=1e-06, elementwise_affine=True)
      (mlp): GeGluMlp(
        (norm): LayerNorm((512,), eps=1e-06, elementwise_affine=True)
        (act): GELU(approximate='none')
        (w0): Linear(in_features=512, out_features=1024, bias=True)
        (w1): Linear(in_features=512, out_features=1024, bias=True)
        (w2): Linear(in_features=1024, out_features=512, bias=True)
      )
      (ls2): Identity()
      (drop_path2): Identity()
    )
    (4): Block(
      (norm1): LayerNorm((512,), eps=1e-06, elementwise_affine=True)
      (attn): Attention(
        (qkv): Linear(in_features=512, out_features=1536, bias=True)
        (q_norm): Identity()
        (k_norm): Identity()
        (attn_drop): Dropout(p=0.0, inplace=False)
        (proj): Linear(in_features=512, out_features=512, bias=True)
        (proj_drop): Dropout(p=0.0, inplace=False)
      )
      (ls1): Identity()
      (drop_path1): Identity()
      (norm2): LayerNorm((512,), eps=1e-06, elementwise_affine=True)
      (mlp): GeGluMlp(
        (norm): LayerNorm((512,), eps=1e-06, elementwise_affine=True)
        (act): GELU(approximate='none')
        (w0): Linear(in_features=512, out_features=1024, bias=True)
        (w1): Linear(in_features=512, out_features=1024, bias=True)
        (w2): Linear(in_features=1024, out_features=512, bias=True)
      )
      (ls2): Identity()
      (drop_path2): Identity()
    )
    (5): Block(
      (norm1): LayerNorm((512,), eps=1e-06, elementwise_affine=True)
      (attn): Attention(
        (qkv): Linear(in_features=512, out_features=1536, bias=True)
        (q_norm): Identity()
        (k_norm): Identity()
        (attn_drop): Dropout(p=0.0, inplace=False)
        (proj): Linear(in_features=512, out_features=512, bias=True)
        (proj_drop): Dropout(p=0.0, inplace=False)
      )
      (ls1): Identity()
      (drop_path1): Identity()
      (norm2): LayerNorm((512,), eps=1e-06, elementwise_affine=True)
      (mlp): GeGluMlp(
        (norm): LayerNorm((512,), eps=1e-06, elementwise_affine=True)
        (act): GELU(approximate='none')
        (w0): Linear(in_features=512, out_features=1024, bias=True)
        (w1): Linear(in_features=512, out_features=1024, bias=True)
        (w2): Linear(in_features=1024, out_features=512, bias=True)
      )
      (ls2): Identity()
      (drop_path2): Identity()
    )
    (6): Block(
      (norm1): LayerNorm((512,), eps=1e-06, elementwise_affine=True)
      (attn): Attention(
        (qkv): Linear(in_features=512, out_features=1536, bias=True)
        (q_norm): Identity()
        (k_norm): Identity()
        (attn_drop): Dropout(p=0.0, inplace=False)
        (proj): Linear(in_features=512, out_features=512, bias=True)
        (proj_drop): Dropout(p=0.0, inplace=False)
      )
      (ls1): Identity()
      (drop_path1): Identity()
      (norm2): LayerNorm((512,), eps=1e-06, elementwise_affine=True)
      (mlp): GeGluMlp(
        (norm): LayerNorm((512,), eps=1e-06, elementwise_affine=True)
        (act): GELU(approximate='none')
        (w0): Linear(in_features=512, out_features=1024, bias=True)
        (w1): Linear(in_features=512, out_features=1024, bias=True)
        (w2): Linear(in_features=1024, out_features=512, bias=True)
      )
      (ls2): Identity()
      (drop_path2): Identity()
    )
  )
  (norm): Identity()
  (mlp): Sequential(
    (0): Linear(in_features=512, out_features=512, bias=True)
    (1): GELU(approximate='none')
    (2): Linear(in_features=512, out_features=512, bias=True)
  )
  (fc_norm): LayerNorm((512,), eps=1e-06, elementwise_affine=True)
  (classifier_drop): Dropout(p=0.0, inplace=False)
  (classifier): LinearLayer(in_features=512, out_features=101, bias=True, channel_first=False)
)
[31m=================================================================[0m
                            ViTamin Summary
[31m=================================================================[0m
Total parameters     =   25.707 M
Total trainable parameters =   25.707 M

2024-07-21 11:20:09 - [34m[1mLOGS   [0m - FVCore Analysis:
2024-07-21 11:20:09 - [34m[1mLOGS   [0m - Input sizes: [1, 3, 224, 224]
| module                               | #parameters or shape   | #flops     |
|:-------------------------------------|:-----------------------|:-----------|
| model                                | 25.707M                | 3.385G     |
|  pos_embed                           |  (1, 1, 256)           |            |
|  neural_augmentor                    |  6                     |            |
|   neural_augmentor.brightness        |   2                    |            |
|    neural_augmentor.brightness._low  |    ()                  |            |
|    neural_augmentor.brightness._high |    ()                  |            |
|   neural_augmentor.contrast          |   2                    |            |
|    neural_augmentor.contrast._low    |    ()                  |            |
|    neural_augmentor.contrast._high   |    ()                  |            |
|   neural_augmentor.noise             |   2                    |            |
|    neural_augmentor.noise._low       |    ()                  |            |
|    neural_augmentor.noise._high      |    ()                  |            |
|  patch_embed.backbone                |  0.93M                 |  1.411G    |
|   patch_embed.backbone.stem          |   38.848K              |   0.488G   |
|    patch_embed.backbone.stem.conv1   |    1.792K              |    21.676M |
|    patch_embed.backbone.stem.norm1   |    0.128K              |    4.014M  |
|    patch_embed.backbone.stem.conv2   |    36.928K             |    0.462G  |
|   patch_embed.backbone.stages        |   0.595M               |   0.865G   |
|    patch_embed.backbone.stages.0     |    71.552K             |    0.379G  |
|    patch_embed.backbone.stages.1     |    0.524M              |    0.486G  |
|   patch_embed.backbone.pool          |   0.295M               |   58.305M  |
|    patch_embed.backbone.pool.proj    |    0.295M              |    57.803M |
|    patch_embed.backbone.pool.norm    |    0.256K              |    0.502M  |
|  blocks                              |  4.614M                |  0.904G    |
|   blocks.0                           |   0.659M               |   0.129G   |
|    blocks.0.norm1                    |    0.512K              |    0.251M  |
|    blocks.0.attn                     |    0.263M              |    51.38M  |
|    blocks.0.norm2                    |    0.512K              |    0.251M  |
|    blocks.0.mlp                      |    0.395M              |    77.321M |
|   blocks.1                           |   0.659M               |   0.129G   |
|    blocks.1.norm1                    |    0.512K              |    0.251M  |
|    blocks.1.attn                     |    0.263M              |    51.38M  |
|    blocks.1.norm2                    |    0.512K              |    0.251M  |
|    blocks.1.mlp                      |    0.395M              |    77.321M |
|   blocks.2                           |   0.659M               |   0.129G   |
|    blocks.2.norm1                    |    0.512K              |    0.251M  |
|    blocks.2.attn                     |    0.263M              |    51.38M  |
|    blocks.2.norm2                    |    0.512K              |    0.251M  |
|    blocks.2.mlp                      |    0.395M              |    77.321M |
|   blocks.3                           |   0.659M               |   0.129G   |
|    blocks.3.norm1                    |    0.512K              |    0.251M  |
|    blocks.3.attn                     |    0.263M              |    51.38M  |
|    blocks.3.norm2                    |    0.512K              |    0.251M  |
|    blocks.3.mlp                      |    0.395M              |    77.321M |
|   blocks.4                           |   0.659M               |   0.129G   |
|    blocks.4.norm1                    |    0.512K              |    0.251M  |
|    blocks.4.attn                     |    0.263M              |    51.38M  |
|    blocks.4.norm2                    |    0.512K              |    0.251M  |
|    blocks.4.mlp                      |    0.395M              |    77.321M |
|   blocks.5                           |   0.659M               |   0.129G   |
|    blocks.5.norm1                    |    0.512K              |    0.251M  |
|    blocks.5.attn                     |    0.263M              |    51.38M  |
|    blocks.5.norm2                    |    0.512K              |    0.251M  |
|    blocks.5.mlp                      |    0.395M              |    77.321M |
|   blocks.6                           |   0.659M               |   0.129G   |
|    blocks.6.norm1                    |    0.512K              |    0.251M  |
|    blocks.6.attn                     |    0.263M              |    51.38M  |
|    blocks.6.norm2                    |    0.512K              |    0.251M  |
|    blocks.6.mlp                      |    0.395M              |    77.321M |
|  pool                                |  1.181M                |  0.116G    |
|   pool.proj                          |   1.18M                |   0.116G   |
|    pool.proj.weight                  |    (512, 256, 3, 3)    |            |
|    pool.proj.bias                    |    (512,)              |            |
|   pool.norm                          |   0.512K               |   0.502M   |
|    pool.norm.weight                  |    (256,)              |            |
|    pool.norm.bias                    |    (256,)              |            |
|  blocks1                             |  18.404M               |  0.902G    |
|   blocks1.0                          |   2.629M               |   0.129G   |
|    blocks1.0.norm1                   |    1.024K              |    0.125M  |
|    blocks1.0.attn                    |    1.051M              |    51.38M  |
|    blocks1.0.norm2                   |    1.024K              |    0.125M  |
|    blocks1.0.mlp                     |    1.576M              |    77.196M |
|   blocks1.1                          |   2.629M               |   0.129G   |
|    blocks1.1.norm1                   |    1.024K              |    0.125M  |
|    blocks1.1.attn                    |    1.051M              |    51.38M  |
|    blocks1.1.norm2                   |    1.024K              |    0.125M  |
|    blocks1.1.mlp                     |    1.576M              |    77.196M |
|   blocks1.2                          |   2.629M               |   0.129G   |
|    blocks1.2.norm1                   |    1.024K              |    0.125M  |
|    blocks1.2.attn                    |    1.051M              |    51.38M  |
|    blocks1.2.norm2                   |    1.024K              |    0.125M  |
|    blocks1.2.mlp                     |    1.576M              |    77.196M |
|   blocks1.3                          |   2.629M               |   0.129G   |
|    blocks1.3.norm1                   |    1.024K              |    0.125M  |
|    blocks1.3.attn                    |    1.051M              |    51.38M  |
|    blocks1.3.norm2                   |    1.024K              |    0.125M  |
|    blocks1.3.mlp                     |    1.576M              |    77.196M |
|   blocks1.4                          |   2.629M               |   0.129G   |
|    blocks1.4.norm1                   |    1.024K              |    0.125M  |
|    blocks1.4.attn                    |    1.051M              |    51.38M  |
|    blocks1.4.norm2                   |    1.024K              |    0.125M  |
|    blocks1.4.mlp                     |    1.576M              |    77.196M |
|   blocks1.5                          |   2.629M               |   0.129G   |
|    blocks1.5.norm1                   |    1.024K              |    0.125M  |
|    blocks1.5.attn                    |    1.051M              |    51.38M  |
|    blocks1.5.norm2                   |    1.024K              |    0.125M  |
|    blocks1.5.mlp                     |    1.576M              |    77.196M |
|   blocks1.6                          |   2.629M               |   0.129G   |
|    blocks1.6.norm1                   |    1.024K              |    0.125M  |
|    blocks1.6.attn                    |    1.051M              |    51.38M  |
|    blocks1.6.norm2                   |    1.024K              |    0.125M  |
|    blocks1.6.mlp                     |    1.576M              |    77.196M |
|  mlp                                 |  0.525M                |  51.38M    |
|   mlp.0                              |   0.263M               |   25.69M   |
|    mlp.0.weight                      |    (512, 512)          |            |
|    mlp.0.bias                        |    (512,)              |            |
|   mlp.2                              |   0.263M               |   25.69M   |
|    mlp.2.weight                      |    (512, 512)          |            |
|    mlp.2.bias                        |    (512,)              |            |
|  fc_norm                             |  1.024K                |  2.56K     |
|   fc_norm.weight                     |   (512,)               |            |
|   fc_norm.bias                       |   (512,)               |            |
|  classifier                          |  51.813K               |  51.712K   |
|   classifier.weight                  |   (101, 512)           |            |
|   classifier.bias                    |   (101,)               |            |
2024-07-21 11:20:10 - [33m[1mWARNING[0m - 
** Please be cautious when using the results in papers. Certain operations may or may not be accounted in FLOP computation in FVCore. Therefore, you want to manually ensure that FLOP computation is correct.
2024-07-21 11:20:10 - [33m[1mWARNING[0m - Uncalled Modules:
{'blocks1.2.drop_path1', 'blocks.5.ls2', 'blocks.2.ls2', 'patch_embed.backbone.stages.0.0.pre_norm.drop', 'blocks1.0.ls1', 'blocks.4.attn.attn_drop', 'blocks1.4.ls2', 'blocks1.6.attn.q_norm', 'patch_embed.proj', 'patch_embed.backbone.stages.0.0.pre_norm.act', 'patch_embed.backbone.stages.1.1.down', 'patch_embed.backbone.stages.0.1.down', 'neural_augmentor.noise', 'blocks.1.drop_path1', 'patch_embed.backbone.stages.0.0.down', 'patch_embed.backbone.stages.1.1.shortcut', 'blocks.1.attn.k_norm', 'blocks.3.ls2', 'blocks.2.attn.attn_drop', 'blocks1.5.attn.k_norm', 'blocks1.3.attn.k_norm', 'blocks1.3.attn.attn_drop', 'blocks1.5.attn.q_norm', 'blocks1.3.attn.q_norm', 'patch_embed.backbone.stages.0.1.pre_norm.act', 'blocks.4.ls1', 'blocks1.0.drop_path2', 'blocks.5.attn.k_norm', 'blocks.5.attn.attn_drop', 'blocks1.2.attn.q_norm', 'blocks1.0.ls2', 'patch_embed.backbone.stages.1.0.down', 'blocks.4.attn.k_norm', 'blocks1.3.drop_path2', 'blocks.3.attn.attn_drop', 'blocks.4.drop_path2', 'blocks.0.ls2', 'neural_augmentor.brightness.max_fn', 'blocks.5.drop_path1', 'blocks1.1.drop_path2', 'blocks.2.attn.k_norm', 'blocks.4.drop_path1', 'patch_embed.backbone.stages.0.1.drop_path', 'neural_augmentor', 'blocks1.2.attn.attn_drop', 'blocks1.1.attn.k_norm', 'blocks1.0.attn.attn_drop', 'blocks1.3.ls2', 'neural_augmentor.noise.min_fn', 'patch_embed.backbone.stages.1.1.drop_path', 'blocks.5.attn.q_norm', 'blocks.5.drop_path2', 'blocks1.5.drop_path1', 'blocks.3.attn.k_norm', 'blocks1.0.drop_path1', 'patch_embed.backbone.stages.1.1.pre_norm.drop', 'patch_embed.backbone.stages.1.3.drop_path', 'blocks1.3.ls1', 'blocks1.1.attn.q_norm', 'blocks1.2.drop_path2', 'patch_embed.backbone.stages.1.0.pre_norm.drop', 'blocks.3.attn.q_norm', 'blocks1.4.attn.k_norm', 'patch_embed.backbone.stages.1.0.pre_norm.act', 'neural_augmentor.contrast', 'blocks1.6.ls2', 'patch_embed.backbone.stages.0.0.shortcut.expand', 'blocks.2.drop_path1', 'patch_embed.backbone.stages.1.1.pre_norm.act', 'patch_embed.backbone.stages.0.0.drop_path', 'blocks1.6.ls1', 'blocks.6.attn.attn_drop', 'blocks.4.attn.q_norm', 'blocks.4.ls2', 'blocks1.4.attn.attn_drop', 'blocks.6.attn.k_norm', 'blocks1.6.attn.attn_drop', 'patch_embed.backbone.stages.1.0.drop_path', 'blocks.2.drop_path2', 'blocks1.5.drop_path2', 'blocks1.1.ls2', 'norm', 'blocks1.5.attn.attn_drop', 'blocks1.6.drop_path2', 'blocks1.5.ls2', 'blocks.0.ls1', 'blocks.1.ls1', 'blocks1.4.drop_path1', 'norm_pre', 'patch_embed.backbone.stages.1.2.pre_norm.act', 'blocks.1.drop_path2', 'blocks.0.drop_path1', 'blocks.2.attn.q_norm', 'blocks.6.ls2', 'neural_augmentor.brightness.min_fn', 'blocks.3.drop_path2', 'blocks1.2.ls1', 'blocks1.5.ls1', 'blocks1.4.ls1', 'patch_embed.backbone.stages.1.3.pre_norm.act', 'patch_embed.backbone.stages.1.2.shortcut', 'blocks1.0.attn.q_norm', 'blocks.6.attn.q_norm', 'blocks.1.ls2', 'blocks.0.attn.attn_drop', 'patch_embed.backbone.stages.1.2.pre_norm.drop', 'blocks.1.attn.attn_drop', 'blocks.0.attn.k_norm', 'blocks1.0.attn.k_norm', 'patch_embed.backbone.stem.norm1.drop', 'blocks1.1.attn.attn_drop', 'blocks1.4.drop_path2', 'patch_embed.backbone.stages.0.1.pre_norm.drop', 'patch_embed.backbone.stages.0.1.shortcut', 'neural_augmentor.noise.max_fn', 'blocks.6.drop_path2', 'patch_embed.backbone.stages.1.3.shortcut', 'blocks1.6.attn.k_norm', 'patch_drop', 'blocks.3.ls1', 'blocks1.3.drop_path1', 'neural_augmentor.contrast.min_fn', 'blocks1.1.ls1', 'patch_embed.backbone.stages.1.2.drop_path', 'blocks.2.ls1', 'blocks1.4.attn.q_norm', 'blocks.3.drop_path1', 'patch_embed.backbone.stages.1.3.pre_norm.drop', 'blocks1.1.drop_path1', 'blocks1.2.attn.k_norm', 'patch_embed.backbone.stages.1.3.down', 'blocks1.6.drop_path1', 'neural_augmentor.contrast.max_fn', 'neural_augmentor.brightness', 'blocks.0.attn.q_norm', 'blocks.0.drop_path2', 'blocks.1.attn.q_norm', 'blocks1.2.ls2', 'blocks.5.ls1', 'blocks.6.ls1', 'blocks.6.drop_path1', 'patch_embed.backbone.stages.1.2.down'}
2024-07-21 11:20:10 - [33m[1mWARNING[0m - Unsupported Ops:
Counter({'aten::add': 35, 'aten::gelu': 28, 'aten::scaled_dot_product_attention': 14, 'aten::mul': 14, 'aten::avg_pool2d': 2, 'aten::sum': 2, 'aten::div': 2, 'aten::mean': 1})
[31m=================================================================[0m
2024-07-21 11:20:10 - [34m[1mLOGS   [0m - Random seeds are set to 0
2024-07-21 11:20:10 - [34m[1mLOGS   [0m - Using PyTorch version 2.2.1+cu121
2024-07-21 11:20:10 - [34m[1mLOGS   [0m - Available GPUs: 4
2024-07-21 11:20:10 - [34m[1mLOGS   [0m - CUDNN is enabled
2024-07-21 11:20:10 - [34m[1mLOGS   [0m - Setting --ddp.world-size the same as the number of available gpus.
2024-07-21 11:20:10 - [34m[1mLOGS   [0m - Directory created at: /ML-A100/team/mm/models/catlip_data/results500_accum_dci/food101/train
[W socket.cpp:464] [c10d] The server socket has failed to bind to [::]:30786 (errno: 98 - Address already in use).
[W socket.cpp:464] [c10d] The server socket has failed to bind to 0.0.0.0:30786 (errno: 98 - Address already in use).
[E socket.cpp:500] [c10d] The server socket has failed to listen on any local network address.
2024-07-21 11:20:12 - [32m[1mINFO   [0m - distributed init (rank 0): tcp://di-20240206174114-98czq:30786
Traceback (most recent call last):
  File "/ML-A800/home/guoshuyue/madehua/code/corenet/finetune/../corenet/cli/main_train.py", line 42, in <module>
    main_worker()
  File "/ML-A800/home/guoshuyue/madehua/code/corenet/finetune/../corenet/cli/main_train.py", line 37, in main_worker
    launcher(callback)
  File "/ML-A800/home/guoshuyue/madehua/code/corenet/corenet/train_eval_pipelines/default_train_eval.py", line 312, in <lambda>
    return lambda callback: torch.multiprocessing.spawn(
  File "/ML-A800/home/guoshuyue/anaconda3/envs/corenet/lib/python3.10/site-packages/torch/multiprocessing/spawn.py", line 241, in spawn
    return start_processes(fn, args, nprocs, join, daemon, start_method="spawn")
  File "/ML-A800/home/guoshuyue/anaconda3/envs/corenet/lib/python3.10/site-packages/torch/multiprocessing/spawn.py", line 197, in start_processes
    while not context.join():
  File "/ML-A800/home/guoshuyue/anaconda3/envs/corenet/lib/python3.10/site-packages/torch/multiprocessing/spawn.py", line 158, in join
    raise ProcessRaisedException(msg, error_index, failed_process.pid)
torch.multiprocessing.spawn.ProcessRaisedException: 

-- Process 0 terminated with the following error:
Traceback (most recent call last):
  File "/ML-A800/home/guoshuyue/anaconda3/envs/corenet/lib/python3.10/site-packages/torch/multiprocessing/spawn.py", line 68, in _wrap
    fn(i, *args)
  File "/ML-A800/home/guoshuyue/madehua/code/corenet/corenet/train_eval_pipelines/default_train_eval.py", line 431, in _launcher_distributed_spawn_fn
    node_rank = distributed_init(opts)
  File "/ML-A800/home/guoshuyue/madehua/code/corenet/corenet/utils/ddp_utils.py", line 81, in distributed_init
    dist.init_process_group(
  File "/ML-A800/home/guoshuyue/anaconda3/envs/corenet/lib/python3.10/site-packages/torch/distributed/c10d_logger.py", line 86, in wrapper
    func_return = func(*args, **kwargs)
  File "/ML-A800/home/guoshuyue/anaconda3/envs/corenet/lib/python3.10/site-packages/torch/distributed/distributed_c10d.py", line 1177, in init_process_group
    store, rank, world_size = next(rendezvous_iterator)
  File "/ML-A800/home/guoshuyue/anaconda3/envs/corenet/lib/python3.10/site-packages/torch/distributed/rendezvous.py", line 199, in _tcp_rendezvous_handler
    store = _create_c10d_store(result.hostname, result.port, rank, world_size, timeout, use_libuv)
  File "/ML-A800/home/guoshuyue/anaconda3/envs/corenet/lib/python3.10/site-packages/torch/distributed/rendezvous.py", line 174, in _create_c10d_store
    return TCPStore(
torch.distributed.DistNetworkError: The server socket has failed to listen on any local network address. The server socket has failed to bind to [::]:30786 (errno: 98 - Address already in use). The server socket has failed to bind to 0.0.0.0:30786 (errno: 98 - Address already in use).

