nohup: ignoring input
2024-07-30 12:32:56 - [93m[1mDEBUG   [0m - Cannot load internal arguments, skipping.
2024-07-30 12:32:57 - [34m[1mLOGS   [0m - Pretrained weights are loaded from /ML-A100/team/mm/models/vit_base.pt
2024-07-30 12:32:57 - [32m[1mINFO   [0m - Trainable parameters: ['cls_token', 'neural_augmentor.brightness._low', 'neural_augmentor.brightness._high', 'neural_augmentor.contrast._low', 'neural_augmentor.contrast._high', 'neural_augmentor.noise._low', 'neural_augmentor.noise._high', 'patch_emb.0.block.conv.weight', 'patch_emb.0.block.norm.weight', 'patch_emb.0.block.norm.bias', 'patch_emb.1.block.conv.weight', 'patch_emb.1.block.norm.weight', 'patch_emb.1.block.norm.bias', 'patch_emb.2.block.conv.weight', 'patch_emb.2.block.conv.bias', 'post_transformer_norm.weight', 'post_transformer_norm.bias', 'transformer.0.pre_norm_mha.0.weight', 'transformer.0.pre_norm_mha.0.bias', 'transformer.0.pre_norm_mha.1.qkv_proj.weight', 'transformer.0.pre_norm_mha.1.qkv_proj.bias', 'transformer.0.pre_norm_mha.1.out_proj_attn.weight', 'transformer.0.pre_norm_mha.1.out_proj_attn.bias', 'transformer.0.pre_norm_ffn.0.weight', 'transformer.0.pre_norm_ffn.0.bias', 'transformer.0.pre_norm_ffn.1.weight', 'transformer.0.pre_norm_ffn.1.bias', 'transformer.0.pre_norm_ffn.4.weight', 'transformer.0.pre_norm_ffn.4.bias', 'transformer.1.pre_norm_mha.0.weight', 'transformer.1.pre_norm_mha.0.bias', 'transformer.1.pre_norm_mha.1.qkv_proj.weight', 'transformer.1.pre_norm_mha.1.qkv_proj.bias', 'transformer.1.pre_norm_mha.1.out_proj_attn.weight', 'transformer.1.pre_norm_mha.1.out_proj_attn.bias', 'transformer.1.pre_norm_ffn.0.weight', 'transformer.1.pre_norm_ffn.0.bias', 'transformer.1.pre_norm_ffn.1.weight', 'transformer.1.pre_norm_ffn.1.bias', 'transformer.1.pre_norm_ffn.4.weight', 'transformer.1.pre_norm_ffn.4.bias', 'transformer.2.pre_norm_mha.0.weight', 'transformer.2.pre_norm_mha.0.bias', 'transformer.2.pre_norm_mha.1.qkv_proj.weight', 'transformer.2.pre_norm_mha.1.qkv_proj.bias', 'transformer.2.pre_norm_mha.1.out_proj_attn.weight', 'transformer.2.pre_norm_mha.1.out_proj_attn.bias', 'transformer.2.pre_norm_ffn.0.weight', 'transformer.2.pre_norm_ffn.0.bias', 'transformer.2.pre_norm_ffn.1.weight', 'transformer.2.pre_norm_ffn.1.bias', 'transformer.2.pre_norm_ffn.4.weight', 'transformer.2.pre_norm_ffn.4.bias', 'transformer.3.pre_norm_mha.0.weight', 'transformer.3.pre_norm_mha.0.bias', 'transformer.3.pre_norm_mha.1.qkv_proj.weight', 'transformer.3.pre_norm_mha.1.qkv_proj.bias', 'transformer.3.pre_norm_mha.1.out_proj_attn.weight', 'transformer.3.pre_norm_mha.1.out_proj_attn.bias', 'transformer.3.pre_norm_ffn.0.weight', 'transformer.3.pre_norm_ffn.0.bias', 'transformer.3.pre_norm_ffn.1.weight', 'transformer.3.pre_norm_ffn.1.bias', 'transformer.3.pre_norm_ffn.4.weight', 'transformer.3.pre_norm_ffn.4.bias', 'transformer.4.pre_norm_mha.0.weight', 'transformer.4.pre_norm_mha.0.bias', 'transformer.4.pre_norm_mha.1.qkv_proj.weight', 'transformer.4.pre_norm_mha.1.qkv_proj.bias', 'transformer.4.pre_norm_mha.1.out_proj_attn.weight', 'transformer.4.pre_norm_mha.1.out_proj_attn.bias', 'transformer.4.pre_norm_ffn.0.weight', 'transformer.4.pre_norm_ffn.0.bias', 'transformer.4.pre_norm_ffn.1.weight', 'transformer.4.pre_norm_ffn.1.bias', 'transformer.4.pre_norm_ffn.4.weight', 'transformer.4.pre_norm_ffn.4.bias', 'transformer.5.pre_norm_mha.0.weight', 'transformer.5.pre_norm_mha.0.bias', 'transformer.5.pre_norm_mha.1.qkv_proj.weight', 'transformer.5.pre_norm_mha.1.qkv_proj.bias', 'transformer.5.pre_norm_mha.1.out_proj_attn.weight', 'transformer.5.pre_norm_mha.1.out_proj_attn.bias', 'transformer.5.pre_norm_ffn.0.weight', 'transformer.5.pre_norm_ffn.0.bias', 'transformer.5.pre_norm_ffn.1.weight', 'transformer.5.pre_norm_ffn.1.bias', 'transformer.5.pre_norm_ffn.4.weight', 'transformer.5.pre_norm_ffn.4.bias', 'transformer.6.pre_norm_mha.0.weight', 'transformer.6.pre_norm_mha.0.bias', 'transformer.6.pre_norm_mha.1.qkv_proj.weight', 'transformer.6.pre_norm_mha.1.qkv_proj.bias', 'transformer.6.pre_norm_mha.1.out_proj_attn.weight', 'transformer.6.pre_norm_mha.1.out_proj_attn.bias', 'transformer.6.pre_norm_ffn.0.weight', 'transformer.6.pre_norm_ffn.0.bias', 'transformer.6.pre_norm_ffn.1.weight', 'transformer.6.pre_norm_ffn.1.bias', 'transformer.6.pre_norm_ffn.4.weight', 'transformer.6.pre_norm_ffn.4.bias', 'transformer.7.pre_norm_mha.0.weight', 'transformer.7.pre_norm_mha.0.bias', 'transformer.7.pre_norm_mha.1.qkv_proj.weight', 'transformer.7.pre_norm_mha.1.qkv_proj.bias', 'transformer.7.pre_norm_mha.1.out_proj_attn.weight', 'transformer.7.pre_norm_mha.1.out_proj_attn.bias', 'transformer.7.pre_norm_ffn.0.weight', 'transformer.7.pre_norm_ffn.0.bias', 'transformer.7.pre_norm_ffn.1.weight', 'transformer.7.pre_norm_ffn.1.bias', 'transformer.7.pre_norm_ffn.4.weight', 'transformer.7.pre_norm_ffn.4.bias', 'transformer.8.pre_norm_mha.0.weight', 'transformer.8.pre_norm_mha.0.bias', 'transformer.8.pre_norm_mha.1.qkv_proj.weight', 'transformer.8.pre_norm_mha.1.qkv_proj.bias', 'transformer.8.pre_norm_mha.1.out_proj_attn.weight', 'transformer.8.pre_norm_mha.1.out_proj_attn.bias', 'transformer.8.pre_norm_ffn.0.weight', 'transformer.8.pre_norm_ffn.0.bias', 'transformer.8.pre_norm_ffn.1.weight', 'transformer.8.pre_norm_ffn.1.bias', 'transformer.8.pre_norm_ffn.4.weight', 'transformer.8.pre_norm_ffn.4.bias', 'transformer.9.pre_norm_mha.0.weight', 'transformer.9.pre_norm_mha.0.bias', 'transformer.9.pre_norm_mha.1.qkv_proj.weight', 'transformer.9.pre_norm_mha.1.qkv_proj.bias', 'transformer.9.pre_norm_mha.1.out_proj_attn.weight', 'transformer.9.pre_norm_mha.1.out_proj_attn.bias', 'transformer.9.pre_norm_ffn.0.weight', 'transformer.9.pre_norm_ffn.0.bias', 'transformer.9.pre_norm_ffn.1.weight', 'transformer.9.pre_norm_ffn.1.bias', 'transformer.9.pre_norm_ffn.4.weight', 'transformer.9.pre_norm_ffn.4.bias', 'transformer.10.pre_norm_mha.0.weight', 'transformer.10.pre_norm_mha.0.bias', 'transformer.10.pre_norm_mha.1.qkv_proj.weight', 'transformer.10.pre_norm_mha.1.qkv_proj.bias', 'transformer.10.pre_norm_mha.1.out_proj_attn.weight', 'transformer.10.pre_norm_mha.1.out_proj_attn.bias', 'transformer.10.pre_norm_ffn.0.weight', 'transformer.10.pre_norm_ffn.0.bias', 'transformer.10.pre_norm_ffn.1.weight', 'transformer.10.pre_norm_ffn.1.bias', 'transformer.10.pre_norm_ffn.4.weight', 'transformer.10.pre_norm_ffn.4.bias', 'transformer.11.pre_norm_mha.0.weight', 'transformer.11.pre_norm_mha.0.bias', 'transformer.11.pre_norm_mha.1.qkv_proj.weight', 'transformer.11.pre_norm_mha.1.qkv_proj.bias', 'transformer.11.pre_norm_mha.1.out_proj_attn.weight', 'transformer.11.pre_norm_mha.1.out_proj_attn.bias', 'transformer.11.pre_norm_ffn.0.weight', 'transformer.11.pre_norm_ffn.0.bias', 'transformer.11.pre_norm_ffn.1.weight', 'transformer.11.pre_norm_ffn.1.bias', 'transformer.11.pre_norm_ffn.4.weight', 'transformer.11.pre_norm_ffn.4.bias', 'classifier.weight', 'classifier.bias', 'pos_embed.pos_embed.pos_embed']
2024-07-30 12:32:57 - [34m[1mLOGS   [0m - [36mModel[0m
VisionTransformer(
  (neural_augmentor): DistributionNeuralAugmentor(
  	Brightness=UniformSampler(min_fn=Clip(min=0.1, max=0.9, clipping=soft), max_fn=Clip(min=1.1, max=10.0, clipping=soft)), 
  	Contrast=UniformSampler(min_fn=Clip(min=0.1, max=0.9, clipping=soft), max_fn=Clip(min=1.1, max=10.0, clipping=soft)), 
  	Noise=UniformSampler(min_fn=Clip(min=0.0, max=5e-05, clipping=soft), max_fn=Clip(min=0.0001, max=1.0, clipping=soft)), )
  (patch_emb): Sequential(
    (0): Conv2d(3, 192, kernel_size=(4, 4), stride=(4, 4), padding=(1, 1), bias=False, normalization=BatchNorm2d, activation=GELU)
    (1): Conv2d(192, 192, kernel_size=(2, 2), stride=(2, 2), bias=False, normalization=BatchNorm2d, activation=GELU)
    (2): Conv2d(192, 768, kernel_size=(2, 2), stride=(2, 2))
  )
  (post_transformer_norm): LayerNormFP32((768,), eps=1e-06, elementwise_affine=True)
  (transformer): Sequential(
    (0): FlashTransformerEncoder
    (1): FlashTransformerEncoder
    (2): FlashTransformerEncoder
    (3): FlashTransformerEncoder
    (4): FlashTransformerEncoder
    (5): FlashTransformerEncoder
    (6): FlashTransformerEncoder
    (7): FlashTransformerEncoder
    (8): FlashTransformerEncoder
    (9): FlashTransformerEncoder
    (10): FlashTransformerEncoder
    (11): FlashTransformerEncoder
  )
  (classifier): LinearLayer(in_features=768, out_features=172, bias=True, channel_first=False)
  (pos_embed): LearnablePositionalEmbedding(num_embeddings=196, embedding_dim=768, padding_idx=None, sequence_first=False)
  (emb_dropout): Dropout(p=0.0, inplace=False)
)
[31m=================================================================[0m
                  VisionTransformer Summary
[31m=================================================================[0m
Total parameters     =   86.088 M
Total trainable parameters =   86.088 M

2024-07-30 12:32:58 - [34m[1mLOGS   [0m - FVCore Analysis:
2024-07-30 12:32:58 - [34m[1mLOGS   [0m - Input sizes: [1, 3, 224, 224]
| module                               | #parameters or shape   | #flops     |
|:-------------------------------------|:-----------------------|:-----------|
| model                                | 86.088M                | 17.013G    |
|  cls_token                           |  (1, 1, 768)           |            |
|  neural_augmentor                    |  6                     |            |
|   neural_augmentor.brightness        |   2                    |            |
|    neural_augmentor.brightness._low  |    ()                  |            |
|    neural_augmentor.brightness._high |    ()                  |            |
|   neural_augmentor.contrast          |   2                    |            |
|    neural_augmentor.contrast._low    |    ()                  |            |
|    neural_augmentor.contrast._high   |    ()                  |            |
|   neural_augmentor.noise             |   2                    |            |
|    neural_augmentor.noise._low       |    ()                  |            |
|    neural_augmentor.noise._high      |    ()                  |            |
|  patch_emb                           |  0.748M                |  0.262G    |
|   patch_emb.0.block                  |   9.6K                 |   30.106M  |
|    patch_emb.0.block.conv            |    9.216K              |    28.901M |
|    patch_emb.0.block.norm            |    0.384K              |    1.204M  |
|   patch_emb.1.block                  |   0.148M               |   0.116G   |
|    patch_emb.1.block.conv            |    0.147M              |    0.116G  |
|    patch_emb.1.block.norm            |    0.384K              |    0.301M  |
|   patch_emb.2.block.conv             |   0.591M               |   0.116G   |
|    patch_emb.2.block.conv.weight     |    (768, 192, 2, 2)    |            |
|    patch_emb.2.block.conv.bias       |    (768,)              |            |
|  post_transformer_norm               |  1.536K                |  0.756M    |
|   post_transformer_norm.weight       |   (768,)               |            |
|   post_transformer_norm.bias         |   (768,)               |            |
|  transformer                         |  85.054M               |  16.75G    |
|   transformer.0                      |   7.088M               |   1.396G   |
|    transformer.0.pre_norm_mha        |    2.364M              |    0.466G  |
|    transformer.0.pre_norm_ffn        |    4.724M              |    0.93G   |
|   transformer.1                      |   7.088M               |   1.396G   |
|    transformer.1.pre_norm_mha        |    2.364M              |    0.466G  |
|    transformer.1.pre_norm_ffn        |    4.724M              |    0.93G   |
|   transformer.2                      |   7.088M               |   1.396G   |
|    transformer.2.pre_norm_mha        |    2.364M              |    0.466G  |
|    transformer.2.pre_norm_ffn        |    4.724M              |    0.93G   |
|   transformer.3                      |   7.088M               |   1.396G   |
|    transformer.3.pre_norm_mha        |    2.364M              |    0.466G  |
|    transformer.3.pre_norm_ffn        |    4.724M              |    0.93G   |
|   transformer.4                      |   7.088M               |   1.396G   |
|    transformer.4.pre_norm_mha        |    2.364M              |    0.466G  |
|    transformer.4.pre_norm_ffn        |    4.724M              |    0.93G   |
|   transformer.5                      |   7.088M               |   1.396G   |
|    transformer.5.pre_norm_mha        |    2.364M              |    0.466G  |
|    transformer.5.pre_norm_ffn        |    4.724M              |    0.93G   |
|   transformer.6                      |   7.088M               |   1.396G   |
|    transformer.6.pre_norm_mha        |    2.364M              |    0.466G  |
|    transformer.6.pre_norm_ffn        |    4.724M              |    0.93G   |
|   transformer.7                      |   7.088M               |   1.396G   |
|    transformer.7.pre_norm_mha        |    2.364M              |    0.466G  |
|    transformer.7.pre_norm_ffn        |    4.724M              |    0.93G   |
|   transformer.8                      |   7.088M               |   1.396G   |
|    transformer.8.pre_norm_mha        |    2.364M              |    0.466G  |
|    transformer.8.pre_norm_ffn        |    4.724M              |    0.93G   |
|   transformer.9                      |   7.088M               |   1.396G   |
|    transformer.9.pre_norm_mha        |    2.364M              |    0.466G  |
|    transformer.9.pre_norm_ffn        |    4.724M              |    0.93G   |
|   transformer.10                     |   7.088M               |   1.396G   |
|    transformer.10.pre_norm_mha       |    2.364M              |    0.466G  |
|    transformer.10.pre_norm_ffn       |    4.724M              |    0.93G   |
|   transformer.11                     |   7.088M               |   1.396G   |
|    transformer.11.pre_norm_mha       |    2.364M              |    0.466G  |
|    transformer.11.pre_norm_ffn       |    4.724M              |    0.93G   |
|  classifier                          |  0.132M                |  0.132M    |
|   classifier.weight                  |   (172, 768)           |            |
|   classifier.bias                    |   (172,)               |            |
|  pos_embed.pos_embed                 |  0.151M                |  0         |
|   pos_embed.pos_embed.pos_embed      |   (1, 1, 196, 768)     |            |
2024-07-30 12:32:58 - [33m[1mWARNING[0m - 
** Please be cautious when using the results in papers. Certain operations may or may not be accounted in FLOP computation in FVCore. Therefore, you want to manually ensure that FLOP computation is correct.
2024-07-30 12:32:58 - [33m[1mWARNING[0m - Uncalled Modules:
{'neural_augmentor.brightness.max_fn', 'transformer.2.drop_path', 'transformer.6.drop_path', 'neural_augmentor.contrast', 'neural_augmentor.contrast.min_fn', 'transformer.9.drop_path', 'transformer.4.drop_path', 'neural_augmentor.brightness.min_fn', 'transformer.0.drop_path', 'neural_augmentor.contrast.max_fn', 'transformer.3.drop_path', 'neural_augmentor', 'transformer.7.drop_path', 'neural_augmentor.brightness', 'transformer.1.drop_path', 'neural_augmentor.noise.max_fn', 'transformer.5.drop_path', 'transformer.11.drop_path', 'transformer.10.drop_path', 'neural_augmentor.noise.min_fn', 'neural_augmentor.noise', 'transformer.8.drop_path'}
2024-07-30 12:32:58 - [33m[1mWARNING[0m - Unsupported Ops:
Counter({'aten::add': 25, 'aten::gelu': 14, 'aten::scaled_dot_product_attention': 12, 'aten::sub': 1})
[31m=================================================================[0m
2024-07-30 12:32:58 - [34m[1mLOGS   [0m - Random seeds are set to 0
2024-07-30 12:32:58 - [34m[1mLOGS   [0m - Using PyTorch version 2.2.1+cu121
2024-07-30 12:32:58 - [34m[1mLOGS   [0m - Available GPUs: 4
2024-07-30 12:32:58 - [34m[1mLOGS   [0m - CUDNN is enabled
2024-07-30 12:32:58 - [34m[1mLOGS   [0m - Setting --ddp.world-size the same as the number of available gpus.
2024-07-30 12:32:58 - [34m[1mLOGS   [0m - Directory exists at: /ML-A100/team/mm/models/catlip_data/catlip_vit_base/food172/train
2024-07-30 12:33:03 - [32m[1mINFO   [0m - distributed init (rank 0): tcp://localhost:30009
2024-07-30 12:33:07 - [34m[1mLOGS   [0m - Number of categories: 172
2024-07-30 12:33:07 - [34m[1mLOGS   [0m - Total number of samples: 66071
2024-07-30 12:33:07 - [34m[1mLOGS   [0m - Using all samples in the dataset.
2024-07-30 12:33:07 - [34m[1mLOGS   [0m - Training dataset details are given below
ImageNetDataset(
	root=/ML-A100/team/mm/models/food172/food_172/train_images 
	is_training=True 
	num_samples=66071
	transforms=Compose(
			RandomResizedCrop(scale=(0.08, 1.0), ratio=(0.75, 1.3333333333333333), size=(224, 224), interpolation=bilinear), 
			RandomHorizontalFlip(p=0.5), 
			ToTensor(dtype=torch.float32, norm_factor=255)
		)
	 num_classes=172
)
2024-07-30 12:33:08 - [34m[1mLOGS   [0m - Number of categories: 172
2024-07-30 12:33:08 - [34m[1mLOGS   [0m - Total number of samples: 44170
2024-07-30 12:33:08 - [34m[1mLOGS   [0m - Using all samples in the dataset.
2024-07-30 12:33:08 - [34m[1mLOGS   [0m - Validation dataset details are given below
ImageNetDataset(
	root=/ML-A100/team/mm/models/food172/food_172/test_images 
	is_training=False 
	num_samples=44170
	transforms=Compose(
			Resize(size=232, interpolation=bilinear, maintain_aspect_ratio=True), 
			CenterCrop(size=(h=224, w=224)), 
			ToTensor(dtype=torch.float32, norm_factor=255)
		)
	 num_classes=172
)
2024-07-30 12:33:08 - [34m[1mLOGS   [0m - Training sampler details: VariableBatchSamplerDDP(
	 num_repeat=1
	 trunc_rep_aug=False
	 sharding=False
	 disable_shuffle_sharding=False
	 base_im_size=(h=224, w=224)
	 base_batch_size=128
	 scales=[(128, 128, 392), (160, 160, 250), (192, 192, 174), (224, 224, 128), (256, 256, 98), (288, 288, 77), (320, 320, 62)]
	 scale_inc=False
	 min_scale_inc_factor=1.0
	 max_scale_inc_factor=1.0
	 ep_intervals=[40]
)
2024-07-30 12:33:08 - [34m[1mLOGS   [0m - Validation sampler details: VariableBatchSamplerDDP(
	 num_repeat=1
	 trunc_rep_aug=False
	 sharding=False
	 disable_shuffle_sharding=False
	 base_im_size=(h=224, w=224)
	 base_batch_size=100
	 scales=[(224, 224, 100)]
	 scale_inc=False
	 min_scale_inc_factor=1.0
	 max_scale_inc_factor=1.0
	 ep_intervals=[40]
)
2024-07-30 12:33:08 - [34m[1mLOGS   [0m - Number of data workers: 64
2024-07-30 12:33:10 - [34m[1mLOGS   [0m - Pretrained weights are loaded from /ML-A100/team/mm/models/vit_base.pt
2024-07-30 12:33:10 - [32m[1mINFO   [0m - Trainable parameters: ['cls_token', 'neural_augmentor.brightness._low', 'neural_augmentor.brightness._high', 'neural_augmentor.contrast._low', 'neural_augmentor.contrast._high', 'neural_augmentor.noise._low', 'neural_augmentor.noise._high', 'patch_emb.0.block.conv.weight', 'patch_emb.0.block.norm.weight', 'patch_emb.0.block.norm.bias', 'patch_emb.1.block.conv.weight', 'patch_emb.1.block.norm.weight', 'patch_emb.1.block.norm.bias', 'patch_emb.2.block.conv.weight', 'patch_emb.2.block.conv.bias', 'post_transformer_norm.weight', 'post_transformer_norm.bias', 'transformer.0.pre_norm_mha.0.weight', 'transformer.0.pre_norm_mha.0.bias', 'transformer.0.pre_norm_mha.1.qkv_proj.weight', 'transformer.0.pre_norm_mha.1.qkv_proj.bias', 'transformer.0.pre_norm_mha.1.out_proj_attn.weight', 'transformer.0.pre_norm_mha.1.out_proj_attn.bias', 'transformer.0.pre_norm_ffn.0.weight', 'transformer.0.pre_norm_ffn.0.bias', 'transformer.0.pre_norm_ffn.1.weight', 'transformer.0.pre_norm_ffn.1.bias', 'transformer.0.pre_norm_ffn.4.weight', 'transformer.0.pre_norm_ffn.4.bias', 'transformer.1.pre_norm_mha.0.weight', 'transformer.1.pre_norm_mha.0.bias', 'transformer.1.pre_norm_mha.1.qkv_proj.weight', 'transformer.1.pre_norm_mha.1.qkv_proj.bias', 'transformer.1.pre_norm_mha.1.out_proj_attn.weight', 'transformer.1.pre_norm_mha.1.out_proj_attn.bias', 'transformer.1.pre_norm_ffn.0.weight', 'transformer.1.pre_norm_ffn.0.bias', 'transformer.1.pre_norm_ffn.1.weight', 'transformer.1.pre_norm_ffn.1.bias', 'transformer.1.pre_norm_ffn.4.weight', 'transformer.1.pre_norm_ffn.4.bias', 'transformer.2.pre_norm_mha.0.weight', 'transformer.2.pre_norm_mha.0.bias', 'transformer.2.pre_norm_mha.1.qkv_proj.weight', 'transformer.2.pre_norm_mha.1.qkv_proj.bias', 'transformer.2.pre_norm_mha.1.out_proj_attn.weight', 'transformer.2.pre_norm_mha.1.out_proj_attn.bias', 'transformer.2.pre_norm_ffn.0.weight', 'transformer.2.pre_norm_ffn.0.bias', 'transformer.2.pre_norm_ffn.1.weight', 'transformer.2.pre_norm_ffn.1.bias', 'transformer.2.pre_norm_ffn.4.weight', 'transformer.2.pre_norm_ffn.4.bias', 'transformer.3.pre_norm_mha.0.weight', 'transformer.3.pre_norm_mha.0.bias', 'transformer.3.pre_norm_mha.1.qkv_proj.weight', 'transformer.3.pre_norm_mha.1.qkv_proj.bias', 'transformer.3.pre_norm_mha.1.out_proj_attn.weight', 'transformer.3.pre_norm_mha.1.out_proj_attn.bias', 'transformer.3.pre_norm_ffn.0.weight', 'transformer.3.pre_norm_ffn.0.bias', 'transformer.3.pre_norm_ffn.1.weight', 'transformer.3.pre_norm_ffn.1.bias', 'transformer.3.pre_norm_ffn.4.weight', 'transformer.3.pre_norm_ffn.4.bias', 'transformer.4.pre_norm_mha.0.weight', 'transformer.4.pre_norm_mha.0.bias', 'transformer.4.pre_norm_mha.1.qkv_proj.weight', 'transformer.4.pre_norm_mha.1.qkv_proj.bias', 'transformer.4.pre_norm_mha.1.out_proj_attn.weight', 'transformer.4.pre_norm_mha.1.out_proj_attn.bias', 'transformer.4.pre_norm_ffn.0.weight', 'transformer.4.pre_norm_ffn.0.bias', 'transformer.4.pre_norm_ffn.1.weight', 'transformer.4.pre_norm_ffn.1.bias', 'transformer.4.pre_norm_ffn.4.weight', 'transformer.4.pre_norm_ffn.4.bias', 'transformer.5.pre_norm_mha.0.weight', 'transformer.5.pre_norm_mha.0.bias', 'transformer.5.pre_norm_mha.1.qkv_proj.weight', 'transformer.5.pre_norm_mha.1.qkv_proj.bias', 'transformer.5.pre_norm_mha.1.out_proj_attn.weight', 'transformer.5.pre_norm_mha.1.out_proj_attn.bias', 'transformer.5.pre_norm_ffn.0.weight', 'transformer.5.pre_norm_ffn.0.bias', 'transformer.5.pre_norm_ffn.1.weight', 'transformer.5.pre_norm_ffn.1.bias', 'transformer.5.pre_norm_ffn.4.weight', 'transformer.5.pre_norm_ffn.4.bias', 'transformer.6.pre_norm_mha.0.weight', 'transformer.6.pre_norm_mha.0.bias', 'transformer.6.pre_norm_mha.1.qkv_proj.weight', 'transformer.6.pre_norm_mha.1.qkv_proj.bias', 'transformer.6.pre_norm_mha.1.out_proj_attn.weight', 'transformer.6.pre_norm_mha.1.out_proj_attn.bias', 'transformer.6.pre_norm_ffn.0.weight', 'transformer.6.pre_norm_ffn.0.bias', 'transformer.6.pre_norm_ffn.1.weight', 'transformer.6.pre_norm_ffn.1.bias', 'transformer.6.pre_norm_ffn.4.weight', 'transformer.6.pre_norm_ffn.4.bias', 'transformer.7.pre_norm_mha.0.weight', 'transformer.7.pre_norm_mha.0.bias', 'transformer.7.pre_norm_mha.1.qkv_proj.weight', 'transformer.7.pre_norm_mha.1.qkv_proj.bias', 'transformer.7.pre_norm_mha.1.out_proj_attn.weight', 'transformer.7.pre_norm_mha.1.out_proj_attn.bias', 'transformer.7.pre_norm_ffn.0.weight', 'transformer.7.pre_norm_ffn.0.bias', 'transformer.7.pre_norm_ffn.1.weight', 'transformer.7.pre_norm_ffn.1.bias', 'transformer.7.pre_norm_ffn.4.weight', 'transformer.7.pre_norm_ffn.4.bias', 'transformer.8.pre_norm_mha.0.weight', 'transformer.8.pre_norm_mha.0.bias', 'transformer.8.pre_norm_mha.1.qkv_proj.weight', 'transformer.8.pre_norm_mha.1.qkv_proj.bias', 'transformer.8.pre_norm_mha.1.out_proj_attn.weight', 'transformer.8.pre_norm_mha.1.out_proj_attn.bias', 'transformer.8.pre_norm_ffn.0.weight', 'transformer.8.pre_norm_ffn.0.bias', 'transformer.8.pre_norm_ffn.1.weight', 'transformer.8.pre_norm_ffn.1.bias', 'transformer.8.pre_norm_ffn.4.weight', 'transformer.8.pre_norm_ffn.4.bias', 'transformer.9.pre_norm_mha.0.weight', 'transformer.9.pre_norm_mha.0.bias', 'transformer.9.pre_norm_mha.1.qkv_proj.weight', 'transformer.9.pre_norm_mha.1.qkv_proj.bias', 'transformer.9.pre_norm_mha.1.out_proj_attn.weight', 'transformer.9.pre_norm_mha.1.out_proj_attn.bias', 'transformer.9.pre_norm_ffn.0.weight', 'transformer.9.pre_norm_ffn.0.bias', 'transformer.9.pre_norm_ffn.1.weight', 'transformer.9.pre_norm_ffn.1.bias', 'transformer.9.pre_norm_ffn.4.weight', 'transformer.9.pre_norm_ffn.4.bias', 'transformer.10.pre_norm_mha.0.weight', 'transformer.10.pre_norm_mha.0.bias', 'transformer.10.pre_norm_mha.1.qkv_proj.weight', 'transformer.10.pre_norm_mha.1.qkv_proj.bias', 'transformer.10.pre_norm_mha.1.out_proj_attn.weight', 'transformer.10.pre_norm_mha.1.out_proj_attn.bias', 'transformer.10.pre_norm_ffn.0.weight', 'transformer.10.pre_norm_ffn.0.bias', 'transformer.10.pre_norm_ffn.1.weight', 'transformer.10.pre_norm_ffn.1.bias', 'transformer.10.pre_norm_ffn.4.weight', 'transformer.10.pre_norm_ffn.4.bias', 'transformer.11.pre_norm_mha.0.weight', 'transformer.11.pre_norm_mha.0.bias', 'transformer.11.pre_norm_mha.1.qkv_proj.weight', 'transformer.11.pre_norm_mha.1.qkv_proj.bias', 'transformer.11.pre_norm_mha.1.out_proj_attn.weight', 'transformer.11.pre_norm_mha.1.out_proj_attn.bias', 'transformer.11.pre_norm_ffn.0.weight', 'transformer.11.pre_norm_ffn.0.bias', 'transformer.11.pre_norm_ffn.1.weight', 'transformer.11.pre_norm_ffn.1.bias', 'transformer.11.pre_norm_ffn.4.weight', 'transformer.11.pre_norm_ffn.4.bias', 'classifier.weight', 'classifier.bias', 'pos_embed.pos_embed.pos_embed']
2024-07-30 12:33:10 - [34m[1mLOGS   [0m - [36mModel[0m
VisionTransformer(
  (neural_augmentor): DistributionNeuralAugmentor(
  	Brightness=UniformSampler(min_fn=Clip(min=0.1, max=0.9, clipping=soft), max_fn=Clip(min=1.1, max=10.0, clipping=soft)), 
  	Contrast=UniformSampler(min_fn=Clip(min=0.1, max=0.9, clipping=soft), max_fn=Clip(min=1.1, max=10.0, clipping=soft)), 
  	Noise=UniformSampler(min_fn=Clip(min=0.0, max=5e-05, clipping=soft), max_fn=Clip(min=0.0001, max=1.0, clipping=soft)), )
  (patch_emb): Sequential(
    (0): Conv2d(3, 192, kernel_size=(4, 4), stride=(4, 4), padding=(1, 1), bias=False, normalization=BatchNorm2d, activation=GELU)
    (1): Conv2d(192, 192, kernel_size=(2, 2), stride=(2, 2), bias=False, normalization=BatchNorm2d, activation=GELU)
    (2): Conv2d(192, 768, kernel_size=(2, 2), stride=(2, 2))
  )
  (post_transformer_norm): LayerNormFP32((768,), eps=1e-06, elementwise_affine=True)
  (transformer): Sequential(
    (0): FlashTransformerEncoder
    (1): FlashTransformerEncoder
    (2): FlashTransformerEncoder
    (3): FlashTransformerEncoder
    (4): FlashTransformerEncoder
    (5): FlashTransformerEncoder
    (6): FlashTransformerEncoder
    (7): FlashTransformerEncoder
    (8): FlashTransformerEncoder
    (9): FlashTransformerEncoder
    (10): FlashTransformerEncoder
    (11): FlashTransformerEncoder
  )
  (classifier): LinearLayer(in_features=768, out_features=172, bias=True, channel_first=False)
  (pos_embed): LearnablePositionalEmbedding(num_embeddings=196, embedding_dim=768, padding_idx=None, sequence_first=False)
  (emb_dropout): Dropout(p=0.0, inplace=False)
)
[31m=================================================================[0m
                  VisionTransformer Summary
[31m=================================================================[0m
Total parameters     =   86.088 M
Total trainable parameters =   86.088 M

2024-07-30 12:33:10 - [34m[1mLOGS   [0m - FVCore Analysis:
2024-07-30 12:33:10 - [34m[1mLOGS   [0m - Input sizes: [1, 3, 224, 224]
| module                               | #parameters or shape   | #flops     |
|:-------------------------------------|:-----------------------|:-----------|
| model                                | 86.088M                | 17.013G    |
|  cls_token                           |  (1, 1, 768)           |            |
|  neural_augmentor                    |  6                     |            |
|   neural_augmentor.brightness        |   2                    |            |
|    neural_augmentor.brightness._low  |    ()                  |            |
|    neural_augmentor.brightness._high |    ()                  |            |
|   neural_augmentor.contrast          |   2                    |            |
|    neural_augmentor.contrast._low    |    ()                  |            |
|    neural_augmentor.contrast._high   |    ()                  |            |
|   neural_augmentor.noise             |   2                    |            |
|    neural_augmentor.noise._low       |    ()                  |            |
|    neural_augmentor.noise._high      |    ()                  |            |
|  patch_emb                           |  0.748M                |  0.262G    |
|   patch_emb.0.block                  |   9.6K                 |   30.106M  |
|    patch_emb.0.block.conv            |    9.216K              |    28.901M |
|    patch_emb.0.block.norm            |    0.384K              |    1.204M  |
|   patch_emb.1.block                  |   0.148M               |   0.116G   |
|    patch_emb.1.block.conv            |    0.147M              |    0.116G  |
|    patch_emb.1.block.norm            |    0.384K              |    0.301M  |
|   patch_emb.2.block.conv             |   0.591M               |   0.116G   |
|    patch_emb.2.block.conv.weight     |    (768, 192, 2, 2)    |            |
|    patch_emb.2.block.conv.bias       |    (768,)              |            |
|  post_transformer_norm               |  1.536K                |  0.756M    |
|   post_transformer_norm.weight       |   (768,)               |            |
|   post_transformer_norm.bias         |   (768,)               |            |
|  transformer                         |  85.054M               |  16.75G    |
|   transformer.0                      |   7.088M               |   1.396G   |
|    transformer.0.pre_norm_mha        |    2.364M              |    0.466G  |
|    transformer.0.pre_norm_ffn        |    4.724M              |    0.93G   |
|   transformer.1                      |   7.088M               |   1.396G   |
|    transformer.1.pre_norm_mha        |    2.364M              |    0.466G  |
|    transformer.1.pre_norm_ffn        |    4.724M              |    0.93G   |
|   transformer.2                      |   7.088M               |   1.396G   |
|    transformer.2.pre_norm_mha        |    2.364M              |    0.466G  |
|    transformer.2.pre_norm_ffn        |    4.724M              |    0.93G   |
|   transformer.3                      |   7.088M               |   1.396G   |
|    transformer.3.pre_norm_mha        |    2.364M              |    0.466G  |
|    transformer.3.pre_norm_ffn        |    4.724M              |    0.93G   |
|   transformer.4                      |   7.088M               |   1.396G   |
|    transformer.4.pre_norm_mha        |    2.364M              |    0.466G  |
|    transformer.4.pre_norm_ffn        |    4.724M              |    0.93G   |
|   transformer.5                      |   7.088M               |   1.396G   |
|    transformer.5.pre_norm_mha        |    2.364M              |    0.466G  |
|    transformer.5.pre_norm_ffn        |    4.724M              |    0.93G   |
|   transformer.6                      |   7.088M               |   1.396G   |
|    transformer.6.pre_norm_mha        |    2.364M              |    0.466G  |
|    transformer.6.pre_norm_ffn        |    4.724M              |    0.93G   |
|   transformer.7                      |   7.088M               |   1.396G   |
|    transformer.7.pre_norm_mha        |    2.364M              |    0.466G  |
|    transformer.7.pre_norm_ffn        |    4.724M              |    0.93G   |
|   transformer.8                      |   7.088M               |   1.396G   |
|    transformer.8.pre_norm_mha        |    2.364M              |    0.466G  |
|    transformer.8.pre_norm_ffn        |    4.724M              |    0.93G   |
|   transformer.9                      |   7.088M               |   1.396G   |
|    transformer.9.pre_norm_mha        |    2.364M              |    0.466G  |
|    transformer.9.pre_norm_ffn        |    4.724M              |    0.93G   |
|   transformer.10                     |   7.088M               |   1.396G   |
|    transformer.10.pre_norm_mha       |    2.364M              |    0.466G  |
|    transformer.10.pre_norm_ffn       |    4.724M              |    0.93G   |
|   transformer.11                     |   7.088M               |   1.396G   |
|    transformer.11.pre_norm_mha       |    2.364M              |    0.466G  |
|    transformer.11.pre_norm_ffn       |    4.724M              |    0.93G   |
|  classifier                          |  0.132M                |  0.132M    |
|   classifier.weight                  |   (172, 768)           |            |
|   classifier.bias                    |   (172,)               |            |
|  pos_embed.pos_embed                 |  0.151M                |  0         |
|   pos_embed.pos_embed.pos_embed      |   (1, 1, 196, 768)     |            |
2024-07-30 12:33:11 - [33m[1mWARNING[0m - 
** Please be cautious when using the results in papers. Certain operations may or may not be accounted in FLOP computation in FVCore. Therefore, you want to manually ensure that FLOP computation is correct.
2024-07-30 12:33:11 - [33m[1mWARNING[0m - Uncalled Modules:
{'transformer.10.drop_path', 'transformer.11.drop_path', 'transformer.8.drop_path', 'neural_augmentor.brightness.min_fn', 'neural_augmentor.contrast.min_fn', 'neural_augmentor.noise.min_fn', 'neural_augmentor.contrast.max_fn', 'transformer.1.drop_path', 'neural_augmentor.noise', 'transformer.5.drop_path', 'transformer.6.drop_path', 'neural_augmentor.noise.max_fn', 'transformer.4.drop_path', 'transformer.3.drop_path', 'transformer.7.drop_path', 'neural_augmentor', 'transformer.2.drop_path', 'neural_augmentor.brightness', 'transformer.0.drop_path', 'neural_augmentor.brightness.max_fn', 'neural_augmentor.contrast', 'transformer.9.drop_path'}
2024-07-30 12:33:11 - [33m[1mWARNING[0m - Unsupported Ops:
Counter({'aten::add': 25, 'aten::gelu': 14, 'aten::scaled_dot_product_attention': 12, 'aten::sub': 1})
[31m=================================================================[0m
2024-07-30 12:33:11 - [34m[1mLOGS   [0m - Using DistributedDataParallel.
2024-07-30 12:33:11 - [34m[1mLOGS   [0m - [36mLoss function[0m
CompositeLoss(
	CrossEntropy(  ignore_idx=-1  class_weighting=False  label_smoothing=0.1 loss_wt=1.0)
	NeuralAugmentation(  target_metric=psnr  target_value=[40, 20]  curriculum_learning=True  alpha=0.0015378700499807767 loss_wt=1.0)
	
)
2024-07-30 12:33:11 - [34m[1mLOGS   [0m - [36mOptimizer[0m
2024-07-30 12:33:11 - [34m[1mLOGS   [0m - Max. epochs for training: 30
2024-07-30 12:33:11 - [34m[1mLOGS   [0m - [36mLearning rate scheduler[0m
CosineScheduler(
 	 min_lr=3e-06
 	 max_lr=3e-05
 	 period=30
 	 warmup_init_lr=1e-06
 	 warmup_iters=500
 )
2024-07-30 12:33:11 - [34m[1mLOGS   [0m - No checkpoint found at '/ML-A100/team/mm/models/catlip_data/catlip_vit_base/food172/train/training_checkpoint_last.pt'
2024-07-30 12:33:11 - [32m[1mINFO   [0m - Configuration file is stored here: [36m/ML-A100/team/mm/models/catlip_data/catlip_vit_base/food172/train/config.yaml[0m
[31m===========================================================================[0m
2024-07-30 12:33:13 - [32m[1mINFO   [0m - Training epoch 0
2024-07-30 12:33:04 - [32m[1mINFO   [0m - distributed init (rank 3): tcp://localhost:30009
2024-07-30 12:33:04 - [32m[1mINFO   [0m - distributed init (rank 1): tcp://localhost:30009
2024-07-30 12:33:04 - [32m[1mINFO   [0m - distributed init (rank 2): tcp://localhost:30009
2024-07-30 12:36:09 - [34m[1mLOGS   [0m - Epoch:   0 [       1/10000000], loss: {'classification': 6.5222, 'neural_augmentation': 0.2636, 'total_loss': 6.7858}, LR: [1e-06, 1e-06], Avg. batch load time: 173.196, Elapsed time: 176.11
2024-07-30 12:36:33 - [34m[1mLOGS   [0m - *** Training summary for epoch 0
	 loss={'classification': 4.3973, 'neural_augmentation': 0.2849, 'total_loss': 4.6823}
2024-07-30 12:39:31 - [34m[1mLOGS   [0m - *** Validation summary for epoch 0
	 loss={'classification': 1.67, 'neural_augmentation': 0.0, 'total_loss': 1.67} || top1={'logits': 60.482} || top5={'logits': 83.7252}
2024-07-30 12:39:32 - [34m[1mLOGS   [0m - Best checkpoint with score 60.48 saved at /ML-A100/team/mm/models/catlip_data/catlip_vit_base/food172/train/checkpoint_best.pt
2024-07-30 12:39:33 - [34m[1mLOGS   [0m - Last training checkpoint is saved at: /ML-A100/team/mm/models/catlip_data/catlip_vit_base/food172/train/training_checkpoint_last.pt
2024-07-30 12:39:33 - [34m[1mLOGS   [0m - Last checkpoint's model state is saved at: /ML-A100/team/mm/models/catlip_data/catlip_vit_base/food172/train/checkpoint_last.pt
2024-07-30 12:39:35 - [34m[1mLOGS   [0m - Training checkpoint for epoch 0/iteration 103 is saved at: /ML-A100/team/mm/models/catlip_data/catlip_vit_base/food172/train/training_checkpoint_epoch_0_iter_103.pt
2024-07-30 12:39:35 - [34m[1mLOGS   [0m - Model state for epoch 0/iteration 103 is saved at: /ML-A100/team/mm/models/catlip_data/catlip_vit_base/food172/train/checkpoint_epoch_0_iter_103.pt
[31m===========================================================================[0m
2024-07-30 12:39:37 - [32m[1mINFO   [0m - Training epoch 1
2024-07-30 12:39:38 - [34m[1mLOGS   [0m - Epoch:   1 [     104/10000000], loss: {'classification': 2.4279, 'neural_augmentation': 0.3003, 'total_loss': 2.7282}, LR: [7e-06, 7e-06], Avg. batch load time: 0.816, Elapsed time:  1.04
2024-07-30 12:39:58 - [34m[1mLOGS   [0m - *** Training summary for epoch 1
	 loss={'classification': 2.1175, 'neural_augmentation': 0.285, 'total_loss': 2.4025}
2024-07-30 12:40:09 - [34m[1mLOGS   [0m - *** Validation summary for epoch 1
	 loss={'classification': 0.8601, 'neural_augmentation': 0.0, 'total_loss': 0.8601} || top1={'logits': 80.0383} || top5={'logits': 95.2342}
2024-07-30 12:40:09 - [34m[1mLOGS   [0m - Best checkpoint with score 80.04 saved at /ML-A100/team/mm/models/catlip_data/catlip_vit_base/food172/train/checkpoint_best.pt
2024-07-30 12:40:10 - [34m[1mLOGS   [0m - Last training checkpoint is saved at: /ML-A100/team/mm/models/catlip_data/catlip_vit_base/food172/train/training_checkpoint_last.pt
2024-07-30 12:40:11 - [34m[1mLOGS   [0m - Last checkpoint's model state is saved at: /ML-A100/team/mm/models/catlip_data/catlip_vit_base/food172/train/checkpoint_last.pt
2024-07-30 12:40:12 - [34m[1mLOGS   [0m - Training checkpoint for epoch 1/iteration 198 is saved at: /ML-A100/team/mm/models/catlip_data/catlip_vit_base/food172/train/training_checkpoint_epoch_1_iter_198.pt
2024-07-30 12:40:13 - [34m[1mLOGS   [0m - Model state for epoch 1/iteration 198 is saved at: /ML-A100/team/mm/models/catlip_data/catlip_vit_base/food172/train/checkpoint_epoch_1_iter_198.pt
[31m===========================================================================[0m
2024-07-30 12:40:15 - [32m[1mINFO   [0m - Training epoch 2
2024-07-30 12:40:17 - [34m[1mLOGS   [0m - Epoch:   2 [     199/10000000], loss: {'classification': 1.8031, 'neural_augmentation': 0.289, 'total_loss': 2.0922}, LR: [1.2e-05, 1.2e-05], Avg. batch load time: 2.010, Elapsed time:  2.28
2024-07-30 12:40:39 - [34m[1mLOGS   [0m - *** Training summary for epoch 2
	 loss={'classification': 1.7204, 'neural_augmentation': 0.2789, 'total_loss': 1.9993}
2024-07-30 12:40:49 - [34m[1mLOGS   [0m - *** Validation summary for epoch 2
	 loss={'classification': 0.6724, 'neural_augmentation': 0.0, 'total_loss': 0.6724} || top1={'logits': 84.3311} || top5={'logits': 97.0135}
2024-07-30 12:40:50 - [34m[1mLOGS   [0m - Best checkpoint with score 84.33 saved at /ML-A100/team/mm/models/catlip_data/catlip_vit_base/food172/train/checkpoint_best.pt
2024-07-30 12:40:51 - [34m[1mLOGS   [0m - Last training checkpoint is saved at: /ML-A100/team/mm/models/catlip_data/catlip_vit_base/food172/train/training_checkpoint_last.pt
2024-07-30 12:40:51 - [34m[1mLOGS   [0m - Last checkpoint's model state is saved at: /ML-A100/team/mm/models/catlip_data/catlip_vit_base/food172/train/checkpoint_last.pt
2024-07-30 12:40:52 - [34m[1mLOGS   [0m - Training checkpoint for epoch 2/iteration 306 is saved at: /ML-A100/team/mm/models/catlip_data/catlip_vit_base/food172/train/training_checkpoint_epoch_2_iter_306.pt
2024-07-30 12:40:53 - [34m[1mLOGS   [0m - Model state for epoch 2/iteration 306 is saved at: /ML-A100/team/mm/models/catlip_data/catlip_vit_base/food172/train/checkpoint_epoch_2_iter_306.pt
[31m===========================================================================[0m
2024-07-30 12:40:55 - [32m[1mINFO   [0m - Training epoch 3
2024-07-30 12:40:56 - [34m[1mLOGS   [0m - Epoch:   3 [     307/10000000], loss: {'classification': 1.5397, 'neural_augmentation': 0.3125, 'total_loss': 1.8522}, LR: [1.9e-05, 1.9e-05], Avg. batch load time: 0.672, Elapsed time:  0.89
2024-07-30 12:41:17 - [34m[1mLOGS   [0m - *** Training summary for epoch 3
	 loss={'classification': 1.5787, 'neural_augmentation': 0.2774, 'total_loss': 1.8561}
2024-07-30 12:41:27 - [34m[1mLOGS   [0m - *** Validation summary for epoch 3
	 loss={'classification': 0.6134, 'neural_augmentation': 0.0, 'total_loss': 0.6134} || top1={'logits': 85.8514} || top5={'logits': 97.3401}
2024-07-30 12:41:28 - [34m[1mLOGS   [0m - Best checkpoint with score 85.85 saved at /ML-A100/team/mm/models/catlip_data/catlip_vit_base/food172/train/checkpoint_best.pt
2024-07-30 12:41:29 - [34m[1mLOGS   [0m - Last training checkpoint is saved at: /ML-A100/team/mm/models/catlip_data/catlip_vit_base/food172/train/training_checkpoint_last.pt
2024-07-30 12:41:29 - [34m[1mLOGS   [0m - Last checkpoint's model state is saved at: /ML-A100/team/mm/models/catlip_data/catlip_vit_base/food172/train/checkpoint_last.pt
2024-07-30 12:41:31 - [34m[1mLOGS   [0m - Training checkpoint for epoch 3/iteration 408 is saved at: /ML-A100/team/mm/models/catlip_data/catlip_vit_base/food172/train/training_checkpoint_epoch_3_iter_408.pt
2024-07-30 12:41:31 - [34m[1mLOGS   [0m - Model state for epoch 3/iteration 408 is saved at: /ML-A100/team/mm/models/catlip_data/catlip_vit_base/food172/train/checkpoint_epoch_3_iter_408.pt
[31m===========================================================================[0m
2024-07-30 12:41:33 - [32m[1mINFO   [0m - Training epoch 4
2024-07-30 12:41:36 - [34m[1mLOGS   [0m - Epoch:   4 [     409/10000000], loss: {'classification': 1.6197, 'neural_augmentation': 0.2804, 'total_loss': 1.9}, LR: [2.5e-05, 2.5e-05], Avg. batch load time: 2.668, Elapsed time:  2.90
2024-07-30 12:41:55 - [34m[1mLOGS   [0m - *** Training summary for epoch 4
	 loss={'classification': 1.4926, 'neural_augmentation': 0.2731, 'total_loss': 1.7657}
2024-07-30 12:42:05 - [34m[1mLOGS   [0m - *** Validation summary for epoch 4
	 loss={'classification': 0.5561, 'neural_augmentation': 0.0, 'total_loss': 0.5561} || top1={'logits': 87.4775} || top5={'logits': 97.732}
2024-07-30 12:42:05 - [34m[1mLOGS   [0m - Best checkpoint with score 87.48 saved at /ML-A100/team/mm/models/catlip_data/catlip_vit_base/food172/train/checkpoint_best.pt
2024-07-30 12:42:06 - [34m[1mLOGS   [0m - Last training checkpoint is saved at: /ML-A100/team/mm/models/catlip_data/catlip_vit_base/food172/train/training_checkpoint_last.pt
2024-07-30 12:42:06 - [34m[1mLOGS   [0m - Last checkpoint's model state is saved at: /ML-A100/team/mm/models/catlip_data/catlip_vit_base/food172/train/checkpoint_last.pt
2024-07-30 12:42:08 - [34m[1mLOGS   [0m - Training checkpoint for epoch 4/iteration 500 is saved at: /ML-A100/team/mm/models/catlip_data/catlip_vit_base/food172/train/training_checkpoint_epoch_4_iter_500.pt
2024-07-30 12:42:09 - [34m[1mLOGS   [0m - Model state for epoch 4/iteration 500 is saved at: /ML-A100/team/mm/models/catlip_data/catlip_vit_base/food172/train/checkpoint_epoch_4_iter_500.pt
[31m===========================================================================[0m
2024-07-30 12:42:11 - [32m[1mINFO   [0m - Training epoch 5
2024-07-30 12:42:12 - [34m[1mLOGS   [0m - Epoch:   5 [     501/10000000], loss: {'classification': 1.3859, 'neural_augmentation': 0.2727, 'total_loss': 1.6586}, LR: [2.8e-05, 2.8e-05], Avg. batch load time: 1.345, Elapsed time:  1.58
2024-07-30 12:42:33 - [34m[1mLOGS   [0m - *** Training summary for epoch 5
	 loss={'classification': 1.4321, 'neural_augmentation': 0.2665, 'total_loss': 1.6987}
2024-07-30 12:42:43 - [34m[1mLOGS   [0m - *** Validation summary for epoch 5
	 loss={'classification': 0.536, 'neural_augmentation': 0.0, 'total_loss': 0.536} || top1={'logits': 88.1937} || top5={'logits': 98.0698}
2024-07-30 12:42:43 - [34m[1mLOGS   [0m - Best checkpoint with score 88.19 saved at /ML-A100/team/mm/models/catlip_data/catlip_vit_base/food172/train/checkpoint_best.pt
2024-07-30 12:42:43 - [34m[1mLOGS   [0m - Deleting checkpoint: /ML-A100/team/mm/models/catlip_data/catlip_vit_base/food172/train/checkpoint_score_60.4820.pt
2024-07-30 12:42:43 - [34m[1mLOGS   [0m - Averaging checkpoints: ['checkpoint_score_80.0383.pt', 'checkpoint_score_84.3311.pt', 'checkpoint_score_85.8514.pt', 'checkpoint_score_87.4775.pt', 'checkpoint_score_88.1937.pt']
2024-07-30 12:42:46 - [34m[1mLOGS   [0m - Averaged checkpoint saved at: /ML-A100/team/mm/models/catlip_data/catlip_vit_base/food172/train/checkpoint_avg.pt
2024-07-30 12:42:48 - [34m[1mLOGS   [0m - Last training checkpoint is saved at: /ML-A100/team/mm/models/catlip_data/catlip_vit_base/food172/train/training_checkpoint_last.pt
2024-07-30 12:42:48 - [34m[1mLOGS   [0m - Last checkpoint's model state is saved at: /ML-A100/team/mm/models/catlip_data/catlip_vit_base/food172/train/checkpoint_last.pt
2024-07-30 12:42:49 - [34m[1mLOGS   [0m - Training checkpoint for epoch 5/iteration 598 is saved at: /ML-A100/team/mm/models/catlip_data/catlip_vit_base/food172/train/training_checkpoint_epoch_5_iter_598.pt
2024-07-30 12:42:49 - [34m[1mLOGS   [0m - Model state for epoch 5/iteration 598 is saved at: /ML-A100/team/mm/models/catlip_data/catlip_vit_base/food172/train/checkpoint_epoch_5_iter_598.pt
[31m===========================================================================[0m
2024-07-30 12:42:51 - [32m[1mINFO   [0m - Training epoch 6
2024-07-30 12:42:53 - [34m[1mLOGS   [0m - Epoch:   6 [     599/10000000], loss: {'classification': 1.322, 'neural_augmentation': 0.2622, 'total_loss': 1.5843}, LR: [2.7e-05, 2.7e-05], Avg. batch load time: 1.440, Elapsed time:  1.66
2024-07-30 12:43:12 - [34m[1mLOGS   [0m - *** Training summary for epoch 6
	 loss={'classification': 1.3573, 'neural_augmentation': 0.2611, 'total_loss': 1.6184}
2024-07-30 12:43:22 - [34m[1mLOGS   [0m - *** Validation summary for epoch 6
	 loss={'classification': 0.5008, 'neural_augmentation': 0.0, 'total_loss': 0.5008} || top1={'logits': 88.795} || top5={'logits': 98.1396}
2024-07-30 12:43:22 - [34m[1mLOGS   [0m - Best checkpoint with score 88.80 saved at /ML-A100/team/mm/models/catlip_data/catlip_vit_base/food172/train/checkpoint_best.pt
2024-07-30 12:43:23 - [34m[1mLOGS   [0m - Deleting checkpoint: /ML-A100/team/mm/models/catlip_data/catlip_vit_base/food172/train/checkpoint_score_80.0383.pt
2024-07-30 12:43:23 - [34m[1mLOGS   [0m - Averaging checkpoints: ['checkpoint_score_84.3311.pt', 'checkpoint_score_85.8514.pt', 'checkpoint_score_87.4775.pt', 'checkpoint_score_88.1937.pt', 'checkpoint_score_88.7950.pt']
2024-07-30 12:43:26 - [34m[1mLOGS   [0m - Averaged checkpoint saved at: /ML-A100/team/mm/models/catlip_data/catlip_vit_base/food172/train/checkpoint_avg.pt
2024-07-30 12:43:27 - [34m[1mLOGS   [0m - Last training checkpoint is saved at: /ML-A100/team/mm/models/catlip_data/catlip_vit_base/food172/train/training_checkpoint_last.pt
2024-07-30 12:43:28 - [34m[1mLOGS   [0m - Last checkpoint's model state is saved at: /ML-A100/team/mm/models/catlip_data/catlip_vit_base/food172/train/checkpoint_last.pt
2024-07-30 12:43:29 - [34m[1mLOGS   [0m - Training checkpoint for epoch 6/iteration 691 is saved at: /ML-A100/team/mm/models/catlip_data/catlip_vit_base/food172/train/training_checkpoint_epoch_6_iter_691.pt
2024-07-30 12:43:29 - [34m[1mLOGS   [0m - Model state for epoch 6/iteration 691 is saved at: /ML-A100/team/mm/models/catlip_data/catlip_vit_base/food172/train/checkpoint_epoch_6_iter_691.pt
[31m===========================================================================[0m
2024-07-30 12:43:31 - [32m[1mINFO   [0m - Training epoch 7
2024-07-30 12:43:33 - [34m[1mLOGS   [0m - Epoch:   7 [     692/10000000], loss: {'classification': 1.32, 'neural_augmentation': 0.2573, 'total_loss': 1.5773}, LR: [2.7e-05, 2.7e-05], Avg. batch load time: 1.848, Elapsed time:  2.11
2024-07-30 12:43:52 - [34m[1mLOGS   [0m - *** Training summary for epoch 7
	 loss={'classification': 1.2983, 'neural_augmentation': 0.2583, 'total_loss': 1.5566}
2024-07-30 12:44:02 - [34m[1mLOGS   [0m - *** Validation summary for epoch 7
	 loss={'classification': 0.5207, 'neural_augmentation': 0.0, 'total_loss': 0.5207} || top1={'logits': 88.2117} || top5={'logits': 97.9662}
2024-07-30 12:44:03 - [34m[1mLOGS   [0m - Last training checkpoint is saved at: /ML-A100/team/mm/models/catlip_data/catlip_vit_base/food172/train/training_checkpoint_last.pt
2024-07-30 12:44:03 - [34m[1mLOGS   [0m - Last checkpoint's model state is saved at: /ML-A100/team/mm/models/catlip_data/catlip_vit_base/food172/train/checkpoint_last.pt
2024-07-30 12:44:04 - [34m[1mLOGS   [0m - Training checkpoint for epoch 7/iteration 787 is saved at: /ML-A100/team/mm/models/catlip_data/catlip_vit_base/food172/train/training_checkpoint_epoch_7_iter_787.pt
2024-07-30 12:44:04 - [34m[1mLOGS   [0m - Model state for epoch 7/iteration 787 is saved at: /ML-A100/team/mm/models/catlip_data/catlip_vit_base/food172/train/checkpoint_epoch_7_iter_787.pt
[31m===========================================================================[0m
2024-07-30 12:44:06 - [32m[1mINFO   [0m - Training epoch 8
2024-07-30 12:44:09 - [34m[1mLOGS   [0m - Epoch:   8 [     788/10000000], loss: {'classification': 1.3065, 'neural_augmentation': 0.263, 'total_loss': 1.5694}, LR: [2.6e-05, 2.6e-05], Avg. batch load time: 2.478, Elapsed time:  2.69
2024-07-30 12:44:29 - [34m[1mLOGS   [0m - *** Training summary for epoch 8
	 loss={'classification': 1.2777, 'neural_augmentation': 0.2586, 'total_loss': 1.5363}
2024-07-30 12:44:38 - [34m[1mLOGS   [0m - *** Validation summary for epoch 8
	 loss={'classification': 0.4799, 'neural_augmentation': 0.0, 'total_loss': 0.4799} || top1={'logits': 89.2568} || top5={'logits': 98.1959}
2024-07-30 12:44:39 - [34m[1mLOGS   [0m - Best checkpoint with score 89.26 saved at /ML-A100/team/mm/models/catlip_data/catlip_vit_base/food172/train/checkpoint_best.pt
2024-07-30 12:44:39 - [34m[1mLOGS   [0m - Deleting checkpoint: /ML-A100/team/mm/models/catlip_data/catlip_vit_base/food172/train/checkpoint_score_84.3311.pt
2024-07-30 12:44:39 - [34m[1mLOGS   [0m - Averaging checkpoints: ['checkpoint_score_85.8514.pt', 'checkpoint_score_87.4775.pt', 'checkpoint_score_88.1937.pt', 'checkpoint_score_88.7950.pt', 'checkpoint_score_89.2568.pt']
2024-07-30 12:44:41 - [34m[1mLOGS   [0m - Averaged checkpoint saved at: /ML-A100/team/mm/models/catlip_data/catlip_vit_base/food172/train/checkpoint_avg.pt
2024-07-30 12:44:43 - [34m[1mLOGS   [0m - Last training checkpoint is saved at: /ML-A100/team/mm/models/catlip_data/catlip_vit_base/food172/train/training_checkpoint_last.pt
2024-07-30 12:44:43 - [34m[1mLOGS   [0m - Last checkpoint's model state is saved at: /ML-A100/team/mm/models/catlip_data/catlip_vit_base/food172/train/checkpoint_last.pt
2024-07-30 12:44:44 - [34m[1mLOGS   [0m - Training checkpoint for epoch 8/iteration 886 is saved at: /ML-A100/team/mm/models/catlip_data/catlip_vit_base/food172/train/training_checkpoint_epoch_8_iter_886.pt
2024-07-30 12:44:44 - [34m[1mLOGS   [0m - Model state for epoch 8/iteration 886 is saved at: /ML-A100/team/mm/models/catlip_data/catlip_vit_base/food172/train/checkpoint_epoch_8_iter_886.pt
[31m===========================================================================[0m
2024-07-30 12:44:46 - [32m[1mINFO   [0m - Training epoch 9
2024-07-30 12:44:48 - [34m[1mLOGS   [0m - Epoch:   9 [     887/10000000], loss: {'classification': 1.2427, 'neural_augmentation': 0.2685, 'total_loss': 1.5112}, LR: [2.4e-05, 2.4e-05], Avg. batch load time: 1.722, Elapsed time:  1.98
2024-07-30 12:45:10 - [34m[1mLOGS   [0m - *** Training summary for epoch 9
	 loss={'classification': 1.2395, 'neural_augmentation': 0.2595, 'total_loss': 1.4991}
2024-07-30 12:45:19 - [34m[1mLOGS   [0m - *** Validation summary for epoch 9
	 loss={'classification': 0.4679, 'neural_augmentation': 0.0, 'total_loss': 0.4679} || top1={'logits': 89.5698} || top5={'logits': 98.3333}
2024-07-30 12:45:20 - [34m[1mLOGS   [0m - Best checkpoint with score 89.57 saved at /ML-A100/team/mm/models/catlip_data/catlip_vit_base/food172/train/checkpoint_best.pt
2024-07-30 12:45:20 - [34m[1mLOGS   [0m - Deleting checkpoint: /ML-A100/team/mm/models/catlip_data/catlip_vit_base/food172/train/checkpoint_score_85.8514.pt
2024-07-30 12:45:20 - [34m[1mLOGS   [0m - Averaging checkpoints: ['checkpoint_score_87.4775.pt', 'checkpoint_score_88.1937.pt', 'checkpoint_score_88.7950.pt', 'checkpoint_score_89.2568.pt', 'checkpoint_score_89.5698.pt']
2024-07-30 12:45:22 - [34m[1mLOGS   [0m - Averaged checkpoint saved at: /ML-A100/team/mm/models/catlip_data/catlip_vit_base/food172/train/checkpoint_avg.pt
2024-07-30 12:45:24 - [34m[1mLOGS   [0m - Last training checkpoint is saved at: /ML-A100/team/mm/models/catlip_data/catlip_vit_base/food172/train/training_checkpoint_last.pt
2024-07-30 12:45:24 - [34m[1mLOGS   [0m - Last checkpoint's model state is saved at: /ML-A100/team/mm/models/catlip_data/catlip_vit_base/food172/train/checkpoint_last.pt
2024-07-30 12:45:25 - [34m[1mLOGS   [0m - Training checkpoint for epoch 9/iteration 992 is saved at: /ML-A100/team/mm/models/catlip_data/catlip_vit_base/food172/train/training_checkpoint_epoch_9_iter_992.pt
2024-07-30 12:45:25 - [34m[1mLOGS   [0m - Model state for epoch 9/iteration 992 is saved at: /ML-A100/team/mm/models/catlip_data/catlip_vit_base/food172/train/checkpoint_epoch_9_iter_992.pt
[31m===========================================================================[0m
2024-07-30 12:45:27 - [32m[1mINFO   [0m - Training epoch 10
2024-07-30 12:45:30 - [34m[1mLOGS   [0m - Epoch:  10 [     993/10000000], loss: {'classification': 1.3106, 'neural_augmentation': 0.2747, 'total_loss': 1.5854}, LR: [2.3e-05, 2.3e-05], Avg. batch load time: 2.258, Elapsed time:  2.48
2024-07-30 12:45:48 - [34m[1mLOGS   [0m - *** Training summary for epoch 10
	 loss={'classification': 1.2128, 'neural_augmentation': 0.2649, 'total_loss': 1.4777}
2024-07-30 12:45:58 - [34m[1mLOGS   [0m - *** Validation summary for epoch 10
	 loss={'classification': 0.4487, 'neural_augmentation': 0.0, 'total_loss': 0.4487} || top1={'logits': 90.3311} || top5={'logits': 98.4685}
2024-07-30 12:45:59 - [34m[1mLOGS   [0m - Best checkpoint with score 90.33 saved at /ML-A100/team/mm/models/catlip_data/catlip_vit_base/food172/train/checkpoint_best.pt
2024-07-30 12:45:59 - [34m[1mLOGS   [0m - Deleting checkpoint: /ML-A100/team/mm/models/catlip_data/catlip_vit_base/food172/train/checkpoint_score_87.4775.pt
2024-07-30 12:45:59 - [34m[1mLOGS   [0m - Averaging checkpoints: ['checkpoint_score_88.1937.pt', 'checkpoint_score_88.7950.pt', 'checkpoint_score_89.2568.pt', 'checkpoint_score_89.5698.pt', 'checkpoint_score_90.3311.pt']
2024-07-30 12:46:01 - [34m[1mLOGS   [0m - Averaged checkpoint saved at: /ML-A100/team/mm/models/catlip_data/catlip_vit_base/food172/train/checkpoint_avg.pt
2024-07-30 12:46:03 - [34m[1mLOGS   [0m - Last training checkpoint is saved at: /ML-A100/team/mm/models/catlip_data/catlip_vit_base/food172/train/training_checkpoint_last.pt
2024-07-30 12:46:03 - [34m[1mLOGS   [0m - Last checkpoint's model state is saved at: /ML-A100/team/mm/models/catlip_data/catlip_vit_base/food172/train/checkpoint_last.pt
2024-07-30 12:46:04 - [34m[1mLOGS   [0m - Training checkpoint for epoch 10/iteration 1085 is saved at: /ML-A100/team/mm/models/catlip_data/catlip_vit_base/food172/train/training_checkpoint_epoch_10_iter_1085.pt
2024-07-30 12:46:04 - [34m[1mLOGS   [0m - Model state for epoch 10/iteration 1085 is saved at: /ML-A100/team/mm/models/catlip_data/catlip_vit_base/food172/train/checkpoint_epoch_10_iter_1085.pt
[31m===========================================================================[0m
2024-07-30 12:46:06 - [32m[1mINFO   [0m - Training epoch 11
2024-07-30 12:46:08 - [34m[1mLOGS   [0m - Epoch:  11 [    1086/10000000], loss: {'classification': 1.1202, 'neural_augmentation': 0.2807, 'total_loss': 1.4008}, LR: [2.2e-05, 2.2e-05], Avg. batch load time: 1.993, Elapsed time:  2.22
2024-07-30 12:46:30 - [34m[1mLOGS   [0m - *** Training summary for epoch 11
	 loss={'classification': 1.1818, 'neural_augmentation': 0.2743, 'total_loss': 1.4561}
2024-07-30 12:46:39 - [34m[1mLOGS   [0m - *** Validation summary for epoch 11
	 loss={'classification': 0.4492, 'neural_augmentation': 0.0, 'total_loss': 0.4492} || top1={'logits': 90.5878} || top5={'logits': 98.4482}
2024-07-30 12:46:40 - [34m[1mLOGS   [0m - Best checkpoint with score 90.59 saved at /ML-A100/team/mm/models/catlip_data/catlip_vit_base/food172/train/checkpoint_best.pt
2024-07-30 12:46:40 - [34m[1mLOGS   [0m - Deleting checkpoint: /ML-A100/team/mm/models/catlip_data/catlip_vit_base/food172/train/checkpoint_score_88.1937.pt
2024-07-30 12:46:40 - [34m[1mLOGS   [0m - Averaging checkpoints: ['checkpoint_score_88.7950.pt', 'checkpoint_score_89.2568.pt', 'checkpoint_score_89.5698.pt', 'checkpoint_score_90.3311.pt', 'checkpoint_score_90.5878.pt']
2024-07-30 12:46:42 - [34m[1mLOGS   [0m - Averaged checkpoint saved at: /ML-A100/team/mm/models/catlip_data/catlip_vit_base/food172/train/checkpoint_avg.pt
2024-07-30 12:46:44 - [34m[1mLOGS   [0m - Last training checkpoint is saved at: /ML-A100/team/mm/models/catlip_data/catlip_vit_base/food172/train/training_checkpoint_last.pt
2024-07-30 12:46:44 - [34m[1mLOGS   [0m - Last checkpoint's model state is saved at: /ML-A100/team/mm/models/catlip_data/catlip_vit_base/food172/train/checkpoint_last.pt
2024-07-30 12:46:45 - [34m[1mLOGS   [0m - Training checkpoint for epoch 11/iteration 1191 is saved at: /ML-A100/team/mm/models/catlip_data/catlip_vit_base/food172/train/training_checkpoint_epoch_11_iter_1191.pt
2024-07-30 12:46:46 - [34m[1mLOGS   [0m - Model state for epoch 11/iteration 1191 is saved at: /ML-A100/team/mm/models/catlip_data/catlip_vit_base/food172/train/checkpoint_epoch_11_iter_1191.pt
[31m===========================================================================[0m
2024-07-30 12:46:48 - [32m[1mINFO   [0m - Training epoch 12
2024-07-30 12:46:49 - [34m[1mLOGS   [0m - Epoch:  12 [    1192/10000000], loss: {'classification': 1.0762, 'neural_augmentation': 0.2724, 'total_loss': 1.3486}, LR: [2.1e-05, 2.1e-05], Avg. batch load time: 0.783, Elapsed time:  1.01
2024-07-30 12:47:10 - [34m[1mLOGS   [0m - *** Training summary for epoch 12
	 loss={'classification': 1.1544, 'neural_augmentation': 0.2853, 'total_loss': 1.4397}
2024-07-30 12:47:20 - [34m[1mLOGS   [0m - *** Validation summary for epoch 12
	 loss={'classification': 0.457, 'neural_augmentation': 0.0, 'total_loss': 0.457} || top1={'logits': 90.6351} || top5={'logits': 98.4977}
2024-07-30 12:47:20 - [34m[1mLOGS   [0m - Best checkpoint with score 90.64 saved at /ML-A100/team/mm/models/catlip_data/catlip_vit_base/food172/train/checkpoint_best.pt
2024-07-30 12:47:21 - [34m[1mLOGS   [0m - Deleting checkpoint: /ML-A100/team/mm/models/catlip_data/catlip_vit_base/food172/train/checkpoint_score_88.7950.pt
2024-07-30 12:47:21 - [34m[1mLOGS   [0m - Averaging checkpoints: ['checkpoint_score_89.2568.pt', 'checkpoint_score_89.5698.pt', 'checkpoint_score_90.3311.pt', 'checkpoint_score_90.5878.pt', 'checkpoint_score_90.6351.pt']
2024-07-30 12:47:23 - [34m[1mLOGS   [0m - Averaged checkpoint saved at: /ML-A100/team/mm/models/catlip_data/catlip_vit_base/food172/train/checkpoint_avg.pt
2024-07-30 12:47:25 - [34m[1mLOGS   [0m - Last training checkpoint is saved at: /ML-A100/team/mm/models/catlip_data/catlip_vit_base/food172/train/training_checkpoint_last.pt
2024-07-30 12:47:25 - [34m[1mLOGS   [0m - Last checkpoint's model state is saved at: /ML-A100/team/mm/models/catlip_data/catlip_vit_base/food172/train/checkpoint_last.pt
2024-07-30 12:47:26 - [34m[1mLOGS   [0m - Training checkpoint for epoch 12/iteration 1292 is saved at: /ML-A100/team/mm/models/catlip_data/catlip_vit_base/food172/train/training_checkpoint_epoch_12_iter_1292.pt
2024-07-30 12:47:27 - [34m[1mLOGS   [0m - Model state for epoch 12/iteration 1292 is saved at: /ML-A100/team/mm/models/catlip_data/catlip_vit_base/food172/train/checkpoint_epoch_12_iter_1292.pt
[31m===========================================================================[0m
2024-07-30 12:47:29 - [32m[1mINFO   [0m - Training epoch 13
2024-07-30 12:47:30 - [34m[1mLOGS   [0m - Epoch:  13 [    1293/10000000], loss: {'classification': 1.1601, 'neural_augmentation': 0.315, 'total_loss': 1.4751}, LR: [1.9e-05, 1.9e-05], Avg. batch load time: 1.484, Elapsed time:  1.79
2024-07-30 12:47:52 - [34m[1mLOGS   [0m - *** Training summary for epoch 13
	 loss={'classification': 1.1253, 'neural_augmentation': 0.3039, 'total_loss': 1.4292}
2024-07-30 12:48:01 - [34m[1mLOGS   [0m - *** Validation summary for epoch 13
	 loss={'classification': 0.4405, 'neural_augmentation': 0.0, 'total_loss': 0.4405} || top1={'logits': 90.741} || top5={'logits': 98.473}
2024-07-30 12:48:02 - [34m[1mLOGS   [0m - Best checkpoint with score 90.74 saved at /ML-A100/team/mm/models/catlip_data/catlip_vit_base/food172/train/checkpoint_best.pt
2024-07-30 12:48:02 - [34m[1mLOGS   [0m - Deleting checkpoint: /ML-A100/team/mm/models/catlip_data/catlip_vit_base/food172/train/checkpoint_score_89.2568.pt
2024-07-30 12:48:02 - [34m[1mLOGS   [0m - Averaging checkpoints: ['checkpoint_score_89.5698.pt', 'checkpoint_score_90.3311.pt', 'checkpoint_score_90.5878.pt', 'checkpoint_score_90.6351.pt', 'checkpoint_score_90.7410.pt']
2024-07-30 12:48:05 - [34m[1mLOGS   [0m - Averaged checkpoint saved at: /ML-A100/team/mm/models/catlip_data/catlip_vit_base/food172/train/checkpoint_avg.pt
2024-07-30 12:48:06 - [34m[1mLOGS   [0m - Last training checkpoint is saved at: /ML-A100/team/mm/models/catlip_data/catlip_vit_base/food172/train/training_checkpoint_last.pt
2024-07-30 12:48:07 - [34m[1mLOGS   [0m - Last checkpoint's model state is saved at: /ML-A100/team/mm/models/catlip_data/catlip_vit_base/food172/train/checkpoint_last.pt
2024-07-30 12:48:08 - [34m[1mLOGS   [0m - Training checkpoint for epoch 13/iteration 1397 is saved at: /ML-A100/team/mm/models/catlip_data/catlip_vit_base/food172/train/training_checkpoint_epoch_13_iter_1397.pt
2024-07-30 12:48:09 - [34m[1mLOGS   [0m - Model state for epoch 13/iteration 1397 is saved at: /ML-A100/team/mm/models/catlip_data/catlip_vit_base/food172/train/checkpoint_epoch_13_iter_1397.pt
[31m===========================================================================[0m
2024-07-30 12:48:11 - [32m[1mINFO   [0m - Training epoch 14
2024-07-30 12:48:13 - [34m[1mLOGS   [0m - Epoch:  14 [    1398/10000000], loss: {'classification': 1.0849, 'neural_augmentation': 0.335, 'total_loss': 1.4199}, LR: [1.8e-05, 1.8e-05], Avg. batch load time: 1.774, Elapsed time:  1.99
2024-07-30 12:48:32 - [34m[1mLOGS   [0m - *** Training summary for epoch 14
	 loss={'classification': 1.1245, 'neural_augmentation': 0.3244, 'total_loss': 1.4489}
2024-07-30 12:48:42 - [34m[1mLOGS   [0m - *** Validation summary for epoch 14
	 loss={'classification': 0.4475, 'neural_augmentation': 0.0, 'total_loss': 0.4475} || top1={'logits': 90.7095} || top5={'logits': 98.4955}
2024-07-30 12:48:43 - [34m[1mLOGS   [0m - Last training checkpoint is saved at: /ML-A100/team/mm/models/catlip_data/catlip_vit_base/food172/train/training_checkpoint_last.pt
2024-07-30 12:48:44 - [34m[1mLOGS   [0m - Last checkpoint's model state is saved at: /ML-A100/team/mm/models/catlip_data/catlip_vit_base/food172/train/checkpoint_last.pt
2024-07-30 12:48:47 - [34m[1mLOGS   [0m - Training checkpoint for epoch 14/iteration 1493 is saved at: /ML-A100/team/mm/models/catlip_data/catlip_vit_base/food172/train/training_checkpoint_epoch_14_iter_1493.pt
2024-07-30 12:48:47 - [34m[1mLOGS   [0m - Model state for epoch 14/iteration 1493 is saved at: /ML-A100/team/mm/models/catlip_data/catlip_vit_base/food172/train/checkpoint_epoch_14_iter_1493.pt
[31m===========================================================================[0m
2024-07-30 12:48:49 - [32m[1mINFO   [0m - Training epoch 15
2024-07-30 12:48:52 - [34m[1mLOGS   [0m - Epoch:  15 [    1494/10000000], loss: {'classification': 1.1181, 'neural_augmentation': 0.366, 'total_loss': 1.484}, LR: [1.7e-05, 1.7e-05], Avg. batch load time: 2.302, Elapsed time:  2.58
2024-07-30 12:49:14 - [34m[1mLOGS   [0m - *** Training summary for epoch 15
	 loss={'classification': 1.1046, 'neural_augmentation': 0.3492, 'total_loss': 1.4538}
2024-07-30 12:49:24 - [34m[1mLOGS   [0m - *** Validation summary for epoch 15
	 loss={'classification': 0.4363, 'neural_augmentation': 0.0, 'total_loss': 0.4363} || top1={'logits': 90.9324} || top5={'logits': 98.455}
2024-07-30 12:49:25 - [34m[1mLOGS   [0m - Best checkpoint with score 90.93 saved at /ML-A100/team/mm/models/catlip_data/catlip_vit_base/food172/train/checkpoint_best.pt
2024-07-30 12:49:25 - [34m[1mLOGS   [0m - Deleting checkpoint: /ML-A100/team/mm/models/catlip_data/catlip_vit_base/food172/train/checkpoint_score_89.5698.pt
2024-07-30 12:49:25 - [34m[1mLOGS   [0m - Averaging checkpoints: ['checkpoint_score_90.3311.pt', 'checkpoint_score_90.5878.pt', 'checkpoint_score_90.6351.pt', 'checkpoint_score_90.7410.pt', 'checkpoint_score_90.9324.pt']
2024-07-30 12:49:28 - [34m[1mLOGS   [0m - Averaged checkpoint saved at: /ML-A100/team/mm/models/catlip_data/catlip_vit_base/food172/train/checkpoint_avg.pt
2024-07-30 12:49:29 - [34m[1mLOGS   [0m - Last training checkpoint is saved at: /ML-A100/team/mm/models/catlip_data/catlip_vit_base/food172/train/training_checkpoint_last.pt
2024-07-30 12:49:30 - [34m[1mLOGS   [0m - Last checkpoint's model state is saved at: /ML-A100/team/mm/models/catlip_data/catlip_vit_base/food172/train/checkpoint_last.pt
2024-07-30 12:49:32 - [34m[1mLOGS   [0m - Training checkpoint for epoch 15/iteration 1603 is saved at: /ML-A100/team/mm/models/catlip_data/catlip_vit_base/food172/train/training_checkpoint_epoch_15_iter_1603.pt
2024-07-30 12:49:32 - [34m[1mLOGS   [0m - Model state for epoch 15/iteration 1603 is saved at: /ML-A100/team/mm/models/catlip_data/catlip_vit_base/food172/train/checkpoint_epoch_15_iter_1603.pt
[31m===========================================================================[0m
2024-07-30 12:49:34 - [32m[1mINFO   [0m - Training epoch 16
2024-07-30 12:49:35 - [34m[1mLOGS   [0m - Epoch:  16 [    1604/10000000], loss: {'classification': 1.0734, 'neural_augmentation': 0.3615, 'total_loss': 1.4349}, LR: [1.5e-05, 1.5e-05], Avg. batch load time: 1.141, Elapsed time:  1.37
2024-07-30 12:49:55 - [34m[1mLOGS   [0m - *** Training summary for epoch 16
	 loss={'classification': 1.0885, 'neural_augmentation': 0.3767, 'total_loss': 1.4653}
2024-07-30 12:50:05 - [34m[1mLOGS   [0m - *** Validation summary for epoch 16
	 loss={'classification': 0.4358, 'neural_augmentation': 0.0, 'total_loss': 0.4358} || top1={'logits': 91.259} || top5={'logits': 98.5721}
2024-07-30 12:50:06 - [34m[1mLOGS   [0m - Best checkpoint with score 91.26 saved at /ML-A100/team/mm/models/catlip_data/catlip_vit_base/food172/train/checkpoint_best.pt
2024-07-30 12:50:06 - [34m[1mLOGS   [0m - Deleting checkpoint: /ML-A100/team/mm/models/catlip_data/catlip_vit_base/food172/train/checkpoint_score_90.3311.pt
2024-07-30 12:50:06 - [34m[1mLOGS   [0m - Averaging checkpoints: ['checkpoint_score_90.5878.pt', 'checkpoint_score_90.6351.pt', 'checkpoint_score_90.7410.pt', 'checkpoint_score_90.9324.pt', 'checkpoint_score_91.2590.pt']
2024-07-30 12:50:09 - [34m[1mLOGS   [0m - Averaged checkpoint saved at: /ML-A100/team/mm/models/catlip_data/catlip_vit_base/food172/train/checkpoint_avg.pt
2024-07-30 12:50:11 - [34m[1mLOGS   [0m - Last training checkpoint is saved at: /ML-A100/team/mm/models/catlip_data/catlip_vit_base/food172/train/training_checkpoint_last.pt
2024-07-30 12:50:11 - [34m[1mLOGS   [0m - Last checkpoint's model state is saved at: /ML-A100/team/mm/models/catlip_data/catlip_vit_base/food172/train/checkpoint_last.pt
2024-07-30 12:50:13 - [34m[1mLOGS   [0m - Training checkpoint for epoch 16/iteration 1701 is saved at: /ML-A100/team/mm/models/catlip_data/catlip_vit_base/food172/train/training_checkpoint_epoch_16_iter_1701.pt
2024-07-30 12:50:13 - [34m[1mLOGS   [0m - Model state for epoch 16/iteration 1701 is saved at: /ML-A100/team/mm/models/catlip_data/catlip_vit_base/food172/train/checkpoint_epoch_16_iter_1701.pt
[31m===========================================================================[0m
2024-07-30 12:50:15 - [32m[1mINFO   [0m - Training epoch 17
2024-07-30 12:50:16 - [34m[1mLOGS   [0m - Epoch:  17 [    1702/10000000], loss: {'classification': 0.9915, 'neural_augmentation': 0.4004, 'total_loss': 1.3919}, LR: [1.4e-05, 1.4e-05], Avg. batch load time: 0.961, Elapsed time:  1.18
2024-07-30 12:50:35 - [34m[1mLOGS   [0m - *** Training summary for epoch 17
	 loss={'classification': 1.0821, 'neural_augmentation': 0.4066, 'total_loss': 1.4887}
2024-07-30 12:50:45 - [34m[1mLOGS   [0m - *** Validation summary for epoch 17
	 loss={'classification': 0.4348, 'neural_augmentation': 0.0, 'total_loss': 0.4348} || top1={'logits': 91.4144} || top5={'logits': 98.5608}
2024-07-30 12:50:46 - [34m[1mLOGS   [0m - Best checkpoint with score 91.41 saved at /ML-A100/team/mm/models/catlip_data/catlip_vit_base/food172/train/checkpoint_best.pt
2024-07-30 12:50:46 - [34m[1mLOGS   [0m - Deleting checkpoint: /ML-A100/team/mm/models/catlip_data/catlip_vit_base/food172/train/checkpoint_score_90.5878.pt
2024-07-30 12:50:46 - [34m[1mLOGS   [0m - Averaging checkpoints: ['checkpoint_score_90.6351.pt', 'checkpoint_score_90.7410.pt', 'checkpoint_score_90.9324.pt', 'checkpoint_score_91.2590.pt', 'checkpoint_score_91.4144.pt']
2024-07-30 12:50:50 - [34m[1mLOGS   [0m - Averaged checkpoint saved at: /ML-A100/team/mm/models/catlip_data/catlip_vit_base/food172/train/checkpoint_avg.pt
2024-07-30 12:50:51 - [34m[1mLOGS   [0m - Last training checkpoint is saved at: /ML-A100/team/mm/models/catlip_data/catlip_vit_base/food172/train/training_checkpoint_last.pt
2024-07-30 12:50:51 - [34m[1mLOGS   [0m - Last checkpoint's model state is saved at: /ML-A100/team/mm/models/catlip_data/catlip_vit_base/food172/train/checkpoint_last.pt
2024-07-30 12:50:53 - [34m[1mLOGS   [0m - Training checkpoint for epoch 17/iteration 1789 is saved at: /ML-A100/team/mm/models/catlip_data/catlip_vit_base/food172/train/training_checkpoint_epoch_17_iter_1789.pt
2024-07-30 12:50:54 - [34m[1mLOGS   [0m - Model state for epoch 17/iteration 1789 is saved at: /ML-A100/team/mm/models/catlip_data/catlip_vit_base/food172/train/checkpoint_epoch_17_iter_1789.pt
[31m===========================================================================[0m
2024-07-30 12:50:56 - [32m[1mINFO   [0m - Training epoch 18
2024-07-30 12:50:58 - [34m[1mLOGS   [0m - Epoch:  18 [    1790/10000000], loss: {'classification': 1.0785, 'neural_augmentation': 0.4398, 'total_loss': 1.5182}, LR: [1.2e-05, 1.2e-05], Avg. batch load time: 1.640, Elapsed time:  1.86
2024-07-30 12:51:18 - [34m[1mLOGS   [0m - *** Training summary for epoch 18
	 loss={'classification': 1.0578, 'neural_augmentation': 0.439, 'total_loss': 1.4967}
2024-07-30 12:51:28 - [34m[1mLOGS   [0m - *** Validation summary for epoch 18
	 loss={'classification': 0.4327, 'neural_augmentation': 0.0, 'total_loss': 0.4327} || top1={'logits': 91.4527} || top5={'logits': 98.6194}
2024-07-30 12:51:29 - [34m[1mLOGS   [0m - Best checkpoint with score 91.45 saved at /ML-A100/team/mm/models/catlip_data/catlip_vit_base/food172/train/checkpoint_best.pt
2024-07-30 12:51:29 - [34m[1mLOGS   [0m - Deleting checkpoint: /ML-A100/team/mm/models/catlip_data/catlip_vit_base/food172/train/checkpoint_score_90.6351.pt
2024-07-30 12:51:29 - [34m[1mLOGS   [0m - Averaging checkpoints: ['checkpoint_score_90.7410.pt', 'checkpoint_score_90.9324.pt', 'checkpoint_score_91.2590.pt', 'checkpoint_score_91.4144.pt', 'checkpoint_score_91.4527.pt']
2024-07-30 12:51:34 - [34m[1mLOGS   [0m - Averaged checkpoint saved at: /ML-A100/team/mm/models/catlip_data/catlip_vit_base/food172/train/checkpoint_avg.pt
2024-07-30 12:51:35 - [34m[1mLOGS   [0m - Last training checkpoint is saved at: /ML-A100/team/mm/models/catlip_data/catlip_vit_base/food172/train/training_checkpoint_last.pt
2024-07-30 12:51:35 - [34m[1mLOGS   [0m - Last checkpoint's model state is saved at: /ML-A100/team/mm/models/catlip_data/catlip_vit_base/food172/train/checkpoint_last.pt
2024-07-30 12:51:37 - [34m[1mLOGS   [0m - Training checkpoint for epoch 18/iteration 1888 is saved at: /ML-A100/team/mm/models/catlip_data/catlip_vit_base/food172/train/training_checkpoint_epoch_18_iter_1888.pt
2024-07-30 12:51:37 - [34m[1mLOGS   [0m - Model state for epoch 18/iteration 1888 is saved at: /ML-A100/team/mm/models/catlip_data/catlip_vit_base/food172/train/checkpoint_epoch_18_iter_1888.pt
[31m===========================================================================[0m
2024-07-30 12:51:39 - [32m[1mINFO   [0m - Training epoch 19
2024-07-30 12:51:41 - [34m[1mLOGS   [0m - Epoch:  19 [    1889/10000000], loss: {'classification': 1.0342, 'neural_augmentation': 0.479, 'total_loss': 1.5132}, LR: [1.1e-05, 1.1e-05], Avg. batch load time: 1.329, Elapsed time:  1.56
2024-07-30 12:52:01 - [34m[1mLOGS   [0m - *** Training summary for epoch 19
	 loss={'classification': 1.058, 'neural_augmentation': 0.4747, 'total_loss': 1.5327}
2024-07-30 12:52:11 - [34m[1mLOGS   [0m - *** Validation summary for epoch 19
	 loss={'classification': 0.4245, 'neural_augmentation': 0.0, 'total_loss': 0.4245} || top1={'logits': 91.5428} || top5={'logits': 98.6194}
2024-07-30 12:52:11 - [34m[1mLOGS   [0m - Best checkpoint with score 91.54 saved at /ML-A100/team/mm/models/catlip_data/catlip_vit_base/food172/train/checkpoint_best.pt
2024-07-30 12:52:12 - [34m[1mLOGS   [0m - Deleting checkpoint: /ML-A100/team/mm/models/catlip_data/catlip_vit_base/food172/train/checkpoint_score_90.7410.pt
2024-07-30 12:52:12 - [34m[1mLOGS   [0m - Averaging checkpoints: ['checkpoint_score_90.9324.pt', 'checkpoint_score_91.2590.pt', 'checkpoint_score_91.4144.pt', 'checkpoint_score_91.4527.pt', 'checkpoint_score_91.5428.pt']
2024-07-30 12:52:17 - [34m[1mLOGS   [0m - Averaged checkpoint saved at: /ML-A100/team/mm/models/catlip_data/catlip_vit_base/food172/train/checkpoint_avg.pt
2024-07-30 12:52:18 - [34m[1mLOGS   [0m - Last training checkpoint is saved at: /ML-A100/team/mm/models/catlip_data/catlip_vit_base/food172/train/training_checkpoint_last.pt
2024-07-30 12:52:18 - [34m[1mLOGS   [0m - Last checkpoint's model state is saved at: /ML-A100/team/mm/models/catlip_data/catlip_vit_base/food172/train/checkpoint_last.pt
2024-07-30 12:52:20 - [34m[1mLOGS   [0m - Training checkpoint for epoch 19/iteration 1987 is saved at: /ML-A100/team/mm/models/catlip_data/catlip_vit_base/food172/train/training_checkpoint_epoch_19_iter_1987.pt
2024-07-30 12:52:21 - [34m[1mLOGS   [0m - Model state for epoch 19/iteration 1987 is saved at: /ML-A100/team/mm/models/catlip_data/catlip_vit_base/food172/train/checkpoint_epoch_19_iter_1987.pt
[31m===========================================================================[0m
2024-07-30 12:52:23 - [32m[1mINFO   [0m - Training epoch 20
2024-07-30 12:52:25 - [34m[1mLOGS   [0m - Epoch:  20 [    1988/10000000], loss: {'classification': 1.0144, 'neural_augmentation': 0.5135, 'total_loss': 1.5279}, LR: [1e-05, 1e-05], Avg. batch load time: 1.485, Elapsed time:  1.70
2024-07-30 12:52:44 - [34m[1mLOGS   [0m - *** Training summary for epoch 20
	 loss={'classification': 1.0469, 'neural_augmentation': 0.5083, 'total_loss': 1.5551}
2024-07-30 12:52:54 - [34m[1mLOGS   [0m - *** Validation summary for epoch 20
	 loss={'classification': 0.416, 'neural_augmentation': 0.0, 'total_loss': 0.416} || top1={'logits': 91.9279} || top5={'logits': 98.6644}
2024-07-30 12:52:54 - [34m[1mLOGS   [0m - Best checkpoint with score 91.93 saved at /ML-A100/team/mm/models/catlip_data/catlip_vit_base/food172/train/checkpoint_best.pt
2024-07-30 12:52:55 - [34m[1mLOGS   [0m - Deleting checkpoint: /ML-A100/team/mm/models/catlip_data/catlip_vit_base/food172/train/checkpoint_score_90.9324.pt
2024-07-30 12:52:55 - [34m[1mLOGS   [0m - Averaging checkpoints: ['checkpoint_score_91.2590.pt', 'checkpoint_score_91.4144.pt', 'checkpoint_score_91.4527.pt', 'checkpoint_score_91.5428.pt', 'checkpoint_score_91.9279.pt']
2024-07-30 12:52:57 - [34m[1mLOGS   [0m - Averaged checkpoint saved at: /ML-A100/team/mm/models/catlip_data/catlip_vit_base/food172/train/checkpoint_avg.pt
2024-07-30 12:52:59 - [34m[1mLOGS   [0m - Last training checkpoint is saved at: /ML-A100/team/mm/models/catlip_data/catlip_vit_base/food172/train/training_checkpoint_last.pt
2024-07-30 12:52:59 - [34m[1mLOGS   [0m - Last checkpoint's model state is saved at: /ML-A100/team/mm/models/catlip_data/catlip_vit_base/food172/train/checkpoint_last.pt
2024-07-30 12:53:00 - [34m[1mLOGS   [0m - Training checkpoint for epoch 20/iteration 2085 is saved at: /ML-A100/team/mm/models/catlip_data/catlip_vit_base/food172/train/training_checkpoint_epoch_20_iter_2085.pt
2024-07-30 12:53:00 - [34m[1mLOGS   [0m - Model state for epoch 20/iteration 2085 is saved at: /ML-A100/team/mm/models/catlip_data/catlip_vit_base/food172/train/checkpoint_epoch_20_iter_2085.pt
[31m===========================================================================[0m
2024-07-30 12:53:02 - [32m[1mINFO   [0m - Training epoch 21
2024-07-30 12:53:03 - [34m[1mLOGS   [0m - Epoch:  21 [    2086/10000000], loss: {'classification': 1.04, 'neural_augmentation': 0.5189, 'total_loss': 1.559}, LR: [9e-06, 9e-06], Avg. batch load time: 0.672, Elapsed time:  0.90
2024-07-30 12:53:24 - [34m[1mLOGS   [0m - *** Training summary for epoch 21
	 loss={'classification': 1.0369, 'neural_augmentation': 0.5425, 'total_loss': 1.5794}
2024-07-30 12:53:34 - [34m[1mLOGS   [0m - *** Validation summary for epoch 21
	 loss={'classification': 0.4274, 'neural_augmentation': 0.0, 'total_loss': 0.4274} || top1={'logits': 91.5766} || top5={'logits': 98.5878}
2024-07-30 12:53:35 - [34m[1mLOGS   [0m - Last training checkpoint is saved at: /ML-A100/team/mm/models/catlip_data/catlip_vit_base/food172/train/training_checkpoint_last.pt
2024-07-30 12:53:35 - [34m[1mLOGS   [0m - Last checkpoint's model state is saved at: /ML-A100/team/mm/models/catlip_data/catlip_vit_base/food172/train/checkpoint_last.pt
2024-07-30 12:53:36 - [34m[1mLOGS   [0m - Training checkpoint for epoch 21/iteration 2187 is saved at: /ML-A100/team/mm/models/catlip_data/catlip_vit_base/food172/train/training_checkpoint_epoch_21_iter_2187.pt
2024-07-30 12:53:36 - [34m[1mLOGS   [0m - Model state for epoch 21/iteration 2187 is saved at: /ML-A100/team/mm/models/catlip_data/catlip_vit_base/food172/train/checkpoint_epoch_21_iter_2187.pt
[31m===========================================================================[0m
2024-07-30 12:53:38 - [32m[1mINFO   [0m - Training epoch 22
2024-07-30 12:53:42 - [34m[1mLOGS   [0m - Epoch:  22 [    2188/10000000], loss: {'classification': 1.0664, 'neural_augmentation': 0.5723, 'total_loss': 1.6387}, LR: [7e-06, 7e-06], Avg. batch load time: 3.076, Elapsed time:  3.31
2024-07-30 12:54:02 - [34m[1mLOGS   [0m - *** Training summary for epoch 22
	 loss={'classification': 1.0234, 'neural_augmentation': 0.5757, 'total_loss': 1.5992}
2024-07-30 12:54:12 - [34m[1mLOGS   [0m - *** Validation summary for epoch 22
	 loss={'classification': 0.4201, 'neural_augmentation': 0.0, 'total_loss': 0.4201} || top1={'logits': 91.8784} || top5={'logits': 98.6712}
2024-07-30 12:54:13 - [34m[1mLOGS   [0m - Last training checkpoint is saved at: /ML-A100/team/mm/models/catlip_data/catlip_vit_base/food172/train/training_checkpoint_last.pt
2024-07-30 12:54:13 - [34m[1mLOGS   [0m - Last checkpoint's model state is saved at: /ML-A100/team/mm/models/catlip_data/catlip_vit_base/food172/train/checkpoint_last.pt
2024-07-30 12:54:14 - [34m[1mLOGS   [0m - Training checkpoint for epoch 22/iteration 2287 is saved at: /ML-A100/team/mm/models/catlip_data/catlip_vit_base/food172/train/training_checkpoint_epoch_22_iter_2287.pt
2024-07-30 12:54:14 - [34m[1mLOGS   [0m - Model state for epoch 22/iteration 2287 is saved at: /ML-A100/team/mm/models/catlip_data/catlip_vit_base/food172/train/checkpoint_epoch_22_iter_2287.pt
[31m===========================================================================[0m
2024-07-30 12:54:16 - [32m[1mINFO   [0m - Training epoch 23
2024-07-30 12:54:17 - [34m[1mLOGS   [0m - Epoch:  23 [    2288/10000000], loss: {'classification': 1.0021, 'neural_augmentation': 0.6134, 'total_loss': 1.6155}, LR: [6e-06, 6e-06], Avg. batch load time: 0.714, Elapsed time:  0.93
2024-07-30 12:54:38 - [34m[1mLOGS   [0m - *** Training summary for epoch 23
	 loss={'classification': 1.0217, 'neural_augmentation': 0.6073, 'total_loss': 1.629}
2024-07-30 12:54:48 - [34m[1mLOGS   [0m - *** Validation summary for epoch 23
	 loss={'classification': 0.4234, 'neural_augmentation': 0.0, 'total_loss': 0.4234} || top1={'logits': 91.9662} || top5={'logits': 98.6847}
2024-07-30 12:54:48 - [34m[1mLOGS   [0m - Best checkpoint with score 91.97 saved at /ML-A100/team/mm/models/catlip_data/catlip_vit_base/food172/train/checkpoint_best.pt
2024-07-30 12:54:48 - [34m[1mLOGS   [0m - Deleting checkpoint: /ML-A100/team/mm/models/catlip_data/catlip_vit_base/food172/train/checkpoint_score_91.2590.pt
2024-07-30 12:54:48 - [34m[1mLOGS   [0m - Averaging checkpoints: ['checkpoint_score_91.4144.pt', 'checkpoint_score_91.4527.pt', 'checkpoint_score_91.5428.pt', 'checkpoint_score_91.9279.pt', 'checkpoint_score_91.9662.pt']
2024-07-30 12:54:52 - [34m[1mLOGS   [0m - Averaged checkpoint saved at: /ML-A100/team/mm/models/catlip_data/catlip_vit_base/food172/train/checkpoint_avg.pt
2024-07-30 12:54:53 - [34m[1mLOGS   [0m - Last training checkpoint is saved at: /ML-A100/team/mm/models/catlip_data/catlip_vit_base/food172/train/training_checkpoint_last.pt
2024-07-30 12:54:53 - [34m[1mLOGS   [0m - Last checkpoint's model state is saved at: /ML-A100/team/mm/models/catlip_data/catlip_vit_base/food172/train/checkpoint_last.pt
2024-07-30 12:54:54 - [34m[1mLOGS   [0m - Training checkpoint for epoch 23/iteration 2381 is saved at: /ML-A100/team/mm/models/catlip_data/catlip_vit_base/food172/train/training_checkpoint_epoch_23_iter_2381.pt
2024-07-30 12:54:54 - [34m[1mLOGS   [0m - Model state for epoch 23/iteration 2381 is saved at: /ML-A100/team/mm/models/catlip_data/catlip_vit_base/food172/train/checkpoint_epoch_23_iter_2381.pt
[31m===========================================================================[0m
2024-07-30 12:54:56 - [32m[1mINFO   [0m - Training epoch 24
2024-07-30 12:54:58 - [34m[1mLOGS   [0m - Epoch:  24 [    2382/10000000], loss: {'classification': 1.0001, 'neural_augmentation': 0.6313, 'total_loss': 1.6314}, LR: [6e-06, 6e-06], Avg. batch load time: 1.606, Elapsed time:  1.84
2024-07-30 12:55:19 - [34m[1mLOGS   [0m - *** Training summary for epoch 24
	 loss={'classification': 1.0172, 'neural_augmentation': 0.6358, 'total_loss': 1.6531}
2024-07-30 12:55:29 - [34m[1mLOGS   [0m - *** Validation summary for epoch 24
	 loss={'classification': 0.4214, 'neural_augmentation': 0.0, 'total_loss': 0.4214} || top1={'logits': 91.982} || top5={'logits': 98.6532}
2024-07-30 12:55:30 - [34m[1mLOGS   [0m - Best checkpoint with score 91.98 saved at /ML-A100/team/mm/models/catlip_data/catlip_vit_base/food172/train/checkpoint_best.pt
2024-07-30 12:55:30 - [34m[1mLOGS   [0m - Deleting checkpoint: /ML-A100/team/mm/models/catlip_data/catlip_vit_base/food172/train/checkpoint_score_91.4144.pt
2024-07-30 12:55:30 - [34m[1mLOGS   [0m - Averaging checkpoints: ['checkpoint_score_91.4527.pt', 'checkpoint_score_91.5428.pt', 'checkpoint_score_91.9279.pt', 'checkpoint_score_91.9662.pt', 'checkpoint_score_91.9820.pt']
2024-07-30 12:55:32 - [34m[1mLOGS   [0m - Averaged checkpoint saved at: /ML-A100/team/mm/models/catlip_data/catlip_vit_base/food172/train/checkpoint_avg.pt
2024-07-30 12:55:34 - [34m[1mLOGS   [0m - Last training checkpoint is saved at: /ML-A100/team/mm/models/catlip_data/catlip_vit_base/food172/train/training_checkpoint_last.pt
2024-07-30 12:55:34 - [34m[1mLOGS   [0m - Last checkpoint's model state is saved at: /ML-A100/team/mm/models/catlip_data/catlip_vit_base/food172/train/checkpoint_last.pt
2024-07-30 12:55:35 - [34m[1mLOGS   [0m - Training checkpoint for epoch 24/iteration 2487 is saved at: /ML-A100/team/mm/models/catlip_data/catlip_vit_base/food172/train/training_checkpoint_epoch_24_iter_2487.pt
2024-07-30 12:55:35 - [34m[1mLOGS   [0m - Model state for epoch 24/iteration 2487 is saved at: /ML-A100/team/mm/models/catlip_data/catlip_vit_base/food172/train/checkpoint_epoch_24_iter_2487.pt
[31m===========================================================================[0m
2024-07-30 12:55:37 - [32m[1mINFO   [0m - Training epoch 25
2024-07-30 12:55:38 - [34m[1mLOGS   [0m - Epoch:  25 [    2488/10000000], loss: {'classification': 0.9372, 'neural_augmentation': 0.6718, 'total_loss': 1.609}, LR: [5e-06, 5e-06], Avg. batch load time: 1.000, Elapsed time:  1.21
2024-07-30 12:56:00 - [34m[1mLOGS   [0m - *** Training summary for epoch 25
	 loss={'classification': 1.0114, 'neural_augmentation': 0.6635, 'total_loss': 1.6749}
2024-07-30 12:56:10 - [34m[1mLOGS   [0m - *** Validation summary for epoch 25
	 loss={'classification': 0.4278, 'neural_augmentation': 0.0, 'total_loss': 0.4278} || top1={'logits': 92.1194} || top5={'logits': 98.7005}
2024-07-30 12:56:11 - [34m[1mLOGS   [0m - Best checkpoint with score 92.12 saved at /ML-A100/team/mm/models/catlip_data/catlip_vit_base/food172/train/checkpoint_best.pt
2024-07-30 12:56:11 - [34m[1mLOGS   [0m - Deleting checkpoint: /ML-A100/team/mm/models/catlip_data/catlip_vit_base/food172/train/checkpoint_score_91.4527.pt
2024-07-30 12:56:11 - [34m[1mLOGS   [0m - Averaging checkpoints: ['checkpoint_score_91.5428.pt', 'checkpoint_score_91.9279.pt', 'checkpoint_score_91.9662.pt', 'checkpoint_score_91.9820.pt', 'checkpoint_score_92.1194.pt']
2024-07-30 12:56:12 - [34m[1mLOGS   [0m - Averaged checkpoint saved at: /ML-A100/team/mm/models/catlip_data/catlip_vit_base/food172/train/checkpoint_avg.pt
2024-07-30 12:56:15 - [34m[1mLOGS   [0m - Last training checkpoint is saved at: /ML-A100/team/mm/models/catlip_data/catlip_vit_base/food172/train/training_checkpoint_last.pt
2024-07-30 12:56:15 - [34m[1mLOGS   [0m - Last checkpoint's model state is saved at: /ML-A100/team/mm/models/catlip_data/catlip_vit_base/food172/train/checkpoint_last.pt
2024-07-30 12:56:16 - [34m[1mLOGS   [0m - Training checkpoint for epoch 25/iteration 2589 is saved at: /ML-A100/team/mm/models/catlip_data/catlip_vit_base/food172/train/training_checkpoint_epoch_25_iter_2589.pt
2024-07-30 12:56:16 - [34m[1mLOGS   [0m - Model state for epoch 25/iteration 2589 is saved at: /ML-A100/team/mm/models/catlip_data/catlip_vit_base/food172/train/checkpoint_epoch_25_iter_2589.pt
[31m===========================================================================[0m
2024-07-30 12:56:18 - [32m[1mINFO   [0m - Training epoch 26
2024-07-30 12:56:20 - [34m[1mLOGS   [0m - Epoch:  26 [    2590/10000000], loss: {'classification': 0.9793, 'neural_augmentation': 0.677, 'total_loss': 1.6564}, LR: [4e-06, 4e-06], Avg. batch load time: 1.424, Elapsed time:  1.65
2024-07-30 12:56:42 - [34m[1mLOGS   [0m - *** Training summary for epoch 26
	 loss={'classification': 1.0015, 'neural_augmentation': 0.687, 'total_loss': 1.6884}
2024-07-30 12:56:51 - [34m[1mLOGS   [0m - *** Validation summary for epoch 26
	 loss={'classification': 0.4171, 'neural_augmentation': 0.0, 'total_loss': 0.4171} || top1={'logits': 92.1712} || top5={'logits': 98.723}
2024-07-30 12:56:52 - [34m[1mLOGS   [0m - Best checkpoint with score 92.17 saved at /ML-A100/team/mm/models/catlip_data/catlip_vit_base/food172/train/checkpoint_best.pt
2024-07-30 12:56:52 - [34m[1mLOGS   [0m - Deleting checkpoint: /ML-A100/team/mm/models/catlip_data/catlip_vit_base/food172/train/checkpoint_score_91.5428.pt
2024-07-30 12:56:52 - [34m[1mLOGS   [0m - Averaging checkpoints: ['checkpoint_score_91.9279.pt', 'checkpoint_score_91.9662.pt', 'checkpoint_score_91.9820.pt', 'checkpoint_score_92.1194.pt', 'checkpoint_score_92.1712.pt']
2024-07-30 12:56:55 - [34m[1mLOGS   [0m - Averaged checkpoint saved at: /ML-A100/team/mm/models/catlip_data/catlip_vit_base/food172/train/checkpoint_avg.pt
2024-07-30 12:56:56 - [34m[1mLOGS   [0m - Last training checkpoint is saved at: /ML-A100/team/mm/models/catlip_data/catlip_vit_base/food172/train/training_checkpoint_last.pt
2024-07-30 12:56:56 - [34m[1mLOGS   [0m - Last checkpoint's model state is saved at: /ML-A100/team/mm/models/catlip_data/catlip_vit_base/food172/train/checkpoint_last.pt
2024-07-30 12:56:57 - [34m[1mLOGS   [0m - Training checkpoint for epoch 26/iteration 2697 is saved at: /ML-A100/team/mm/models/catlip_data/catlip_vit_base/food172/train/training_checkpoint_epoch_26_iter_2697.pt
2024-07-30 12:56:58 - [34m[1mLOGS   [0m - Model state for epoch 26/iteration 2697 is saved at: /ML-A100/team/mm/models/catlip_data/catlip_vit_base/food172/train/checkpoint_epoch_26_iter_2697.pt
[31m===========================================================================[0m
2024-07-30 12:57:00 - [32m[1mINFO   [0m - Training epoch 27
2024-07-30 12:57:02 - [34m[1mLOGS   [0m - Epoch:  27 [    2698/10000000], loss: {'classification': 1.0199, 'neural_augmentation': 0.6982, 'total_loss': 1.7181}, LR: [4e-06, 4e-06], Avg. batch load time: 2.511, Elapsed time:  2.75
2024-07-30 12:57:21 - [34m[1mLOGS   [0m - *** Training summary for epoch 27
	 loss={'classification': 1.0058, 'neural_augmentation': 0.7056, 'total_loss': 1.7114}
2024-07-30 12:57:31 - [34m[1mLOGS   [0m - *** Validation summary for epoch 27
	 loss={'classification': 0.4209, 'neural_augmentation': 0.0, 'total_loss': 0.4209} || top1={'logits': 92.1622} || top5={'logits': 98.6847}
2024-07-30 12:57:32 - [34m[1mLOGS   [0m - Last training checkpoint is saved at: /ML-A100/team/mm/models/catlip_data/catlip_vit_base/food172/train/training_checkpoint_last.pt
2024-07-30 12:57:32 - [34m[1mLOGS   [0m - Last checkpoint's model state is saved at: /ML-A100/team/mm/models/catlip_data/catlip_vit_base/food172/train/checkpoint_last.pt
2024-07-30 12:57:33 - [34m[1mLOGS   [0m - Training checkpoint for epoch 27/iteration 2790 is saved at: /ML-A100/team/mm/models/catlip_data/catlip_vit_base/food172/train/training_checkpoint_epoch_27_iter_2790.pt
2024-07-30 12:57:33 - [34m[1mLOGS   [0m - Model state for epoch 27/iteration 2790 is saved at: /ML-A100/team/mm/models/catlip_data/catlip_vit_base/food172/train/checkpoint_epoch_27_iter_2790.pt
[31m===========================================================================[0m
2024-07-30 12:57:35 - [32m[1mINFO   [0m - Training epoch 28
2024-07-30 12:57:36 - [34m[1mLOGS   [0m - Epoch:  28 [    2791/10000000], loss: {'classification': 1.0134, 'neural_augmentation': 0.7242, 'total_loss': 1.7376}, LR: [3e-06, 3e-06], Avg. batch load time: 1.105, Elapsed time:  1.33
2024-07-30 12:57:59 - [34m[1mLOGS   [0m - *** Training summary for epoch 28
	 loss={'classification': 0.9923, 'neural_augmentation': 0.7209, 'total_loss': 1.7132}
2024-07-30 12:58:09 - [34m[1mLOGS   [0m - *** Validation summary for epoch 28
	 loss={'classification': 0.4263, 'neural_augmentation': 0.0, 'total_loss': 0.4263} || top1={'logits': 92.0676} || top5={'logits': 98.6779}
2024-07-30 12:58:10 - [34m[1mLOGS   [0m - Last training checkpoint is saved at: /ML-A100/team/mm/models/catlip_data/catlip_vit_base/food172/train/training_checkpoint_last.pt
2024-07-30 12:58:10 - [34m[1mLOGS   [0m - Last checkpoint's model state is saved at: /ML-A100/team/mm/models/catlip_data/catlip_vit_base/food172/train/checkpoint_last.pt
2024-07-30 12:58:11 - [34m[1mLOGS   [0m - Training checkpoint for epoch 28/iteration 2894 is saved at: /ML-A100/team/mm/models/catlip_data/catlip_vit_base/food172/train/training_checkpoint_epoch_28_iter_2894.pt
2024-07-30 12:58:11 - [34m[1mLOGS   [0m - Model state for epoch 28/iteration 2894 is saved at: /ML-A100/team/mm/models/catlip_data/catlip_vit_base/food172/train/checkpoint_epoch_28_iter_2894.pt
[31m===========================================================================[0m
2024-07-30 12:58:13 - [32m[1mINFO   [0m - Training epoch 29
2024-07-30 12:58:16 - [34m[1mLOGS   [0m - Epoch:  29 [    2895/10000000], loss: {'classification': 0.9805, 'neural_augmentation': 0.746, 'total_loss': 1.7265}, LR: [3e-06, 3e-06], Avg. batch load time: 2.399, Elapsed time:  2.63
2024-07-30 12:59:05 - [34m[1mLOGS   [0m - *** Training summary for epoch 29
	 loss={'classification': 0.994, 'neural_augmentation': 0.7323, 'total_loss': 1.7263}
2024-07-30 12:59:22 - [34m[1mLOGS   [0m - *** Validation summary for epoch 29
	 loss={'classification': 0.4194, 'neural_augmentation': 0.0, 'total_loss': 0.4194} || top1={'logits': 92.1374} || top5={'logits': 98.7252}
2024-07-30 12:59:25 - [34m[1mLOGS   [0m - Last training checkpoint is saved at: /ML-A100/team/mm/models/catlip_data/catlip_vit_base/food172/train/training_checkpoint_last.pt
2024-07-30 12:59:26 - [34m[1mLOGS   [0m - Last checkpoint's model state is saved at: /ML-A100/team/mm/models/catlip_data/catlip_vit_base/food172/train/checkpoint_last.pt
2024-07-30 12:59:26 - [34m[1mLOGS   [0m - Training checkpoint for epoch 29/iteration 3004 is saved at: /ML-A100/team/mm/models/catlip_data/catlip_vit_base/food172/train/training_checkpoint_epoch_29_iter_3004.pt
2024-07-30 12:59:27 - [34m[1mLOGS   [0m - Model state for epoch 29/iteration 3004 is saved at: /ML-A100/team/mm/models/catlip_data/catlip_vit_base/food172/train/checkpoint_epoch_29_iter_3004.pt
2024-07-30 12:59:27 - [34m[1mLOGS   [0m - Training took 00:26:15.71
