nohup: ignoring input
2024-07-29 07:27:14 - [93m[1mDEBUG   [0m - Cannot load internal arguments, skipping.
2024-07-29 07:27:19 - [34m[1mLOGS   [0m - Pretrained weights are loaded from /ML-A100/team/mm/models/catlip_data/results_vit_base/train/checkpoint_epoch_9_iter_79045.pt
2024-07-29 07:27:19 - [32m[1mINFO   [0m - Trainable parameters: ['cls_token', 'neural_augmentor.brightness._low', 'neural_augmentor.brightness._high', 'neural_augmentor.contrast._low', 'neural_augmentor.contrast._high', 'neural_augmentor.noise._low', 'neural_augmentor.noise._high', 'patch_emb.0.block.conv.weight', 'patch_emb.0.block.norm.weight', 'patch_emb.0.block.norm.bias', 'patch_emb.1.block.conv.weight', 'patch_emb.1.block.norm.weight', 'patch_emb.1.block.norm.bias', 'patch_emb.2.block.conv.weight', 'patch_emb.2.block.conv.bias', 'post_transformer_norm.weight', 'post_transformer_norm.bias', 'transformer.0.pre_norm_mha.0.weight', 'transformer.0.pre_norm_mha.0.bias', 'transformer.0.pre_norm_mha.1.qkv_proj.weight', 'transformer.0.pre_norm_mha.1.qkv_proj.bias', 'transformer.0.pre_norm_mha.1.out_proj_attn.weight', 'transformer.0.pre_norm_mha.1.out_proj_attn.bias', 'transformer.0.pre_norm_ffn.0.weight', 'transformer.0.pre_norm_ffn.0.bias', 'transformer.0.pre_norm_ffn.1.weight', 'transformer.0.pre_norm_ffn.1.bias', 'transformer.0.pre_norm_ffn.4.weight', 'transformer.0.pre_norm_ffn.4.bias', 'transformer.1.pre_norm_mha.0.weight', 'transformer.1.pre_norm_mha.0.bias', 'transformer.1.pre_norm_mha.1.qkv_proj.weight', 'transformer.1.pre_norm_mha.1.qkv_proj.bias', 'transformer.1.pre_norm_mha.1.out_proj_attn.weight', 'transformer.1.pre_norm_mha.1.out_proj_attn.bias', 'transformer.1.pre_norm_ffn.0.weight', 'transformer.1.pre_norm_ffn.0.bias', 'transformer.1.pre_norm_ffn.1.weight', 'transformer.1.pre_norm_ffn.1.bias', 'transformer.1.pre_norm_ffn.4.weight', 'transformer.1.pre_norm_ffn.4.bias', 'transformer.2.pre_norm_mha.0.weight', 'transformer.2.pre_norm_mha.0.bias', 'transformer.2.pre_norm_mha.1.qkv_proj.weight', 'transformer.2.pre_norm_mha.1.qkv_proj.bias', 'transformer.2.pre_norm_mha.1.out_proj_attn.weight', 'transformer.2.pre_norm_mha.1.out_proj_attn.bias', 'transformer.2.pre_norm_ffn.0.weight', 'transformer.2.pre_norm_ffn.0.bias', 'transformer.2.pre_norm_ffn.1.weight', 'transformer.2.pre_norm_ffn.1.bias', 'transformer.2.pre_norm_ffn.4.weight', 'transformer.2.pre_norm_ffn.4.bias', 'transformer.3.pre_norm_mha.0.weight', 'transformer.3.pre_norm_mha.0.bias', 'transformer.3.pre_norm_mha.1.qkv_proj.weight', 'transformer.3.pre_norm_mha.1.qkv_proj.bias', 'transformer.3.pre_norm_mha.1.out_proj_attn.weight', 'transformer.3.pre_norm_mha.1.out_proj_attn.bias', 'transformer.3.pre_norm_ffn.0.weight', 'transformer.3.pre_norm_ffn.0.bias', 'transformer.3.pre_norm_ffn.1.weight', 'transformer.3.pre_norm_ffn.1.bias', 'transformer.3.pre_norm_ffn.4.weight', 'transformer.3.pre_norm_ffn.4.bias', 'transformer.4.pre_norm_mha.0.weight', 'transformer.4.pre_norm_mha.0.bias', 'transformer.4.pre_norm_mha.1.qkv_proj.weight', 'transformer.4.pre_norm_mha.1.qkv_proj.bias', 'transformer.4.pre_norm_mha.1.out_proj_attn.weight', 'transformer.4.pre_norm_mha.1.out_proj_attn.bias', 'transformer.4.pre_norm_ffn.0.weight', 'transformer.4.pre_norm_ffn.0.bias', 'transformer.4.pre_norm_ffn.1.weight', 'transformer.4.pre_norm_ffn.1.bias', 'transformer.4.pre_norm_ffn.4.weight', 'transformer.4.pre_norm_ffn.4.bias', 'transformer.5.pre_norm_mha.0.weight', 'transformer.5.pre_norm_mha.0.bias', 'transformer.5.pre_norm_mha.1.qkv_proj.weight', 'transformer.5.pre_norm_mha.1.qkv_proj.bias', 'transformer.5.pre_norm_mha.1.out_proj_attn.weight', 'transformer.5.pre_norm_mha.1.out_proj_attn.bias', 'transformer.5.pre_norm_ffn.0.weight', 'transformer.5.pre_norm_ffn.0.bias', 'transformer.5.pre_norm_ffn.1.weight', 'transformer.5.pre_norm_ffn.1.bias', 'transformer.5.pre_norm_ffn.4.weight', 'transformer.5.pre_norm_ffn.4.bias', 'transformer.6.pre_norm_mha.0.weight', 'transformer.6.pre_norm_mha.0.bias', 'transformer.6.pre_norm_mha.1.qkv_proj.weight', 'transformer.6.pre_norm_mha.1.qkv_proj.bias', 'transformer.6.pre_norm_mha.1.out_proj_attn.weight', 'transformer.6.pre_norm_mha.1.out_proj_attn.bias', 'transformer.6.pre_norm_ffn.0.weight', 'transformer.6.pre_norm_ffn.0.bias', 'transformer.6.pre_norm_ffn.1.weight', 'transformer.6.pre_norm_ffn.1.bias', 'transformer.6.pre_norm_ffn.4.weight', 'transformer.6.pre_norm_ffn.4.bias', 'transformer.7.pre_norm_mha.0.weight', 'transformer.7.pre_norm_mha.0.bias', 'transformer.7.pre_norm_mha.1.qkv_proj.weight', 'transformer.7.pre_norm_mha.1.qkv_proj.bias', 'transformer.7.pre_norm_mha.1.out_proj_attn.weight', 'transformer.7.pre_norm_mha.1.out_proj_attn.bias', 'transformer.7.pre_norm_ffn.0.weight', 'transformer.7.pre_norm_ffn.0.bias', 'transformer.7.pre_norm_ffn.1.weight', 'transformer.7.pre_norm_ffn.1.bias', 'transformer.7.pre_norm_ffn.4.weight', 'transformer.7.pre_norm_ffn.4.bias', 'transformer.8.pre_norm_mha.0.weight', 'transformer.8.pre_norm_mha.0.bias', 'transformer.8.pre_norm_mha.1.qkv_proj.weight', 'transformer.8.pre_norm_mha.1.qkv_proj.bias', 'transformer.8.pre_norm_mha.1.out_proj_attn.weight', 'transformer.8.pre_norm_mha.1.out_proj_attn.bias', 'transformer.8.pre_norm_ffn.0.weight', 'transformer.8.pre_norm_ffn.0.bias', 'transformer.8.pre_norm_ffn.1.weight', 'transformer.8.pre_norm_ffn.1.bias', 'transformer.8.pre_norm_ffn.4.weight', 'transformer.8.pre_norm_ffn.4.bias', 'transformer.9.pre_norm_mha.0.weight', 'transformer.9.pre_norm_mha.0.bias', 'transformer.9.pre_norm_mha.1.qkv_proj.weight', 'transformer.9.pre_norm_mha.1.qkv_proj.bias', 'transformer.9.pre_norm_mha.1.out_proj_attn.weight', 'transformer.9.pre_norm_mha.1.out_proj_attn.bias', 'transformer.9.pre_norm_ffn.0.weight', 'transformer.9.pre_norm_ffn.0.bias', 'transformer.9.pre_norm_ffn.1.weight', 'transformer.9.pre_norm_ffn.1.bias', 'transformer.9.pre_norm_ffn.4.weight', 'transformer.9.pre_norm_ffn.4.bias', 'transformer.10.pre_norm_mha.0.weight', 'transformer.10.pre_norm_mha.0.bias', 'transformer.10.pre_norm_mha.1.qkv_proj.weight', 'transformer.10.pre_norm_mha.1.qkv_proj.bias', 'transformer.10.pre_norm_mha.1.out_proj_attn.weight', 'transformer.10.pre_norm_mha.1.out_proj_attn.bias', 'transformer.10.pre_norm_ffn.0.weight', 'transformer.10.pre_norm_ffn.0.bias', 'transformer.10.pre_norm_ffn.1.weight', 'transformer.10.pre_norm_ffn.1.bias', 'transformer.10.pre_norm_ffn.4.weight', 'transformer.10.pre_norm_ffn.4.bias', 'transformer.11.pre_norm_mha.0.weight', 'transformer.11.pre_norm_mha.0.bias', 'transformer.11.pre_norm_mha.1.qkv_proj.weight', 'transformer.11.pre_norm_mha.1.qkv_proj.bias', 'transformer.11.pre_norm_mha.1.out_proj_attn.weight', 'transformer.11.pre_norm_mha.1.out_proj_attn.bias', 'transformer.11.pre_norm_ffn.0.weight', 'transformer.11.pre_norm_ffn.0.bias', 'transformer.11.pre_norm_ffn.1.weight', 'transformer.11.pre_norm_ffn.1.bias', 'transformer.11.pre_norm_ffn.4.weight', 'transformer.11.pre_norm_ffn.4.bias', 'classifier.weight', 'classifier.bias', 'pos_embed.pos_embed.pos_embed']
2024-07-29 07:27:19 - [34m[1mLOGS   [0m - [36mModel[0m
VisionTransformer(
  (neural_augmentor): DistributionNeuralAugmentor(
  	Brightness=UniformSampler(min_fn=Clip(min=0.1, max=0.9, clipping=soft), max_fn=Clip(min=1.1, max=10.0, clipping=soft)), 
  	Contrast=UniformSampler(min_fn=Clip(min=0.1, max=0.9, clipping=soft), max_fn=Clip(min=1.1, max=10.0, clipping=soft)), 
  	Noise=UniformSampler(min_fn=Clip(min=0.0, max=5e-05, clipping=soft), max_fn=Clip(min=0.0001, max=1.0, clipping=soft)), )
  (patch_emb): Sequential(
    (0): Conv2d(3, 192, kernel_size=(4, 4), stride=(4, 4), padding=(1, 1), bias=False, normalization=BatchNorm2d, activation=GELU)
    (1): Conv2d(192, 192, kernel_size=(2, 2), stride=(2, 2), bias=False, normalization=BatchNorm2d, activation=GELU)
    (2): Conv2d(192, 768, kernel_size=(2, 2), stride=(2, 2))
  )
  (post_transformer_norm): LayerNormFP32((768,), eps=1e-06, elementwise_affine=True)
  (transformer): Sequential(
    (0): FlashTransformerEncoder
    (1): FlashTransformerEncoder
    (2): FlashTransformerEncoder
    (3): FlashTransformerEncoder
    (4): FlashTransformerEncoder
    (5): FlashTransformerEncoder
    (6): FlashTransformerEncoder
    (7): FlashTransformerEncoder
    (8): FlashTransformerEncoder
    (9): FlashTransformerEncoder
    (10): FlashTransformerEncoder
    (11): FlashTransformerEncoder
  )
  (classifier): LinearLayer(in_features=768, out_features=101, bias=True, channel_first=False)
  (pos_embed): LearnablePositionalEmbedding(num_embeddings=196, embedding_dim=768, padding_idx=None, sequence_first=False)
  (emb_dropout): Dropout(p=0.0, inplace=False)
)
[31m=================================================================[0m
                  VisionTransformer Summary
[31m=================================================================[0m
Total parameters     =   86.033 M
Total trainable parameters =   86.033 M

2024-07-29 07:27:19 - [34m[1mLOGS   [0m - FVCore Analysis:
2024-07-29 07:27:19 - [34m[1mLOGS   [0m - Input sizes: [1, 3, 224, 224]
| module                               | #parameters or shape   | #flops     |
|:-------------------------------------|:-----------------------|:-----------|
| model                                | 86.033M                | 17.013G    |
|  cls_token                           |  (1, 1, 768)           |            |
|  neural_augmentor                    |  6                     |            |
|   neural_augmentor.brightness        |   2                    |            |
|    neural_augmentor.brightness._low  |    ()                  |            |
|    neural_augmentor.brightness._high |    ()                  |            |
|   neural_augmentor.contrast          |   2                    |            |
|    neural_augmentor.contrast._low    |    ()                  |            |
|    neural_augmentor.contrast._high   |    ()                  |            |
|   neural_augmentor.noise             |   2                    |            |
|    neural_augmentor.noise._low       |    ()                  |            |
|    neural_augmentor.noise._high      |    ()                  |            |
|  patch_emb                           |  0.748M                |  0.262G    |
|   patch_emb.0.block                  |   9.6K                 |   30.106M  |
|    patch_emb.0.block.conv            |    9.216K              |    28.901M |
|    patch_emb.0.block.norm            |    0.384K              |    1.204M  |
|   patch_emb.1.block                  |   0.148M               |   0.116G   |
|    patch_emb.1.block.conv            |    0.147M              |    0.116G  |
|    patch_emb.1.block.norm            |    0.384K              |    0.301M  |
|   patch_emb.2.block.conv             |   0.591M               |   0.116G   |
|    patch_emb.2.block.conv.weight     |    (768, 192, 2, 2)    |            |
|    patch_emb.2.block.conv.bias       |    (768,)              |            |
|  post_transformer_norm               |  1.536K                |  0.756M    |
|   post_transformer_norm.weight       |   (768,)               |            |
|   post_transformer_norm.bias         |   (768,)               |            |
|  transformer                         |  85.054M               |  16.75G    |
|   transformer.0                      |   7.088M               |   1.396G   |
|    transformer.0.pre_norm_mha        |    2.364M              |    0.466G  |
|    transformer.0.pre_norm_ffn        |    4.724M              |    0.93G   |
|   transformer.1                      |   7.088M               |   1.396G   |
|    transformer.1.pre_norm_mha        |    2.364M              |    0.466G  |
|    transformer.1.pre_norm_ffn        |    4.724M              |    0.93G   |
|   transformer.2                      |   7.088M               |   1.396G   |
|    transformer.2.pre_norm_mha        |    2.364M              |    0.466G  |
|    transformer.2.pre_norm_ffn        |    4.724M              |    0.93G   |
|   transformer.3                      |   7.088M               |   1.396G   |
|    transformer.3.pre_norm_mha        |    2.364M              |    0.466G  |
|    transformer.3.pre_norm_ffn        |    4.724M              |    0.93G   |
|   transformer.4                      |   7.088M               |   1.396G   |
|    transformer.4.pre_norm_mha        |    2.364M              |    0.466G  |
|    transformer.4.pre_norm_ffn        |    4.724M              |    0.93G   |
|   transformer.5                      |   7.088M               |   1.396G   |
|    transformer.5.pre_norm_mha        |    2.364M              |    0.466G  |
|    transformer.5.pre_norm_ffn        |    4.724M              |    0.93G   |
|   transformer.6                      |   7.088M               |   1.396G   |
|    transformer.6.pre_norm_mha        |    2.364M              |    0.466G  |
|    transformer.6.pre_norm_ffn        |    4.724M              |    0.93G   |
|   transformer.7                      |   7.088M               |   1.396G   |
|    transformer.7.pre_norm_mha        |    2.364M              |    0.466G  |
|    transformer.7.pre_norm_ffn        |    4.724M              |    0.93G   |
|   transformer.8                      |   7.088M               |   1.396G   |
|    transformer.8.pre_norm_mha        |    2.364M              |    0.466G  |
|    transformer.8.pre_norm_ffn        |    4.724M              |    0.93G   |
|   transformer.9                      |   7.088M               |   1.396G   |
|    transformer.9.pre_norm_mha        |    2.364M              |    0.466G  |
|    transformer.9.pre_norm_ffn        |    4.724M              |    0.93G   |
|   transformer.10                     |   7.088M               |   1.396G   |
|    transformer.10.pre_norm_mha       |    2.364M              |    0.466G  |
|    transformer.10.pre_norm_ffn       |    4.724M              |    0.93G   |
|   transformer.11                     |   7.088M               |   1.396G   |
|    transformer.11.pre_norm_mha       |    2.364M              |    0.466G  |
|    transformer.11.pre_norm_ffn       |    4.724M              |    0.93G   |
|  classifier                          |  77.669K               |  77.568K   |
|   classifier.weight                  |   (101, 768)           |            |
|   classifier.bias                    |   (101,)               |            |
|  pos_embed.pos_embed                 |  0.151M                |  0         |
|   pos_embed.pos_embed.pos_embed      |   (1, 1, 196, 768)     |            |
2024-07-29 07:27:20 - [33m[1mWARNING[0m - 
** Please be cautious when using the results in papers. Certain operations may or may not be accounted in FLOP computation in FVCore. Therefore, you want to manually ensure that FLOP computation is correct.
2024-07-29 07:27:20 - [33m[1mWARNING[0m - Uncalled Modules:
{'neural_augmentor.brightness.min_fn', 'neural_augmentor.contrast', 'transformer.3.drop_path', 'transformer.2.drop_path', 'neural_augmentor.brightness', 'transformer.0.drop_path', 'neural_augmentor.noise', 'neural_augmentor.noise.max_fn', 'transformer.11.drop_path', 'transformer.10.drop_path', 'transformer.6.drop_path', 'neural_augmentor', 'transformer.1.drop_path', 'transformer.5.drop_path', 'neural_augmentor.contrast.min_fn', 'neural_augmentor.noise.min_fn', 'neural_augmentor.brightness.max_fn', 'transformer.8.drop_path', 'transformer.4.drop_path', 'transformer.7.drop_path', 'neural_augmentor.contrast.max_fn', 'transformer.9.drop_path'}
2024-07-29 07:27:20 - [33m[1mWARNING[0m - Unsupported Ops:
Counter({'aten::add': 25, 'aten::gelu': 14, 'aten::scaled_dot_product_attention': 12, 'aten::sub': 1})
[31m=================================================================[0m
2024-07-29 07:27:20 - [34m[1mLOGS   [0m - Random seeds are set to 0
2024-07-29 07:27:20 - [34m[1mLOGS   [0m - Using PyTorch version 2.2.1+cu121
2024-07-29 07:27:20 - [34m[1mLOGS   [0m - Available GPUs: 4
2024-07-29 07:27:20 - [34m[1mLOGS   [0m - CUDNN is enabled
2024-07-29 07:27:20 - [34m[1mLOGS   [0m - Setting --ddp.world-size the same as the number of available gpus.
2024-07-29 07:27:20 - [34m[1mLOGS   [0m - Directory created at: /ML-A100/team/mm/models/catlip_data/results_vit_base/9_food101/train
2024-07-29 07:27:23 - [32m[1mINFO   [0m - distributed init (rank 1): tcp://localhost:30006
2024-07-29 07:27:24 - [32m[1mINFO   [0m - distributed init (rank 3): tcp://localhost:30006
2024-07-29 07:27:23 - [32m[1mINFO   [0m - distributed init (rank 0): tcp://localhost:30006
2024-07-29 07:27:26 - [34m[1mLOGS   [0m - Number of categories: 101
2024-07-29 07:27:26 - [34m[1mLOGS   [0m - Total number of samples: 75750
2024-07-29 07:27:26 - [34m[1mLOGS   [0m - Using all samples in the dataset.
2024-07-29 07:27:26 - [34m[1mLOGS   [0m - Training dataset details are given below
ImageNetDataset(
	root=/ML-A100/team/mm/models/food101/food101/train_images 
	is_training=True 
	num_samples=75750
	transforms=Compose(
			RandomResizedCrop(scale=(0.08, 1.0), ratio=(0.75, 1.3333333333333333), size=(224, 224), interpolation=bilinear), 
			RandomHorizontalFlip(p=0.5), 
			ToTensor(dtype=torch.float32, norm_factor=255)
		)
	 num_classes=101
)
2024-07-29 07:27:27 - [34m[1mLOGS   [0m - Number of categories: 101
2024-07-29 07:27:27 - [34m[1mLOGS   [0m - Total number of samples: 25250
2024-07-29 07:27:27 - [34m[1mLOGS   [0m - Using all samples in the dataset.
2024-07-29 07:27:27 - [34m[1mLOGS   [0m - Validation dataset details are given below
ImageNetDataset(
	root=/ML-A100/team/mm/models/food101/food101/test_images 
	is_training=False 
	num_samples=25250
	transforms=Compose(
			Resize(size=232, interpolation=bilinear, maintain_aspect_ratio=True), 
			CenterCrop(size=(h=224, w=224)), 
			ToTensor(dtype=torch.float32, norm_factor=255)
		)
	 num_classes=101
)
2024-07-29 07:27:27 - [34m[1mLOGS   [0m - Training sampler details: VariableBatchSamplerDDP(
	 num_repeat=1
	 trunc_rep_aug=False
	 sharding=False
	 disable_shuffle_sharding=False
	 base_im_size=(h=224, w=224)
	 base_batch_size=128
	 scales=[(128, 128, 392), (160, 160, 250), (192, 192, 174), (224, 224, 128), (256, 256, 98), (288, 288, 77), (320, 320, 62)]
	 scale_inc=False
	 min_scale_inc_factor=1.0
	 max_scale_inc_factor=1.0
	 ep_intervals=[40]
)
2024-07-29 07:27:27 - [34m[1mLOGS   [0m - Validation sampler details: VariableBatchSamplerDDP(
	 num_repeat=1
	 trunc_rep_aug=False
	 sharding=False
	 disable_shuffle_sharding=False
	 base_im_size=(h=224, w=224)
	 base_batch_size=100
	 scales=[(224, 224, 100)]
	 scale_inc=False
	 min_scale_inc_factor=1.0
	 max_scale_inc_factor=1.0
	 ep_intervals=[40]
)
2024-07-29 07:27:27 - [34m[1mLOGS   [0m - Number of data workers: 64
2024-07-29 07:27:30 - [34m[1mLOGS   [0m - Pretrained weights are loaded from /ML-A100/team/mm/models/catlip_data/results_vit_base/train/checkpoint_epoch_9_iter_79045.pt
2024-07-29 07:27:30 - [32m[1mINFO   [0m - Trainable parameters: ['cls_token', 'neural_augmentor.brightness._low', 'neural_augmentor.brightness._high', 'neural_augmentor.contrast._low', 'neural_augmentor.contrast._high', 'neural_augmentor.noise._low', 'neural_augmentor.noise._high', 'patch_emb.0.block.conv.weight', 'patch_emb.0.block.norm.weight', 'patch_emb.0.block.norm.bias', 'patch_emb.1.block.conv.weight', 'patch_emb.1.block.norm.weight', 'patch_emb.1.block.norm.bias', 'patch_emb.2.block.conv.weight', 'patch_emb.2.block.conv.bias', 'post_transformer_norm.weight', 'post_transformer_norm.bias', 'transformer.0.pre_norm_mha.0.weight', 'transformer.0.pre_norm_mha.0.bias', 'transformer.0.pre_norm_mha.1.qkv_proj.weight', 'transformer.0.pre_norm_mha.1.qkv_proj.bias', 'transformer.0.pre_norm_mha.1.out_proj_attn.weight', 'transformer.0.pre_norm_mha.1.out_proj_attn.bias', 'transformer.0.pre_norm_ffn.0.weight', 'transformer.0.pre_norm_ffn.0.bias', 'transformer.0.pre_norm_ffn.1.weight', 'transformer.0.pre_norm_ffn.1.bias', 'transformer.0.pre_norm_ffn.4.weight', 'transformer.0.pre_norm_ffn.4.bias', 'transformer.1.pre_norm_mha.0.weight', 'transformer.1.pre_norm_mha.0.bias', 'transformer.1.pre_norm_mha.1.qkv_proj.weight', 'transformer.1.pre_norm_mha.1.qkv_proj.bias', 'transformer.1.pre_norm_mha.1.out_proj_attn.weight', 'transformer.1.pre_norm_mha.1.out_proj_attn.bias', 'transformer.1.pre_norm_ffn.0.weight', 'transformer.1.pre_norm_ffn.0.bias', 'transformer.1.pre_norm_ffn.1.weight', 'transformer.1.pre_norm_ffn.1.bias', 'transformer.1.pre_norm_ffn.4.weight', 'transformer.1.pre_norm_ffn.4.bias', 'transformer.2.pre_norm_mha.0.weight', 'transformer.2.pre_norm_mha.0.bias', 'transformer.2.pre_norm_mha.1.qkv_proj.weight', 'transformer.2.pre_norm_mha.1.qkv_proj.bias', 'transformer.2.pre_norm_mha.1.out_proj_attn.weight', 'transformer.2.pre_norm_mha.1.out_proj_attn.bias', 'transformer.2.pre_norm_ffn.0.weight', 'transformer.2.pre_norm_ffn.0.bias', 'transformer.2.pre_norm_ffn.1.weight', 'transformer.2.pre_norm_ffn.1.bias', 'transformer.2.pre_norm_ffn.4.weight', 'transformer.2.pre_norm_ffn.4.bias', 'transformer.3.pre_norm_mha.0.weight', 'transformer.3.pre_norm_mha.0.bias', 'transformer.3.pre_norm_mha.1.qkv_proj.weight', 'transformer.3.pre_norm_mha.1.qkv_proj.bias', 'transformer.3.pre_norm_mha.1.out_proj_attn.weight', 'transformer.3.pre_norm_mha.1.out_proj_attn.bias', 'transformer.3.pre_norm_ffn.0.weight', 'transformer.3.pre_norm_ffn.0.bias', 'transformer.3.pre_norm_ffn.1.weight', 'transformer.3.pre_norm_ffn.1.bias', 'transformer.3.pre_norm_ffn.4.weight', 'transformer.3.pre_norm_ffn.4.bias', 'transformer.4.pre_norm_mha.0.weight', 'transformer.4.pre_norm_mha.0.bias', 'transformer.4.pre_norm_mha.1.qkv_proj.weight', 'transformer.4.pre_norm_mha.1.qkv_proj.bias', 'transformer.4.pre_norm_mha.1.out_proj_attn.weight', 'transformer.4.pre_norm_mha.1.out_proj_attn.bias', 'transformer.4.pre_norm_ffn.0.weight', 'transformer.4.pre_norm_ffn.0.bias', 'transformer.4.pre_norm_ffn.1.weight', 'transformer.4.pre_norm_ffn.1.bias', 'transformer.4.pre_norm_ffn.4.weight', 'transformer.4.pre_norm_ffn.4.bias', 'transformer.5.pre_norm_mha.0.weight', 'transformer.5.pre_norm_mha.0.bias', 'transformer.5.pre_norm_mha.1.qkv_proj.weight', 'transformer.5.pre_norm_mha.1.qkv_proj.bias', 'transformer.5.pre_norm_mha.1.out_proj_attn.weight', 'transformer.5.pre_norm_mha.1.out_proj_attn.bias', 'transformer.5.pre_norm_ffn.0.weight', 'transformer.5.pre_norm_ffn.0.bias', 'transformer.5.pre_norm_ffn.1.weight', 'transformer.5.pre_norm_ffn.1.bias', 'transformer.5.pre_norm_ffn.4.weight', 'transformer.5.pre_norm_ffn.4.bias', 'transformer.6.pre_norm_mha.0.weight', 'transformer.6.pre_norm_mha.0.bias', 'transformer.6.pre_norm_mha.1.qkv_proj.weight', 'transformer.6.pre_norm_mha.1.qkv_proj.bias', 'transformer.6.pre_norm_mha.1.out_proj_attn.weight', 'transformer.6.pre_norm_mha.1.out_proj_attn.bias', 'transformer.6.pre_norm_ffn.0.weight', 'transformer.6.pre_norm_ffn.0.bias', 'transformer.6.pre_norm_ffn.1.weight', 'transformer.6.pre_norm_ffn.1.bias', 'transformer.6.pre_norm_ffn.4.weight', 'transformer.6.pre_norm_ffn.4.bias', 'transformer.7.pre_norm_mha.0.weight', 'transformer.7.pre_norm_mha.0.bias', 'transformer.7.pre_norm_mha.1.qkv_proj.weight', 'transformer.7.pre_norm_mha.1.qkv_proj.bias', 'transformer.7.pre_norm_mha.1.out_proj_attn.weight', 'transformer.7.pre_norm_mha.1.out_proj_attn.bias', 'transformer.7.pre_norm_ffn.0.weight', 'transformer.7.pre_norm_ffn.0.bias', 'transformer.7.pre_norm_ffn.1.weight', 'transformer.7.pre_norm_ffn.1.bias', 'transformer.7.pre_norm_ffn.4.weight', 'transformer.7.pre_norm_ffn.4.bias', 'transformer.8.pre_norm_mha.0.weight', 'transformer.8.pre_norm_mha.0.bias', 'transformer.8.pre_norm_mha.1.qkv_proj.weight', 'transformer.8.pre_norm_mha.1.qkv_proj.bias', 'transformer.8.pre_norm_mha.1.out_proj_attn.weight', 'transformer.8.pre_norm_mha.1.out_proj_attn.bias', 'transformer.8.pre_norm_ffn.0.weight', 'transformer.8.pre_norm_ffn.0.bias', 'transformer.8.pre_norm_ffn.1.weight', 'transformer.8.pre_norm_ffn.1.bias', 'transformer.8.pre_norm_ffn.4.weight', 'transformer.8.pre_norm_ffn.4.bias', 'transformer.9.pre_norm_mha.0.weight', 'transformer.9.pre_norm_mha.0.bias', 'transformer.9.pre_norm_mha.1.qkv_proj.weight', 'transformer.9.pre_norm_mha.1.qkv_proj.bias', 'transformer.9.pre_norm_mha.1.out_proj_attn.weight', 'transformer.9.pre_norm_mha.1.out_proj_attn.bias', 'transformer.9.pre_norm_ffn.0.weight', 'transformer.9.pre_norm_ffn.0.bias', 'transformer.9.pre_norm_ffn.1.weight', 'transformer.9.pre_norm_ffn.1.bias', 'transformer.9.pre_norm_ffn.4.weight', 'transformer.9.pre_norm_ffn.4.bias', 'transformer.10.pre_norm_mha.0.weight', 'transformer.10.pre_norm_mha.0.bias', 'transformer.10.pre_norm_mha.1.qkv_proj.weight', 'transformer.10.pre_norm_mha.1.qkv_proj.bias', 'transformer.10.pre_norm_mha.1.out_proj_attn.weight', 'transformer.10.pre_norm_mha.1.out_proj_attn.bias', 'transformer.10.pre_norm_ffn.0.weight', 'transformer.10.pre_norm_ffn.0.bias', 'transformer.10.pre_norm_ffn.1.weight', 'transformer.10.pre_norm_ffn.1.bias', 'transformer.10.pre_norm_ffn.4.weight', 'transformer.10.pre_norm_ffn.4.bias', 'transformer.11.pre_norm_mha.0.weight', 'transformer.11.pre_norm_mha.0.bias', 'transformer.11.pre_norm_mha.1.qkv_proj.weight', 'transformer.11.pre_norm_mha.1.qkv_proj.bias', 'transformer.11.pre_norm_mha.1.out_proj_attn.weight', 'transformer.11.pre_norm_mha.1.out_proj_attn.bias', 'transformer.11.pre_norm_ffn.0.weight', 'transformer.11.pre_norm_ffn.0.bias', 'transformer.11.pre_norm_ffn.1.weight', 'transformer.11.pre_norm_ffn.1.bias', 'transformer.11.pre_norm_ffn.4.weight', 'transformer.11.pre_norm_ffn.4.bias', 'classifier.weight', 'classifier.bias', 'pos_embed.pos_embed.pos_embed']
2024-07-29 07:27:30 - [34m[1mLOGS   [0m - [36mModel[0m
VisionTransformer(
  (neural_augmentor): DistributionNeuralAugmentor(
  	Brightness=UniformSampler(min_fn=Clip(min=0.1, max=0.9, clipping=soft), max_fn=Clip(min=1.1, max=10.0, clipping=soft)), 
  	Contrast=UniformSampler(min_fn=Clip(min=0.1, max=0.9, clipping=soft), max_fn=Clip(min=1.1, max=10.0, clipping=soft)), 
  	Noise=UniformSampler(min_fn=Clip(min=0.0, max=5e-05, clipping=soft), max_fn=Clip(min=0.0001, max=1.0, clipping=soft)), )
  (patch_emb): Sequential(
    (0): Conv2d(3, 192, kernel_size=(4, 4), stride=(4, 4), padding=(1, 1), bias=False, normalization=BatchNorm2d, activation=GELU)
    (1): Conv2d(192, 192, kernel_size=(2, 2), stride=(2, 2), bias=False, normalization=BatchNorm2d, activation=GELU)
    (2): Conv2d(192, 768, kernel_size=(2, 2), stride=(2, 2))
  )
  (post_transformer_norm): LayerNormFP32((768,), eps=1e-06, elementwise_affine=True)
  (transformer): Sequential(
    (0): FlashTransformerEncoder
    (1): FlashTransformerEncoder
    (2): FlashTransformerEncoder
    (3): FlashTransformerEncoder
    (4): FlashTransformerEncoder
    (5): FlashTransformerEncoder
    (6): FlashTransformerEncoder
    (7): FlashTransformerEncoder
    (8): FlashTransformerEncoder
    (9): FlashTransformerEncoder
    (10): FlashTransformerEncoder
    (11): FlashTransformerEncoder
  )
  (classifier): LinearLayer(in_features=768, out_features=101, bias=True, channel_first=False)
  (pos_embed): LearnablePositionalEmbedding(num_embeddings=196, embedding_dim=768, padding_idx=None, sequence_first=False)
  (emb_dropout): Dropout(p=0.0, inplace=False)
)
[31m=================================================================[0m
                  VisionTransformer Summary
[31m=================================================================[0m
Total parameters     =   86.033 M
Total trainable parameters =   86.033 M

2024-07-29 07:27:30 - [34m[1mLOGS   [0m - FVCore Analysis:
2024-07-29 07:27:30 - [34m[1mLOGS   [0m - Input sizes: [1, 3, 224, 224]
| module                               | #parameters or shape   | #flops     |
|:-------------------------------------|:-----------------------|:-----------|
| model                                | 86.033M                | 17.013G    |
|  cls_token                           |  (1, 1, 768)           |            |
|  neural_augmentor                    |  6                     |            |
|   neural_augmentor.brightness        |   2                    |            |
|    neural_augmentor.brightness._low  |    ()                  |            |
|    neural_augmentor.brightness._high |    ()                  |            |
|   neural_augmentor.contrast          |   2                    |            |
|    neural_augmentor.contrast._low    |    ()                  |            |
|    neural_augmentor.contrast._high   |    ()                  |            |
|   neural_augmentor.noise             |   2                    |            |
|    neural_augmentor.noise._low       |    ()                  |            |
|    neural_augmentor.noise._high      |    ()                  |            |
|  patch_emb                           |  0.748M                |  0.262G    |
|   patch_emb.0.block                  |   9.6K                 |   30.106M  |
|    patch_emb.0.block.conv            |    9.216K              |    28.901M |
|    patch_emb.0.block.norm            |    0.384K              |    1.204M  |
|   patch_emb.1.block                  |   0.148M               |   0.116G   |
|    patch_emb.1.block.conv            |    0.147M              |    0.116G  |
|    patch_emb.1.block.norm            |    0.384K              |    0.301M  |
|   patch_emb.2.block.conv             |   0.591M               |   0.116G   |
|    patch_emb.2.block.conv.weight     |    (768, 192, 2, 2)    |            |
|    patch_emb.2.block.conv.bias       |    (768,)              |            |
|  post_transformer_norm               |  1.536K                |  0.756M    |
|   post_transformer_norm.weight       |   (768,)               |            |
|   post_transformer_norm.bias         |   (768,)               |            |
|  transformer                         |  85.054M               |  16.75G    |
|   transformer.0                      |   7.088M               |   1.396G   |
|    transformer.0.pre_norm_mha        |    2.364M              |    0.466G  |
|    transformer.0.pre_norm_ffn        |    4.724M              |    0.93G   |
|   transformer.1                      |   7.088M               |   1.396G   |
|    transformer.1.pre_norm_mha        |    2.364M              |    0.466G  |
|    transformer.1.pre_norm_ffn        |    4.724M              |    0.93G   |
|   transformer.2                      |   7.088M               |   1.396G   |
|    transformer.2.pre_norm_mha        |    2.364M              |    0.466G  |
|    transformer.2.pre_norm_ffn        |    4.724M              |    0.93G   |
|   transformer.3                      |   7.088M               |   1.396G   |
|    transformer.3.pre_norm_mha        |    2.364M              |    0.466G  |
|    transformer.3.pre_norm_ffn        |    4.724M              |    0.93G   |
|   transformer.4                      |   7.088M               |   1.396G   |
|    transformer.4.pre_norm_mha        |    2.364M              |    0.466G  |
|    transformer.4.pre_norm_ffn        |    4.724M              |    0.93G   |
|   transformer.5                      |   7.088M               |   1.396G   |
|    transformer.5.pre_norm_mha        |    2.364M              |    0.466G  |
|    transformer.5.pre_norm_ffn        |    4.724M              |    0.93G   |
|   transformer.6                      |   7.088M               |   1.396G   |
|    transformer.6.pre_norm_mha        |    2.364M              |    0.466G  |
|    transformer.6.pre_norm_ffn        |    4.724M              |    0.93G   |
|   transformer.7                      |   7.088M               |   1.396G   |
|    transformer.7.pre_norm_mha        |    2.364M              |    0.466G  |
|    transformer.7.pre_norm_ffn        |    4.724M              |    0.93G   |
|   transformer.8                      |   7.088M               |   1.396G   |
|    transformer.8.pre_norm_mha        |    2.364M              |    0.466G  |
|    transformer.8.pre_norm_ffn        |    4.724M              |    0.93G   |
|   transformer.9                      |   7.088M               |   1.396G   |
|    transformer.9.pre_norm_mha        |    2.364M              |    0.466G  |
|    transformer.9.pre_norm_ffn        |    4.724M              |    0.93G   |
|   transformer.10                     |   7.088M               |   1.396G   |
|    transformer.10.pre_norm_mha       |    2.364M              |    0.466G  |
|    transformer.10.pre_norm_ffn       |    4.724M              |    0.93G   |
|   transformer.11                     |   7.088M               |   1.396G   |
|    transformer.11.pre_norm_mha       |    2.364M              |    0.466G  |
|    transformer.11.pre_norm_ffn       |    4.724M              |    0.93G   |
|  classifier                          |  77.669K               |  77.568K   |
|   classifier.weight                  |   (101, 768)           |            |
|   classifier.bias                    |   (101,)               |            |
|  pos_embed.pos_embed                 |  0.151M                |  0         |
|   pos_embed.pos_embed.pos_embed      |   (1, 1, 196, 768)     |            |
2024-07-29 07:27:30 - [33m[1mWARNING[0m - 
** Please be cautious when using the results in papers. Certain operations may or may not be accounted in FLOP computation in FVCore. Therefore, you want to manually ensure that FLOP computation is correct.
2024-07-29 07:27:30 - [33m[1mWARNING[0m - Uncalled Modules:
{'transformer.7.drop_path', 'neural_augmentor.brightness.min_fn', 'transformer.5.drop_path', 'neural_augmentor.noise.min_fn', 'neural_augmentor.contrast.max_fn', 'transformer.6.drop_path', 'transformer.9.drop_path', 'neural_augmentor.brightness.max_fn', 'neural_augmentor.brightness', 'neural_augmentor.contrast', 'neural_augmentor.noise.max_fn', 'transformer.8.drop_path', 'transformer.0.drop_path', 'transformer.1.drop_path', 'neural_augmentor', 'transformer.2.drop_path', 'transformer.4.drop_path', 'neural_augmentor.contrast.min_fn', 'transformer.10.drop_path', 'neural_augmentor.noise', 'transformer.3.drop_path', 'transformer.11.drop_path'}
2024-07-29 07:27:30 - [33m[1mWARNING[0m - Unsupported Ops:
Counter({'aten::add': 25, 'aten::gelu': 14, 'aten::scaled_dot_product_attention': 12, 'aten::sub': 1})
[31m=================================================================[0m
2024-07-29 07:27:30 - [34m[1mLOGS   [0m - Using DistributedDataParallel.
2024-07-29 07:27:30 - [34m[1mLOGS   [0m - [36mLoss function[0m
CompositeLoss(
	CrossEntropy(  ignore_idx=-1  class_weighting=False  label_smoothing=0.1 loss_wt=1.0)
	NeuralAugmentation(  target_metric=psnr  target_value=[40, 20]  curriculum_learning=True  alpha=0.0015378700499807767 loss_wt=1.0)
	
)
2024-07-29 07:27:30 - [34m[1mLOGS   [0m - [36mOptimizer[0m
2024-07-29 07:27:30 - [34m[1mLOGS   [0m - Max. epochs for training: 30
2024-07-29 07:27:30 - [34m[1mLOGS   [0m - [36mLearning rate scheduler[0m
CosineScheduler(
 	 min_lr=5e-06
 	 max_lr=5e-05
 	 period=30
 	 warmup_init_lr=1e-06
 	 warmup_iters=500
 )
2024-07-29 07:27:30 - [34m[1mLOGS   [0m - No checkpoint found at '/ML-A100/team/mm/models/catlip_data/results_vit_base/9_food101/train/training_checkpoint_last.pt'
2024-07-29 07:27:30 - [32m[1mINFO   [0m - Configuration file is stored here: [36m/ML-A100/team/mm/models/catlip_data/results_vit_base/9_food101/train/config.yaml[0m
[31m===========================================================================[0m
2024-07-29 07:27:32 - [32m[1mINFO   [0m - Training epoch 0
2024-07-29 07:27:24 - [32m[1mINFO   [0m - distributed init (rank 2): tcp://localhost:30006
2024-07-29 07:30:19 - [34m[1mLOGS   [0m - Epoch:   0 [       1/10000000], loss: {'classification': 7.11, 'neural_augmentation': 0.2768, 'total_loss': 7.3868}, LR: [1e-06, 1e-06], Avg. batch load time: 162.318, Elapsed time: 166.47
2024-07-29 07:30:51 - [34m[1mLOGS   [0m - *** Training summary for epoch 0
	 loss={'classification': 5.1343, 'neural_augmentation': 0.2771, 'total_loss': 5.4115}
2024-07-29 07:33:39 - [34m[1mLOGS   [0m - *** Validation summary for epoch 0
	 loss={'classification': 1.3983, 'neural_augmentation': 0.0, 'total_loss': 1.3983} || top1={'logits': 69.6758} || top5={'logits': 86.4883}
2024-07-29 07:33:40 - [34m[1mLOGS   [0m - Best checkpoint with score 69.68 saved at /ML-A100/team/mm/models/catlip_data/results_vit_base/9_food101/train/checkpoint_best.pt
2024-07-29 07:33:41 - [34m[1mLOGS   [0m - Last training checkpoint is saved at: /ML-A100/team/mm/models/catlip_data/results_vit_base/9_food101/train/training_checkpoint_last.pt
2024-07-29 07:33:41 - [34m[1mLOGS   [0m - Last checkpoint's model state is saved at: /ML-A100/team/mm/models/catlip_data/results_vit_base/9_food101/train/checkpoint_last.pt
2024-07-29 07:33:45 - [34m[1mLOGS   [0m - Training checkpoint for epoch 0/iteration 115 is saved at: /ML-A100/team/mm/models/catlip_data/results_vit_base/9_food101/train/training_checkpoint_epoch_0_iter_115.pt
2024-07-29 07:33:45 - [34m[1mLOGS   [0m - Model state for epoch 0/iteration 115 is saved at: /ML-A100/team/mm/models/catlip_data/results_vit_base/9_food101/train/checkpoint_epoch_0_iter_115.pt
[31m===========================================================================[0m
2024-07-29 07:33:47 - [32m[1mINFO   [0m - Training epoch 1
2024-07-29 07:33:49 - [34m[1mLOGS   [0m - Epoch:   1 [     116/10000000], loss: {'classification': 2.3429, 'neural_augmentation': 0.2861, 'total_loss': 2.629}, LR: [1.2e-05, 1.2e-05], Avg. batch load time: 1.683, Elapsed time:  2.12
2024-07-29 07:34:23 - [34m[1mLOGS   [0m - *** Training summary for epoch 1
	 loss={'classification': 1.7848, 'neural_augmentation': 0.2789, 'total_loss': 2.0637}
2024-07-29 07:34:32 - [34m[1mLOGS   [0m - *** Validation summary for epoch 1
	 loss={'classification': 0.4269, 'neural_augmentation': 0.0, 'total_loss': 0.4269} || top1={'logits': 91.1992} || top5={'logits': 98.1758}
2024-07-29 07:34:32 - [34m[1mLOGS   [0m - Best checkpoint with score 91.20 saved at /ML-A100/team/mm/models/catlip_data/results_vit_base/9_food101/train/checkpoint_best.pt
2024-07-29 07:34:34 - [34m[1mLOGS   [0m - Last training checkpoint is saved at: /ML-A100/team/mm/models/catlip_data/results_vit_base/9_food101/train/training_checkpoint_last.pt
2024-07-29 07:34:34 - [34m[1mLOGS   [0m - Last checkpoint's model state is saved at: /ML-A100/team/mm/models/catlip_data/results_vit_base/9_food101/train/checkpoint_last.pt
2024-07-29 07:34:36 - [34m[1mLOGS   [0m - Training checkpoint for epoch 1/iteration 234 is saved at: /ML-A100/team/mm/models/catlip_data/results_vit_base/9_food101/train/training_checkpoint_epoch_1_iter_234.pt
2024-07-29 07:34:37 - [34m[1mLOGS   [0m - Model state for epoch 1/iteration 234 is saved at: /ML-A100/team/mm/models/catlip_data/results_vit_base/9_food101/train/checkpoint_epoch_1_iter_234.pt
[31m===========================================================================[0m
2024-07-29 07:34:39 - [32m[1mINFO   [0m - Training epoch 2
2024-07-29 07:34:40 - [34m[1mLOGS   [0m - Epoch:   2 [     235/10000000], loss: {'classification': 1.4297, 'neural_augmentation': 0.2852, 'total_loss': 1.7149}, LR: [2.4e-05, 2.4e-05], Avg. batch load time: 1.141, Elapsed time:  1.43
2024-07-29 07:35:14 - [34m[1mLOGS   [0m - *** Training summary for epoch 2
	 loss={'classification': 1.4617, 'neural_augmentation': 0.2735, 'total_loss': 1.7352}
2024-07-29 07:35:23 - [34m[1mLOGS   [0m - *** Validation summary for epoch 2
	 loss={'classification': 0.3846, 'neural_augmentation': 0.0, 'total_loss': 0.3846} || top1={'logits': 92.3984} || top5={'logits': 98.7695}
2024-07-29 07:35:24 - [34m[1mLOGS   [0m - Best checkpoint with score 92.40 saved at /ML-A100/team/mm/models/catlip_data/results_vit_base/9_food101/train/checkpoint_best.pt
2024-07-29 07:35:25 - [34m[1mLOGS   [0m - Last training checkpoint is saved at: /ML-A100/team/mm/models/catlip_data/results_vit_base/9_food101/train/training_checkpoint_last.pt
2024-07-29 07:35:25 - [34m[1mLOGS   [0m - Last checkpoint's model state is saved at: /ML-A100/team/mm/models/catlip_data/results_vit_base/9_food101/train/checkpoint_last.pt
2024-07-29 07:35:28 - [34m[1mLOGS   [0m - Training checkpoint for epoch 2/iteration 354 is saved at: /ML-A100/team/mm/models/catlip_data/results_vit_base/9_food101/train/training_checkpoint_epoch_2_iter_354.pt
2024-07-29 07:35:28 - [34m[1mLOGS   [0m - Model state for epoch 2/iteration 354 is saved at: /ML-A100/team/mm/models/catlip_data/results_vit_base/9_food101/train/checkpoint_epoch_2_iter_354.pt
[31m===========================================================================[0m
2024-07-29 07:35:30 - [32m[1mINFO   [0m - Training epoch 3
2024-07-29 07:35:32 - [34m[1mLOGS   [0m - Epoch:   3 [     355/10000000], loss: {'classification': 1.2548, 'neural_augmentation': 0.2992, 'total_loss': 1.554}, LR: [3.6e-05, 3.6e-05], Avg. batch load time: 0.963, Elapsed time:  1.25
2024-07-29 07:36:04 - [34m[1mLOGS   [0m - *** Training summary for epoch 3
	 loss={'classification': 1.3865, 'neural_augmentation': 0.2676, 'total_loss': 1.6541}
2024-07-29 07:36:13 - [34m[1mLOGS   [0m - *** Validation summary for epoch 3
	 loss={'classification': 0.371, 'neural_augmentation': 0.0, 'total_loss': 0.371} || top1={'logits': 92.9219} || top5={'logits': 98.8828}
2024-07-29 07:36:14 - [34m[1mLOGS   [0m - Best checkpoint with score 92.92 saved at /ML-A100/team/mm/models/catlip_data/results_vit_base/9_food101/train/checkpoint_best.pt
2024-07-29 07:36:15 - [34m[1mLOGS   [0m - Last training checkpoint is saved at: /ML-A100/team/mm/models/catlip_data/results_vit_base/9_food101/train/training_checkpoint_last.pt
2024-07-29 07:36:15 - [34m[1mLOGS   [0m - Last checkpoint's model state is saved at: /ML-A100/team/mm/models/catlip_data/results_vit_base/9_food101/train/checkpoint_last.pt
2024-07-29 07:36:17 - [34m[1mLOGS   [0m - Training checkpoint for epoch 3/iteration 465 is saved at: /ML-A100/team/mm/models/catlip_data/results_vit_base/9_food101/train/training_checkpoint_epoch_3_iter_465.pt
2024-07-29 07:36:18 - [34m[1mLOGS   [0m - Model state for epoch 3/iteration 465 is saved at: /ML-A100/team/mm/models/catlip_data/results_vit_base/9_food101/train/checkpoint_epoch_3_iter_465.pt
[31m===========================================================================[0m
2024-07-29 07:36:20 - [32m[1mINFO   [0m - Training epoch 4
2024-07-29 07:36:21 - [34m[1mLOGS   [0m - Epoch:   4 [     466/10000000], loss: {'classification': 1.2806, 'neural_augmentation': 0.2645, 'total_loss': 1.5451}, LR: [4.7e-05, 4.7e-05], Avg. batch load time: 0.756, Elapsed time:  1.04
2024-07-29 07:36:51 - [34m[1mLOGS   [0m - *** Training summary for epoch 4
	 loss={'classification': 1.3364, 'neural_augmentation': 0.2609, 'total_loss': 1.5973}
2024-07-29 07:37:00 - [34m[1mLOGS   [0m - *** Validation summary for epoch 4
	 loss={'classification': 0.3523, 'neural_augmentation': 0.0, 'total_loss': 0.3523} || top1={'logits': 93.1445} || top5={'logits': 98.9141}
2024-07-29 07:37:00 - [34m[1mLOGS   [0m - Best checkpoint with score 93.14 saved at /ML-A100/team/mm/models/catlip_data/results_vit_base/9_food101/train/checkpoint_best.pt
2024-07-29 07:37:02 - [34m[1mLOGS   [0m - Last training checkpoint is saved at: /ML-A100/team/mm/models/catlip_data/results_vit_base/9_food101/train/training_checkpoint_last.pt
2024-07-29 07:37:02 - [34m[1mLOGS   [0m - Last checkpoint's model state is saved at: /ML-A100/team/mm/models/catlip_data/results_vit_base/9_food101/train/checkpoint_last.pt
2024-07-29 07:37:04 - [34m[1mLOGS   [0m - Training checkpoint for epoch 4/iteration 568 is saved at: /ML-A100/team/mm/models/catlip_data/results_vit_base/9_food101/train/training_checkpoint_epoch_4_iter_568.pt
2024-07-29 07:37:04 - [34m[1mLOGS   [0m - Model state for epoch 4/iteration 568 is saved at: /ML-A100/team/mm/models/catlip_data/results_vit_base/9_food101/train/checkpoint_epoch_4_iter_568.pt
[31m===========================================================================[0m
2024-07-29 07:37:06 - [32m[1mINFO   [0m - Training epoch 5
2024-07-29 07:37:10 - [34m[1mLOGS   [0m - Epoch:   5 [     569/10000000], loss: {'classification': 1.3447, 'neural_augmentation': 0.248, 'total_loss': 1.5927}, LR: [4.7e-05, 4.7e-05], Avg. batch load time: 3.579, Elapsed time:  3.87
2024-07-29 07:37:43 - [34m[1mLOGS   [0m - *** Training summary for epoch 5
	 loss={'classification': 1.2776, 'neural_augmentation': 0.2562, 'total_loss': 1.5339}
2024-07-29 07:37:51 - [34m[1mLOGS   [0m - *** Validation summary for epoch 5
	 loss={'classification': 0.3447, 'neural_augmentation': 0.0, 'total_loss': 0.3447} || top1={'logits': 93.7695} || top5={'logits': 99.0312}
2024-07-29 07:37:52 - [34m[1mLOGS   [0m - Best checkpoint with score 93.77 saved at /ML-A100/team/mm/models/catlip_data/results_vit_base/9_food101/train/checkpoint_best.pt
2024-07-29 07:37:52 - [34m[1mLOGS   [0m - Deleting checkpoint: /ML-A100/team/mm/models/catlip_data/results_vit_base/9_food101/train/checkpoint_score_69.6758.pt
2024-07-29 07:37:52 - [34m[1mLOGS   [0m - Averaging checkpoints: ['checkpoint_score_91.1992.pt', 'checkpoint_score_92.3984.pt', 'checkpoint_score_92.9219.pt', 'checkpoint_score_93.1445.pt', 'checkpoint_score_93.7695.pt']
2024-07-29 07:37:59 - [34m[1mLOGS   [0m - Averaged checkpoint saved at: /ML-A100/team/mm/models/catlip_data/results_vit_base/9_food101/train/checkpoint_avg.pt
2024-07-29 07:38:00 - [34m[1mLOGS   [0m - Last training checkpoint is saved at: /ML-A100/team/mm/models/catlip_data/results_vit_base/9_food101/train/training_checkpoint_last.pt
2024-07-29 07:38:00 - [34m[1mLOGS   [0m - Last checkpoint's model state is saved at: /ML-A100/team/mm/models/catlip_data/results_vit_base/9_food101/train/checkpoint_last.pt
2024-07-29 07:38:01 - [34m[1mLOGS   [0m - Training checkpoint for epoch 5/iteration 684 is saved at: /ML-A100/team/mm/models/catlip_data/results_vit_base/9_food101/train/training_checkpoint_epoch_5_iter_684.pt
2024-07-29 07:38:01 - [34m[1mLOGS   [0m - Model state for epoch 5/iteration 684 is saved at: /ML-A100/team/mm/models/catlip_data/results_vit_base/9_food101/train/checkpoint_epoch_5_iter_684.pt
[31m===========================================================================[0m
2024-07-29 07:38:03 - [32m[1mINFO   [0m - Training epoch 6
2024-07-29 07:38:07 - [34m[1mLOGS   [0m - Epoch:   6 [     685/10000000], loss: {'classification': 1.3352, 'neural_augmentation': 0.2449, 'total_loss': 1.5801}, LR: [4.6e-05, 4.6e-05], Avg. batch load time: 3.636, Elapsed time:  3.92
2024-07-29 07:38:39 - [34m[1mLOGS   [0m - *** Training summary for epoch 6
	 loss={'classification': 1.2405, 'neural_augmentation': 0.2527, 'total_loss': 1.4932}
2024-07-29 07:38:47 - [34m[1mLOGS   [0m - *** Validation summary for epoch 6
	 loss={'classification': 0.3329, 'neural_augmentation': 0.0, 'total_loss': 0.3329} || top1={'logits': 93.6328} || top5={'logits': 99.0352}
2024-07-29 07:38:49 - [34m[1mLOGS   [0m - Last training checkpoint is saved at: /ML-A100/team/mm/models/catlip_data/results_vit_base/9_food101/train/training_checkpoint_last.pt
2024-07-29 07:38:49 - [34m[1mLOGS   [0m - Last checkpoint's model state is saved at: /ML-A100/team/mm/models/catlip_data/results_vit_base/9_food101/train/checkpoint_last.pt
2024-07-29 07:38:50 - [34m[1mLOGS   [0m - Training checkpoint for epoch 6/iteration 798 is saved at: /ML-A100/team/mm/models/catlip_data/results_vit_base/9_food101/train/training_checkpoint_epoch_6_iter_798.pt
2024-07-29 07:38:51 - [34m[1mLOGS   [0m - Model state for epoch 6/iteration 798 is saved at: /ML-A100/team/mm/models/catlip_data/results_vit_base/9_food101/train/checkpoint_epoch_6_iter_798.pt
[31m===========================================================================[0m
2024-07-29 07:38:53 - [32m[1mINFO   [0m - Training epoch 7
2024-07-29 07:38:57 - [34m[1mLOGS   [0m - Epoch:   7 [     799/10000000], loss: {'classification': 1.2776, 'neural_augmentation': 0.2416, 'total_loss': 1.5192}, LR: [4.4e-05, 4.4e-05], Avg. batch load time: 3.846, Elapsed time:  4.13
2024-07-29 07:39:31 - [34m[1mLOGS   [0m - *** Training summary for epoch 7
	 loss={'classification': 1.2011, 'neural_augmentation': 0.25, 'total_loss': 1.4511}
2024-07-29 07:39:40 - [34m[1mLOGS   [0m - *** Validation summary for epoch 7
	 loss={'classification': 0.3387, 'neural_augmentation': 0.0, 'total_loss': 0.3387} || top1={'logits': 93.668} || top5={'logits': 99.0625}
2024-07-29 07:39:41 - [34m[1mLOGS   [0m - Last training checkpoint is saved at: /ML-A100/team/mm/models/catlip_data/results_vit_base/9_food101/train/training_checkpoint_last.pt
2024-07-29 07:39:41 - [34m[1mLOGS   [0m - Last checkpoint's model state is saved at: /ML-A100/team/mm/models/catlip_data/results_vit_base/9_food101/train/checkpoint_last.pt
2024-07-29 07:39:42 - [34m[1mLOGS   [0m - Training checkpoint for epoch 7/iteration 919 is saved at: /ML-A100/team/mm/models/catlip_data/results_vit_base/9_food101/train/training_checkpoint_epoch_7_iter_919.pt
2024-07-29 07:39:43 - [34m[1mLOGS   [0m - Model state for epoch 7/iteration 919 is saved at: /ML-A100/team/mm/models/catlip_data/results_vit_base/9_food101/train/checkpoint_epoch_7_iter_919.pt
[31m===========================================================================[0m
2024-07-29 07:39:45 - [32m[1mINFO   [0m - Training epoch 8
2024-07-29 07:39:46 - [34m[1mLOGS   [0m - Epoch:   8 [     920/10000000], loss: {'classification': 1.1512, 'neural_augmentation': 0.3061, 'total_loss': 1.4572}, LR: [4.3e-05, 4.3e-05], Avg. batch load time: 1.281, Elapsed time:  1.58
2024-07-29 07:40:18 - [34m[1mLOGS   [0m - *** Training summary for epoch 8
	 loss={'classification': 1.1931, 'neural_augmentation': 0.2501, 'total_loss': 1.4432}
2024-07-29 07:40:26 - [34m[1mLOGS   [0m - *** Validation summary for epoch 8
	 loss={'classification': 0.3421, 'neural_augmentation': 0.0, 'total_loss': 0.3421} || top1={'logits': 93.5898} || top5={'logits': 98.9336}
2024-07-29 07:40:28 - [34m[1mLOGS   [0m - Last training checkpoint is saved at: /ML-A100/team/mm/models/catlip_data/results_vit_base/9_food101/train/training_checkpoint_last.pt
2024-07-29 07:40:28 - [34m[1mLOGS   [0m - Last checkpoint's model state is saved at: /ML-A100/team/mm/models/catlip_data/results_vit_base/9_food101/train/checkpoint_last.pt
2024-07-29 07:40:29 - [34m[1mLOGS   [0m - Training checkpoint for epoch 8/iteration 1028 is saved at: /ML-A100/team/mm/models/catlip_data/results_vit_base/9_food101/train/training_checkpoint_epoch_8_iter_1028.pt
2024-07-29 07:40:29 - [34m[1mLOGS   [0m - Model state for epoch 8/iteration 1028 is saved at: /ML-A100/team/mm/models/catlip_data/results_vit_base/9_food101/train/checkpoint_epoch_8_iter_1028.pt
[31m===========================================================================[0m
2024-07-29 07:40:31 - [32m[1mINFO   [0m - Training epoch 9
2024-07-29 07:40:34 - [34m[1mLOGS   [0m - Epoch:   9 [    1029/10000000], loss: {'classification': 1.0463, 'neural_augmentation': 0.254, 'total_loss': 1.3003}, LR: [4.1e-05, 4.1e-05], Avg. batch load time: 2.104, Elapsed time:  2.39
2024-07-29 07:41:05 - [34m[1mLOGS   [0m - *** Training summary for epoch 9
	 loss={'classification': 1.1574, 'neural_augmentation': 0.2537, 'total_loss': 1.4111}
2024-07-29 07:41:14 - [34m[1mLOGS   [0m - *** Validation summary for epoch 9
	 loss={'classification': 0.3285, 'neural_augmentation': 0.0, 'total_loss': 0.3285} || top1={'logits': 93.793} || top5={'logits': 98.9609}
2024-07-29 07:41:15 - [34m[1mLOGS   [0m - Best checkpoint with score 93.79 saved at /ML-A100/team/mm/models/catlip_data/results_vit_base/9_food101/train/checkpoint_best.pt
2024-07-29 07:41:15 - [34m[1mLOGS   [0m - Deleting checkpoint: /ML-A100/team/mm/models/catlip_data/results_vit_base/9_food101/train/checkpoint_score_91.1992.pt
2024-07-29 07:41:15 - [34m[1mLOGS   [0m - Averaging checkpoints: ['checkpoint_score_92.3984.pt', 'checkpoint_score_92.9219.pt', 'checkpoint_score_93.1445.pt', 'checkpoint_score_93.7695.pt', 'checkpoint_score_93.7930.pt']
2024-07-29 07:41:20 - [34m[1mLOGS   [0m - Averaged checkpoint saved at: /ML-A100/team/mm/models/catlip_data/results_vit_base/9_food101/train/checkpoint_avg.pt
2024-07-29 07:41:21 - [34m[1mLOGS   [0m - Last training checkpoint is saved at: /ML-A100/team/mm/models/catlip_data/results_vit_base/9_food101/train/training_checkpoint_last.pt
2024-07-29 07:41:21 - [34m[1mLOGS   [0m - Last checkpoint's model state is saved at: /ML-A100/team/mm/models/catlip_data/results_vit_base/9_food101/train/checkpoint_last.pt
2024-07-29 07:41:22 - [34m[1mLOGS   [0m - Training checkpoint for epoch 9/iteration 1140 is saved at: /ML-A100/team/mm/models/catlip_data/results_vit_base/9_food101/train/training_checkpoint_epoch_9_iter_1140.pt
2024-07-29 07:41:23 - [34m[1mLOGS   [0m - Model state for epoch 9/iteration 1140 is saved at: /ML-A100/team/mm/models/catlip_data/results_vit_base/9_food101/train/checkpoint_epoch_9_iter_1140.pt
[31m===========================================================================[0m
2024-07-29 07:41:25 - [32m[1mINFO   [0m - Training epoch 10
2024-07-29 07:41:27 - [34m[1mLOGS   [0m - Epoch:  10 [    1141/10000000], loss: {'classification': 1.0431, 'neural_augmentation': 0.2734, 'total_loss': 1.3165}, LR: [3.9e-05, 3.9e-05], Avg. batch load time: 1.791, Elapsed time:  2.08
2024-07-29 07:42:00 - [34m[1mLOGS   [0m - *** Training summary for epoch 10
	 loss={'classification': 1.139, 'neural_augmentation': 0.2615, 'total_loss': 1.4005}
2024-07-29 07:42:08 - [34m[1mLOGS   [0m - *** Validation summary for epoch 10
	 loss={'classification': 0.3369, 'neural_augmentation': 0.0, 'total_loss': 0.3369} || top1={'logits': 93.7109} || top5={'logits': 98.8789}
2024-07-29 07:42:10 - [34m[1mLOGS   [0m - Last training checkpoint is saved at: /ML-A100/team/mm/models/catlip_data/results_vit_base/9_food101/train/training_checkpoint_last.pt
2024-07-29 07:42:10 - [34m[1mLOGS   [0m - Last checkpoint's model state is saved at: /ML-A100/team/mm/models/catlip_data/results_vit_base/9_food101/train/checkpoint_last.pt
2024-07-29 07:42:11 - [34m[1mLOGS   [0m - Training checkpoint for epoch 10/iteration 1254 is saved at: /ML-A100/team/mm/models/catlip_data/results_vit_base/9_food101/train/training_checkpoint_epoch_10_iter_1254.pt
2024-07-29 07:42:12 - [34m[1mLOGS   [0m - Model state for epoch 10/iteration 1254 is saved at: /ML-A100/team/mm/models/catlip_data/results_vit_base/9_food101/train/checkpoint_epoch_10_iter_1254.pt
[31m===========================================================================[0m
2024-07-29 07:42:14 - [32m[1mINFO   [0m - Training epoch 11
2024-07-29 07:42:15 - [34m[1mLOGS   [0m - Epoch:  11 [    1255/10000000], loss: {'classification': 1.0009, 'neural_augmentation': 0.2568, 'total_loss': 1.2576}, LR: [3.7e-05, 3.7e-05], Avg. batch load time: 1.266, Elapsed time:  1.55
2024-07-29 07:42:45 - [34m[1mLOGS   [0m - *** Training summary for epoch 11
	 loss={'classification': 1.1238, 'neural_augmentation': 0.2728, 'total_loss': 1.3966}
2024-07-29 07:42:53 - [34m[1mLOGS   [0m - *** Validation summary for epoch 11
	 loss={'classification': 0.34, 'neural_augmentation': 0.0, 'total_loss': 0.34} || top1={'logits': 93.6992} || top5={'logits': 98.9414}
2024-07-29 07:42:55 - [34m[1mLOGS   [0m - Last training checkpoint is saved at: /ML-A100/team/mm/models/catlip_data/results_vit_base/9_food101/train/training_checkpoint_last.pt
2024-07-29 07:42:55 - [34m[1mLOGS   [0m - Last checkpoint's model state is saved at: /ML-A100/team/mm/models/catlip_data/results_vit_base/9_food101/train/checkpoint_last.pt
2024-07-29 07:42:56 - [34m[1mLOGS   [0m - Training checkpoint for epoch 11/iteration 1357 is saved at: /ML-A100/team/mm/models/catlip_data/results_vit_base/9_food101/train/training_checkpoint_epoch_11_iter_1357.pt
2024-07-29 07:42:57 - [34m[1mLOGS   [0m - Model state for epoch 11/iteration 1357 is saved at: /ML-A100/team/mm/models/catlip_data/results_vit_base/9_food101/train/checkpoint_epoch_11_iter_1357.pt
[31m===========================================================================[0m
2024-07-29 07:42:59 - [32m[1mINFO   [0m - Training epoch 12
2024-07-29 07:43:00 - [34m[1mLOGS   [0m - Epoch:  12 [    1358/10000000], loss: {'classification': 1.0437, 'neural_augmentation': 0.2964, 'total_loss': 1.3401}, LR: [3.4e-05, 3.4e-05], Avg. batch load time: 1.439, Elapsed time:  1.73
2024-07-29 07:43:34 - [34m[1mLOGS   [0m - *** Training summary for epoch 12
	 loss={'classification': 1.1023, 'neural_augmentation': 0.2878, 'total_loss': 1.3901}
2024-07-29 07:43:42 - [34m[1mLOGS   [0m - *** Validation summary for epoch 12
	 loss={'classification': 0.3347, 'neural_augmentation': 0.0, 'total_loss': 0.3347} || top1={'logits': 93.8203} || top5={'logits': 98.9102}
2024-07-29 07:43:43 - [34m[1mLOGS   [0m - Best checkpoint with score 93.82 saved at /ML-A100/team/mm/models/catlip_data/results_vit_base/9_food101/train/checkpoint_best.pt
2024-07-29 07:43:43 - [34m[1mLOGS   [0m - Deleting checkpoint: /ML-A100/team/mm/models/catlip_data/results_vit_base/9_food101/train/checkpoint_score_92.3984.pt
2024-07-29 07:43:43 - [34m[1mLOGS   [0m - Averaging checkpoints: ['checkpoint_score_92.9219.pt', 'checkpoint_score_93.1445.pt', 'checkpoint_score_93.7695.pt', 'checkpoint_score_93.7930.pt', 'checkpoint_score_93.8203.pt']
2024-07-29 07:43:50 - [34m[1mLOGS   [0m - Averaged checkpoint saved at: /ML-A100/team/mm/models/catlip_data/results_vit_base/9_food101/train/checkpoint_avg.pt
2024-07-29 07:43:50 - [34m[1mLOGS   [0m - Last training checkpoint is saved at: /ML-A100/team/mm/models/catlip_data/results_vit_base/9_food101/train/training_checkpoint_last.pt
2024-07-29 07:43:51 - [34m[1mLOGS   [0m - Last checkpoint's model state is saved at: /ML-A100/team/mm/models/catlip_data/results_vit_base/9_food101/train/checkpoint_last.pt
2024-07-29 07:43:52 - [34m[1mLOGS   [0m - Training checkpoint for epoch 12/iteration 1473 is saved at: /ML-A100/team/mm/models/catlip_data/results_vit_base/9_food101/train/training_checkpoint_epoch_12_iter_1473.pt
2024-07-29 07:43:52 - [34m[1mLOGS   [0m - Model state for epoch 12/iteration 1473 is saved at: /ML-A100/team/mm/models/catlip_data/results_vit_base/9_food101/train/checkpoint_epoch_12_iter_1473.pt
[31m===========================================================================[0m
2024-07-29 07:43:54 - [32m[1mINFO   [0m - Training epoch 13
2024-07-29 07:43:55 - [34m[1mLOGS   [0m - Epoch:  13 [    1474/10000000], loss: {'classification': 0.9878, 'neural_augmentation': 0.3133, 'total_loss': 1.3011}, LR: [3.2e-05, 3.2e-05], Avg. batch load time: 1.081, Elapsed time:  1.37
2024-07-29 07:44:26 - [34m[1mLOGS   [0m - *** Training summary for epoch 13
	 loss={'classification': 1.0884, 'neural_augmentation': 0.3052, 'total_loss': 1.3936}
2024-07-29 07:44:34 - [34m[1mLOGS   [0m - *** Validation summary for epoch 13
	 loss={'classification': 0.3335, 'neural_augmentation': 0.0, 'total_loss': 0.3335} || top1={'logits': 93.7266} || top5={'logits': 98.9023}
2024-07-29 07:44:35 - [34m[1mLOGS   [0m - Last training checkpoint is saved at: /ML-A100/team/mm/models/catlip_data/results_vit_base/9_food101/train/training_checkpoint_last.pt
2024-07-29 07:44:36 - [34m[1mLOGS   [0m - Last checkpoint's model state is saved at: /ML-A100/team/mm/models/catlip_data/results_vit_base/9_food101/train/checkpoint_last.pt
2024-07-29 07:44:37 - [34m[1mLOGS   [0m - Training checkpoint for epoch 13/iteration 1579 is saved at: /ML-A100/team/mm/models/catlip_data/results_vit_base/9_food101/train/training_checkpoint_epoch_13_iter_1579.pt
2024-07-29 07:44:38 - [34m[1mLOGS   [0m - Model state for epoch 13/iteration 1579 is saved at: /ML-A100/team/mm/models/catlip_data/results_vit_base/9_food101/train/checkpoint_epoch_13_iter_1579.pt
[31m===========================================================================[0m
2024-07-29 07:44:40 - [32m[1mINFO   [0m - Training epoch 14
2024-07-29 07:44:43 - [34m[1mLOGS   [0m - Epoch:  14 [    1580/10000000], loss: {'classification': 1.0843, 'neural_augmentation': 0.339, 'total_loss': 1.4234}, LR: [3e-05, 3e-05], Avg. batch load time: 2.948, Elapsed time:  3.23
2024-07-29 07:45:14 - [34m[1mLOGS   [0m - *** Training summary for epoch 14
	 loss={'classification': 1.0712, 'neural_augmentation': 0.3309, 'total_loss': 1.4021}
2024-07-29 07:45:23 - [34m[1mLOGS   [0m - *** Validation summary for epoch 14
	 loss={'classification': 0.3353, 'neural_augmentation': 0.0, 'total_loss': 0.3353} || top1={'logits': 93.8867} || top5={'logits': 98.9375}
2024-07-29 07:45:24 - [34m[1mLOGS   [0m - Best checkpoint with score 93.89 saved at /ML-A100/team/mm/models/catlip_data/results_vit_base/9_food101/train/checkpoint_best.pt
2024-07-29 07:45:24 - [34m[1mLOGS   [0m - Deleting checkpoint: /ML-A100/team/mm/models/catlip_data/results_vit_base/9_food101/train/checkpoint_score_92.9219.pt
2024-07-29 07:45:24 - [34m[1mLOGS   [0m - Averaging checkpoints: ['checkpoint_score_93.1445.pt', 'checkpoint_score_93.7695.pt', 'checkpoint_score_93.7930.pt', 'checkpoint_score_93.8203.pt', 'checkpoint_score_93.8867.pt']
2024-07-29 07:45:29 - [34m[1mLOGS   [0m - Averaged checkpoint saved at: /ML-A100/team/mm/models/catlip_data/results_vit_base/9_food101/train/checkpoint_avg.pt
2024-07-29 07:45:30 - [34m[1mLOGS   [0m - Last training checkpoint is saved at: /ML-A100/team/mm/models/catlip_data/results_vit_base/9_food101/train/training_checkpoint_last.pt
2024-07-29 07:45:30 - [34m[1mLOGS   [0m - Last checkpoint's model state is saved at: /ML-A100/team/mm/models/catlip_data/results_vit_base/9_food101/train/checkpoint_last.pt
2024-07-29 07:45:31 - [34m[1mLOGS   [0m - Training checkpoint for epoch 14/iteration 1692 is saved at: /ML-A100/team/mm/models/catlip_data/results_vit_base/9_food101/train/training_checkpoint_epoch_14_iter_1692.pt
2024-07-29 07:45:32 - [34m[1mLOGS   [0m - Model state for epoch 14/iteration 1692 is saved at: /ML-A100/team/mm/models/catlip_data/results_vit_base/9_food101/train/checkpoint_epoch_14_iter_1692.pt
[31m===========================================================================[0m
2024-07-29 07:45:34 - [32m[1mINFO   [0m - Training epoch 15
2024-07-29 07:45:35 - [34m[1mLOGS   [0m - Epoch:  15 [    1693/10000000], loss: {'classification': 0.9371, 'neural_augmentation': 0.3727, 'total_loss': 1.3098}, LR: [2.8e-05, 2.8e-05], Avg. batch load time: 1.057, Elapsed time:  1.35
2024-07-29 07:46:07 - [34m[1mLOGS   [0m - *** Training summary for epoch 15
	 loss={'classification': 1.0638, 'neural_augmentation': 0.3561, 'total_loss': 1.42}
2024-07-29 07:46:15 - [34m[1mLOGS   [0m - *** Validation summary for epoch 15
	 loss={'classification': 0.3283, 'neural_augmentation': 0.0, 'total_loss': 0.3283} || top1={'logits': 93.9766} || top5={'logits': 98.9297}
2024-07-29 07:46:16 - [34m[1mLOGS   [0m - Best checkpoint with score 93.98 saved at /ML-A100/team/mm/models/catlip_data/results_vit_base/9_food101/train/checkpoint_best.pt
2024-07-29 07:46:16 - [34m[1mLOGS   [0m - Deleting checkpoint: /ML-A100/team/mm/models/catlip_data/results_vit_base/9_food101/train/checkpoint_score_93.1445.pt
2024-07-29 07:46:16 - [34m[1mLOGS   [0m - Averaging checkpoints: ['checkpoint_score_93.7695.pt', 'checkpoint_score_93.7930.pt', 'checkpoint_score_93.8203.pt', 'checkpoint_score_93.8867.pt', 'checkpoint_score_93.9766.pt']
2024-07-29 07:46:21 - [34m[1mLOGS   [0m - Averaged checkpoint saved at: /ML-A100/team/mm/models/catlip_data/results_vit_base/9_food101/train/checkpoint_avg.pt
2024-07-29 07:46:22 - [34m[1mLOGS   [0m - Last training checkpoint is saved at: /ML-A100/team/mm/models/catlip_data/results_vit_base/9_food101/train/training_checkpoint_last.pt
2024-07-29 07:46:22 - [34m[1mLOGS   [0m - Last checkpoint's model state is saved at: /ML-A100/team/mm/models/catlip_data/results_vit_base/9_food101/train/checkpoint_last.pt
2024-07-29 07:46:23 - [34m[1mLOGS   [0m - Training checkpoint for epoch 15/iteration 1803 is saved at: /ML-A100/team/mm/models/catlip_data/results_vit_base/9_food101/train/training_checkpoint_epoch_15_iter_1803.pt
2024-07-29 07:46:23 - [34m[1mLOGS   [0m - Model state for epoch 15/iteration 1803 is saved at: /ML-A100/team/mm/models/catlip_data/results_vit_base/9_food101/train/checkpoint_epoch_15_iter_1803.pt
[31m===========================================================================[0m
2024-07-29 07:46:25 - [32m[1mINFO   [0m - Training epoch 16
2024-07-29 07:46:29 - [34m[1mLOGS   [0m - Epoch:  16 [    1804/10000000], loss: {'classification': 1.0459, 'neural_augmentation': 0.3887, 'total_loss': 1.4347}, LR: [2.5e-05, 2.5e-05], Avg. batch load time: 3.125, Elapsed time:  3.41
2024-07-29 07:47:03 - [34m[1mLOGS   [0m - *** Training summary for epoch 16
	 loss={'classification': 1.04, 'neural_augmentation': 0.3859, 'total_loss': 1.4259}
2024-07-29 07:47:11 - [34m[1mLOGS   [0m - *** Validation summary for epoch 16
	 loss={'classification': 0.3353, 'neural_augmentation': 0.0, 'total_loss': 0.3353} || top1={'logits': 93.8867} || top5={'logits': 98.8672}
2024-07-29 07:47:12 - [34m[1mLOGS   [0m - Last training checkpoint is saved at: /ML-A100/team/mm/models/catlip_data/results_vit_base/9_food101/train/training_checkpoint_last.pt
2024-07-29 07:47:12 - [34m[1mLOGS   [0m - Last checkpoint's model state is saved at: /ML-A100/team/mm/models/catlip_data/results_vit_base/9_food101/train/checkpoint_last.pt
2024-07-29 07:47:13 - [34m[1mLOGS   [0m - Training checkpoint for epoch 16/iteration 1925 is saved at: /ML-A100/team/mm/models/catlip_data/results_vit_base/9_food101/train/training_checkpoint_epoch_16_iter_1925.pt
2024-07-29 07:47:14 - [34m[1mLOGS   [0m - Model state for epoch 16/iteration 1925 is saved at: /ML-A100/team/mm/models/catlip_data/results_vit_base/9_food101/train/checkpoint_epoch_16_iter_1925.pt
[31m===========================================================================[0m
2024-07-29 07:47:16 - [32m[1mINFO   [0m - Training epoch 17
2024-07-29 07:47:18 - [34m[1mLOGS   [0m - Epoch:  17 [    1926/10000000], loss: {'classification': 0.9431, 'neural_augmentation': 0.439, 'total_loss': 1.3821}, LR: [2.3e-05, 2.3e-05], Avg. batch load time: 1.390, Elapsed time:  1.68
2024-07-29 07:47:52 - [34m[1mLOGS   [0m - *** Training summary for epoch 17
	 loss={'classification': 1.0342, 'neural_augmentation': 0.4184, 'total_loss': 1.4527}
2024-07-29 07:48:00 - [34m[1mLOGS   [0m - *** Validation summary for epoch 17
	 loss={'classification': 0.333, 'neural_augmentation': 0.0, 'total_loss': 0.333} || top1={'logits': 93.8633} || top5={'logits': 98.9375}
2024-07-29 07:48:01 - [34m[1mLOGS   [0m - Last training checkpoint is saved at: /ML-A100/team/mm/models/catlip_data/results_vit_base/9_food101/train/training_checkpoint_last.pt
2024-07-29 07:48:01 - [34m[1mLOGS   [0m - Last checkpoint's model state is saved at: /ML-A100/team/mm/models/catlip_data/results_vit_base/9_food101/train/checkpoint_last.pt
2024-07-29 07:48:02 - [34m[1mLOGS   [0m - Training checkpoint for epoch 17/iteration 2039 is saved at: /ML-A100/team/mm/models/catlip_data/results_vit_base/9_food101/train/training_checkpoint_epoch_17_iter_2039.pt
2024-07-29 07:48:03 - [34m[1mLOGS   [0m - Model state for epoch 17/iteration 2039 is saved at: /ML-A100/team/mm/models/catlip_data/results_vit_base/9_food101/train/checkpoint_epoch_17_iter_2039.pt
[31m===========================================================================[0m
2024-07-29 07:48:05 - [32m[1mINFO   [0m - Training epoch 18
2024-07-29 07:48:08 - [34m[1mLOGS   [0m - Epoch:  18 [    2040/10000000], loss: {'classification': 0.984, 'neural_augmentation': 0.4569, 'total_loss': 1.4409}, LR: [2.1e-05, 2.1e-05], Avg. batch load time: 2.866, Elapsed time:  3.15
2024-07-29 07:48:40 - [34m[1mLOGS   [0m - *** Training summary for epoch 18
	 loss={'classification': 1.0246, 'neural_augmentation': 0.4528, 'total_loss': 1.4774}
2024-07-29 07:48:48 - [34m[1mLOGS   [0m - *** Validation summary for epoch 18
	 loss={'classification': 0.3339, 'neural_augmentation': 0.0, 'total_loss': 0.3339} || top1={'logits': 94.0078} || top5={'logits': 98.9062}
2024-07-29 07:48:49 - [34m[1mLOGS   [0m - Best checkpoint with score 94.01 saved at /ML-A100/team/mm/models/catlip_data/results_vit_base/9_food101/train/checkpoint_best.pt
2024-07-29 07:48:49 - [34m[1mLOGS   [0m - Deleting checkpoint: /ML-A100/team/mm/models/catlip_data/results_vit_base/9_food101/train/checkpoint_score_93.7695.pt
2024-07-29 07:48:49 - [34m[1mLOGS   [0m - Averaging checkpoints: ['checkpoint_score_93.7930.pt', 'checkpoint_score_93.8203.pt', 'checkpoint_score_93.8867.pt', 'checkpoint_score_93.9766.pt', 'checkpoint_score_94.0078.pt']
2024-07-29 07:48:54 - [34m[1mLOGS   [0m - Averaged checkpoint saved at: /ML-A100/team/mm/models/catlip_data/results_vit_base/9_food101/train/checkpoint_avg.pt
2024-07-29 07:48:55 - [34m[1mLOGS   [0m - Last training checkpoint is saved at: /ML-A100/team/mm/models/catlip_data/results_vit_base/9_food101/train/training_checkpoint_last.pt
2024-07-29 07:48:56 - [34m[1mLOGS   [0m - Last checkpoint's model state is saved at: /ML-A100/team/mm/models/catlip_data/results_vit_base/9_food101/train/checkpoint_last.pt
2024-07-29 07:48:56 - [34m[1mLOGS   [0m - Training checkpoint for epoch 18/iteration 2152 is saved at: /ML-A100/team/mm/models/catlip_data/results_vit_base/9_food101/train/training_checkpoint_epoch_18_iter_2152.pt
2024-07-29 07:48:57 - [34m[1mLOGS   [0m - Model state for epoch 18/iteration 2152 is saved at: /ML-A100/team/mm/models/catlip_data/results_vit_base/9_food101/train/checkpoint_epoch_18_iter_2152.pt
[31m===========================================================================[0m
2024-07-29 07:48:59 - [32m[1mINFO   [0m - Training epoch 19
2024-07-29 07:49:01 - [34m[1mLOGS   [0m - Epoch:  19 [    2153/10000000], loss: {'classification': 0.999, 'neural_augmentation': 0.4843, 'total_loss': 1.4833}, LR: [1.8e-05, 1.8e-05], Avg. batch load time: 1.560, Elapsed time:  1.85
2024-07-29 07:49:33 - [34m[1mLOGS   [0m - *** Training summary for epoch 19
	 loss={'classification': 1.0203, 'neural_augmentation': 0.4884, 'total_loss': 1.5087}
2024-07-29 07:49:41 - [34m[1mLOGS   [0m - *** Validation summary for epoch 19
	 loss={'classification': 0.3321, 'neural_augmentation': 0.0, 'total_loss': 0.3321} || top1={'logits': 93.9883} || top5={'logits': 98.9492}
2024-07-29 07:49:43 - [34m[1mLOGS   [0m - Last training checkpoint is saved at: /ML-A100/team/mm/models/catlip_data/results_vit_base/9_food101/train/training_checkpoint_last.pt
2024-07-29 07:49:43 - [34m[1mLOGS   [0m - Last checkpoint's model state is saved at: /ML-A100/team/mm/models/catlip_data/results_vit_base/9_food101/train/checkpoint_last.pt
2024-07-29 07:49:44 - [34m[1mLOGS   [0m - Training checkpoint for epoch 19/iteration 2262 is saved at: /ML-A100/team/mm/models/catlip_data/results_vit_base/9_food101/train/training_checkpoint_epoch_19_iter_2262.pt
2024-07-29 07:49:45 - [34m[1mLOGS   [0m - Model state for epoch 19/iteration 2262 is saved at: /ML-A100/team/mm/models/catlip_data/results_vit_base/9_food101/train/checkpoint_epoch_19_iter_2262.pt
[31m===========================================================================[0m
2024-07-29 07:49:47 - [32m[1mINFO   [0m - Training epoch 20
2024-07-29 07:49:49 - [34m[1mLOGS   [0m - Epoch:  20 [    2263/10000000], loss: {'classification': 0.906, 'neural_augmentation': 0.5222, 'total_loss': 1.4282}, LR: [1.6e-05, 1.6e-05], Avg. batch load time: 1.892, Elapsed time:  2.18
2024-07-29 07:50:23 - [34m[1mLOGS   [0m - *** Training summary for epoch 20
	 loss={'classification': 1.009, 'neural_augmentation': 0.5237, 'total_loss': 1.5327}
2024-07-29 07:50:31 - [34m[1mLOGS   [0m - *** Validation summary for epoch 20
	 loss={'classification': 0.3347, 'neural_augmentation': 0.0, 'total_loss': 0.3347} || top1={'logits': 93.9883} || top5={'logits': 98.8672}
2024-07-29 07:50:32 - [34m[1mLOGS   [0m - Last training checkpoint is saved at: /ML-A100/team/mm/models/catlip_data/results_vit_base/9_food101/train/training_checkpoint_last.pt
2024-07-29 07:50:33 - [34m[1mLOGS   [0m - Last checkpoint's model state is saved at: /ML-A100/team/mm/models/catlip_data/results_vit_base/9_food101/train/checkpoint_last.pt
2024-07-29 07:50:34 - [34m[1mLOGS   [0m - Training checkpoint for epoch 20/iteration 2381 is saved at: /ML-A100/team/mm/models/catlip_data/results_vit_base/9_food101/train/training_checkpoint_epoch_20_iter_2381.pt
2024-07-29 07:50:34 - [34m[1mLOGS   [0m - Model state for epoch 20/iteration 2381 is saved at: /ML-A100/team/mm/models/catlip_data/results_vit_base/9_food101/train/checkpoint_epoch_20_iter_2381.pt
[31m===========================================================================[0m
2024-07-29 07:50:36 - [32m[1mINFO   [0m - Training epoch 21
2024-07-29 07:50:39 - [34m[1mLOGS   [0m - Epoch:  21 [    2382/10000000], loss: {'classification': 1.015, 'neural_augmentation': 0.5617, 'total_loss': 1.5767}, LR: [1.4e-05, 1.4e-05], Avg. batch load time: 2.730, Elapsed time:  3.02
2024-07-29 07:51:10 - [34m[1mLOGS   [0m - *** Training summary for epoch 21
	 loss={'classification': 1.0078, 'neural_augmentation': 0.5578, 'total_loss': 1.5655}
2024-07-29 07:51:18 - [34m[1mLOGS   [0m - *** Validation summary for epoch 21
	 loss={'classification': 0.3351, 'neural_augmentation': 0.0, 'total_loss': 0.3351} || top1={'logits': 93.8633} || top5={'logits': 98.8672}
2024-07-29 07:51:20 - [34m[1mLOGS   [0m - Last training checkpoint is saved at: /ML-A100/team/mm/models/catlip_data/results_vit_base/9_food101/train/training_checkpoint_last.pt
2024-07-29 07:51:20 - [34m[1mLOGS   [0m - Last checkpoint's model state is saved at: /ML-A100/team/mm/models/catlip_data/results_vit_base/9_food101/train/checkpoint_last.pt
2024-07-29 07:51:21 - [34m[1mLOGS   [0m - Training checkpoint for epoch 21/iteration 2490 is saved at: /ML-A100/team/mm/models/catlip_data/results_vit_base/9_food101/train/training_checkpoint_epoch_21_iter_2490.pt
2024-07-29 07:51:21 - [34m[1mLOGS   [0m - Model state for epoch 21/iteration 2490 is saved at: /ML-A100/team/mm/models/catlip_data/results_vit_base/9_food101/train/checkpoint_epoch_21_iter_2490.pt
[31m===========================================================================[0m
2024-07-29 07:51:23 - [32m[1mINFO   [0m - Training epoch 22
2024-07-29 07:51:27 - [34m[1mLOGS   [0m - Epoch:  22 [    2491/10000000], loss: {'classification': 0.9511, 'neural_augmentation': 0.5917, 'total_loss': 1.5428}, LR: [1.2e-05, 1.2e-05], Avg. batch load time: 2.920, Elapsed time:  3.21
2024-07-29 07:51:59 - [34m[1mLOGS   [0m - *** Training summary for epoch 22
	 loss={'classification': 1.0006, 'neural_augmentation': 0.5918, 'total_loss': 1.5924}
2024-07-29 07:52:08 - [34m[1mLOGS   [0m - *** Validation summary for epoch 22
	 loss={'classification': 0.3318, 'neural_augmentation': 0.0, 'total_loss': 0.3318} || top1={'logits': 93.9492} || top5={'logits': 98.8789}
2024-07-29 07:52:09 - [34m[1mLOGS   [0m - Last training checkpoint is saved at: /ML-A100/team/mm/models/catlip_data/results_vit_base/9_food101/train/training_checkpoint_last.pt
2024-07-29 07:52:09 - [34m[1mLOGS   [0m - Last checkpoint's model state is saved at: /ML-A100/team/mm/models/catlip_data/results_vit_base/9_food101/train/checkpoint_last.pt
2024-07-29 07:52:10 - [34m[1mLOGS   [0m - Training checkpoint for epoch 22/iteration 2607 is saved at: /ML-A100/team/mm/models/catlip_data/results_vit_base/9_food101/train/training_checkpoint_epoch_22_iter_2607.pt
2024-07-29 07:52:11 - [34m[1mLOGS   [0m - Model state for epoch 22/iteration 2607 is saved at: /ML-A100/team/mm/models/catlip_data/results_vit_base/9_food101/train/checkpoint_epoch_22_iter_2607.pt
[31m===========================================================================[0m
2024-07-29 07:52:13 - [32m[1mINFO   [0m - Training epoch 23
2024-07-29 07:52:15 - [34m[1mLOGS   [0m - Epoch:  23 [    2608/10000000], loss: {'classification': 0.9356, 'neural_augmentation': 0.6283, 'total_loss': 1.5639}, LR: [1.1e-05, 1.1e-05], Avg. batch load time: 1.951, Elapsed time:  2.24
2024-07-29 07:52:48 - [34m[1mLOGS   [0m - *** Training summary for epoch 23
	 loss={'classification': 0.9927, 'neural_augmentation': 0.6234, 'total_loss': 1.6162}
2024-07-29 07:52:56 - [34m[1mLOGS   [0m - *** Validation summary for epoch 23
	 loss={'classification': 0.3341, 'neural_augmentation': 0.0, 'total_loss': 0.3341} || top1={'logits': 93.9648} || top5={'logits': 98.9023}
2024-07-29 07:52:57 - [34m[1mLOGS   [0m - Last training checkpoint is saved at: /ML-A100/team/mm/models/catlip_data/results_vit_base/9_food101/train/training_checkpoint_last.pt
2024-07-29 07:52:58 - [34m[1mLOGS   [0m - Last checkpoint's model state is saved at: /ML-A100/team/mm/models/catlip_data/results_vit_base/9_food101/train/checkpoint_last.pt
2024-07-29 07:52:59 - [34m[1mLOGS   [0m - Training checkpoint for epoch 23/iteration 2722 is saved at: /ML-A100/team/mm/models/catlip_data/results_vit_base/9_food101/train/training_checkpoint_epoch_23_iter_2722.pt
2024-07-29 07:52:59 - [34m[1mLOGS   [0m - Model state for epoch 23/iteration 2722 is saved at: /ML-A100/team/mm/models/catlip_data/results_vit_base/9_food101/train/checkpoint_epoch_23_iter_2722.pt
[31m===========================================================================[0m
2024-07-29 07:53:01 - [32m[1mINFO   [0m - Training epoch 24
2024-07-29 07:53:03 - [34m[1mLOGS   [0m - Epoch:  24 [    2723/10000000], loss: {'classification': 0.9121, 'neural_augmentation': 0.6559, 'total_loss': 1.568}, LR: [9e-06, 9e-06], Avg. batch load time: 1.506, Elapsed time:  1.79
2024-07-29 07:53:34 - [34m[1mLOGS   [0m - *** Training summary for epoch 24
	 loss={'classification': 0.9913, 'neural_augmentation': 0.6543, 'total_loss': 1.6455}
2024-07-29 07:53:42 - [34m[1mLOGS   [0m - *** Validation summary for epoch 24
	 loss={'classification': 0.3359, 'neural_augmentation': 0.0, 'total_loss': 0.3359} || top1={'logits': 93.9844} || top5={'logits': 98.875}
2024-07-29 07:53:44 - [34m[1mLOGS   [0m - Last training checkpoint is saved at: /ML-A100/team/mm/models/catlip_data/results_vit_base/9_food101/train/training_checkpoint_last.pt
2024-07-29 07:53:44 - [34m[1mLOGS   [0m - Last checkpoint's model state is saved at: /ML-A100/team/mm/models/catlip_data/results_vit_base/9_food101/train/checkpoint_last.pt
2024-07-29 07:53:45 - [34m[1mLOGS   [0m - Training checkpoint for epoch 24/iteration 2830 is saved at: /ML-A100/team/mm/models/catlip_data/results_vit_base/9_food101/train/training_checkpoint_epoch_24_iter_2830.pt
2024-07-29 07:53:45 - [34m[1mLOGS   [0m - Model state for epoch 24/iteration 2830 is saved at: /ML-A100/team/mm/models/catlip_data/results_vit_base/9_food101/train/checkpoint_epoch_24_iter_2830.pt
[31m===========================================================================[0m
2024-07-29 07:53:47 - [32m[1mINFO   [0m - Training epoch 25
2024-07-29 07:53:49 - [34m[1mLOGS   [0m - Epoch:  25 [    2831/10000000], loss: {'classification': 0.9155, 'neural_augmentation': 0.6942, 'total_loss': 1.6097}, LR: [8e-06, 8e-06], Avg. batch load time: 1.729, Elapsed time:  2.02
2024-07-29 07:54:19 - [34m[1mLOGS   [0m - *** Training summary for epoch 25
	 loss={'classification': 0.9914, 'neural_augmentation': 0.6797, 'total_loss': 1.6711}
2024-07-29 07:54:28 - [34m[1mLOGS   [0m - *** Validation summary for epoch 25
	 loss={'classification': 0.3371, 'neural_augmentation': 0.0, 'total_loss': 0.3371} || top1={'logits': 93.9141} || top5={'logits': 98.875}
2024-07-29 07:54:29 - [34m[1mLOGS   [0m - Last training checkpoint is saved at: /ML-A100/team/mm/models/catlip_data/results_vit_base/9_food101/train/training_checkpoint_last.pt
2024-07-29 07:54:29 - [34m[1mLOGS   [0m - Last checkpoint's model state is saved at: /ML-A100/team/mm/models/catlip_data/results_vit_base/9_food101/train/checkpoint_last.pt
2024-07-29 07:54:30 - [34m[1mLOGS   [0m - Training checkpoint for epoch 25/iteration 2936 is saved at: /ML-A100/team/mm/models/catlip_data/results_vit_base/9_food101/train/training_checkpoint_epoch_25_iter_2936.pt
2024-07-29 07:54:31 - [34m[1mLOGS   [0m - Model state for epoch 25/iteration 2936 is saved at: /ML-A100/team/mm/models/catlip_data/results_vit_base/9_food101/train/checkpoint_epoch_25_iter_2936.pt
[31m===========================================================================[0m
2024-07-29 07:54:33 - [32m[1mINFO   [0m - Training epoch 26
2024-07-29 07:54:35 - [34m[1mLOGS   [0m - Epoch:  26 [    2937/10000000], loss: {'classification': 0.9583, 'neural_augmentation': 0.6944, 'total_loss': 1.6527}, LR: [7e-06, 7e-06], Avg. batch load time: 2.312, Elapsed time:  2.59
2024-07-29 07:55:08 - [34m[1mLOGS   [0m - *** Training summary for epoch 26
	 loss={'classification': 0.9818, 'neural_augmentation': 0.7024, 'total_loss': 1.6842}
2024-07-29 07:55:17 - [34m[1mLOGS   [0m - *** Validation summary for epoch 26
	 loss={'classification': 0.3355, 'neural_augmentation': 0.0, 'total_loss': 0.3355} || top1={'logits': 93.9688} || top5={'logits': 98.9062}
2024-07-29 07:55:18 - [34m[1mLOGS   [0m - Last training checkpoint is saved at: /ML-A100/team/mm/models/catlip_data/results_vit_base/9_food101/train/training_checkpoint_last.pt
2024-07-29 07:55:18 - [34m[1mLOGS   [0m - Last checkpoint's model state is saved at: /ML-A100/team/mm/models/catlip_data/results_vit_base/9_food101/train/checkpoint_last.pt
2024-07-29 07:55:19 - [34m[1mLOGS   [0m - Training checkpoint for epoch 26/iteration 3050 is saved at: /ML-A100/team/mm/models/catlip_data/results_vit_base/9_food101/train/training_checkpoint_epoch_26_iter_3050.pt
2024-07-29 07:55:20 - [34m[1mLOGS   [0m - Model state for epoch 26/iteration 3050 is saved at: /ML-A100/team/mm/models/catlip_data/results_vit_base/9_food101/train/checkpoint_epoch_26_iter_3050.pt
[31m===========================================================================[0m
2024-07-29 07:55:22 - [32m[1mINFO   [0m - Training epoch 27
2024-07-29 07:55:24 - [34m[1mLOGS   [0m - Epoch:  27 [    3051/10000000], loss: {'classification': 0.9727, 'neural_augmentation': 0.6908, 'total_loss': 1.6635}, LR: [6e-06, 6e-06], Avg. batch load time: 2.287, Elapsed time:  2.57
2024-07-29 07:56:00 - [34m[1mLOGS   [0m - *** Training summary for epoch 27
	 loss={'classification': 0.9782, 'neural_augmentation': 0.7215, 'total_loss': 1.6997}
2024-07-29 07:56:08 - [34m[1mLOGS   [0m - *** Validation summary for epoch 27
	 loss={'classification': 0.3352, 'neural_augmentation': 0.0, 'total_loss': 0.3352} || top1={'logits': 94.0938} || top5={'logits': 98.8633}
2024-07-29 07:56:08 - [34m[1mLOGS   [0m - Best checkpoint with score 94.09 saved at /ML-A100/team/mm/models/catlip_data/results_vit_base/9_food101/train/checkpoint_best.pt
2024-07-29 07:56:09 - [34m[1mLOGS   [0m - Deleting checkpoint: /ML-A100/team/mm/models/catlip_data/results_vit_base/9_food101/train/checkpoint_score_93.7930.pt
2024-07-29 07:56:09 - [34m[1mLOGS   [0m - Averaging checkpoints: ['checkpoint_score_93.8203.pt', 'checkpoint_score_93.8867.pt', 'checkpoint_score_93.9766.pt', 'checkpoint_score_94.0078.pt', 'checkpoint_score_94.0938.pt']
2024-07-29 07:56:14 - [34m[1mLOGS   [0m - Averaged checkpoint saved at: /ML-A100/team/mm/models/catlip_data/results_vit_base/9_food101/train/checkpoint_avg.pt
2024-07-29 07:56:15 - [34m[1mLOGS   [0m - Last training checkpoint is saved at: /ML-A100/team/mm/models/catlip_data/results_vit_base/9_food101/train/training_checkpoint_last.pt
2024-07-29 07:56:15 - [34m[1mLOGS   [0m - Last checkpoint's model state is saved at: /ML-A100/team/mm/models/catlip_data/results_vit_base/9_food101/train/checkpoint_last.pt
2024-07-29 07:56:16 - [34m[1mLOGS   [0m - Training checkpoint for epoch 27/iteration 3176 is saved at: /ML-A100/team/mm/models/catlip_data/results_vit_base/9_food101/train/training_checkpoint_epoch_27_iter_3176.pt
2024-07-29 07:56:16 - [34m[1mLOGS   [0m - Model state for epoch 27/iteration 3176 is saved at: /ML-A100/team/mm/models/catlip_data/results_vit_base/9_food101/train/checkpoint_epoch_27_iter_3176.pt
[31m===========================================================================[0m
2024-07-29 07:56:18 - [32m[1mINFO   [0m - Training epoch 28
2024-07-29 07:56:22 - [34m[1mLOGS   [0m - Epoch:  28 [    3177/10000000], loss: {'classification': 1.0115, 'neural_augmentation': 0.7392, 'total_loss': 1.7508}, LR: [5e-06, 5e-06], Avg. batch load time: 3.336, Elapsed time:  3.62
2024-07-29 07:56:51 - [34m[1mLOGS   [0m - *** Training summary for epoch 28
	 loss={'classification': 0.9841, 'neural_augmentation': 0.7371, 'total_loss': 1.7211}
2024-07-29 07:57:00 - [34m[1mLOGS   [0m - *** Validation summary for epoch 28
	 loss={'classification': 0.3331, 'neural_augmentation': 0.0, 'total_loss': 0.3331} || top1={'logits': 94.0352} || top5={'logits': 98.8555}
2024-07-29 07:57:01 - [34m[1mLOGS   [0m - Last training checkpoint is saved at: /ML-A100/team/mm/models/catlip_data/results_vit_base/9_food101/train/training_checkpoint_last.pt
2024-07-29 07:57:01 - [34m[1mLOGS   [0m - Last checkpoint's model state is saved at: /ML-A100/team/mm/models/catlip_data/results_vit_base/9_food101/train/checkpoint_last.pt
2024-07-29 07:57:02 - [34m[1mLOGS   [0m - Training checkpoint for epoch 28/iteration 3281 is saved at: /ML-A100/team/mm/models/catlip_data/results_vit_base/9_food101/train/training_checkpoint_epoch_28_iter_3281.pt
2024-07-29 07:57:03 - [34m[1mLOGS   [0m - Model state for epoch 28/iteration 3281 is saved at: /ML-A100/team/mm/models/catlip_data/results_vit_base/9_food101/train/checkpoint_epoch_28_iter_3281.pt
[31m===========================================================================[0m
2024-07-29 07:57:05 - [32m[1mINFO   [0m - Training epoch 29
2024-07-29 07:57:06 - [34m[1mLOGS   [0m - Epoch:  29 [    3282/10000000], loss: {'classification': 0.9766, 'neural_augmentation': 0.7481, 'total_loss': 1.7247}, LR: [5e-06, 5e-06], Avg. batch load time: 1.078, Elapsed time:  1.37
2024-07-29 07:57:38 - [34m[1mLOGS   [0m - *** Training summary for epoch 29
	 loss={'classification': 0.9818, 'neural_augmentation': 0.7485, 'total_loss': 1.7302}
2024-07-29 07:57:46 - [34m[1mLOGS   [0m - *** Validation summary for epoch 29
	 loss={'classification': 0.3339, 'neural_augmentation': 0.0, 'total_loss': 0.3339} || top1={'logits': 94.082} || top5={'logits': 98.8828}
2024-07-29 07:57:49 - [34m[1mLOGS   [0m - Last training checkpoint is saved at: /ML-A100/team/mm/models/catlip_data/results_vit_base/9_food101/train/training_checkpoint_last.pt
2024-07-29 07:57:50 - [34m[1mLOGS   [0m - Last checkpoint's model state is saved at: /ML-A100/team/mm/models/catlip_data/results_vit_base/9_food101/train/checkpoint_last.pt
2024-07-29 07:57:51 - [34m[1mLOGS   [0m - Training checkpoint for epoch 29/iteration 3387 is saved at: /ML-A100/team/mm/models/catlip_data/results_vit_base/9_food101/train/training_checkpoint_epoch_29_iter_3387.pt
2024-07-29 07:57:51 - [34m[1mLOGS   [0m - Model state for epoch 29/iteration 3387 is saved at: /ML-A100/team/mm/models/catlip_data/results_vit_base/9_food101/train/checkpoint_epoch_29_iter_3387.pt
2024-07-29 07:57:51 - [34m[1mLOGS   [0m - Training took 00:30:20.70
