nohup: ignoring input
2024-07-28 10:57:58 - [93m[1mDEBUG   [0m - Cannot load internal arguments, skipping.
2024-07-28 10:57:59 - [33m[1mWARNING[0m - UnrecognizedYamlConfigEntry("Yaml config key 'model.classification.openvit.mode' was not recognized by argparser. If you think that you have already added argument in corenet/options/opts.py file, then check for typos. If not, then please add it to corenet/options/opts.py."
2024-07-28 10:57:59 - [33m[1mWARNING[0m - UnrecognizedYamlConfigEntry("Yaml config key 'model.classification.openvit.norm_layer' was not recognized by argparser. If you think that you have already added argument in corenet/options/opts.py file, then check for typos. If not, then please add it to corenet/options/opts.py."
2024-07-28 10:57:59 - [33m[1mWARNING[0m - UnrecognizedYamlConfigEntry("Yaml config key 'model.classification.openvit.use_flash_attention' was not recognized by argparser. If you think that you have already added argument in corenet/options/opts.py file, then check for typos. If not, then please add it to corenet/options/opts.py."
200
2024-07-28 10:58:01 - [32m[1mINFO   [0m - Trainable parameters: ['neural_augmentor.brightness._low', 'neural_augmentor.brightness._high', 'neural_augmentor.contrast._low', 'neural_augmentor.contrast._high', 'neural_augmentor.noise._low', 'neural_augmentor.noise._high', 'model.embeddings.class_embedding', 'model.embeddings.patch_embedding.weight', 'model.embeddings.position_embedding.weight', 'model.pre_layrnorm.weight', 'model.pre_layrnorm.bias', 'model.encoder.layers.0.self_attn.k_proj.weight', 'model.encoder.layers.0.self_attn.k_proj.bias', 'model.encoder.layers.0.self_attn.v_proj.weight', 'model.encoder.layers.0.self_attn.v_proj.bias', 'model.encoder.layers.0.self_attn.q_proj.weight', 'model.encoder.layers.0.self_attn.q_proj.bias', 'model.encoder.layers.0.self_attn.out_proj.weight', 'model.encoder.layers.0.self_attn.out_proj.bias', 'model.encoder.layers.0.layer_norm1.weight', 'model.encoder.layers.0.layer_norm1.bias', 'model.encoder.layers.0.mlp.fc1.weight', 'model.encoder.layers.0.mlp.fc1.bias', 'model.encoder.layers.0.mlp.fc2.weight', 'model.encoder.layers.0.mlp.fc2.bias', 'model.encoder.layers.0.layer_norm2.weight', 'model.encoder.layers.0.layer_norm2.bias', 'model.encoder.layers.1.self_attn.k_proj.weight', 'model.encoder.layers.1.self_attn.k_proj.bias', 'model.encoder.layers.1.self_attn.v_proj.weight', 'model.encoder.layers.1.self_attn.v_proj.bias', 'model.encoder.layers.1.self_attn.q_proj.weight', 'model.encoder.layers.1.self_attn.q_proj.bias', 'model.encoder.layers.1.self_attn.out_proj.weight', 'model.encoder.layers.1.self_attn.out_proj.bias', 'model.encoder.layers.1.layer_norm1.weight', 'model.encoder.layers.1.layer_norm1.bias', 'model.encoder.layers.1.mlp.fc1.weight', 'model.encoder.layers.1.mlp.fc1.bias', 'model.encoder.layers.1.mlp.fc2.weight', 'model.encoder.layers.1.mlp.fc2.bias', 'model.encoder.layers.1.layer_norm2.weight', 'model.encoder.layers.1.layer_norm2.bias', 'model.encoder.layers.2.self_attn.k_proj.weight', 'model.encoder.layers.2.self_attn.k_proj.bias', 'model.encoder.layers.2.self_attn.v_proj.weight', 'model.encoder.layers.2.self_attn.v_proj.bias', 'model.encoder.layers.2.self_attn.q_proj.weight', 'model.encoder.layers.2.self_attn.q_proj.bias', 'model.encoder.layers.2.self_attn.out_proj.weight', 'model.encoder.layers.2.self_attn.out_proj.bias', 'model.encoder.layers.2.layer_norm1.weight', 'model.encoder.layers.2.layer_norm1.bias', 'model.encoder.layers.2.mlp.fc1.weight', 'model.encoder.layers.2.mlp.fc1.bias', 'model.encoder.layers.2.mlp.fc2.weight', 'model.encoder.layers.2.mlp.fc2.bias', 'model.encoder.layers.2.layer_norm2.weight', 'model.encoder.layers.2.layer_norm2.bias', 'model.encoder.layers.3.self_attn.k_proj.weight', 'model.encoder.layers.3.self_attn.k_proj.bias', 'model.encoder.layers.3.self_attn.v_proj.weight', 'model.encoder.layers.3.self_attn.v_proj.bias', 'model.encoder.layers.3.self_attn.q_proj.weight', 'model.encoder.layers.3.self_attn.q_proj.bias', 'model.encoder.layers.3.self_attn.out_proj.weight', 'model.encoder.layers.3.self_attn.out_proj.bias', 'model.encoder.layers.3.layer_norm1.weight', 'model.encoder.layers.3.layer_norm1.bias', 'model.encoder.layers.3.mlp.fc1.weight', 'model.encoder.layers.3.mlp.fc1.bias', 'model.encoder.layers.3.mlp.fc2.weight', 'model.encoder.layers.3.mlp.fc2.bias', 'model.encoder.layers.3.layer_norm2.weight', 'model.encoder.layers.3.layer_norm2.bias', 'model.encoder.layers.4.self_attn.k_proj.weight', 'model.encoder.layers.4.self_attn.k_proj.bias', 'model.encoder.layers.4.self_attn.v_proj.weight', 'model.encoder.layers.4.self_attn.v_proj.bias', 'model.encoder.layers.4.self_attn.q_proj.weight', 'model.encoder.layers.4.self_attn.q_proj.bias', 'model.encoder.layers.4.self_attn.out_proj.weight', 'model.encoder.layers.4.self_attn.out_proj.bias', 'model.encoder.layers.4.layer_norm1.weight', 'model.encoder.layers.4.layer_norm1.bias', 'model.encoder.layers.4.mlp.fc1.weight', 'model.encoder.layers.4.mlp.fc1.bias', 'model.encoder.layers.4.mlp.fc2.weight', 'model.encoder.layers.4.mlp.fc2.bias', 'model.encoder.layers.4.layer_norm2.weight', 'model.encoder.layers.4.layer_norm2.bias', 'model.encoder.layers.5.self_attn.k_proj.weight', 'model.encoder.layers.5.self_attn.k_proj.bias', 'model.encoder.layers.5.self_attn.v_proj.weight', 'model.encoder.layers.5.self_attn.v_proj.bias', 'model.encoder.layers.5.self_attn.q_proj.weight', 'model.encoder.layers.5.self_attn.q_proj.bias', 'model.encoder.layers.5.self_attn.out_proj.weight', 'model.encoder.layers.5.self_attn.out_proj.bias', 'model.encoder.layers.5.layer_norm1.weight', 'model.encoder.layers.5.layer_norm1.bias', 'model.encoder.layers.5.mlp.fc1.weight', 'model.encoder.layers.5.mlp.fc1.bias', 'model.encoder.layers.5.mlp.fc2.weight', 'model.encoder.layers.5.mlp.fc2.bias', 'model.encoder.layers.5.layer_norm2.weight', 'model.encoder.layers.5.layer_norm2.bias', 'model.encoder.layers.6.self_attn.k_proj.weight', 'model.encoder.layers.6.self_attn.k_proj.bias', 'model.encoder.layers.6.self_attn.v_proj.weight', 'model.encoder.layers.6.self_attn.v_proj.bias', 'model.encoder.layers.6.self_attn.q_proj.weight', 'model.encoder.layers.6.self_attn.q_proj.bias', 'model.encoder.layers.6.self_attn.out_proj.weight', 'model.encoder.layers.6.self_attn.out_proj.bias', 'model.encoder.layers.6.layer_norm1.weight', 'model.encoder.layers.6.layer_norm1.bias', 'model.encoder.layers.6.mlp.fc1.weight', 'model.encoder.layers.6.mlp.fc1.bias', 'model.encoder.layers.6.mlp.fc2.weight', 'model.encoder.layers.6.mlp.fc2.bias', 'model.encoder.layers.6.layer_norm2.weight', 'model.encoder.layers.6.layer_norm2.bias', 'model.encoder.layers.7.self_attn.k_proj.weight', 'model.encoder.layers.7.self_attn.k_proj.bias', 'model.encoder.layers.7.self_attn.v_proj.weight', 'model.encoder.layers.7.self_attn.v_proj.bias', 'model.encoder.layers.7.self_attn.q_proj.weight', 'model.encoder.layers.7.self_attn.q_proj.bias', 'model.encoder.layers.7.self_attn.out_proj.weight', 'model.encoder.layers.7.self_attn.out_proj.bias', 'model.encoder.layers.7.layer_norm1.weight', 'model.encoder.layers.7.layer_norm1.bias', 'model.encoder.layers.7.mlp.fc1.weight', 'model.encoder.layers.7.mlp.fc1.bias', 'model.encoder.layers.7.mlp.fc2.weight', 'model.encoder.layers.7.mlp.fc2.bias', 'model.encoder.layers.7.layer_norm2.weight', 'model.encoder.layers.7.layer_norm2.bias', 'model.encoder.layers.8.self_attn.k_proj.weight', 'model.encoder.layers.8.self_attn.k_proj.bias', 'model.encoder.layers.8.self_attn.v_proj.weight', 'model.encoder.layers.8.self_attn.v_proj.bias', 'model.encoder.layers.8.self_attn.q_proj.weight', 'model.encoder.layers.8.self_attn.q_proj.bias', 'model.encoder.layers.8.self_attn.out_proj.weight', 'model.encoder.layers.8.self_attn.out_proj.bias', 'model.encoder.layers.8.layer_norm1.weight', 'model.encoder.layers.8.layer_norm1.bias', 'model.encoder.layers.8.mlp.fc1.weight', 'model.encoder.layers.8.mlp.fc1.bias', 'model.encoder.layers.8.mlp.fc2.weight', 'model.encoder.layers.8.mlp.fc2.bias', 'model.encoder.layers.8.layer_norm2.weight', 'model.encoder.layers.8.layer_norm2.bias', 'model.encoder.layers.9.self_attn.k_proj.weight', 'model.encoder.layers.9.self_attn.k_proj.bias', 'model.encoder.layers.9.self_attn.v_proj.weight', 'model.encoder.layers.9.self_attn.v_proj.bias', 'model.encoder.layers.9.self_attn.q_proj.weight', 'model.encoder.layers.9.self_attn.q_proj.bias', 'model.encoder.layers.9.self_attn.out_proj.weight', 'model.encoder.layers.9.self_attn.out_proj.bias', 'model.encoder.layers.9.layer_norm1.weight', 'model.encoder.layers.9.layer_norm1.bias', 'model.encoder.layers.9.mlp.fc1.weight', 'model.encoder.layers.9.mlp.fc1.bias', 'model.encoder.layers.9.mlp.fc2.weight', 'model.encoder.layers.9.mlp.fc2.bias', 'model.encoder.layers.9.layer_norm2.weight', 'model.encoder.layers.9.layer_norm2.bias', 'model.encoder.layers.10.self_attn.k_proj.weight', 'model.encoder.layers.10.self_attn.k_proj.bias', 'model.encoder.layers.10.self_attn.v_proj.weight', 'model.encoder.layers.10.self_attn.v_proj.bias', 'model.encoder.layers.10.self_attn.q_proj.weight', 'model.encoder.layers.10.self_attn.q_proj.bias', 'model.encoder.layers.10.self_attn.out_proj.weight', 'model.encoder.layers.10.self_attn.out_proj.bias', 'model.encoder.layers.10.layer_norm1.weight', 'model.encoder.layers.10.layer_norm1.bias', 'model.encoder.layers.10.mlp.fc1.weight', 'model.encoder.layers.10.mlp.fc1.bias', 'model.encoder.layers.10.mlp.fc2.weight', 'model.encoder.layers.10.mlp.fc2.bias', 'model.encoder.layers.10.layer_norm2.weight', 'model.encoder.layers.10.layer_norm2.bias', 'model.encoder.layers.11.self_attn.k_proj.weight', 'model.encoder.layers.11.self_attn.k_proj.bias', 'model.encoder.layers.11.self_attn.v_proj.weight', 'model.encoder.layers.11.self_attn.v_proj.bias', 'model.encoder.layers.11.self_attn.q_proj.weight', 'model.encoder.layers.11.self_attn.q_proj.bias', 'model.encoder.layers.11.self_attn.out_proj.weight', 'model.encoder.layers.11.self_attn.out_proj.bias', 'model.encoder.layers.11.layer_norm1.weight', 'model.encoder.layers.11.layer_norm1.bias', 'model.encoder.layers.11.mlp.fc1.weight', 'model.encoder.layers.11.mlp.fc1.bias', 'model.encoder.layers.11.mlp.fc2.weight', 'model.encoder.layers.11.mlp.fc2.bias', 'model.encoder.layers.11.layer_norm2.weight', 'model.encoder.layers.11.layer_norm2.bias', 'model.post_layernorm.weight', 'model.post_layernorm.bias', 'classifier.weight', 'classifier.bias']
2024-07-28 10:58:01 - [34m[1mLOGS   [0m - [36mModel[0m
OpenClipViT(
  (neural_augmentor): DistributionNeuralAugmentor(
  	Brightness=UniformSampler(min_fn=Clip(min=0.1, max=0.9, clipping=soft), max_fn=Clip(min=1.1, max=10.0, clipping=soft)), 
  	Contrast=UniformSampler(min_fn=Clip(min=0.1, max=0.9, clipping=soft), max_fn=Clip(min=1.1, max=10.0, clipping=soft)), 
  	Noise=UniformSampler(min_fn=Clip(min=0.0, max=5e-05, clipping=soft), max_fn=Clip(min=0.0001, max=1.0, clipping=soft)), )
  (model): CLIPVisionTransformer(
    (embeddings): CLIPVisionEmbeddings(
      (patch_embedding): Conv2d(3, 768, kernel_size=(16, 16), stride=(16, 16), bias=False)
      (position_embedding): Embedding(197, 768)
    )
    (pre_layrnorm): LayerNorm((768,), eps=1e-05, elementwise_affine=True)
    (encoder): CLIPEncoder(
      (layers): ModuleList(
        (0-11): 12 x CLIPEncoderLayer(
          (self_attn): CLIPAttention(
            (k_proj): Linear(in_features=768, out_features=768, bias=True)
            (v_proj): Linear(in_features=768, out_features=768, bias=True)
            (q_proj): Linear(in_features=768, out_features=768, bias=True)
            (out_proj): Linear(in_features=768, out_features=768, bias=True)
          )
          (layer_norm1): LayerNorm((768,), eps=1e-05, elementwise_affine=True)
          (mlp): CLIPMLP(
            (activation_fn): QuickGELUActivation()
            (fc1): Linear(in_features=768, out_features=3072, bias=True)
            (fc2): Linear(in_features=3072, out_features=768, bias=True)
          )
          (layer_norm2): LayerNorm((768,), eps=1e-05, elementwise_affine=True)
        )
      )
    )
    (post_layernorm): LayerNorm((768,), eps=1e-05, elementwise_affine=True)
  )
  (classifier): Linear(in_features=768, out_features=200, bias=True)
)
[31m=================================================================[0m
                        OpenClipViT Summary
[31m=================================================================[0m
Total parameters     =   85.953 M
Total trainable parameters =   85.953 M

2024-07-28 10:58:01 - [34m[1mLOGS   [0m - FVCore Analysis:
2024-07-28 10:58:01 - [34m[1mLOGS   [0m - Input sizes: [1, 3, 224, 224]
| module                                 | #parameters or shape   | #flops    |
|:---------------------------------------|:-----------------------|:----------|
| model                                  | 85.953M                | 17.582G   |
|  neural_augmentor                      |  6                     |           |
|   neural_augmentor.brightness          |   2                    |           |
|    neural_augmentor.brightness._low    |    ()                  |           |
|    neural_augmentor.brightness._high   |    ()                  |           |
|   neural_augmentor.contrast            |   2                    |           |
|    neural_augmentor.contrast._low      |    ()                  |           |
|    neural_augmentor.contrast._high     |    ()                  |           |
|   neural_augmentor.noise               |   2                    |           |
|    neural_augmentor.noise._low         |    ()                  |           |
|    neural_augmentor.noise._high        |    ()                  |           |
|  model                                 |  85.799M               |  17.582G  |
|   model.embeddings                     |   0.742M               |   0.116G  |
|    model.embeddings.class_embedding    |    (768,)              |           |
|    model.embeddings.patch_embedding    |    0.59M               |    0.116G |
|    model.embeddings.position_embedding |    0.151M              |    0      |
|   model.pre_layrnorm                   |   1.536K               |   0.756M  |
|    model.pre_layrnorm.weight           |    (768,)              |           |
|    model.pre_layrnorm.bias             |    (768,)              |           |
|   model.encoder.layers                 |   85.054M              |   17.466G |
|    model.encoder.layers.0              |    7.088M              |    1.455G |
|    model.encoder.layers.1              |    7.088M              |    1.455G |
|    model.encoder.layers.2              |    7.088M              |    1.455G |
|    model.encoder.layers.3              |    7.088M              |    1.455G |
|    model.encoder.layers.4              |    7.088M              |    1.455G |
|    model.encoder.layers.5              |    7.088M              |    1.455G |
|    model.encoder.layers.6              |    7.088M              |    1.455G |
|    model.encoder.layers.7              |    7.088M              |    1.455G |
|    model.encoder.layers.8              |    7.088M              |    1.455G |
|    model.encoder.layers.9              |    7.088M              |    1.455G |
|    model.encoder.layers.10             |    7.088M              |    1.455G |
|    model.encoder.layers.11             |    7.088M              |    1.455G |
|   model.post_layernorm                 |   1.536K               |           |
|    model.post_layernorm.weight         |    (768,)              |           |
|    model.post_layernorm.bias           |    (768,)              |           |
|  classifier                            |  0.154M                |  0.154M   |
|   classifier.weight                    |   (200, 768)           |           |
|   classifier.bias                      |   (200,)               |           |
2024-07-28 10:58:01 - [33m[1mWARNING[0m - 
** Please be cautious when using the results in papers. Certain operations may or may not be accounted in FLOP computation in FVCore. Therefore, you want to manually ensure that FLOP computation is correct.
2024-07-28 10:58:01 - [33m[1mWARNING[0m - Uncalled Modules:
{'neural_augmentor.noise.min_fn', 'neural_augmentor.noise.max_fn', 'neural_augmentor.noise', 'neural_augmentor.contrast.max_fn', 'neural_augmentor', 'model.post_layernorm', 'neural_augmentor.contrast', 'neural_augmentor.contrast.min_fn', 'neural_augmentor.brightness.max_fn', 'neural_augmentor.brightness', 'neural_augmentor.brightness.min_fn'}
2024-07-28 10:58:01 - [33m[1mWARNING[0m - Unsupported Ops:
Counter({'aten::mul': 48, 'aten::add': 25, 'aten::softmax': 12, 'aten::sigmoid': 12, 'aten::embedding': 1, 'aten::sub': 1})
[31m=================================================================[0m
2024-07-28 10:58:01 - [34m[1mLOGS   [0m - Random seeds are set to 0
2024-07-28 10:58:01 - [34m[1mLOGS   [0m - Using PyTorch version 2.2.1+cu121
2024-07-28 10:58:01 - [34m[1mLOGS   [0m - Available GPUs: 4
2024-07-28 10:58:01 - [34m[1mLOGS   [0m - CUDNN is enabled
2024-07-28 10:58:01 - [34m[1mLOGS   [0m - Setting --ddp.world-size the same as the number of available gpus.
2024-07-28 10:58:01 - [34m[1mLOGS   [0m - Directory exists at: /ML-A100/team/mm/models/catlip_data/open_vit_base/food200/train
2024-07-28 10:58:08 - [32m[1mINFO   [0m - distributed init (rank 3): tcp://localhost:30003
200
2024-07-28 10:58:08 - [32m[1mINFO   [0m - distributed init (rank 1): tcp://localhost:30003
200
2024-07-28 10:58:08 - [32m[1mINFO   [0m - distributed init (rank 0): tcp://localhost:30003
2024-07-28 10:58:13 - [34m[1mLOGS   [0m - Number of categories: 200
2024-07-28 10:58:13 - [34m[1mLOGS   [0m - Total number of samples: 118210
2024-07-28 10:58:13 - [34m[1mLOGS   [0m - Using all samples in the dataset.
2024-07-28 10:58:13 - [34m[1mLOGS   [0m - Training dataset details are given below
ImageNetDataset(
	root=/ML-A100/team/mm/models/food200/train_images 
	is_training=True 
	num_samples=118210
	transforms=Compose(
			RandomResizedCrop(scale=(0.08, 1.0), ratio=(0.75, 1.3333333333333333), size=(224, 224), interpolation=bilinear), 
			RandomHorizontalFlip(p=0.5), 
			ToTensor(dtype=torch.float32, norm_factor=255)
		)
	 num_classes=200
)
2024-07-28 10:58:13 - [34m[1mLOGS   [0m - Number of categories: 200
2024-07-28 10:58:13 - [34m[1mLOGS   [0m - Total number of samples: 59287
2024-07-28 10:58:13 - [34m[1mLOGS   [0m - Using all samples in the dataset.
2024-07-28 10:58:13 - [34m[1mLOGS   [0m - Validation dataset details are given below
ImageNetDataset(
	root=/ML-A100/team/mm/models/food200/test_images 
	is_training=False 
	num_samples=59287
	transforms=Compose(
			Resize(size=232, interpolation=bilinear, maintain_aspect_ratio=True), 
			CenterCrop(size=(h=224, w=224)), 
			ToTensor(dtype=torch.float32, norm_factor=255)
		)
	 num_classes=200
)
2024-07-28 10:58:13 - [34m[1mLOGS   [0m - Training sampler details: VariableBatchSamplerDDP(
	 num_repeat=1
	 trunc_rep_aug=False
	 sharding=False
	 disable_shuffle_sharding=False
	 base_im_size=(h=224, w=224)
	 base_batch_size=128
	 scales=[(224, 224, 128)]
	 scale_inc=False
	 min_scale_inc_factor=1.0
	 max_scale_inc_factor=1.0
	 ep_intervals=[40]
)
2024-07-28 10:58:13 - [34m[1mLOGS   [0m - Validation sampler details: VariableBatchSamplerDDP(
	 num_repeat=1
	 trunc_rep_aug=False
	 sharding=False
	 disable_shuffle_sharding=False
	 base_im_size=(h=224, w=224)
	 base_batch_size=100
	 scales=[(224, 224, 100)]
	 scale_inc=False
	 min_scale_inc_factor=1.0
	 max_scale_inc_factor=1.0
	 ep_intervals=[40]
)
2024-07-28 10:58:13 - [34m[1mLOGS   [0m - Number of data workers: 64
200
2024-07-28 10:58:20 - [32m[1mINFO   [0m - Trainable parameters: ['neural_augmentor.brightness._low', 'neural_augmentor.brightness._high', 'neural_augmentor.contrast._low', 'neural_augmentor.contrast._high', 'neural_augmentor.noise._low', 'neural_augmentor.noise._high', 'model.embeddings.class_embedding', 'model.embeddings.patch_embedding.weight', 'model.embeddings.position_embedding.weight', 'model.pre_layrnorm.weight', 'model.pre_layrnorm.bias', 'model.encoder.layers.0.self_attn.k_proj.weight', 'model.encoder.layers.0.self_attn.k_proj.bias', 'model.encoder.layers.0.self_attn.v_proj.weight', 'model.encoder.layers.0.self_attn.v_proj.bias', 'model.encoder.layers.0.self_attn.q_proj.weight', 'model.encoder.layers.0.self_attn.q_proj.bias', 'model.encoder.layers.0.self_attn.out_proj.weight', 'model.encoder.layers.0.self_attn.out_proj.bias', 'model.encoder.layers.0.layer_norm1.weight', 'model.encoder.layers.0.layer_norm1.bias', 'model.encoder.layers.0.mlp.fc1.weight', 'model.encoder.layers.0.mlp.fc1.bias', 'model.encoder.layers.0.mlp.fc2.weight', 'model.encoder.layers.0.mlp.fc2.bias', 'model.encoder.layers.0.layer_norm2.weight', 'model.encoder.layers.0.layer_norm2.bias', 'model.encoder.layers.1.self_attn.k_proj.weight', 'model.encoder.layers.1.self_attn.k_proj.bias', 'model.encoder.layers.1.self_attn.v_proj.weight', 'model.encoder.layers.1.self_attn.v_proj.bias', 'model.encoder.layers.1.self_attn.q_proj.weight', 'model.encoder.layers.1.self_attn.q_proj.bias', 'model.encoder.layers.1.self_attn.out_proj.weight', 'model.encoder.layers.1.self_attn.out_proj.bias', 'model.encoder.layers.1.layer_norm1.weight', 'model.encoder.layers.1.layer_norm1.bias', 'model.encoder.layers.1.mlp.fc1.weight', 'model.encoder.layers.1.mlp.fc1.bias', 'model.encoder.layers.1.mlp.fc2.weight', 'model.encoder.layers.1.mlp.fc2.bias', 'model.encoder.layers.1.layer_norm2.weight', 'model.encoder.layers.1.layer_norm2.bias', 'model.encoder.layers.2.self_attn.k_proj.weight', 'model.encoder.layers.2.self_attn.k_proj.bias', 'model.encoder.layers.2.self_attn.v_proj.weight', 'model.encoder.layers.2.self_attn.v_proj.bias', 'model.encoder.layers.2.self_attn.q_proj.weight', 'model.encoder.layers.2.self_attn.q_proj.bias', 'model.encoder.layers.2.self_attn.out_proj.weight', 'model.encoder.layers.2.self_attn.out_proj.bias', 'model.encoder.layers.2.layer_norm1.weight', 'model.encoder.layers.2.layer_norm1.bias', 'model.encoder.layers.2.mlp.fc1.weight', 'model.encoder.layers.2.mlp.fc1.bias', 'model.encoder.layers.2.mlp.fc2.weight', 'model.encoder.layers.2.mlp.fc2.bias', 'model.encoder.layers.2.layer_norm2.weight', 'model.encoder.layers.2.layer_norm2.bias', 'model.encoder.layers.3.self_attn.k_proj.weight', 'model.encoder.layers.3.self_attn.k_proj.bias', 'model.encoder.layers.3.self_attn.v_proj.weight', 'model.encoder.layers.3.self_attn.v_proj.bias', 'model.encoder.layers.3.self_attn.q_proj.weight', 'model.encoder.layers.3.self_attn.q_proj.bias', 'model.encoder.layers.3.self_attn.out_proj.weight', 'model.encoder.layers.3.self_attn.out_proj.bias', 'model.encoder.layers.3.layer_norm1.weight', 'model.encoder.layers.3.layer_norm1.bias', 'model.encoder.layers.3.mlp.fc1.weight', 'model.encoder.layers.3.mlp.fc1.bias', 'model.encoder.layers.3.mlp.fc2.weight', 'model.encoder.layers.3.mlp.fc2.bias', 'model.encoder.layers.3.layer_norm2.weight', 'model.encoder.layers.3.layer_norm2.bias', 'model.encoder.layers.4.self_attn.k_proj.weight', 'model.encoder.layers.4.self_attn.k_proj.bias', 'model.encoder.layers.4.self_attn.v_proj.weight', 'model.encoder.layers.4.self_attn.v_proj.bias', 'model.encoder.layers.4.self_attn.q_proj.weight', 'model.encoder.layers.4.self_attn.q_proj.bias', 'model.encoder.layers.4.self_attn.out_proj.weight', 'model.encoder.layers.4.self_attn.out_proj.bias', 'model.encoder.layers.4.layer_norm1.weight', 'model.encoder.layers.4.layer_norm1.bias', 'model.encoder.layers.4.mlp.fc1.weight', 'model.encoder.layers.4.mlp.fc1.bias', 'model.encoder.layers.4.mlp.fc2.weight', 'model.encoder.layers.4.mlp.fc2.bias', 'model.encoder.layers.4.layer_norm2.weight', 'model.encoder.layers.4.layer_norm2.bias', 'model.encoder.layers.5.self_attn.k_proj.weight', 'model.encoder.layers.5.self_attn.k_proj.bias', 'model.encoder.layers.5.self_attn.v_proj.weight', 'model.encoder.layers.5.self_attn.v_proj.bias', 'model.encoder.layers.5.self_attn.q_proj.weight', 'model.encoder.layers.5.self_attn.q_proj.bias', 'model.encoder.layers.5.self_attn.out_proj.weight', 'model.encoder.layers.5.self_attn.out_proj.bias', 'model.encoder.layers.5.layer_norm1.weight', 'model.encoder.layers.5.layer_norm1.bias', 'model.encoder.layers.5.mlp.fc1.weight', 'model.encoder.layers.5.mlp.fc1.bias', 'model.encoder.layers.5.mlp.fc2.weight', 'model.encoder.layers.5.mlp.fc2.bias', 'model.encoder.layers.5.layer_norm2.weight', 'model.encoder.layers.5.layer_norm2.bias', 'model.encoder.layers.6.self_attn.k_proj.weight', 'model.encoder.layers.6.self_attn.k_proj.bias', 'model.encoder.layers.6.self_attn.v_proj.weight', 'model.encoder.layers.6.self_attn.v_proj.bias', 'model.encoder.layers.6.self_attn.q_proj.weight', 'model.encoder.layers.6.self_attn.q_proj.bias', 'model.encoder.layers.6.self_attn.out_proj.weight', 'model.encoder.layers.6.self_attn.out_proj.bias', 'model.encoder.layers.6.layer_norm1.weight', 'model.encoder.layers.6.layer_norm1.bias', 'model.encoder.layers.6.mlp.fc1.weight', 'model.encoder.layers.6.mlp.fc1.bias', 'model.encoder.layers.6.mlp.fc2.weight', 'model.encoder.layers.6.mlp.fc2.bias', 'model.encoder.layers.6.layer_norm2.weight', 'model.encoder.layers.6.layer_norm2.bias', 'model.encoder.layers.7.self_attn.k_proj.weight', 'model.encoder.layers.7.self_attn.k_proj.bias', 'model.encoder.layers.7.self_attn.v_proj.weight', 'model.encoder.layers.7.self_attn.v_proj.bias', 'model.encoder.layers.7.self_attn.q_proj.weight', 'model.encoder.layers.7.self_attn.q_proj.bias', 'model.encoder.layers.7.self_attn.out_proj.weight', 'model.encoder.layers.7.self_attn.out_proj.bias', 'model.encoder.layers.7.layer_norm1.weight', 'model.encoder.layers.7.layer_norm1.bias', 'model.encoder.layers.7.mlp.fc1.weight', 'model.encoder.layers.7.mlp.fc1.bias', 'model.encoder.layers.7.mlp.fc2.weight', 'model.encoder.layers.7.mlp.fc2.bias', 'model.encoder.layers.7.layer_norm2.weight', 'model.encoder.layers.7.layer_norm2.bias', 'model.encoder.layers.8.self_attn.k_proj.weight', 'model.encoder.layers.8.self_attn.k_proj.bias', 'model.encoder.layers.8.self_attn.v_proj.weight', 'model.encoder.layers.8.self_attn.v_proj.bias', 'model.encoder.layers.8.self_attn.q_proj.weight', 'model.encoder.layers.8.self_attn.q_proj.bias', 'model.encoder.layers.8.self_attn.out_proj.weight', 'model.encoder.layers.8.self_attn.out_proj.bias', 'model.encoder.layers.8.layer_norm1.weight', 'model.encoder.layers.8.layer_norm1.bias', 'model.encoder.layers.8.mlp.fc1.weight', 'model.encoder.layers.8.mlp.fc1.bias', 'model.encoder.layers.8.mlp.fc2.weight', 'model.encoder.layers.8.mlp.fc2.bias', 'model.encoder.layers.8.layer_norm2.weight', 'model.encoder.layers.8.layer_norm2.bias', 'model.encoder.layers.9.self_attn.k_proj.weight', 'model.encoder.layers.9.self_attn.k_proj.bias', 'model.encoder.layers.9.self_attn.v_proj.weight', 'model.encoder.layers.9.self_attn.v_proj.bias', 'model.encoder.layers.9.self_attn.q_proj.weight', 'model.encoder.layers.9.self_attn.q_proj.bias', 'model.encoder.layers.9.self_attn.out_proj.weight', 'model.encoder.layers.9.self_attn.out_proj.bias', 'model.encoder.layers.9.layer_norm1.weight', 'model.encoder.layers.9.layer_norm1.bias', 'model.encoder.layers.9.mlp.fc1.weight', 'model.encoder.layers.9.mlp.fc1.bias', 'model.encoder.layers.9.mlp.fc2.weight', 'model.encoder.layers.9.mlp.fc2.bias', 'model.encoder.layers.9.layer_norm2.weight', 'model.encoder.layers.9.layer_norm2.bias', 'model.encoder.layers.10.self_attn.k_proj.weight', 'model.encoder.layers.10.self_attn.k_proj.bias', 'model.encoder.layers.10.self_attn.v_proj.weight', 'model.encoder.layers.10.self_attn.v_proj.bias', 'model.encoder.layers.10.self_attn.q_proj.weight', 'model.encoder.layers.10.self_attn.q_proj.bias', 'model.encoder.layers.10.self_attn.out_proj.weight', 'model.encoder.layers.10.self_attn.out_proj.bias', 'model.encoder.layers.10.layer_norm1.weight', 'model.encoder.layers.10.layer_norm1.bias', 'model.encoder.layers.10.mlp.fc1.weight', 'model.encoder.layers.10.mlp.fc1.bias', 'model.encoder.layers.10.mlp.fc2.weight', 'model.encoder.layers.10.mlp.fc2.bias', 'model.encoder.layers.10.layer_norm2.weight', 'model.encoder.layers.10.layer_norm2.bias', 'model.encoder.layers.11.self_attn.k_proj.weight', 'model.encoder.layers.11.self_attn.k_proj.bias', 'model.encoder.layers.11.self_attn.v_proj.weight', 'model.encoder.layers.11.self_attn.v_proj.bias', 'model.encoder.layers.11.self_attn.q_proj.weight', 'model.encoder.layers.11.self_attn.q_proj.bias', 'model.encoder.layers.11.self_attn.out_proj.weight', 'model.encoder.layers.11.self_attn.out_proj.bias', 'model.encoder.layers.11.layer_norm1.weight', 'model.encoder.layers.11.layer_norm1.bias', 'model.encoder.layers.11.mlp.fc1.weight', 'model.encoder.layers.11.mlp.fc1.bias', 'model.encoder.layers.11.mlp.fc2.weight', 'model.encoder.layers.11.mlp.fc2.bias', 'model.encoder.layers.11.layer_norm2.weight', 'model.encoder.layers.11.layer_norm2.bias', 'model.post_layernorm.weight', 'model.post_layernorm.bias', 'classifier.weight', 'classifier.bias']
2024-07-28 10:58:20 - [34m[1mLOGS   [0m - [36mModel[0m
OpenClipViT(
  (neural_augmentor): DistributionNeuralAugmentor(
  	Brightness=UniformSampler(min_fn=Clip(min=0.1, max=0.9, clipping=soft), max_fn=Clip(min=1.1, max=10.0, clipping=soft)), 
  	Contrast=UniformSampler(min_fn=Clip(min=0.1, max=0.9, clipping=soft), max_fn=Clip(min=1.1, max=10.0, clipping=soft)), 
  	Noise=UniformSampler(min_fn=Clip(min=0.0, max=5e-05, clipping=soft), max_fn=Clip(min=0.0001, max=1.0, clipping=soft)), )
  (model): CLIPVisionTransformer(
    (embeddings): CLIPVisionEmbeddings(
      (patch_embedding): Conv2d(3, 768, kernel_size=(16, 16), stride=(16, 16), bias=False)
      (position_embedding): Embedding(197, 768)
    )
    (pre_layrnorm): LayerNorm((768,), eps=1e-05, elementwise_affine=True)
    (encoder): CLIPEncoder(
      (layers): ModuleList(
        (0-11): 12 x CLIPEncoderLayer(
          (self_attn): CLIPAttention(
            (k_proj): Linear(in_features=768, out_features=768, bias=True)
            (v_proj): Linear(in_features=768, out_features=768, bias=True)
            (q_proj): Linear(in_features=768, out_features=768, bias=True)
            (out_proj): Linear(in_features=768, out_features=768, bias=True)
          )
          (layer_norm1): LayerNorm((768,), eps=1e-05, elementwise_affine=True)
          (mlp): CLIPMLP(
            (activation_fn): QuickGELUActivation()
            (fc1): Linear(in_features=768, out_features=3072, bias=True)
            (fc2): Linear(in_features=3072, out_features=768, bias=True)
          )
          (layer_norm2): LayerNorm((768,), eps=1e-05, elementwise_affine=True)
        )
      )
    )
    (post_layernorm): LayerNorm((768,), eps=1e-05, elementwise_affine=True)
  )
  (classifier): Linear(in_features=768, out_features=200, bias=True)
)
[31m=================================================================[0m
                        OpenClipViT Summary
[31m=================================================================[0m
Total parameters     =   85.953 M
Total trainable parameters =   85.953 M

2024-07-28 10:58:20 - [34m[1mLOGS   [0m - FVCore Analysis:
2024-07-28 10:58:20 - [34m[1mLOGS   [0m - Input sizes: [1, 3, 224, 224]
| module                                 | #parameters or shape   | #flops    |
|:---------------------------------------|:-----------------------|:----------|
| model                                  | 85.953M                | 17.582G   |
|  neural_augmentor                      |  6                     |           |
|   neural_augmentor.brightness          |   2                    |           |
|    neural_augmentor.brightness._low    |    ()                  |           |
|    neural_augmentor.brightness._high   |    ()                  |           |
|   neural_augmentor.contrast            |   2                    |           |
|    neural_augmentor.contrast._low      |    ()                  |           |
|    neural_augmentor.contrast._high     |    ()                  |           |
|   neural_augmentor.noise               |   2                    |           |
|    neural_augmentor.noise._low         |    ()                  |           |
|    neural_augmentor.noise._high        |    ()                  |           |
|  model                                 |  85.799M               |  17.582G  |
|   model.embeddings                     |   0.742M               |   0.116G  |
|    model.embeddings.class_embedding    |    (768,)              |           |
|    model.embeddings.patch_embedding    |    0.59M               |    0.116G |
|    model.embeddings.position_embedding |    0.151M              |    0      |
|   model.pre_layrnorm                   |   1.536K               |   0.756M  |
|    model.pre_layrnorm.weight           |    (768,)              |           |
|    model.pre_layrnorm.bias             |    (768,)              |           |
|   model.encoder.layers                 |   85.054M              |   17.466G |
|    model.encoder.layers.0              |    7.088M              |    1.455G |
|    model.encoder.layers.1              |    7.088M              |    1.455G |
|    model.encoder.layers.2              |    7.088M              |    1.455G |
|    model.encoder.layers.3              |    7.088M              |    1.455G |
|    model.encoder.layers.4              |    7.088M              |    1.455G |
|    model.encoder.layers.5              |    7.088M              |    1.455G |
|    model.encoder.layers.6              |    7.088M              |    1.455G |
|    model.encoder.layers.7              |    7.088M              |    1.455G |
|    model.encoder.layers.8              |    7.088M              |    1.455G |
|    model.encoder.layers.9              |    7.088M              |    1.455G |
|    model.encoder.layers.10             |    7.088M              |    1.455G |
|    model.encoder.layers.11             |    7.088M              |    1.455G |
|   model.post_layernorm                 |   1.536K               |           |
|    model.post_layernorm.weight         |    (768,)              |           |
|    model.post_layernorm.bias           |    (768,)              |           |
|  classifier                            |  0.154M                |  0.154M   |
|   classifier.weight                    |   (200, 768)           |           |
|   classifier.bias                      |   (200,)               |           |
2024-07-28 10:58:21 - [33m[1mWARNING[0m - 
** Please be cautious when using the results in papers. Certain operations may or may not be accounted in FLOP computation in FVCore. Therefore, you want to manually ensure that FLOP computation is correct.
2024-07-28 10:58:21 - [33m[1mWARNING[0m - Uncalled Modules:
{'neural_augmentor.brightness.min_fn', 'model.post_layernorm', 'neural_augmentor.noise', 'neural_augmentor.contrast.max_fn', 'neural_augmentor', 'neural_augmentor.brightness.max_fn', 'neural_augmentor.noise.max_fn', 'neural_augmentor.contrast', 'neural_augmentor.brightness', 'neural_augmentor.contrast.min_fn', 'neural_augmentor.noise.min_fn'}
2024-07-28 10:58:21 - [33m[1mWARNING[0m - Unsupported Ops:
Counter({'aten::mul': 48, 'aten::add': 25, 'aten::softmax': 12, 'aten::sigmoid': 12, 'aten::embedding': 1, 'aten::sub': 1})
[31m=================================================================[0m
2024-07-28 10:58:21 - [34m[1mLOGS   [0m - Using DistributedDataParallel.
2024-07-28 10:58:21 - [34m[1mLOGS   [0m - [36mLoss function[0m
CompositeLoss(
	CrossEntropy(  ignore_idx=-1  class_weighting=False  label_smoothing=0.1 loss_wt=1.0)
	NeuralAugmentation(  target_metric=psnr  target_value=[40, 20]  curriculum_learning=True  alpha=0.0015378700499807767 loss_wt=1.0)
	
)
2024-07-28 10:58:21 - [34m[1mLOGS   [0m - [36mOptimizer[0m
2024-07-28 10:58:21 - [34m[1mLOGS   [0m - Max. epochs for training: 60
2024-07-28 10:58:21 - [34m[1mLOGS   [0m - [36mLearning rate scheduler[0m
CosineScheduler(
 	 min_lr=3e-06
 	 max_lr=3e-05
 	 period=60
 	 warmup_init_lr=1e-06
 	 warmup_iters=500
 )
2024-07-28 10:58:21 - [34m[1mLOGS   [0m - No checkpoint found at '/ML-A100/team/mm/models/catlip_data/open_vit_base/food200/train/training_checkpoint_last.pt'
2024-07-28 10:58:21 - [32m[1mINFO   [0m - Configuration file is stored here: [36m/ML-A100/team/mm/models/catlip_data/open_vit_base/food200/train/config.yaml[0m
[31m===========================================================================[0m
2024-07-28 10:58:23 - [32m[1mINFO   [0m - Training epoch 0
2024-07-28 10:58:08 - [32m[1mINFO   [0m - distributed init (rank 2): tcp://localhost:30003
200
/ML-A800/home/guoshuyue/anaconda3/envs/corenet/lib/python3.10/site-packages/PIL/TiffImagePlugin.py:890: UserWarning: Corrupt EXIF data.  Expecting to read 4 bytes but only got 0. 
  warnings.warn(str(msg))
/ML-A800/home/guoshuyue/anaconda3/envs/corenet/lib/python3.10/site-packages/PIL/TiffImagePlugin.py:890: UserWarning: Corrupt EXIF data.  Expecting to read 4 bytes but only got 0. 
  warnings.warn(str(msg))
/ML-A800/home/guoshuyue/anaconda3/envs/corenet/lib/python3.10/site-packages/PIL/TiffImagePlugin.py:890: UserWarning: Corrupt EXIF data.  Expecting to read 4 bytes but only got 0. 
  warnings.warn(str(msg))
2024-07-28 11:01:59 - [34m[1mLOGS   [0m - Epoch:   0 [       1/10000000], loss: {'classification': 5.3024, 'neural_augmentation': 9.8679, 'total_loss': 15.1704}, LR: [1e-06, 1e-06], Avg. batch load time: 208.837, Elapsed time: 215.88
/ML-A800/home/guoshuyue/anaconda3/envs/corenet/lib/python3.10/site-packages/PIL/TiffImagePlugin.py:890: UserWarning: Corrupt EXIF data.  Expecting to read 4 bytes but only got 0. 
  warnings.warn(str(msg))
/ML-A800/home/guoshuyue/anaconda3/envs/corenet/lib/python3.10/site-packages/PIL/TiffImagePlugin.py:890: UserWarning: Corrupt EXIF data.  Expecting to read 12 bytes but only got 8. 
  warnings.warn(str(msg))
/ML-A800/home/guoshuyue/anaconda3/envs/corenet/lib/python3.10/site-packages/PIL/TiffImagePlugin.py:890: UserWarning: Corrupt EXIF data.  Expecting to read 4 bytes but only got 0. 
  warnings.warn(str(msg))
/ML-A800/home/guoshuyue/anaconda3/envs/corenet/lib/python3.10/site-packages/PIL/TiffImagePlugin.py:890: UserWarning: Truncated File Read
  warnings.warn(str(msg))
/ML-A800/home/guoshuyue/anaconda3/envs/corenet/lib/python3.10/site-packages/PIL/TiffImagePlugin.py:890: UserWarning: Corrupt EXIF data.  Expecting to read 12 bytes but only got 8. 
  warnings.warn(str(msg))
/ML-A800/home/guoshuyue/anaconda3/envs/corenet/lib/python3.10/site-packages/PIL/TiffImagePlugin.py:890: UserWarning: Corrupt EXIF data.  Expecting to read 4 bytes but only got 0. 
  warnings.warn(str(msg))
/ML-A800/home/guoshuyue/anaconda3/envs/corenet/lib/python3.10/site-packages/PIL/TiffImagePlugin.py:890: UserWarning: Corrupt EXIF data.  Expecting to read 4 bytes but only got 0. 
  warnings.warn(str(msg))
/ML-A800/home/guoshuyue/anaconda3/envs/corenet/lib/python3.10/site-packages/PIL/TiffImagePlugin.py:890: UserWarning: Corrupt EXIF data.  Expecting to read 4 bytes but only got 0. 
  warnings.warn(str(msg))
2024-07-28 11:02:53 - [34m[1mLOGS   [0m - *** Training summary for epoch 0
	 loss={'classification': 4.5906, 'neural_augmentation': 9.6583, 'total_loss': 14.2488}
/ML-A800/home/guoshuyue/anaconda3/envs/corenet/lib/python3.10/site-packages/PIL/TiffImagePlugin.py:890: UserWarning: Corrupt EXIF data.  Expecting to read 4 bytes but only got 0. 
  warnings.warn(str(msg))
/ML-A800/home/guoshuyue/anaconda3/envs/corenet/lib/python3.10/site-packages/PIL/TiffImagePlugin.py:890: UserWarning: Corrupt EXIF data.  Expecting to read 4 bytes but only got 0. 
  warnings.warn(str(msg))
/ML-A800/home/guoshuyue/anaconda3/envs/corenet/lib/python3.10/site-packages/PIL/TiffImagePlugin.py:890: UserWarning: Corrupt EXIF data.  Expecting to read 12 bytes but only got 10. 
  warnings.warn(str(msg))
/ML-A800/home/guoshuyue/anaconda3/envs/corenet/lib/python3.10/site-packages/PIL/TiffImagePlugin.py:890: UserWarning: Corrupt EXIF data.  Expecting to read 4 bytes but only got 0. 
  warnings.warn(str(msg))
/ML-A800/home/guoshuyue/anaconda3/envs/corenet/lib/python3.10/site-packages/PIL/TiffImagePlugin.py:890: UserWarning: Corrupt EXIF data.  Expecting to read 4 bytes but only got 0. 
  warnings.warn(str(msg))
2024-07-28 11:06:21 - [34m[1mLOGS   [0m - *** Validation summary for epoch 0
	 loss={'classification': 2.6091, 'neural_augmentation': 0.0, 'total_loss': 2.6091} || top1={'logits': 37.8893} || top5={'logits': 71.5}
/ML-A800/home/guoshuyue/anaconda3/envs/corenet/lib/python3.10/site-packages/PIL/TiffImagePlugin.py:890: UserWarning: Corrupt EXIF data.  Expecting to read 4 bytes but only got 0. 
  warnings.warn(str(msg))
/ML-A800/home/guoshuyue/anaconda3/envs/corenet/lib/python3.10/site-packages/PIL/TiffImagePlugin.py:890: UserWarning: Corrupt EXIF data.  Expecting to read 4 bytes but only got 0. 
  warnings.warn(str(msg))
/ML-A800/home/guoshuyue/anaconda3/envs/corenet/lib/python3.10/site-packages/PIL/TiffImagePlugin.py:890: UserWarning: Truncated File Read
  warnings.warn(str(msg))
/ML-A800/home/guoshuyue/anaconda3/envs/corenet/lib/python3.10/site-packages/PIL/TiffImagePlugin.py:890: UserWarning: Corrupt EXIF data.  Expecting to read 4 bytes but only got 0. 
  warnings.warn(str(msg))
/ML-A800/home/guoshuyue/anaconda3/envs/corenet/lib/python3.10/site-packages/PIL/TiffImagePlugin.py:890: UserWarning: Corrupt EXIF data.  Expecting to read 4 bytes but only got 0. 
  warnings.warn(str(msg))
2024-07-28 11:06:21 - [34m[1mLOGS   [0m - Best checkpoint with score 37.89 saved at /ML-A100/team/mm/models/catlip_data/open_vit_base/food200/train/checkpoint_best.pt
2024-07-28 11:06:22 - [34m[1mLOGS   [0m - Last training checkpoint is saved at: /ML-A100/team/mm/models/catlip_data/open_vit_base/food200/train/training_checkpoint_last.pt
2024-07-28 11:06:23 - [34m[1mLOGS   [0m - Last checkpoint's model state is saved at: /ML-A100/team/mm/models/catlip_data/open_vit_base/food200/train/checkpoint_last.pt
2024-07-28 11:06:25 - [34m[1mLOGS   [0m - Training checkpoint for epoch 0/iteration 231 is saved at: /ML-A100/team/mm/models/catlip_data/open_vit_base/food200/train/training_checkpoint_epoch_0_iter_231.pt
2024-07-28 11:06:26 - [34m[1mLOGS   [0m - Model state for epoch 0/iteration 231 is saved at: /ML-A100/team/mm/models/catlip_data/open_vit_base/food200/train/checkpoint_epoch_0_iter_231.pt
[31m===========================================================================[0m
2024-07-28 11:06:28 - [32m[1mINFO   [0m - Training epoch 1
2024-07-28 11:06:36 - [34m[1mLOGS   [0m - Epoch:   1 [     232/10000000], loss: {'classification': 3.5999, 'neural_augmentation': 10.2256, 'total_loss': 13.8255}, LR: [1.4e-05, 1.4e-05], Avg. batch load time: 7.523, Elapsed time:  7.80
/ML-A800/home/guoshuyue/anaconda3/envs/corenet/lib/python3.10/site-packages/PIL/TiffImagePlugin.py:890: UserWarning: Corrupt EXIF data.  Expecting to read 12 bytes but only got 8. 
  warnings.warn(str(msg))
/ML-A800/home/guoshuyue/anaconda3/envs/corenet/lib/python3.10/site-packages/PIL/TiffImagePlugin.py:890: UserWarning: Corrupt EXIF data.  Expecting to read 4 bytes but only got 0. 
  warnings.warn(str(msg))
/ML-A800/home/guoshuyue/anaconda3/envs/corenet/lib/python3.10/site-packages/PIL/TiffImagePlugin.py:890: UserWarning: Corrupt EXIF data.  Expecting to read 4 bytes but only got 0. 
  warnings.warn(str(msg))
/ML-A800/home/guoshuyue/anaconda3/envs/corenet/lib/python3.10/site-packages/PIL/TiffImagePlugin.py:890: UserWarning: Corrupt EXIF data.  Expecting to read 4 bytes but only got 0. 
  warnings.warn(str(msg))
/ML-A800/home/guoshuyue/anaconda3/envs/corenet/lib/python3.10/site-packages/PIL/TiffImagePlugin.py:890: UserWarning: Corrupt EXIF data.  Expecting to read 12 bytes but only got 8. 
  warnings.warn(str(msg))
/ML-A800/home/guoshuyue/anaconda3/envs/corenet/lib/python3.10/site-packages/PIL/TiffImagePlugin.py:890: UserWarning: Corrupt EXIF data.  Expecting to read 4 bytes but only got 0. 
  warnings.warn(str(msg))
2024-07-28 11:07:28 - [34m[1mLOGS   [0m - *** Training summary for epoch 1
	 loss={'classification': 3.2296, 'neural_augmentation': 9.6378, 'total_loss': 12.8674}
2024-07-28 11:07:51 - [34m[1mLOGS   [0m - *** Validation summary for epoch 1
	 loss={'classification': 1.6886, 'neural_augmentation': 0.0, 'total_loss': 1.6886} || top1={'logits': 56.4513} || top5={'logits': 85.6711}
/ML-A800/home/guoshuyue/anaconda3/envs/corenet/lib/python3.10/site-packages/PIL/TiffImagePlugin.py:890: UserWarning: Corrupt EXIF data.  Expecting to read 4 bytes but only got 0. 
  warnings.warn(str(msg))
/ML-A800/home/guoshuyue/anaconda3/envs/corenet/lib/python3.10/site-packages/PIL/TiffImagePlugin.py:890: UserWarning: Corrupt EXIF data.  Expecting to read 4 bytes but only got 0. 
  warnings.warn(str(msg))
/ML-A800/home/guoshuyue/anaconda3/envs/corenet/lib/python3.10/site-packages/PIL/TiffImagePlugin.py:890: UserWarning: Corrupt EXIF data.  Expecting to read 4 bytes but only got 0. 
  warnings.warn(str(msg))
/ML-A800/home/guoshuyue/anaconda3/envs/corenet/lib/python3.10/site-packages/PIL/TiffImagePlugin.py:890: UserWarning: Corrupt EXIF data.  Expecting to read 4 bytes but only got 0. 
  warnings.warn(str(msg))
/ML-A800/home/guoshuyue/anaconda3/envs/corenet/lib/python3.10/site-packages/PIL/TiffImagePlugin.py:890: UserWarning: Truncated File Read
  warnings.warn(str(msg))
2024-07-28 11:07:51 - [34m[1mLOGS   [0m - Best checkpoint with score 56.45 saved at /ML-A100/team/mm/models/catlip_data/open_vit_base/food200/train/checkpoint_best.pt
2024-07-28 11:07:52 - [34m[1mLOGS   [0m - Last training checkpoint is saved at: /ML-A100/team/mm/models/catlip_data/open_vit_base/food200/train/training_checkpoint_last.pt
2024-07-28 11:07:53 - [34m[1mLOGS   [0m - Last checkpoint's model state is saved at: /ML-A100/team/mm/models/catlip_data/open_vit_base/food200/train/checkpoint_last.pt
2024-07-28 11:07:58 - [34m[1mLOGS   [0m - Training checkpoint for epoch 1/iteration 462 is saved at: /ML-A100/team/mm/models/catlip_data/open_vit_base/food200/train/training_checkpoint_epoch_1_iter_462.pt
2024-07-28 11:08:01 - [34m[1mLOGS   [0m - Model state for epoch 1/iteration 462 is saved at: /ML-A100/team/mm/models/catlip_data/open_vit_base/food200/train/checkpoint_epoch_1_iter_462.pt
[31m===========================================================================[0m
2024-07-28 11:08:03 - [32m[1mINFO   [0m - Training epoch 2
2024-07-28 11:08:09 - [34m[1mLOGS   [0m - Epoch:   2 [     463/10000000], loss: {'classification': 2.8988, 'neural_augmentation': 8.8879, 'total_loss': 11.7867}, LR: [2.8e-05, 2.8e-05], Avg. batch load time: 5.887, Elapsed time:  6.18
/ML-A800/home/guoshuyue/anaconda3/envs/corenet/lib/python3.10/site-packages/PIL/TiffImagePlugin.py:890: UserWarning: Corrupt EXIF data.  Expecting to read 4 bytes but only got 0. 
  warnings.warn(str(msg))
/ML-A800/home/guoshuyue/anaconda3/envs/corenet/lib/python3.10/site-packages/PIL/TiffImagePlugin.py:890: UserWarning: Corrupt EXIF data.  Expecting to read 12 bytes but only got 8. 
  warnings.warn(str(msg))
/ML-A800/home/guoshuyue/anaconda3/envs/corenet/lib/python3.10/site-packages/PIL/TiffImagePlugin.py:890: UserWarning: Corrupt EXIF data.  Expecting to read 12 bytes but only got 8. 
  warnings.warn(str(msg))
/ML-A800/home/guoshuyue/anaconda3/envs/corenet/lib/python3.10/site-packages/PIL/TiffImagePlugin.py:890: UserWarning: Corrupt EXIF data.  Expecting to read 4 bytes but only got 0. 
  warnings.warn(str(msg))
/ML-A800/home/guoshuyue/anaconda3/envs/corenet/lib/python3.10/site-packages/PIL/TiffImagePlugin.py:890: UserWarning: Corrupt EXIF data.  Expecting to read 4 bytes but only got 0. 
  warnings.warn(str(msg))
/ML-A800/home/guoshuyue/anaconda3/envs/corenet/lib/python3.10/site-packages/PIL/TiffImagePlugin.py:890: UserWarning: Corrupt EXIF data.  Expecting to read 4 bytes but only got 0. 
  warnings.warn(str(msg))
2024-07-28 11:08:58 - [34m[1mLOGS   [0m - *** Training summary for epoch 2
	 loss={'classification': 2.9201, 'neural_augmentation': 9.6865, 'total_loss': 12.6066}
2024-07-28 11:09:20 - [34m[1mLOGS   [0m - *** Validation summary for epoch 2
	 loss={'classification': 1.4762, 'neural_augmentation': 0.0, 'total_loss': 1.4762} || top1={'logits': 60.7114} || top5={'logits': 88.4614}
/ML-A800/home/guoshuyue/anaconda3/envs/corenet/lib/python3.10/site-packages/PIL/TiffImagePlugin.py:890: UserWarning: Corrupt EXIF data.  Expecting to read 4 bytes but only got 0. 
  warnings.warn(str(msg))
/ML-A800/home/guoshuyue/anaconda3/envs/corenet/lib/python3.10/site-packages/PIL/TiffImagePlugin.py:890: UserWarning: Corrupt EXIF data.  Expecting to read 12 bytes but only got 8. 
  warnings.warn(str(msg))
/ML-A800/home/guoshuyue/anaconda3/envs/corenet/lib/python3.10/site-packages/PIL/TiffImagePlugin.py:890: UserWarning: Corrupt EXIF data.  Expecting to read 12 bytes but only got 8. 
  warnings.warn(str(msg))
2024-07-28 11:09:21 - [34m[1mLOGS   [0m - Best checkpoint with score 60.71 saved at /ML-A100/team/mm/models/catlip_data/open_vit_base/food200/train/checkpoint_best.pt
2024-07-28 11:09:23 - [34m[1mLOGS   [0m - Last training checkpoint is saved at: /ML-A100/team/mm/models/catlip_data/open_vit_base/food200/train/training_checkpoint_last.pt
2024-07-28 11:09:24 - [34m[1mLOGS   [0m - Last checkpoint's model state is saved at: /ML-A100/team/mm/models/catlip_data/open_vit_base/food200/train/checkpoint_last.pt
2024-07-28 11:09:30 - [34m[1mLOGS   [0m - Training checkpoint for epoch 2/iteration 693 is saved at: /ML-A100/team/mm/models/catlip_data/open_vit_base/food200/train/training_checkpoint_epoch_2_iter_693.pt
2024-07-28 11:09:32 - [34m[1mLOGS   [0m - Model state for epoch 2/iteration 693 is saved at: /ML-A100/team/mm/models/catlip_data/open_vit_base/food200/train/checkpoint_epoch_2_iter_693.pt
[31m===========================================================================[0m
2024-07-28 11:09:34 - [32m[1mINFO   [0m - Training epoch 3
2024-07-28 11:09:39 - [34m[1mLOGS   [0m - Epoch:   3 [     694/10000000], loss: {'classification': 2.8234, 'neural_augmentation': 10.0477, 'total_loss': 12.8711}, LR: [3e-05, 3e-05], Avg. batch load time: 5.231, Elapsed time:  5.47
/ML-A800/home/guoshuyue/anaconda3/envs/corenet/lib/python3.10/site-packages/PIL/TiffImagePlugin.py:890: UserWarning: Corrupt EXIF data.  Expecting to read 4 bytes but only got 0. 
  warnings.warn(str(msg))
/ML-A800/home/guoshuyue/anaconda3/envs/corenet/lib/python3.10/site-packages/PIL/TiffImagePlugin.py:890: UserWarning: Corrupt EXIF data.  Expecting to read 4 bytes but only got 0. 
  warnings.warn(str(msg))
/ML-A800/home/guoshuyue/anaconda3/envs/corenet/lib/python3.10/site-packages/PIL/TiffImagePlugin.py:890: UserWarning: Corrupt EXIF data.  Expecting to read 4 bytes but only got 0. 
  warnings.warn(str(msg))
/ML-A800/home/guoshuyue/anaconda3/envs/corenet/lib/python3.10/site-packages/PIL/TiffImagePlugin.py:890: UserWarning: Corrupt EXIF data.  Expecting to read 4 bytes but only got 0. 
  warnings.warn(str(msg))
/ML-A800/home/guoshuyue/anaconda3/envs/corenet/lib/python3.10/site-packages/PIL/TiffImagePlugin.py:890: UserWarning: Corrupt EXIF data.  Expecting to read 4 bytes but only got 0. 
  warnings.warn(str(msg))
/ML-A800/home/guoshuyue/anaconda3/envs/corenet/lib/python3.10/site-packages/PIL/TiffImagePlugin.py:890: UserWarning: Truncated File Read
  warnings.warn(str(msg))
/ML-A800/home/guoshuyue/anaconda3/envs/corenet/lib/python3.10/site-packages/PIL/TiffImagePlugin.py:890: UserWarning: Corrupt EXIF data.  Expecting to read 4 bytes but only got 0. 
  warnings.warn(str(msg))
/ML-A800/home/guoshuyue/anaconda3/envs/corenet/lib/python3.10/site-packages/PIL/TiffImagePlugin.py:890: UserWarning: Corrupt EXIF data.  Expecting to read 4 bytes but only got 0. 
  warnings.warn(str(msg))
2024-07-28 11:10:28 - [34m[1mLOGS   [0m - *** Training summary for epoch 3
	 loss={'classification': 2.7482, 'neural_augmentation': 9.6761, 'total_loss': 12.4243}
2024-07-28 11:10:51 - [34m[1mLOGS   [0m - *** Validation summary for epoch 3
	 loss={'classification': 1.3888, 'neural_augmentation': 0.0, 'total_loss': 1.3888} || top1={'logits': 62.6812} || top5={'logits': 89.3876}
/ML-A800/home/guoshuyue/anaconda3/envs/corenet/lib/python3.10/site-packages/PIL/TiffImagePlugin.py:890: UserWarning: Corrupt EXIF data.  Expecting to read 4 bytes but only got 0. 
  warnings.warn(str(msg))
/ML-A800/home/guoshuyue/anaconda3/envs/corenet/lib/python3.10/site-packages/PIL/TiffImagePlugin.py:890: UserWarning: Corrupt EXIF data.  Expecting to read 4 bytes but only got 0. 
  warnings.warn(str(msg))
/ML-A800/home/guoshuyue/anaconda3/envs/corenet/lib/python3.10/site-packages/PIL/TiffImagePlugin.py:890: UserWarning: Corrupt EXIF data.  Expecting to read 4 bytes but only got 0. 
  warnings.warn(str(msg))
/ML-A800/home/guoshuyue/anaconda3/envs/corenet/lib/python3.10/site-packages/PIL/TiffImagePlugin.py:890: UserWarning: Corrupt EXIF data.  Expecting to read 4 bytes but only got 0. 
  warnings.warn(str(msg))
/ML-A800/home/guoshuyue/anaconda3/envs/corenet/lib/python3.10/site-packages/PIL/TiffImagePlugin.py:890: UserWarning: Corrupt EXIF data.  Expecting to read 4 bytes but only got 0. 
  warnings.warn(str(msg))
/ML-A800/home/guoshuyue/anaconda3/envs/corenet/lib/python3.10/site-packages/PIL/TiffImagePlugin.py:890: UserWarning: Corrupt EXIF data.  Expecting to read 12 bytes but only got 8. 
  warnings.warn(str(msg))
2024-07-28 11:10:51 - [34m[1mLOGS   [0m - Best checkpoint with score 62.68 saved at /ML-A100/team/mm/models/catlip_data/open_vit_base/food200/train/checkpoint_best.pt
2024-07-28 11:10:53 - [34m[1mLOGS   [0m - Last training checkpoint is saved at: /ML-A100/team/mm/models/catlip_data/open_vit_base/food200/train/training_checkpoint_last.pt
2024-07-28 11:10:54 - [34m[1mLOGS   [0m - Last checkpoint's model state is saved at: /ML-A100/team/mm/models/catlip_data/open_vit_base/food200/train/checkpoint_last.pt
2024-07-28 11:11:00 - [34m[1mLOGS   [0m - Training checkpoint for epoch 3/iteration 924 is saved at: /ML-A100/team/mm/models/catlip_data/open_vit_base/food200/train/training_checkpoint_epoch_3_iter_924.pt
2024-07-28 11:11:02 - [34m[1mLOGS   [0m - Model state for epoch 3/iteration 924 is saved at: /ML-A100/team/mm/models/catlip_data/open_vit_base/food200/train/checkpoint_epoch_3_iter_924.pt
[31m===========================================================================[0m
2024-07-28 11:11:04 - [32m[1mINFO   [0m - Training epoch 4
2024-07-28 11:11:08 - [34m[1mLOGS   [0m - Epoch:   4 [     925/10000000], loss: {'classification': 2.649, 'neural_augmentation': 8.8283, 'total_loss': 11.4773}, LR: [3e-05, 3e-05], Avg. batch load time: 4.075, Elapsed time:  4.31
/ML-A800/home/guoshuyue/anaconda3/envs/corenet/lib/python3.10/site-packages/PIL/TiffImagePlugin.py:890: UserWarning: Corrupt EXIF data.  Expecting to read 4 bytes but only got 0. 
  warnings.warn(str(msg))
/ML-A800/home/guoshuyue/anaconda3/envs/corenet/lib/python3.10/site-packages/PIL/TiffImagePlugin.py:890: UserWarning: Corrupt EXIF data.  Expecting to read 4 bytes but only got 0. 
  warnings.warn(str(msg))
/ML-A800/home/guoshuyue/anaconda3/envs/corenet/lib/python3.10/site-packages/PIL/TiffImagePlugin.py:890: UserWarning: Corrupt EXIF data.  Expecting to read 12 bytes but only got 8. 
  warnings.warn(str(msg))
/ML-A800/home/guoshuyue/anaconda3/envs/corenet/lib/python3.10/site-packages/PIL/TiffImagePlugin.py:890: UserWarning: Truncated File Read
  warnings.warn(str(msg))
2024-07-28 11:11:58 - [34m[1mLOGS   [0m - *** Training summary for epoch 4
	 loss={'classification': 2.6318, 'neural_augmentation': 9.5232, 'total_loss': 12.155}
2024-07-28 11:12:21 - [34m[1mLOGS   [0m - *** Validation summary for epoch 4
	 loss={'classification': 1.3394, 'neural_augmentation': 0.0, 'total_loss': 1.3394} || top1={'logits': 64.4413} || top5={'logits': 90.4111}
/ML-A800/home/guoshuyue/anaconda3/envs/corenet/lib/python3.10/site-packages/PIL/TiffImagePlugin.py:890: UserWarning: Corrupt EXIF data.  Expecting to read 4 bytes but only got 0. 
  warnings.warn(str(msg))
/ML-A800/home/guoshuyue/anaconda3/envs/corenet/lib/python3.10/site-packages/PIL/TiffImagePlugin.py:890: UserWarning: Corrupt EXIF data.  Expecting to read 4 bytes but only got 0. 
  warnings.warn(str(msg))
/ML-A800/home/guoshuyue/anaconda3/envs/corenet/lib/python3.10/site-packages/PIL/TiffImagePlugin.py:890: UserWarning: Corrupt EXIF data.  Expecting to read 4 bytes but only got 0. 
  warnings.warn(str(msg))
2024-07-28 11:12:21 - [34m[1mLOGS   [0m - Best checkpoint with score 64.44 saved at /ML-A100/team/mm/models/catlip_data/open_vit_base/food200/train/checkpoint_best.pt
2024-07-28 11:12:23 - [34m[1mLOGS   [0m - Last training checkpoint is saved at: /ML-A100/team/mm/models/catlip_data/open_vit_base/food200/train/training_checkpoint_last.pt
2024-07-28 11:12:23 - [34m[1mLOGS   [0m - Last checkpoint's model state is saved at: /ML-A100/team/mm/models/catlip_data/open_vit_base/food200/train/checkpoint_last.pt
2024-07-28 11:12:29 - [34m[1mLOGS   [0m - Training checkpoint for epoch 4/iteration 1155 is saved at: /ML-A100/team/mm/models/catlip_data/open_vit_base/food200/train/training_checkpoint_epoch_4_iter_1155.pt
2024-07-28 11:12:31 - [34m[1mLOGS   [0m - Model state for epoch 4/iteration 1155 is saved at: /ML-A100/team/mm/models/catlip_data/open_vit_base/food200/train/checkpoint_epoch_4_iter_1155.pt
[31m===========================================================================[0m
2024-07-28 11:12:33 - [32m[1mINFO   [0m - Training epoch 5
2024-07-28 11:12:39 - [34m[1mLOGS   [0m - Epoch:   5 [    1156/10000000], loss: {'classification': 2.5095, 'neural_augmentation': 9.125, 'total_loss': 11.6346}, LR: [3e-05, 3e-05], Avg. batch load time: 5.403, Elapsed time:  5.63
/ML-A800/home/guoshuyue/anaconda3/envs/corenet/lib/python3.10/site-packages/PIL/TiffImagePlugin.py:890: UserWarning: Corrupt EXIF data.  Expecting to read 12 bytes but only got 8. 
  warnings.warn(str(msg))
/ML-A800/home/guoshuyue/anaconda3/envs/corenet/lib/python3.10/site-packages/PIL/TiffImagePlugin.py:890: UserWarning: Corrupt EXIF data.  Expecting to read 4 bytes but only got 0. 
  warnings.warn(str(msg))
/ML-A800/home/guoshuyue/anaconda3/envs/corenet/lib/python3.10/site-packages/PIL/TiffImagePlugin.py:890: UserWarning: Corrupt EXIF data.  Expecting to read 4 bytes but only got 0. 
  warnings.warn(str(msg))
/ML-A800/home/guoshuyue/anaconda3/envs/corenet/lib/python3.10/site-packages/PIL/TiffImagePlugin.py:890: UserWarning: Corrupt EXIF data.  Expecting to read 12 bytes but only got 8. 
  warnings.warn(str(msg))
/ML-A800/home/guoshuyue/anaconda3/envs/corenet/lib/python3.10/site-packages/PIL/TiffImagePlugin.py:890: UserWarning: Truncated File Read
  warnings.warn(str(msg))
/ML-A800/home/guoshuyue/anaconda3/envs/corenet/lib/python3.10/site-packages/PIL/TiffImagePlugin.py:890: UserWarning: Corrupt EXIF data.  Expecting to read 4 bytes but only got 0. 
  warnings.warn(str(msg))
2024-07-28 11:13:28 - [34m[1mLOGS   [0m - *** Training summary for epoch 5
	 loss={'classification': 2.5571, 'neural_augmentation': 9.5593, 'total_loss': 12.1164}
2024-07-28 11:13:50 - [34m[1mLOGS   [0m - *** Validation summary for epoch 5
	 loss={'classification': 1.275, 'neural_augmentation': 0.0, 'total_loss': 1.275} || top1={'logits': 65.6225} || top5={'logits': 91.0017}
/ML-A800/home/guoshuyue/anaconda3/envs/corenet/lib/python3.10/site-packages/PIL/TiffImagePlugin.py:890: UserWarning: Truncated File Read
  warnings.warn(str(msg))
/ML-A800/home/guoshuyue/anaconda3/envs/corenet/lib/python3.10/site-packages/PIL/TiffImagePlugin.py:890: UserWarning: Corrupt EXIF data.  Expecting to read 4 bytes but only got 0. 
  warnings.warn(str(msg))
/ML-A800/home/guoshuyue/anaconda3/envs/corenet/lib/python3.10/site-packages/PIL/TiffImagePlugin.py:890: UserWarning: Corrupt EXIF data.  Expecting to read 4 bytes but only got 0. 
  warnings.warn(str(msg))
/ML-A800/home/guoshuyue/anaconda3/envs/corenet/lib/python3.10/site-packages/PIL/TiffImagePlugin.py:890: UserWarning: Corrupt EXIF data.  Expecting to read 12 bytes but only got 8. 
  warnings.warn(str(msg))
/ML-A800/home/guoshuyue/anaconda3/envs/corenet/lib/python3.10/site-packages/PIL/TiffImagePlugin.py:890: UserWarning: Corrupt EXIF data.  Expecting to read 4 bytes but only got 0. 
  warnings.warn(str(msg))
2024-07-28 11:13:51 - [34m[1mLOGS   [0m - Best checkpoint with score 65.62 saved at /ML-A100/team/mm/models/catlip_data/open_vit_base/food200/train/checkpoint_best.pt
2024-07-28 11:13:52 - [34m[1mLOGS   [0m - Deleting checkpoint: /ML-A100/team/mm/models/catlip_data/open_vit_base/food200/train/checkpoint_score_37.8893.pt
2024-07-28 11:13:52 - [34m[1mLOGS   [0m - Averaging checkpoints: ['checkpoint_score_56.4513.pt', 'checkpoint_score_60.7114.pt', 'checkpoint_score_62.6812.pt', 'checkpoint_score_64.4413.pt', 'checkpoint_score_65.6225.pt']
2024-07-28 11:14:06 - [34m[1mLOGS   [0m - Averaged checkpoint saved at: /ML-A100/team/mm/models/catlip_data/open_vit_base/food200/train/checkpoint_avg.pt
2024-07-28 11:14:07 - [34m[1mLOGS   [0m - Last training checkpoint is saved at: /ML-A100/team/mm/models/catlip_data/open_vit_base/food200/train/training_checkpoint_last.pt
2024-07-28 11:14:08 - [34m[1mLOGS   [0m - Last checkpoint's model state is saved at: /ML-A100/team/mm/models/catlip_data/open_vit_base/food200/train/checkpoint_last.pt
2024-07-28 11:14:09 - [34m[1mLOGS   [0m - Training checkpoint for epoch 5/iteration 1386 is saved at: /ML-A100/team/mm/models/catlip_data/open_vit_base/food200/train/training_checkpoint_epoch_5_iter_1386.pt
2024-07-28 11:14:10 - [34m[1mLOGS   [0m - Model state for epoch 5/iteration 1386 is saved at: /ML-A100/team/mm/models/catlip_data/open_vit_base/food200/train/checkpoint_epoch_5_iter_1386.pt
[31m===========================================================================[0m
2024-07-28 11:14:12 - [32m[1mINFO   [0m - Training epoch 6
2024-07-28 11:14:16 - [34m[1mLOGS   [0m - Epoch:   6 [    1387/10000000], loss: {'classification': 2.54, 'neural_augmentation': 10.4787, 'total_loss': 13.0187}, LR: [2.9e-05, 2.9e-05], Avg. batch load time: 4.047, Elapsed time:  4.28
/ML-A800/home/guoshuyue/anaconda3/envs/corenet/lib/python3.10/site-packages/PIL/TiffImagePlugin.py:890: UserWarning: Corrupt EXIF data.  Expecting to read 4 bytes but only got 0. 
  warnings.warn(str(msg))
/ML-A800/home/guoshuyue/anaconda3/envs/corenet/lib/python3.10/site-packages/PIL/TiffImagePlugin.py:890: UserWarning: Corrupt EXIF data.  Expecting to read 12 bytes but only got 8. 
  warnings.warn(str(msg))
/ML-A800/home/guoshuyue/anaconda3/envs/corenet/lib/python3.10/site-packages/PIL/TiffImagePlugin.py:890: UserWarning: Corrupt EXIF data.  Expecting to read 4 bytes but only got 0. 
  warnings.warn(str(msg))
/ML-A800/home/guoshuyue/anaconda3/envs/corenet/lib/python3.10/site-packages/PIL/TiffImagePlugin.py:890: UserWarning: Corrupt EXIF data.  Expecting to read 4 bytes but only got 0. 
  warnings.warn(str(msg))
2024-07-28 11:15:05 - [34m[1mLOGS   [0m - *** Training summary for epoch 6
	 loss={'classification': 2.4981, 'neural_augmentation': 9.5899, 'total_loss': 12.088}
2024-07-28 11:15:27 - [34m[1mLOGS   [0m - *** Validation summary for epoch 6
	 loss={'classification': 1.2659, 'neural_augmentation': 0.0, 'total_loss': 1.2659} || top1={'logits': 66.0017} || top5={'logits': 91.1862}
/ML-A800/home/guoshuyue/anaconda3/envs/corenet/lib/python3.10/site-packages/PIL/TiffImagePlugin.py:890: UserWarning: Truncated File Read
  warnings.warn(str(msg))
/ML-A800/home/guoshuyue/anaconda3/envs/corenet/lib/python3.10/site-packages/PIL/TiffImagePlugin.py:890: UserWarning: Corrupt EXIF data.  Expecting to read 4 bytes but only got 0. 
  warnings.warn(str(msg))
/ML-A800/home/guoshuyue/anaconda3/envs/corenet/lib/python3.10/site-packages/PIL/TiffImagePlugin.py:890: UserWarning: Corrupt EXIF data.  Expecting to read 12 bytes but only got 8. 
  warnings.warn(str(msg))
/ML-A800/home/guoshuyue/anaconda3/envs/corenet/lib/python3.10/site-packages/PIL/TiffImagePlugin.py:890: UserWarning: Corrupt EXIF data.  Expecting to read 12 bytes but only got 8. 
  warnings.warn(str(msg))
2024-07-28 11:15:28 - [34m[1mLOGS   [0m - Best checkpoint with score 66.00 saved at /ML-A100/team/mm/models/catlip_data/open_vit_base/food200/train/checkpoint_best.pt
2024-07-28 11:15:29 - [34m[1mLOGS   [0m - Deleting checkpoint: /ML-A100/team/mm/models/catlip_data/open_vit_base/food200/train/checkpoint_score_56.4513.pt
2024-07-28 11:15:29 - [34m[1mLOGS   [0m - Averaging checkpoints: ['checkpoint_score_60.7114.pt', 'checkpoint_score_62.6812.pt', 'checkpoint_score_64.4413.pt', 'checkpoint_score_65.6225.pt', 'checkpoint_score_66.0017.pt']
2024-07-28 11:15:43 - [34m[1mLOGS   [0m - Averaged checkpoint saved at: /ML-A100/team/mm/models/catlip_data/open_vit_base/food200/train/checkpoint_avg.pt
2024-07-28 11:15:44 - [34m[1mLOGS   [0m - Last training checkpoint is saved at: /ML-A100/team/mm/models/catlip_data/open_vit_base/food200/train/training_checkpoint_last.pt
2024-07-28 11:15:44 - [34m[1mLOGS   [0m - Last checkpoint's model state is saved at: /ML-A100/team/mm/models/catlip_data/open_vit_base/food200/train/checkpoint_last.pt
2024-07-28 11:15:46 - [34m[1mLOGS   [0m - Training checkpoint for epoch 6/iteration 1617 is saved at: /ML-A100/team/mm/models/catlip_data/open_vit_base/food200/train/training_checkpoint_epoch_6_iter_1617.pt
2024-07-28 11:15:46 - [34m[1mLOGS   [0m - Model state for epoch 6/iteration 1617 is saved at: /ML-A100/team/mm/models/catlip_data/open_vit_base/food200/train/checkpoint_epoch_6_iter_1617.pt
[31m===========================================================================[0m
2024-07-28 11:15:48 - [32m[1mINFO   [0m - Training epoch 7
2024-07-28 11:15:51 - [34m[1mLOGS   [0m - Epoch:   7 [    1618/10000000], loss: {'classification': 2.465, 'neural_augmentation': 9.8862, 'total_loss': 12.3512}, LR: [2.9e-05, 2.9e-05], Avg. batch load time: 2.726, Elapsed time:  3.00
/ML-A800/home/guoshuyue/anaconda3/envs/corenet/lib/python3.10/site-packages/PIL/TiffImagePlugin.py:890: UserWarning: Corrupt EXIF data.  Expecting to read 4 bytes but only got 0. 
  warnings.warn(str(msg))
/ML-A800/home/guoshuyue/anaconda3/envs/corenet/lib/python3.10/site-packages/PIL/TiffImagePlugin.py:890: UserWarning: Corrupt EXIF data.  Expecting to read 4 bytes but only got 0. 
  warnings.warn(str(msg))
/ML-A800/home/guoshuyue/anaconda3/envs/corenet/lib/python3.10/site-packages/PIL/TiffImagePlugin.py:890: UserWarning: Corrupt EXIF data.  Expecting to read 4 bytes but only got 0. 
  warnings.warn(str(msg))
/ML-A800/home/guoshuyue/anaconda3/envs/corenet/lib/python3.10/site-packages/PIL/TiffImagePlugin.py:890: UserWarning: Corrupt EXIF data.  Expecting to read 4 bytes but only got 0. 
  warnings.warn(str(msg))
2024-07-28 11:16:42 - [34m[1mLOGS   [0m - *** Training summary for epoch 7
	 loss={'classification': 2.432, 'neural_augmentation': 9.5375, 'total_loss': 11.9695}
2024-07-28 11:17:04 - [34m[1mLOGS   [0m - *** Validation summary for epoch 7
	 loss={'classification': 1.2363, 'neural_augmentation': 0.0, 'total_loss': 1.2363} || top1={'logits': 66.6946} || top5={'logits': 91.5755}
/ML-A800/home/guoshuyue/anaconda3/envs/corenet/lib/python3.10/site-packages/PIL/TiffImagePlugin.py:890: UserWarning: Corrupt EXIF data.  Expecting to read 4 bytes but only got 0. 
  warnings.warn(str(msg))
/ML-A800/home/guoshuyue/anaconda3/envs/corenet/lib/python3.10/site-packages/PIL/TiffImagePlugin.py:890: UserWarning: Corrupt EXIF data.  Expecting to read 12 bytes but only got 8. 
  warnings.warn(str(msg))
/ML-A800/home/guoshuyue/anaconda3/envs/corenet/lib/python3.10/site-packages/PIL/TiffImagePlugin.py:890: UserWarning: Corrupt EXIF data.  Expecting to read 4 bytes but only got 0. 
  warnings.warn(str(msg))
/ML-A800/home/guoshuyue/anaconda3/envs/corenet/lib/python3.10/site-packages/PIL/TiffImagePlugin.py:890: UserWarning: Corrupt EXIF data.  Expecting to read 4 bytes but only got 0. 
  warnings.warn(str(msg))
2024-07-28 11:17:05 - [34m[1mLOGS   [0m - Best checkpoint with score 66.69 saved at /ML-A100/team/mm/models/catlip_data/open_vit_base/food200/train/checkpoint_best.pt
2024-07-28 11:17:05 - [34m[1mLOGS   [0m - Deleting checkpoint: /ML-A100/team/mm/models/catlip_data/open_vit_base/food200/train/checkpoint_score_60.7114.pt
2024-07-28 11:17:05 - [34m[1mLOGS   [0m - Averaging checkpoints: ['checkpoint_score_62.6812.pt', 'checkpoint_score_64.4413.pt', 'checkpoint_score_65.6225.pt', 'checkpoint_score_66.0017.pt', 'checkpoint_score_66.6946.pt']
2024-07-28 11:17:14 - [34m[1mLOGS   [0m - Averaged checkpoint saved at: /ML-A100/team/mm/models/catlip_data/open_vit_base/food200/train/checkpoint_avg.pt
2024-07-28 11:17:18 - [34m[1mLOGS   [0m - Last training checkpoint is saved at: /ML-A100/team/mm/models/catlip_data/open_vit_base/food200/train/training_checkpoint_last.pt
2024-07-28 11:17:19 - [34m[1mLOGS   [0m - Last checkpoint's model state is saved at: /ML-A100/team/mm/models/catlip_data/open_vit_base/food200/train/checkpoint_last.pt
2024-07-28 11:17:20 - [34m[1mLOGS   [0m - Training checkpoint for epoch 7/iteration 1848 is saved at: /ML-A100/team/mm/models/catlip_data/open_vit_base/food200/train/training_checkpoint_epoch_7_iter_1848.pt
2024-07-28 11:17:21 - [34m[1mLOGS   [0m - Model state for epoch 7/iteration 1848 is saved at: /ML-A100/team/mm/models/catlip_data/open_vit_base/food200/train/checkpoint_epoch_7_iter_1848.pt
[31m===========================================================================[0m
2024-07-28 11:17:23 - [32m[1mINFO   [0m - Training epoch 8
2024-07-28 11:17:27 - [34m[1mLOGS   [0m - Epoch:   8 [    1849/10000000], loss: {'classification': 2.3484, 'neural_augmentation': 10.356, 'total_loss': 12.7043}, LR: [2.9e-05, 2.9e-05], Avg. batch load time: 3.852, Elapsed time:  4.09
/ML-A800/home/guoshuyue/anaconda3/envs/corenet/lib/python3.10/site-packages/PIL/TiffImagePlugin.py:890: UserWarning: Truncated File Read
  warnings.warn(str(msg))
/ML-A800/home/guoshuyue/anaconda3/envs/corenet/lib/python3.10/site-packages/PIL/TiffImagePlugin.py:890: UserWarning: Corrupt EXIF data.  Expecting to read 4 bytes but only got 0. 
  warnings.warn(str(msg))
/ML-A800/home/guoshuyue/anaconda3/envs/corenet/lib/python3.10/site-packages/PIL/TiffImagePlugin.py:890: UserWarning: Corrupt EXIF data.  Expecting to read 4 bytes but only got 0. 
  warnings.warn(str(msg))
/ML-A800/home/guoshuyue/anaconda3/envs/corenet/lib/python3.10/site-packages/PIL/TiffImagePlugin.py:890: UserWarning: Corrupt EXIF data.  Expecting to read 12 bytes but only got 8. 
  warnings.warn(str(msg))
2024-07-28 11:18:16 - [34m[1mLOGS   [0m - *** Training summary for epoch 8
	 loss={'classification': 2.3872, 'neural_augmentation': 9.5743, 'total_loss': 11.9616}
2024-07-28 11:18:39 - [34m[1mLOGS   [0m - *** Validation summary for epoch 8
	 loss={'classification': 1.1991, 'neural_augmentation': 0.0, 'total_loss': 1.1991} || top1={'logits': 67.896} || top5={'logits': 91.9614}
/ML-A800/home/guoshuyue/anaconda3/envs/corenet/lib/python3.10/site-packages/PIL/TiffImagePlugin.py:890: UserWarning: Truncated File Read
  warnings.warn(str(msg))
2024-07-28 11:18:40 - [34m[1mLOGS   [0m - Best checkpoint with score 67.90 saved at /ML-A100/team/mm/models/catlip_data/open_vit_base/food200/train/checkpoint_best.pt
2024-07-28 11:18:40 - [34m[1mLOGS   [0m - Deleting checkpoint: /ML-A100/team/mm/models/catlip_data/open_vit_base/food200/train/checkpoint_score_62.6812.pt
2024-07-28 11:18:40 - [34m[1mLOGS   [0m - Averaging checkpoints: ['checkpoint_score_64.4413.pt', 'checkpoint_score_65.6225.pt', 'checkpoint_score_66.0017.pt', 'checkpoint_score_66.6946.pt', 'checkpoint_score_67.8960.pt']
2024-07-28 11:18:46 - [34m[1mLOGS   [0m - Averaged checkpoint saved at: /ML-A100/team/mm/models/catlip_data/open_vit_base/food200/train/checkpoint_avg.pt
2024-07-28 11:18:51 - [34m[1mLOGS   [0m - Last training checkpoint is saved at: /ML-A100/team/mm/models/catlip_data/open_vit_base/food200/train/training_checkpoint_last.pt
2024-07-28 11:18:52 - [34m[1mLOGS   [0m - Last checkpoint's model state is saved at: /ML-A100/team/mm/models/catlip_data/open_vit_base/food200/train/checkpoint_last.pt
2024-07-28 11:18:54 - [34m[1mLOGS   [0m - Training checkpoint for epoch 8/iteration 2079 is saved at: /ML-A100/team/mm/models/catlip_data/open_vit_base/food200/train/training_checkpoint_epoch_8_iter_2079.pt
2024-07-28 11:18:55 - [34m[1mLOGS   [0m - Model state for epoch 8/iteration 2079 is saved at: /ML-A100/team/mm/models/catlip_data/open_vit_base/food200/train/checkpoint_epoch_8_iter_2079.pt
[31m===========================================================================[0m
2024-07-28 11:18:57 - [32m[1mINFO   [0m - Training epoch 9
2024-07-28 11:19:00 - [34m[1mLOGS   [0m - Epoch:   9 [    2080/10000000], loss: {'classification': 2.2725, 'neural_augmentation': 9.116, 'total_loss': 11.3885}, LR: [2.9e-05, 2.9e-05], Avg. batch load time: 3.073, Elapsed time:  3.32
/ML-A800/home/guoshuyue/anaconda3/envs/corenet/lib/python3.10/site-packages/PIL/TiffImagePlugin.py:890: UserWarning: Corrupt EXIF data.  Expecting to read 12 bytes but only got 8. 
  warnings.warn(str(msg))
/ML-A800/home/guoshuyue/anaconda3/envs/corenet/lib/python3.10/site-packages/PIL/TiffImagePlugin.py:890: UserWarning: Corrupt EXIF data.  Expecting to read 4 bytes but only got 0. 
  warnings.warn(str(msg))
/ML-A800/home/guoshuyue/anaconda3/envs/corenet/lib/python3.10/site-packages/PIL/TiffImagePlugin.py:890: UserWarning: Corrupt EXIF data.  Expecting to read 4 bytes but only got 0. 
  warnings.warn(str(msg))
/ML-A800/home/guoshuyue/anaconda3/envs/corenet/lib/python3.10/site-packages/PIL/TiffImagePlugin.py:890: UserWarning: Corrupt EXIF data.  Expecting to read 4 bytes but only got 0. 
  warnings.warn(str(msg))
/ML-A800/home/guoshuyue/anaconda3/envs/corenet/lib/python3.10/site-packages/PIL/TiffImagePlugin.py:890: UserWarning: Corrupt EXIF data.  Expecting to read 12 bytes but only got 8. 
  warnings.warn(str(msg))
/ML-A800/home/guoshuyue/anaconda3/envs/corenet/lib/python3.10/site-packages/PIL/TiffImagePlugin.py:890: UserWarning: Corrupt EXIF data.  Expecting to read 4 bytes but only got 0. 
  warnings.warn(str(msg))
